-- The C compiler identification is GNU 11.4.0
-- The CXX compiler identification is GNU 11.4.0
-- Detecting C compiler ABI info
-- Detecting C compiler ABI info - done
-- Check for working C compiler: /usr/bin/cc - skipped
-- Detecting C compile features
-- Detecting C compile features - done
-- Detecting CXX compiler ABI info
-- Detecting CXX compiler ABI info - done
-- Check for working CXX compiler: /usr/bin/c++ - skipped
-- Detecting CXX compile features
-- Detecting CXX compile features - done
-- Found ament_cmake: 1.3.13 (/opt/ros/humble/share/ament_cmake/cmake)
-- Found Python3: /usr/bin/python3 (found version "3.10.12") found components: Interpreter 
-- Found rosidl_default_generators: 1.2.0 (/opt/ros/humble/share/rosidl_default_generators/cmake)
-- Using all available rosidl_typesupport_c: rosidl_typesupport_fastrtps_c;rosidl_typesupport_introspection_c
-- Found rosidl_adapter: 3.1.8 (/opt/ros/humble/share/rosidl_adapter/cmake)
-- Using all available rosidl_typesupport_cpp: rosidl_typesupport_fastrtps_cpp;rosidl_typesupport_introspection_cpp
-- Found ament_cmake_ros: 0.10.0 (/opt/ros/humble/share/ament_cmake_ros/cmake)
-- Using all available rosidl_typesupport_c: rosidl_typesupport_fastrtps_c;rosidl_typesupport_introspection_c
-- Using all available rosidl_typesupport_cpp: rosidl_typesupport_fastrtps_cpp;rosidl_typesupport_introspection_cpp
-- Found PythonInterp: /usr/bin/python3 (found suitable version "3.10.12", minimum required is "3.6") 
-- Found python_cmake_module: 0.10.0 (/opt/ros/humble/share/python_cmake_module/cmake)
-- Found PythonLibs: /usr/lib/x86_64-linux-gnu/libpython3.10.so (found suitable version "3.10.12", minimum required is "3.5") 
-- Using PYTHON_EXECUTABLE: /usr/bin/python3
-- Using PYTHON_INCLUDE_DIRS: /usr/include/python3.10
-- Using PYTHON_LIBRARIES: /usr/lib/x86_64-linux-gnu/libpython3.10.so
-- Found PythonExtra: .so  
-- Found ament_lint_auto: 0.12.15 (/opt/ros/humble/share/ament_lint_auto/cmake)
-- Added test 'lint_cmake' to check CMake code style
-- Added test 'xmllint' to check XML markup files
-- Configuring done
-- Generating done
-- Build files have been written to: /home/ssu/robotics-practice/class/class03/svc_ws/build/smart_shop_interfaces
[  1%] [34m[1mGenerating C code for ROS interfaces[0m
[  3%] [34m[1mGenerating C++ code for ROS interfaces[0m
[  3%] Built target ament_cmake_python_copy_smart_shop_interfaces
running egg_info
creating smart_shop_interfaces.egg-info
writing smart_shop_interfaces.egg-info/PKG-INFO
writing dependency_links to smart_shop_interfaces.egg-info/dependency_links.txt
writing top-level names to smart_shop_interfaces.egg-info/top_level.txt
writing manifest file 'smart_shop_interfaces.egg-info/SOURCES.txt'
reading manifest file 'smart_shop_interfaces.egg-info/SOURCES.txt'
writing manifest file 'smart_shop_interfaces.egg-info/SOURCES.txt'
[  3%] Built target ament_cmake_python_build_smart_shop_interfaces_egg
[  4%] [32mBuilding C object CMakeFiles/smart_shop_interfaces__rosidl_generator_c.dir/rosidl_generator_c/smart_shop_interfaces/srv/detail/check_stock__functions.c.o[0m
[  6%] [32mBuilding C object CMakeFiles/smart_shop_interfaces__rosidl_generator_c.dir/rosidl_generator_c/smart_shop_interfaces/srv/detail/authorize_payment__functions.c.o[0m
[  7%] [32mBuilding C object CMakeFiles/smart_shop_interfaces__rosidl_generator_c.dir/rosidl_generator_c/smart_shop_interfaces/srv/detail/place_order__functions.c.o[0m
[  9%] [32mBuilding C object CMakeFiles/smart_shop_interfaces__rosidl_generator_c.dir/rosidl_generator_c/smart_shop_interfaces/msg/detail/order_log__functions.c.o[0m
[ 11%] [32mBuilding C object CMakeFiles/smart_shop_interfaces__rosidl_generator_c.dir/rosidl_generator_c/smart_shop_interfaces/srv/detail/discount_apply__functions.c.o[0m
[ 11%] Built target smart_shop_interfaces__cpp
[ 12%] [34m[1mGenerating C++ type support dispatch for ROS interfaces[0m
[ 15%] [34m[1mGenerating C++ type support for eProsima Fast-RTPS[0m
[ 15%] [34m[1mGenerating C++ introspection for ROS interfaces[0m
[ 17%] [32m[1mLinking C shared library libsmart_shop_interfaces__rosidl_generator_c.so[0m
[ 17%] Built target smart_shop_interfaces__rosidl_generator_c
[ 19%] [34m[1mGenerating C type support for eProsima Fast-RTPS[0m
[ 20%] [34m[1mGenerating C type support dispatch for ROS interfaces[0m
[ 22%] [34m[1mGenerating C introspection for ROS interfaces[0m
[ 23%] [32mBuilding CXX object CMakeFiles/smart_shop_interfaces__rosidl_typesupport_cpp.dir/rosidl_typesupport_cpp/smart_shop_interfaces/srv/place_order__type_support.cpp.o[0m
[ 25%] [32mBuilding CXX object CMakeFiles/smart_shop_interfaces__rosidl_typesupport_cpp.dir/rosidl_typesupport_cpp/smart_shop_interfaces/msg/order_log__type_support.cpp.o[0m
[ 26%] [32mBuilding CXX object CMakeFiles/smart_shop_interfaces__rosidl_typesupport_cpp.dir/rosidl_typesupport_cpp/smart_shop_interfaces/srv/authorize_payment__type_support.cpp.o[0m
[ 28%] [32mBuilding CXX object CMakeFiles/smart_shop_interfaces__rosidl_typesupport_cpp.dir/rosidl_typesupport_cpp/smart_shop_interfaces/srv/check_stock__type_support.cpp.o[0m
[ 30%] [32mBuilding CXX object CMakeFiles/smart_shop_interfaces__rosidl_typesupport_cpp.dir/rosidl_typesupport_cpp/smart_shop_interfaces/srv/discount_apply__type_support.cpp.o[0m
[ 38%] [32mBuilding CXX object CMakeFiles/smart_shop_interfaces__rosidl_typesupport_introspection_cpp.dir/rosidl_typesupport_introspection_cpp/smart_shop_interfaces/srv/detail/authorize_payment__type_support.cpp.o[0m
[ 38%] [32mBuilding CXX object CMakeFiles/smart_shop_interfaces__rosidl_typesupport_introspection_cpp.dir/rosidl_typesupport_introspection_cpp/smart_shop_interfaces/srv/detail/discount_apply__type_support.cpp.o[0m
[ 38%] [32mBuilding CXX object CMakeFiles/smart_shop_interfaces__rosidl_typesupport_introspection_cpp.dir/rosidl_typesupport_introspection_cpp/smart_shop_interfaces/srv/detail/place_order__type_support.cpp.o[0m
[ 38%] [32mBuilding CXX object CMakeFiles/smart_shop_interfaces__rosidl_typesupport_introspection_cpp.dir/rosidl_typesupport_introspection_cpp/smart_shop_interfaces/srv/detail/check_stock__type_support.cpp.o[0m
[ 38%] [32mBuilding CXX object CMakeFiles/smart_shop_interfaces__rosidl_typesupport_introspection_cpp.dir/rosidl_typesupport_introspection_cpp/smart_shop_interfaces/msg/detail/order_log__type_support.cpp.o[0m
[ 39%] [32mBuilding CXX object CMakeFiles/smart_shop_interfaces__rosidl_typesupport_c.dir/rosidl_typesupport_c/smart_shop_interfaces/srv/check_stock__type_support.cpp.o[0m
[ 41%] [32mBuilding CXX object CMakeFiles/smart_shop_interfaces__rosidl_typesupport_fastrtps_cpp.dir/rosidl_typesupport_fastrtps_cpp/smart_shop_interfaces/srv/detail/dds_fastrtps/check_stock__type_support.cpp.o[0m
[ 42%] [32mBuilding CXX object CMakeFiles/smart_shop_interfaces__rosidl_typesupport_c.dir/rosidl_typesupport_c/smart_shop_interfaces/srv/authorize_payment__type_support.cpp.o[0m
[ 44%] [32mBuilding CXX object CMakeFiles/smart_shop_interfaces__rosidl_typesupport_c.dir/rosidl_typesupport_c/smart_shop_interfaces/srv/place_order__type_support.cpp.o[0m
[ 46%] [32mBuilding CXX object CMakeFiles/smart_shop_interfaces__rosidl_typesupport_fastrtps_cpp.dir/rosidl_typesupport_fastrtps_cpp/smart_shop_interfaces/srv/detail/dds_fastrtps/place_order__type_support.cpp.o[0m
[ 47%] [32mBuilding CXX object CMakeFiles/smart_shop_interfaces__rosidl_typesupport_fastrtps_cpp.dir/rosidl_typesupport_fastrtps_cpp/smart_shop_interfaces/srv/detail/dds_fastrtps/authorize_payment__type_support.cpp.o[0m
[ 49%] [32mBuilding C object CMakeFiles/smart_shop_interfaces__rosidl_typesupport_introspection_c.dir/rosidl_typesupport_introspection_c/smart_shop_interfaces/srv/detail/check_stock__type_support.c.o[0m
[ 50%] [32mBuilding CXX object CMakeFiles/smart_shop_interfaces__rosidl_typesupport_fastrtps_c.dir/rosidl_typesupport_fastrtps_c/smart_shop_interfaces/srv/detail/authorize_payment__type_support_c.cpp.o[0m
[ 52%] [32mBuilding CXX object CMakeFiles/smart_shop_interfaces__rosidl_typesupport_fastrtps_c.dir/rosidl_typesupport_fastrtps_c/smart_shop_interfaces/srv/detail/check_stock__type_support_c.cpp.o[0m
[ 53%] [32mBuilding CXX object CMakeFiles/smart_shop_interfaces__rosidl_typesupport_c.dir/rosidl_typesupport_c/smart_shop_interfaces/srv/discount_apply__type_support.cpp.o[0m
[ 57%] [32mBuilding CXX object CMakeFiles/smart_shop_interfaces__rosidl_typesupport_fastrtps_c.dir/rosidl_typesupport_fastrtps_c/smart_shop_interfaces/srv/detail/place_order__type_support_c.cpp.o[0m
[ 57%] [32m[1mLinking CXX shared library libsmart_shop_interfaces__rosidl_typesupport_cpp.so[0m
[ 58%] [32mBuilding C object CMakeFiles/smart_shop_interfaces__rosidl_typesupport_introspection_c.dir/rosidl_typesupport_introspection_c/smart_shop_interfaces/srv/detail/authorize_payment__type_support.c.o[0m
[ 60%] [32mBuilding CXX object CMakeFiles/smart_shop_interfaces__rosidl_typesupport_c.dir/rosidl_typesupport_c/smart_shop_interfaces/msg/order_log__type_support.cpp.o[0m
[ 61%] [32mBuilding C object CMakeFiles/smart_shop_interfaces__rosidl_typesupport_introspection_c.dir/rosidl_typesupport_introspection_c/smart_shop_interfaces/srv/detail/place_order__type_support.c.o[0m
[ 63%] [32m[1mLinking CXX shared library libsmart_shop_interfaces__rosidl_typesupport_c.so[0m
[ 63%] Built target smart_shop_interfaces__rosidl_typesupport_cpp
[ 65%] [32mBuilding C object CMakeFiles/smart_shop_interfaces__rosidl_typesupport_introspection_c.dir/rosidl_typesupport_introspection_c/smart_shop_interfaces/srv/detail/discount_apply__type_support.c.o[0m
[ 68%] [32mBuilding C object CMakeFiles/smart_shop_interfaces__rosidl_typesupport_introspection_c.dir/rosidl_typesupport_introspection_c/smart_shop_interfaces/msg/detail/order_log__type_support.c.o[0m
[ 68%] [32mBuilding CXX object CMakeFiles/smart_shop_interfaces__rosidl_typesupport_fastrtps_cpp.dir/rosidl_typesupport_fastrtps_cpp/smart_shop_interfaces/srv/detail/dds_fastrtps/discount_apply__type_support.cpp.o[0m
[ 69%] [32mBuilding CXX object CMakeFiles/smart_shop_interfaces__rosidl_typesupport_fastrtps_c.dir/rosidl_typesupport_fastrtps_c/smart_shop_interfaces/srv/detail/discount_apply__type_support_c.cpp.o[0m
[ 71%] [32mBuilding CXX object CMakeFiles/smart_shop_interfaces__rosidl_typesupport_fastrtps_cpp.dir/rosidl_typesupport_fastrtps_cpp/smart_shop_interfaces/msg/detail/dds_fastrtps/order_log__type_support.cpp.o[0m
[ 73%] [32mBuilding CXX object CMakeFiles/smart_shop_interfaces__rosidl_typesupport_fastrtps_c.dir/rosidl_typesupport_fastrtps_c/smart_shop_interfaces/msg/detail/order_log__type_support_c.cpp.o[0m
[ 73%] Built target smart_shop_interfaces__rosidl_typesupport_c
[ 74%] [32m[1mLinking C shared library libsmart_shop_interfaces__rosidl_typesupport_introspection_c.so[0m
[ 74%] Built target smart_shop_interfaces__rosidl_typesupport_introspection_c
[ 76%] [32m[1mLinking CXX shared library libsmart_shop_interfaces__rosidl_typesupport_introspection_cpp.so[0m
[ 76%] Built target smart_shop_interfaces__rosidl_typesupport_introspection_cpp
[ 77%] [32m[1mLinking CXX shared library libsmart_shop_interfaces__rosidl_typesupport_fastrtps_c.so[0m
[ 79%] [32m[1mLinking CXX shared library libsmart_shop_interfaces__rosidl_typesupport_fastrtps_cpp.so[0m
[ 79%] Built target smart_shop_interfaces__rosidl_typesupport_fastrtps_c
[ 79%] Built target smart_shop_interfaces__rosidl_typesupport_fastrtps_cpp
[ 79%] Built target smart_shop_interfaces
[ 80%] [34m[1mGenerating Python code for ROS interfaces[0m
[ 80%] Built target smart_shop_interfaces__py
[ 82%] [32mBuilding C object CMakeFiles/smart_shop_interfaces__rosidl_generator_py.dir/rosidl_generator_py/smart_shop_interfaces/srv/_authorize_payment_s.c.o[0m
[ 84%] [32mBuilding C object CMakeFiles/smart_shop_interfaces__rosidl_generator_py.dir/rosidl_generator_py/smart_shop_interfaces/srv/_place_order_s.c.o[0m
[ 85%] [32mBuilding C object CMakeFiles/smart_shop_interfaces__rosidl_generator_py.dir/rosidl_generator_py/smart_shop_interfaces/srv/_discount_apply_s.c.o[0m
[ 87%] [32mBuilding C object CMakeFiles/smart_shop_interfaces__rosidl_generator_py.dir/rosidl_generator_py/smart_shop_interfaces/srv/_check_stock_s.c.o[0m
[ 88%] [32mBuilding C object CMakeFiles/smart_shop_interfaces__rosidl_generator_py.dir/rosidl_generator_py/smart_shop_interfaces/msg/_order_log_s.c.o[0m
[ 90%] [32m[1mLinking C shared library rosidl_generator_py/smart_shop_interfaces/libsmart_shop_interfaces__rosidl_generator_py.so[0m
[ 90%] Built target smart_shop_interfaces__rosidl_generator_py
[ 92%] [32mBuilding C object CMakeFiles/smart_shop_interfaces__rosidl_typesupport_fastrtps_c__pyext.dir/rosidl_generator_py/smart_shop_interfaces/_smart_shop_interfaces_s.ep.rosidl_typesupport_fastrtps_c.c.o[0m
[ 93%] [32mBuilding C object CMakeFiles/smart_shop_interfaces__rosidl_typesupport_introspection_c__pyext.dir/rosidl_generator_py/smart_shop_interfaces/_smart_shop_interfaces_s.ep.rosidl_typesupport_introspection_c.c.o[0m
[ 95%] [32mBuilding C object CMakeFiles/smart_shop_interfaces__rosidl_typesupport_c__pyext.dir/rosidl_generator_py/smart_shop_interfaces/_smart_shop_interfaces_s.ep.rosidl_typesupport_c.c.o[0m
[ 96%] [32m[1mLinking C shared library rosidl_generator_py/smart_shop_interfaces/smart_shop_interfaces_s__rosidl_typesupport_introspection_c.cpython-310-x86_64-linux-gnu.so[0m
[ 98%] [32m[1mLinking C shared library rosidl_generator_py/smart_shop_interfaces/smart_shop_interfaces_s__rosidl_typesupport_c.cpython-310-x86_64-linux-gnu.so[0m
[100%] [32m[1mLinking C shared library rosidl_generator_py/smart_shop_interfaces/smart_shop_interfaces_s__rosidl_typesupport_fastrtps_c.cpython-310-x86_64-linux-gnu.so[0m
[100%] Built target smart_shop_interfaces__rosidl_typesupport_introspection_c__pyext
[100%] Built target smart_shop_interfaces__rosidl_typesupport_c__pyext
[100%] Built target smart_shop_interfaces__rosidl_typesupport_fastrtps_c__pyext
-- Install configuration: ""
-- Installing: /home/ssu/robotics-practice/class/class03/svc_ws/install/smart_shop_interfaces/share/ament_index/resource_index/rosidl_interfaces/smart_shop_interfaces
-- Installing: /home/ssu/robotics-practice/class/class03/svc_ws/install/smart_shop_interfaces/include/smart_shop_interfaces/smart_shop_interfaces
-- Installing: /home/ssu/robotics-practice/class/class03/svc_ws/install/smart_shop_interfaces/include/smart_shop_interfaces/smart_shop_interfaces/msg
-- Installing: /home/ssu/robotics-practice/class/class03/svc_ws/install/smart_shop_interfaces/include/smart_shop_interfaces/smart_shop_interfaces/msg/rosidl_generator_c__visibility_control.h
-- Installing: /home/ssu/robotics-practice/class/class03/svc_ws/install/smart_shop_interfaces/include/smart_shop_interfaces/smart_shop_interfaces/msg/order_log.h
-- Installing: /home/ssu/robotics-practice/class/class03/svc_ws/install/smart_shop_interfaces/include/smart_shop_interfaces/smart_shop_interfaces/msg/detail
-- Installing: /home/ssu/robotics-practice/class/class03/svc_ws/install/smart_shop_interfaces/include/smart_shop_interfaces/smart_shop_interfaces/msg/detail/order_log__functions.c
-- Installing: /home/ssu/robotics-practice/class/class03/svc_ws/install/smart_shop_interfaces/include/smart_shop_interfaces/smart_shop_interfaces/msg/detail/order_log__functions.h
-- Installing: /home/ssu/robotics-practice/class/class03/svc_ws/install/smart_shop_interfaces/include/smart_shop_interfaces/smart_shop_interfaces/msg/detail/order_log__struct.h
-- Installing: /home/ssu/robotics-practice/class/class03/svc_ws/install/smart_shop_interfaces/include/smart_shop_interfaces/smart_shop_interfaces/msg/detail/order_log__type_support.h
-- Installing: /home/ssu/robotics-practice/class/class03/svc_ws/install/smart_shop_interfaces/include/smart_shop_interfaces/smart_shop_interfaces/srv
-- Installing: /home/ssu/robotics-practice/class/class03/svc_ws/install/smart_shop_interfaces/include/smart_shop_interfaces/smart_shop_interfaces/srv/check_stock.h
-- Installing: /home/ssu/robotics-practice/class/class03/svc_ws/install/smart_shop_interfaces/include/smart_shop_interfaces/smart_shop_interfaces/srv/detail
-- Installing: /home/ssu/robotics-practice/class/class03/svc_ws/install/smart_shop_interfaces/include/smart_shop_interfaces/smart_shop_interfaces/srv/detail/check_stock__functions.c
-- Installing: /home/ssu/robotics-practice/class/class03/svc_ws/install/smart_shop_interfaces/include/smart_shop_interfaces/smart_shop_interfaces/srv/detail/check_stock__functions.h
-- Installing: /home/ssu/robotics-practice/class/class03/svc_ws/install/smart_shop_interfaces/include/smart_shop_interfaces/smart_shop_interfaces/srv/detail/check_stock__struct.h
-- Installing: /home/ssu/robotics-practice/class/class03/svc_ws/install/smart_shop_interfaces/include/smart_shop_interfaces/smart_shop_interfaces/srv/detail/check_stock__type_support.h
-- Installing: /home/ssu/robotics-practice/class/class03/svc_ws/install/smart_shop_interfaces/include/smart_shop_interfaces/smart_shop_interfaces/srv/detail/authorize_payment__functions.c
-- Installing: /home/ssu/robotics-practice/class/class03/svc_ws/install/smart_shop_interfaces/include/smart_shop_interfaces/smart_shop_interfaces/srv/detail/authorize_payment__functions.h
-- Installing: /home/ssu/robotics-practice/class/class03/svc_ws/install/smart_shop_interfaces/include/smart_shop_interfaces/smart_shop_interfaces/srv/detail/authorize_payment__struct.h
-- Installing: /home/ssu/robotics-practice/class/class03/svc_ws/install/smart_shop_interfaces/include/smart_shop_interfaces/smart_shop_interfaces/srv/detail/authorize_payment__type_support.h
-- Installing: /home/ssu/robotics-practice/class/class03/svc_ws/install/smart_shop_interfaces/include/smart_shop_interfaces/smart_shop_interfaces/srv/detail/place_order__functions.c
-- Installing: /home/ssu/robotics-practice/class/class03/svc_ws/install/smart_shop_interfaces/include/smart_shop_interfaces/smart_shop_interfaces/srv/detail/place_order__functions.h
-- Installing: /home/ssu/robotics-practice/class/class03/svc_ws/install/smart_shop_interfaces/include/smart_shop_interfaces/smart_shop_interfaces/srv/detail/place_order__struct.h
-- Installing: /home/ssu/robotics-practice/class/class03/svc_ws/install/smart_shop_interfaces/include/smart_shop_interfaces/smart_shop_interfaces/srv/detail/place_order__type_support.h
-- Installing: /home/ssu/robotics-practice/class/class03/svc_ws/install/smart_shop_interfaces/include/smart_shop_interfaces/smart_shop_interfaces/srv/detail/discount_apply__functions.c
-- Installing: /home/ssu/robotics-practice/class/class03/svc_ws/install/smart_shop_interfaces/include/smart_shop_interfaces/smart_shop_interfaces/srv/detail/discount_apply__functions.h
-- Installing: /home/ssu/robotics-practice/class/class03/svc_ws/install/smart_shop_interfaces/include/smart_shop_interfaces/smart_shop_interfaces/srv/detail/discount_apply__struct.h
-- Installing: /home/ssu/robotics-practice/class/class03/svc_ws/install/smart_shop_interfaces/include/smart_shop_interfaces/smart_shop_interfaces/srv/detail/discount_apply__type_support.h
-- Installing: /home/ssu/robotics-practice/class/class03/svc_ws/install/smart_shop_interfaces/include/smart_shop_interfaces/smart_shop_interfaces/srv/authorize_payment.h
-- Installing: /home/ssu/robotics-practice/class/class03/svc_ws/install/smart_shop_interfaces/include/smart_shop_interfaces/smart_shop_interfaces/srv/place_order.h
-- Installing: /home/ssu/robotics-practice/class/class03/svc_ws/install/smart_shop_interfaces/include/smart_shop_interfaces/smart_shop_interfaces/srv/discount_apply.h
-- Installing: /home/ssu/robotics-practice/class/class03/svc_ws/install/smart_shop_interfaces/share/smart_shop_interfaces/environment/library_path.sh
-- Installing: /home/ssu/robotics-practice/class/class03/svc_ws/install/smart_shop_interfaces/share/smart_shop_interfaces/environment/library_path.dsv
-- Installing: /home/ssu/robotics-practice/class/class03/svc_ws/install/smart_shop_interfaces/lib/libsmart_shop_interfaces__rosidl_generator_c.so
-- Set runtime path of "/home/ssu/robotics-practice/class/class03/svc_ws/install/smart_shop_interfaces/lib/libsmart_shop_interfaces__rosidl_generator_c.so" to ""
-- Up-to-date: /home/ssu/robotics-practice/class/class03/svc_ws/install/smart_shop_interfaces/include/smart_shop_interfaces/smart_shop_interfaces
-- Up-to-date: /home/ssu/robotics-practice/class/class03/svc_ws/install/smart_shop_interfaces/include/smart_shop_interfaces/smart_shop_interfaces/msg
-- Installing: /home/ssu/robotics-practice/class/class03/svc_ws/install/smart_shop_interfaces/include/smart_shop_interfaces/smart_shop_interfaces/msg/rosidl_typesupport_fastrtps_c__visibility_control.h
-- Up-to-date: /home/ssu/robotics-practice/class/class03/svc_ws/install/smart_shop_interfaces/include/smart_shop_interfaces/smart_shop_interfaces/msg/detail
-- Installing: /home/ssu/robotics-practice/class/class03/svc_ws/install/smart_shop_interfaces/include/smart_shop_interfaces/smart_shop_interfaces/msg/detail/order_log__rosidl_typesupport_fastrtps_c.h
-- Up-to-date: /home/ssu/robotics-practice/class/class03/svc_ws/install/smart_shop_interfaces/include/smart_shop_interfaces/smart_shop_interfaces/srv
-- Up-to-date: /home/ssu/robotics-practice/class/class03/svc_ws/install/smart_shop_interfaces/include/smart_shop_interfaces/smart_shop_interfaces/srv/detail
-- Installing: /home/ssu/robotics-practice/class/class03/svc_ws/install/smart_shop_interfaces/include/smart_shop_interfaces/smart_shop_interfaces/srv/detail/check_stock__rosidl_typesupport_fastrtps_c.h
-- Installing: /home/ssu/robotics-practice/class/class03/svc_ws/install/smart_shop_interfaces/include/smart_shop_interfaces/smart_shop_interfaces/srv/detail/authorize_payment__rosidl_typesupport_fastrtps_c.h
-- Installing: /home/ssu/robotics-practice/class/class03/svc_ws/install/smart_shop_interfaces/include/smart_shop_interfaces/smart_shop_interfaces/srv/detail/place_order__rosidl_typesupport_fastrtps_c.h
-- Installing: /home/ssu/robotics-practice/class/class03/svc_ws/install/smart_shop_interfaces/include/smart_shop_interfaces/smart_shop_interfaces/srv/detail/discount_apply__rosidl_typesupport_fastrtps_c.h
-- Installing: /home/ssu/robotics-practice/class/class03/svc_ws/install/smart_shop_interfaces/lib/libsmart_shop_interfaces__rosidl_typesupport_fastrtps_c.so
-- Set runtime path of "/home/ssu/robotics-practice/class/class03/svc_ws/install/smart_shop_interfaces/lib/libsmart_shop_interfaces__rosidl_typesupport_fastrtps_c.so" to ""
-- Up-to-date: /home/ssu/robotics-practice/class/class03/svc_ws/install/smart_shop_interfaces/include/smart_shop_interfaces/smart_shop_interfaces
-- Up-to-date: /home/ssu/robotics-practice/class/class03/svc_ws/install/smart_shop_interfaces/include/smart_shop_interfaces/smart_shop_interfaces/msg
-- Installing: /home/ssu/robotics-practice/class/class03/svc_ws/install/smart_shop_interfaces/include/smart_shop_interfaces/smart_shop_interfaces/msg/rosidl_typesupport_introspection_c__visibility_control.h
-- Up-to-date: /home/ssu/robotics-practice/class/class03/svc_ws/install/smart_shop_interfaces/include/smart_shop_interfaces/smart_shop_interfaces/msg/detail
-- Installing: /home/ssu/robotics-practice/class/class03/svc_ws/install/smart_shop_interfaces/include/smart_shop_interfaces/smart_shop_interfaces/msg/detail/order_log__rosidl_typesupport_introspection_c.h
-- Installing: /home/ssu/robotics-practice/class/class03/svc_ws/install/smart_shop_interfaces/include/smart_shop_interfaces/smart_shop_interfaces/msg/detail/order_log__type_support.c
-- Up-to-date: /home/ssu/robotics-practice/class/class03/svc_ws/install/smart_shop_interfaces/include/smart_shop_interfaces/smart_shop_interfaces/srv
-- Up-to-date: /home/ssu/robotics-practice/class/class03/svc_ws/install/smart_shop_interfaces/include/smart_shop_interfaces/smart_shop_interfaces/srv/detail
-- Installing: /home/ssu/robotics-practice/class/class03/svc_ws/install/smart_shop_interfaces/include/smart_shop_interfaces/smart_shop_interfaces/srv/detail/check_stock__rosidl_typesupport_introspection_c.h
-- Installing: /home/ssu/robotics-practice/class/class03/svc_ws/install/smart_shop_interfaces/include/smart_shop_interfaces/smart_shop_interfaces/srv/detail/check_stock__type_support.c
-- Installing: /home/ssu/robotics-practice/class/class03/svc_ws/install/smart_shop_interfaces/include/smart_shop_interfaces/smart_shop_interfaces/srv/detail/authorize_payment__rosidl_typesupport_introspection_c.h
-- Installing: /home/ssu/robotics-practice/class/class03/svc_ws/install/smart_shop_interfaces/include/smart_shop_interfaces/smart_shop_interfaces/srv/detail/authorize_payment__type_support.c
-- Installing: /home/ssu/robotics-practice/class/class03/svc_ws/install/smart_shop_interfaces/include/smart_shop_interfaces/smart_shop_interfaces/srv/detail/place_order__rosidl_typesupport_introspection_c.h
-- Installing: /home/ssu/robotics-practice/class/class03/svc_ws/install/smart_shop_interfaces/include/smart_shop_interfaces/smart_shop_interfaces/srv/detail/place_order__type_support.c
-- Installing: /home/ssu/robotics-practice/class/class03/svc_ws/install/smart_shop_interfaces/include/smart_shop_interfaces/smart_shop_interfaces/srv/detail/discount_apply__rosidl_typesupport_introspection_c.h
-- Installing: /home/ssu/robotics-practice/class/class03/svc_ws/install/smart_shop_interfaces/include/smart_shop_interfaces/smart_shop_interfaces/srv/detail/discount_apply__type_support.c
-- Installing: /home/ssu/robotics-practice/class/class03/svc_ws/install/smart_shop_interfaces/lib/libsmart_shop_interfaces__rosidl_typesupport_introspection_c.so
-- Set runtime path of "/home/ssu/robotics-practice/class/class03/svc_ws/install/smart_shop_interfaces/lib/libsmart_shop_interfaces__rosidl_typesupport_introspection_c.so" to ""
-- Installing: /home/ssu/robotics-practice/class/class03/svc_ws/install/smart_shop_interfaces/lib/libsmart_shop_interfaces__rosidl_typesupport_c.so
-- Set runtime path of "/home/ssu/robotics-practice/class/class03/svc_ws/install/smart_shop_interfaces/lib/libsmart_shop_interfaces__rosidl_typesupport_c.so" to ""
-- Up-to-date: /home/ssu/robotics-practice/class/class03/svc_ws/install/smart_shop_interfaces/include/smart_shop_interfaces/smart_shop_interfaces
-- Up-to-date: /home/ssu/robotics-practice/class/class03/svc_ws/install/smart_shop_interfaces/include/smart_shop_interfaces/smart_shop_interfaces/msg
-- Installing: /home/ssu/robotics-practice/class/class03/svc_ws/install/smart_shop_interfaces/include/smart_shop_interfaces/smart_shop_interfaces/msg/rosidl_generator_cpp__visibility_control.hpp
-- Installing: /home/ssu/robotics-practice/class/class03/svc_ws/install/smart_shop_interfaces/include/smart_shop_interfaces/smart_shop_interfaces/msg/order_log.hpp
-- Up-to-date: /home/ssu/robotics-practice/class/class03/svc_ws/install/smart_shop_interfaces/include/smart_shop_interfaces/smart_shop_interfaces/msg/detail
-- Installing: /home/ssu/robotics-practice/class/class03/svc_ws/install/smart_shop_interfaces/include/smart_shop_interfaces/smart_shop_interfaces/msg/detail/order_log__builder.hpp
-- Installing: /home/ssu/robotics-practice/class/class03/svc_ws/install/smart_shop_interfaces/include/smart_shop_interfaces/smart_shop_interfaces/msg/detail/order_log__struct.hpp
-- Installing: /home/ssu/robotics-practice/class/class03/svc_ws/install/smart_shop_interfaces/include/smart_shop_interfaces/smart_shop_interfaces/msg/detail/order_log__traits.hpp
-- Installing: /home/ssu/robotics-practice/class/class03/svc_ws/install/smart_shop_interfaces/include/smart_shop_interfaces/smart_shop_interfaces/msg/detail/order_log__type_support.hpp
-- Up-to-date: /home/ssu/robotics-practice/class/class03/svc_ws/install/smart_shop_interfaces/include/smart_shop_interfaces/smart_shop_interfaces/srv
-- Installing: /home/ssu/robotics-practice/class/class03/svc_ws/install/smart_shop_interfaces/include/smart_shop_interfaces/smart_shop_interfaces/srv/check_stock.hpp
-- Up-to-date: /home/ssu/robotics-practice/class/class03/svc_ws/install/smart_shop_interfaces/include/smart_shop_interfaces/smart_shop_interfaces/srv/detail
-- Installing: /home/ssu/robotics-practice/class/class03/svc_ws/install/smart_shop_interfaces/include/smart_shop_interfaces/smart_shop_interfaces/srv/detail/check_stock__builder.hpp
-- Installing: /home/ssu/robotics-practice/class/class03/svc_ws/install/smart_shop_interfaces/include/smart_shop_interfaces/smart_shop_interfaces/srv/detail/check_stock__struct.hpp
-- Installing: /home/ssu/robotics-practice/class/class03/svc_ws/install/smart_shop_interfaces/include/smart_shop_interfaces/smart_shop_interfaces/srv/detail/check_stock__traits.hpp
-- Installing: /home/ssu/robotics-practice/class/class03/svc_ws/install/smart_shop_interfaces/include/smart_shop_interfaces/smart_shop_interfaces/srv/detail/check_stock__type_support.hpp
-- Installing: /home/ssu/robotics-practice/class/class03/svc_ws/install/smart_shop_interfaces/include/smart_shop_interfaces/smart_shop_interfaces/srv/detail/authorize_payment__builder.hpp
-- Installing: /home/ssu/robotics-practice/class/class03/svc_ws/install/smart_shop_interfaces/include/smart_shop_interfaces/smart_shop_interfaces/srv/detail/authorize_payment__struct.hpp
-- Installing: /home/ssu/robotics-practice/class/class03/svc_ws/install/smart_shop_interfaces/include/smart_shop_interfaces/smart_shop_interfaces/srv/detail/authorize_payment__traits.hpp
-- Installing: /home/ssu/robotics-practice/class/class03/svc_ws/install/smart_shop_interfaces/include/smart_shop_interfaces/smart_shop_interfaces/srv/detail/authorize_payment__type_support.hpp
-- Installing: /home/ssu/robotics-practice/class/class03/svc_ws/install/smart_shop_interfaces/include/smart_shop_interfaces/smart_shop_interfaces/srv/detail/place_order__builder.hpp
-- Installing: /home/ssu/robotics-practice/class/class03/svc_ws/install/smart_shop_interfaces/include/smart_shop_interfaces/smart_shop_interfaces/srv/detail/place_order__struct.hpp
-- Installing: /home/ssu/robotics-practice/class/class03/svc_ws/install/smart_shop_interfaces/include/smart_shop_interfaces/smart_shop_interfaces/srv/detail/place_order__traits.hpp
-- Installing: /home/ssu/robotics-practice/class/class03/svc_ws/install/smart_shop_interfaces/include/smart_shop_interfaces/smart_shop_interfaces/srv/detail/place_order__type_support.hpp
-- Installing: /home/ssu/robotics-practice/class/class03/svc_ws/install/smart_shop_interfaces/include/smart_shop_interfaces/smart_shop_interfaces/srv/detail/discount_apply__builder.hpp
-- Installing: /home/ssu/robotics-practice/class/class03/svc_ws/install/smart_shop_interfaces/include/smart_shop_interfaces/smart_shop_interfaces/srv/detail/discount_apply__struct.hpp
-- Installing: /home/ssu/robotics-practice/class/class03/svc_ws/install/smart_shop_interfaces/include/smart_shop_interfaces/smart_shop_interfaces/srv/detail/discount_apply__traits.hpp
-- Installing: /home/ssu/robotics-practice/class/class03/svc_ws/install/smart_shop_interfaces/include/smart_shop_interfaces/smart_shop_interfaces/srv/detail/discount_apply__type_support.hpp
-- Installing: /home/ssu/robotics-practice/class/class03/svc_ws/install/smart_shop_interfaces/include/smart_shop_interfaces/smart_shop_interfaces/srv/authorize_payment.hpp
-- Installing: /home/ssu/robotics-practice/class/class03/svc_ws/install/smart_shop_interfaces/include/smart_shop_interfaces/smart_shop_interfaces/srv/place_order.hpp
-- Installing: /home/ssu/robotics-practice/class/class03/svc_ws/install/smart_shop_interfaces/include/smart_shop_interfaces/smart_shop_interfaces/srv/discount_apply.hpp
-- Up-to-date: /home/ssu/robotics-practice/class/class03/svc_ws/install/smart_shop_interfaces/include/smart_shop_interfaces/smart_shop_interfaces
-- Up-to-date: /home/ssu/robotics-practice/class/class03/svc_ws/install/smart_shop_interfaces/include/smart_shop_interfaces/smart_shop_interfaces/msg
-- Installing: /home/ssu/robotics-practice/class/class03/svc_ws/install/smart_shop_interfaces/include/smart_shop_interfaces/smart_shop_interfaces/msg/rosidl_typesupport_fastrtps_cpp__visibility_control.h
-- Up-to-date: /home/ssu/robotics-practice/class/class03/svc_ws/install/smart_shop_interfaces/include/smart_shop_interfaces/smart_shop_interfaces/msg/detail
-- Installing: /home/ssu/robotics-practice/class/class03/svc_ws/install/smart_shop_interfaces/include/smart_shop_interfaces/smart_shop_interfaces/msg/detail/order_log__rosidl_typesupport_fastrtps_cpp.hpp
-- Installing: /home/ssu/robotics-practice/class/class03/svc_ws/install/smart_shop_interfaces/include/smart_shop_interfaces/smart_shop_interfaces/msg/detail/dds_fastrtps
-- Up-to-date: /home/ssu/robotics-practice/class/class03/svc_ws/install/smart_shop_interfaces/include/smart_shop_interfaces/smart_shop_interfaces/srv
-- Up-to-date: /home/ssu/robotics-practice/class/class03/svc_ws/install/smart_shop_interfaces/include/smart_shop_interfaces/smart_shop_interfaces/srv/detail
-- Installing: /home/ssu/robotics-practice/class/class03/svc_ws/install/smart_shop_interfaces/include/smart_shop_interfaces/smart_shop_interfaces/srv/detail/check_stock__rosidl_typesupport_fastrtps_cpp.hpp
-- Installing: /home/ssu/robotics-practice/class/class03/svc_ws/install/smart_shop_interfaces/include/smart_shop_interfaces/smart_shop_interfaces/srv/detail/dds_fastrtps
-- Installing: /home/ssu/robotics-practice/class/class03/svc_ws/install/smart_shop_interfaces/include/smart_shop_interfaces/smart_shop_interfaces/srv/detail/authorize_payment__rosidl_typesupport_fastrtps_cpp.hpp
-- Installing: /home/ssu/robotics-practice/class/class03/svc_ws/install/smart_shop_interfaces/include/smart_shop_interfaces/smart_shop_interfaces/srv/detail/place_order__rosidl_typesupport_fastrtps_cpp.hpp
-- Installing: /home/ssu/robotics-practice/class/class03/svc_ws/install/smart_shop_interfaces/include/smart_shop_interfaces/smart_shop_interfaces/srv/detail/discount_apply__rosidl_typesupport_fastrtps_cpp.hpp
-- Installing: /home/ssu/robotics-practice/class/class03/svc_ws/install/smart_shop_interfaces/lib/libsmart_shop_interfaces__rosidl_typesupport_fastrtps_cpp.so
-- Set runtime path of "/home/ssu/robotics-practice/class/class03/svc_ws/install/smart_shop_interfaces/lib/libsmart_shop_interfaces__rosidl_typesupport_fastrtps_cpp.so" to ""
-- Up-to-date: /home/ssu/robotics-practice/class/class03/svc_ws/install/smart_shop_interfaces/include/smart_shop_interfaces/smart_shop_interfaces
-- Up-to-date: /home/ssu/robotics-practice/class/class03/svc_ws/install/smart_shop_interfaces/include/smart_shop_interfaces/smart_shop_interfaces/srv
-- Up-to-date: /home/ssu/robotics-practice/class/class03/svc_ws/install/smart_shop_interfaces/include/smart_shop_interfaces/smart_shop_interfaces/srv/detail
-- Installing: /home/ssu/robotics-practice/class/class03/svc_ws/install/smart_shop_interfaces/include/smart_shop_interfaces/smart_shop_interfaces/srv/detail/check_stock__rosidl_typesupport_introspection_cpp.hpp
-- Installing: /home/ssu/robotics-practice/class/class03/svc_ws/install/smart_shop_interfaces/include/smart_shop_interfaces/smart_shop_interfaces/srv/detail/check_stock__type_support.cpp
-- Installing: /home/ssu/robotics-practice/class/class03/svc_ws/install/smart_shop_interfaces/include/smart_shop_interfaces/smart_shop_interfaces/srv/detail/authorize_payment__rosidl_typesupport_introspection_cpp.hpp
-- Installing: /home/ssu/robotics-practice/class/class03/svc_ws/install/smart_shop_interfaces/include/smart_shop_interfaces/smart_shop_interfaces/srv/detail/authorize_payment__type_support.cpp
-- Installing: /home/ssu/robotics-practice/class/class03/svc_ws/install/smart_shop_interfaces/include/smart_shop_interfaces/smart_shop_interfaces/srv/detail/place_order__rosidl_typesupport_introspection_cpp.hpp
-- Installing: /home/ssu/robotics-practice/class/class03/svc_ws/install/smart_shop_interfaces/include/smart_shop_interfaces/smart_shop_interfaces/srv/detail/place_order__type_support.cpp
-- Installing: /home/ssu/robotics-practice/class/class03/svc_ws/install/smart_shop_interfaces/include/smart_shop_interfaces/smart_shop_interfaces/srv/detail/discount_apply__rosidl_typesupport_introspection_cpp.hpp
-- Installing: /home/ssu/robotics-practice/class/class03/svc_ws/install/smart_shop_interfaces/include/smart_shop_interfaces/smart_shop_interfaces/srv/detail/discount_apply__type_support.cpp
-- Up-to-date: /home/ssu/robotics-practice/class/class03/svc_ws/install/smart_shop_interfaces/include/smart_shop_interfaces/smart_shop_interfaces/msg
-- Up-to-date: /home/ssu/robotics-practice/class/class03/svc_ws/install/smart_shop_interfaces/include/smart_shop_interfaces/smart_shop_interfaces/msg/detail
-- Installing: /home/ssu/robotics-practice/class/class03/svc_ws/install/smart_shop_interfaces/include/smart_shop_interfaces/smart_shop_interfaces/msg/detail/order_log__rosidl_typesupport_introspection_cpp.hpp
-- Installing: /home/ssu/robotics-practice/class/class03/svc_ws/install/smart_shop_interfaces/include/smart_shop_interfaces/smart_shop_interfaces/msg/detail/order_log__type_support.cpp
-- Installing: /home/ssu/robotics-practice/class/class03/svc_ws/install/smart_shop_interfaces/lib/libsmart_shop_interfaces__rosidl_typesupport_introspection_cpp.so
-- Set runtime path of "/home/ssu/robotics-practice/class/class03/svc_ws/install/smart_shop_interfaces/lib/libsmart_shop_interfaces__rosidl_typesupport_introspection_cpp.so" to ""
-- Installing: /home/ssu/robotics-practice/class/class03/svc_ws/install/smart_shop_interfaces/lib/libsmart_shop_interfaces__rosidl_typesupport_cpp.so
-- Set runtime path of "/home/ssu/robotics-practice/class/class03/svc_ws/install/smart_shop_interfaces/lib/libsmart_shop_interfaces__rosidl_typesupport_cpp.so" to ""
-- Installing: /home/ssu/robotics-practice/class/class03/svc_ws/install/smart_shop_interfaces/share/smart_shop_interfaces/environment/pythonpath.sh
-- Installing: /home/ssu/robotics-practice/class/class03/svc_ws/install/smart_shop_interfaces/share/smart_shop_interfaces/environment/pythonpath.dsv
-- Installing: /home/ssu/robotics-practice/class/class03/svc_ws/install/smart_shop_interfaces/local/lib/python3.10/dist-packages/smart_shop_interfaces-0.0.0-py3.10.egg-info
-- Installing: /home/ssu/robotics-practice/class/class03/svc_ws/install/smart_shop_interfaces/local/lib/python3.10/dist-packages/smart_shop_interfaces-0.0.0-py3.10.egg-info/PKG-INFO
-- Installing: /home/ssu/robotics-practice/class/class03/svc_ws/install/smart_shop_interfaces/local/lib/python3.10/dist-packages/smart_shop_interfaces-0.0.0-py3.10.egg-info/dependency_links.txt
-- Installing: /home/ssu/robotics-practice/class/class03/svc_ws/install/smart_shop_interfaces/local/lib/python3.10/dist-packages/smart_shop_interfaces-0.0.0-py3.10.egg-info/top_level.txt
-- Installing: /home/ssu/robotics-practice/class/class03/svc_ws/install/smart_shop_interfaces/local/lib/python3.10/dist-packages/smart_shop_interfaces-0.0.0-py3.10.egg-info/SOURCES.txt
-- Installing: /home/ssu/robotics-practice/class/class03/svc_ws/install/smart_shop_interfaces/local/lib/python3.10/dist-packages/smart_shop_interfaces
-- Installing: /home/ssu/robotics-practice/class/class03/svc_ws/install/smart_shop_interfaces/local/lib/python3.10/dist-packages/smart_shop_interfaces/__init__.py
-- Installing: /home/ssu/robotics-practice/class/class03/svc_ws/install/smart_shop_interfaces/local/lib/python3.10/dist-packages/smart_shop_interfaces/srv
-- Installing: /home/ssu/robotics-practice/class/class03/svc_ws/install/smart_shop_interfaces/local/lib/python3.10/dist-packages/smart_shop_interfaces/srv/_check_stock.py
-- Installing: /home/ssu/robotics-practice/class/class03/svc_ws/install/smart_shop_interfaces/local/lib/python3.10/dist-packages/smart_shop_interfaces/srv/_check_stock_s.c
-- Installing: /home/ssu/robotics-practice/class/class03/svc_ws/install/smart_shop_interfaces/local/lib/python3.10/dist-packages/smart_shop_interfaces/srv/_authorize_payment.py
-- Installing: /home/ssu/robotics-practice/class/class03/svc_ws/install/smart_shop_interfaces/local/lib/python3.10/dist-packages/smart_shop_interfaces/srv/_authorize_payment_s.c
-- Installing: /home/ssu/robotics-practice/class/class03/svc_ws/install/smart_shop_interfaces/local/lib/python3.10/dist-packages/smart_shop_interfaces/srv/_place_order.py
-- Installing: /home/ssu/robotics-practice/class/class03/svc_ws/install/smart_shop_interfaces/local/lib/python3.10/dist-packages/smart_shop_interfaces/srv/_place_order_s.c
-- Installing: /home/ssu/robotics-practice/class/class03/svc_ws/install/smart_shop_interfaces/local/lib/python3.10/dist-packages/smart_shop_interfaces/srv/_discount_apply.py
-- Installing: /home/ssu/robotics-practice/class/class03/svc_ws/install/smart_shop_interfaces/local/lib/python3.10/dist-packages/smart_shop_interfaces/srv/_discount_apply_s.c
-- Installing: /home/ssu/robotics-practice/class/class03/svc_ws/install/smart_shop_interfaces/local/lib/python3.10/dist-packages/smart_shop_interfaces/srv/__init__.py
-- Installing: /home/ssu/robotics-practice/class/class03/svc_ws/install/smart_shop_interfaces/local/lib/python3.10/dist-packages/smart_shop_interfaces/msg
-- Installing: /home/ssu/robotics-practice/class/class03/svc_ws/install/smart_shop_interfaces/local/lib/python3.10/dist-packages/smart_shop_interfaces/msg/_order_log.py
-- Installing: /home/ssu/robotics-practice/class/class03/svc_ws/install/smart_shop_interfaces/local/lib/python3.10/dist-packages/smart_shop_interfaces/msg/_order_log_s.c
-- Installing: /home/ssu/robotics-practice/class/class03/svc_ws/install/smart_shop_interfaces/local/lib/python3.10/dist-packages/smart_shop_interfaces/msg/__init__.py
-- Installing: /home/ssu/robotics-practice/class/class03/svc_ws/install/smart_shop_interfaces/local/lib/python3.10/dist-packages/smart_shop_interfaces/_smart_shop_interfaces_s.ep.rosidl_typesupport_fastrtps_c.c
-- Installing: /home/ssu/robotics-practice/class/class03/svc_ws/install/smart_shop_interfaces/local/lib/python3.10/dist-packages/smart_shop_interfaces/_smart_shop_interfaces_s.ep.rosidl_typesupport_introspection_c.c
-- Installing: /home/ssu/robotics-practice/class/class03/svc_ws/install/smart_shop_interfaces/local/lib/python3.10/dist-packages/smart_shop_interfaces/_smart_shop_interfaces_s.ep.rosidl_typesupport_c.c
-- Installing: /home/ssu/robotics-practice/class/class03/svc_ws/install/smart_shop_interfaces/local/lib/python3.10/dist-packages/smart_shop_interfaces/libsmart_shop_interfaces__rosidl_generator_py.so
-- Installing: /home/ssu/robotics-practice/class/class03/svc_ws/install/smart_shop_interfaces/local/lib/python3.10/dist-packages/smart_shop_interfaces/smart_shop_interfaces_s__rosidl_typesupport_introspection_c.cpython-310-x86_64-linux-gnu.so
-- Installing: /home/ssu/robotics-practice/class/class03/svc_ws/install/smart_shop_interfaces/local/lib/python3.10/dist-packages/smart_shop_interfaces/smart_shop_interfaces_s__rosidl_typesupport_c.cpython-310-x86_64-linux-gnu.so
-- Installing: /home/ssu/robotics-practice/class/class03/svc_ws/install/smart_shop_interfaces/local/lib/python3.10/dist-packages/smart_shop_interfaces/smart_shop_interfaces_s__rosidl_typesupport_fastrtps_c.cpython-310-x86_64-linux-gnu.so
Listing '/home/ssu/robotics-practice/class/class03/svc_ws/install/smart_shop_interfaces/local/lib/python3.10/dist-packages/smart_shop_interfaces'...
Compiling '/home/ssu/robotics-practice/class/class03/svc_ws/install/smart_shop_interfaces/local/lib/python3.10/dist-packages/smart_shop_interfaces/__init__.py'...
Listing '/home/ssu/robotics-practice/class/class03/svc_ws/install/smart_shop_interfaces/local/lib/python3.10/dist-packages/smart_shop_interfaces/msg'...
Compiling '/home/ssu/robotics-practice/class/class03/svc_ws/install/smart_shop_interfaces/local/lib/python3.10/dist-packages/smart_shop_interfaces/msg/__init__.py'...
Compiling '/home/ssu/robotics-practice/class/class03/svc_ws/install/smart_shop_interfaces/local/lib/python3.10/dist-packages/smart_shop_interfaces/msg/_order_log.py'...
Listing '/home/ssu/robotics-practice/class/class03/svc_ws/install/smart_shop_interfaces/local/lib/python3.10/dist-packages/smart_shop_interfaces/srv'...
Compiling '/home/ssu/robotics-practice/class/class03/svc_ws/install/smart_shop_interfaces/local/lib/python3.10/dist-packages/smart_shop_interfaces/srv/__init__.py'...
Compiling '/home/ssu/robotics-practice/class/class03/svc_ws/install/smart_shop_interfaces/local/lib/python3.10/dist-packages/smart_shop_interfaces/srv/_authorize_payment.py'...
Compiling '/home/ssu/robotics-practice/class/class03/svc_ws/install/smart_shop_interfaces/local/lib/python3.10/dist-packages/smart_shop_interfaces/srv/_check_stock.py'...
Compiling '/home/ssu/robotics-practice/class/class03/svc_ws/install/smart_shop_interfaces/local/lib/python3.10/dist-packages/smart_shop_interfaces/srv/_discount_apply.py'...
Compiling '/home/ssu/robotics-practice/class/class03/svc_ws/install/smart_shop_interfaces/local/lib/python3.10/dist-packages/smart_shop_interfaces/srv/_place_order.py'...
-- Installing: /home/ssu/robotics-practice/class/class03/svc_ws/install/smart_shop_interfaces/local/lib/python3.10/dist-packages/smart_shop_interfaces/smart_shop_interfaces_s__rosidl_typesupport_fastrtps_c.cpython-310-x86_64-linux-gnu.so
-- Set runtime path of "/home/ssu/robotics-practice/class/class03/svc_ws/install/smart_shop_interfaces/local/lib/python3.10/dist-packages/smart_shop_interfaces/smart_shop_interfaces_s__rosidl_typesupport_fastrtps_c.cpython-310-x86_64-linux-gnu.so" to ""
-- Installing: /home/ssu/robotics-practice/class/class03/svc_ws/install/smart_shop_interfaces/local/lib/python3.10/dist-packages/smart_shop_interfaces/smart_shop_interfaces_s__rosidl_typesupport_introspection_c.cpython-310-x86_64-linux-gnu.so
-- Set runtime path of "/home/ssu/robotics-practice/class/class03/svc_ws/install/smart_shop_interfaces/local/lib/python3.10/dist-packages/smart_shop_interfaces/smart_shop_interfaces_s__rosidl_typesupport_introspection_c.cpython-310-x86_64-linux-gnu.so" to ""
-- Installing: /home/ssu/robotics-practice/class/class03/svc_ws/install/smart_shop_interfaces/local/lib/python3.10/dist-packages/smart_shop_interfaces/smart_shop_interfaces_s__rosidl_typesupport_c.cpython-310-x86_64-linux-gnu.so
-- Set runtime path of "/home/ssu/robotics-practice/class/class03/svc_ws/install/smart_shop_interfaces/local/lib/python3.10/dist-packages/smart_shop_interfaces/smart_shop_interfaces_s__rosidl_typesupport_c.cpython-310-x86_64-linux-gnu.so" to ""
-- Installing: /home/ssu/robotics-practice/class/class03/svc_ws/install/smart_shop_interfaces/lib/libsmart_shop_interfaces__rosidl_generator_py.so
-- Set runtime path of "/home/ssu/robotics-practice/class/class03/svc_ws/install/smart_shop_interfaces/lib/libsmart_shop_interfaces__rosidl_generator_py.so" to ""
-- Installing: /home/ssu/robotics-practice/class/class03/svc_ws/install/smart_shop_interfaces/share/smart_shop_interfaces/srv/CheckStock.idl
-- Installing: /home/ssu/robotics-practice/class/class03/svc_ws/install/smart_shop_interfaces/share/smart_shop_interfaces/srv/AuthorizePayment.idl
-- Installing: /home/ssu/robotics-practice/class/class03/svc_ws/install/smart_shop_interfaces/share/smart_shop_interfaces/srv/PlaceOrder.idl
-- Installing: /home/ssu/robotics-practice/class/class03/svc_ws/install/smart_shop_interfaces/share/smart_shop_interfaces/srv/DiscountApply.idl
-- Installing: /home/ssu/robotics-practice/class/class03/svc_ws/install/smart_shop_interfaces/share/smart_shop_interfaces/msg/OrderLog.idl
-- Installing: /home/ssu/robotics-practice/class/class03/svc_ws/install/smart_shop_interfaces/share/smart_shop_interfaces/srv/CheckStock.srv
-- Installing: /home/ssu/robotics-practice/class/class03/svc_ws/install/smart_shop_interfaces/share/smart_shop_interfaces/srv/CheckStock_Request.msg
-- Installing: /home/ssu/robotics-practice/class/class03/svc_ws/install/smart_shop_interfaces/share/smart_shop_interfaces/srv/CheckStock_Response.msg
-- Installing: /home/ssu/robotics-practice/class/class03/svc_ws/install/smart_shop_interfaces/share/smart_shop_interfaces/srv/AuthorizePayment.srv
-- Installing: /home/ssu/robotics-practice/class/class03/svc_ws/install/smart_shop_interfaces/share/smart_shop_interfaces/srv/AuthorizePayment_Request.msg
-- Installing: /home/ssu/robotics-practice/class/class03/svc_ws/install/smart_shop_interfaces/share/smart_shop_interfaces/srv/AuthorizePayment_Response.msg
-- Installing: /home/ssu/robotics-practice/class/class03/svc_ws/install/smart_shop_interfaces/share/smart_shop_interfaces/srv/PlaceOrder.srv
-- Installing: /home/ssu/robotics-practice/class/class03/svc_ws/install/smart_shop_interfaces/share/smart_shop_interfaces/srv/PlaceOrder_Request.msg
-- Installing: /home/ssu/robotics-practice/class/class03/svc_ws/install/smart_shop_interfaces/share/smart_shop_interfaces/srv/PlaceOrder_Response.msg
-- Installing: /home/ssu/robotics-practice/class/class03/svc_ws/install/smart_shop_interfaces/share/smart_shop_interfaces/srv/DiscountApply.srv
-- Installing: /home/ssu/robotics-practice/class/class03/svc_ws/install/smart_shop_interfaces/share/smart_shop_interfaces/srv/DiscountApply_Request.msg
-- Installing: /home/ssu/robotics-practice/class/class03/svc_ws/install/smart_shop_interfaces/share/smart_shop_interfaces/srv/DiscountApply_Response.msg
-- Installing: /home/ssu/robotics-practice/class/class03/svc_ws/install/smart_shop_interfaces/share/smart_shop_interfaces/msg/OrderLog.msg
-- Installing: /home/ssu/robotics-practice/class/class03/svc_ws/install/smart_shop_interfaces/share/ament_index/resource_index/package_run_dependencies/smart_shop_interfaces
-- Installing: /home/ssu/robotics-practice/class/class03/svc_ws/install/smart_shop_interfaces/share/ament_index/resource_index/parent_prefix_path/smart_shop_interfaces
-- Installing: /home/ssu/robotics-practice/class/class03/svc_ws/install/smart_shop_interfaces/share/smart_shop_interfaces/environment/ament_prefix_path.sh
-- Installing: /home/ssu/robotics-practice/class/class03/svc_ws/install/smart_shop_interfaces/share/smart_shop_interfaces/environment/ament_prefix_path.dsv
-- Installing: /home/ssu/robotics-practice/class/class03/svc_ws/install/smart_shop_interfaces/share/smart_shop_interfaces/environment/path.sh
-- Installing: /home/ssu/robotics-practice/class/class03/svc_ws/install/smart_shop_interfaces/share/smart_shop_interfaces/environment/path.dsv
-- Installing: /home/ssu/robotics-practice/class/class03/svc_ws/install/smart_shop_interfaces/share/smart_shop_interfaces/local_setup.bash
-- Installing: /home/ssu/robotics-practice/class/class03/svc_ws/install/smart_shop_interfaces/share/smart_shop_interfaces/local_setup.sh
-- Installing: /home/ssu/robotics-practice/class/class03/svc_ws/install/smart_shop_interfaces/share/smart_shop_interfaces/local_setup.zsh
-- Installing: /home/ssu/robotics-practice/class/class03/svc_ws/install/smart_shop_interfaces/share/smart_shop_interfaces/local_setup.dsv
-- Installing: /home/ssu/robotics-practice/class/class03/svc_ws/install/smart_shop_interfaces/share/smart_shop_interfaces/package.dsv
-- Installing: /home/ssu/robotics-practice/class/class03/svc_ws/install/smart_shop_interfaces/share/ament_index/resource_index/packages/smart_shop_interfaces
-- Installing: /home/ssu/robotics-practice/class/class03/svc_ws/install/smart_shop_interfaces/share/smart_shop_interfaces/cmake/export_smart_shop_interfaces__rosidl_generator_cExport.cmake
-- Installing: /home/ssu/robotics-practice/class/class03/svc_ws/install/smart_shop_interfaces/share/smart_shop_interfaces/cmake/export_smart_shop_interfaces__rosidl_generator_cExport-noconfig.cmake
-- Installing: /home/ssu/robotics-practice/class/class03/svc_ws/install/smart_shop_interfaces/share/smart_shop_interfaces/cmake/export_smart_shop_interfaces__rosidl_typesupport_fastrtps_cExport.cmake
-- Installing: /home/ssu/robotics-practice/class/class03/svc_ws/install/smart_shop_interfaces/share/smart_shop_interfaces/cmake/export_smart_shop_interfaces__rosidl_typesupport_fastrtps_cExport-noconfig.cmake
-- Installing: /home/ssu/robotics-practice/class/class03/svc_ws/install/smart_shop_interfaces/share/smart_shop_interfaces/cmake/smart_shop_interfaces__rosidl_typesupport_introspection_cExport.cmake
-- Installing: /home/ssu/robotics-practice/class/class03/svc_ws/install/smart_shop_interfaces/share/smart_shop_interfaces/cmake/smart_shop_interfaces__rosidl_typesupport_introspection_cExport-noconfig.cmake
-- Installing: /home/ssu/robotics-practice/class/class03/svc_ws/install/smart_shop_interfaces/share/smart_shop_interfaces/cmake/smart_shop_interfaces__rosidl_typesupport_cExport.cmake
-- Installing: /home/ssu/robotics-practice/class/class03/svc_ws/install/smart_shop_interfaces/share/smart_shop_interfaces/cmake/smart_shop_interfaces__rosidl_typesupport_cExport-noconfig.cmake
-- Installing: /home/ssu/robotics-practice/class/class03/svc_ws/install/smart_shop_interfaces/share/smart_shop_interfaces/cmake/export_smart_shop_interfaces__rosidl_generator_cppExport.cmake
-- Installing: /home/ssu/robotics-practice/class/class03/svc_ws/install/smart_shop_interfaces/share/smart_shop_interfaces/cmake/export_smart_shop_interfaces__rosidl_typesupport_fastrtps_cppExport.cmake
-- Installing: /home/ssu/robotics-practice/class/class03/svc_ws/install/smart_shop_interfaces/share/smart_shop_interfaces/cmake/export_smart_shop_interfaces__rosidl_typesupport_fastrtps_cppExport-noconfig.cmake
-- Installing: /home/ssu/robotics-practice/class/class03/svc_ws/install/smart_shop_interfaces/share/smart_shop_interfaces/cmake/smart_shop_interfaces__rosidl_typesupport_introspection_cppExport.cmake
-- Installing: /home/ssu/robotics-practice/class/class03/svc_ws/install/smart_shop_interfaces/share/smart_shop_interfaces/cmake/smart_shop_interfaces__rosidl_typesupport_introspection_cppExport-noconfig.cmake
-- Installing: /home/ssu/robotics-practice/class/class03/svc_ws/install/smart_shop_interfaces/share/smart_shop_interfaces/cmake/smart_shop_interfaces__rosidl_typesupport_cppExport.cmake
-- Installing: /home/ssu/robotics-practice/class/class03/svc_ws/install/smart_shop_interfaces/share/smart_shop_interfaces/cmake/smart_shop_interfaces__rosidl_typesupport_cppExport-noconfig.cmake
-- Installing: /home/ssu/robotics-practice/class/class03/svc_ws/install/smart_shop_interfaces/share/smart_shop_interfaces/cmake/export_smart_shop_interfaces__rosidl_generator_pyExport.cmake
-- Installing: /home/ssu/robotics-practice/class/class03/svc_ws/install/smart_shop_interfaces/share/smart_shop_interfaces/cmake/export_smart_shop_interfaces__rosidl_generator_pyExport-noconfig.cmake
-- Installing: /home/ssu/robotics-practice/class/class03/svc_ws/install/smart_shop_interfaces/share/smart_shop_interfaces/cmake/rosidl_cmake-extras.cmake
-- Installing: /home/ssu/robotics-practice/class/class03/svc_ws/install/smart_shop_interfaces/share/smart_shop_interfaces/cmake/ament_cmake_export_include_directories-extras.cmake
-- Installing: /home/ssu/robotics-practice/class/class03/svc_ws/install/smart_shop_interfaces/share/smart_shop_interfaces/cmake/ament_cmake_export_libraries-extras.cmake
-- Installing: /home/ssu/robotics-practice/class/class03/svc_ws/install/smart_shop_interfaces/share/smart_shop_interfaces/cmake/ament_cmake_export_targets-extras.cmake
-- Installing: /home/ssu/robotics-practice/class/class03/svc_ws/install/smart_shop_interfaces/share/smart_shop_interfaces/cmake/rosidl_cmake_export_typesupport_targets-extras.cmake
-- Installing: /home/ssu/robotics-practice/class/class03/svc_ws/install/smart_shop_interfaces/share/smart_shop_interfaces/cmake/ament_cmake_export_dependencies-extras.cmake
-- Installing: /home/ssu/robotics-practice/class/class03/svc_ws/install/smart_shop_interfaces/share/smart_shop_interfaces/cmake/rosidl_cmake_export_typesupport_libraries-extras.cmake
-- Installing: /home/ssu/robotics-practice/class/class03/svc_ws/install/smart_shop_interfaces/share/smart_shop_interfaces/cmake/smart_shop_interfacesConfig.cmake
-- Installing: /home/ssu/robotics-practice/class/class03/svc_ws/install/smart_shop_interfaces/share/smart_shop_interfaces/cmake/smart_shop_interfacesConfig-version.cmake
-- Installing: /home/ssu/robotics-practice/class/class03/svc_ws/install/smart_shop_interfaces/share/smart_shop_interfaces/package.xml
