running egg_info
creating ../../build/multi_turtle_launch/multi_turtle_launch.egg-info
writing ../../build/multi_turtle_launch/multi_turtle_launch.egg-info/PKG-INFO
writing dependency_links to ../../build/multi_turtle_launch/multi_turtle_launch.egg-info/dependency_links.txt
writing entry points to ../../build/multi_turtle_launch/multi_turtle_launch.egg-info/entry_points.txt
writing requirements to ../../build/multi_turtle_launch/multi_turtle_launch.egg-info/requires.txt
writing top-level names to ../../build/multi_turtle_launch/multi_turtle_launch.egg-info/top_level.txt
writing manifest file '../../build/multi_turtle_launch/multi_turtle_launch.egg-info/SOURCES.txt'
reading manifest file '../../build/multi_turtle_launch/multi_turtle_launch.egg-info/SOURCES.txt'
writing manifest file '../../build/multi_turtle_launch/multi_turtle_launch.egg-info/SOURCES.txt'
running build
running build_py
creating /home/ssu/robotics-practice/class/class05/multi_turtle_ws/build/multi_turtle_launch/build
creating /home/ssu/robotics-practice/class/class05/multi_turtle_ws/build/multi_turtle_launch/build/lib
creating /home/ssu/robotics-practice/class/class05/multi_turtle_ws/build/multi_turtle_launch/build/lib/multi_turtle_launch
copying multi_turtle_launch/__init__.py -> /home/ssu/robotics-practice/class/class05/multi_turtle_ws/build/multi_turtle_launch/build/lib/multi_turtle_launch
copying multi_turtle_launch/speed_controller.py -> /home/ssu/robotics-practice/class/class05/multi_turtle_ws/build/multi_turtle_launch/build/lib/multi_turtle_launch
running install
running install_lib
creating /home/ssu/robotics-practice/class/class05/multi_turtle_ws/install/multi_turtle_launch/lib/python3.10/site-packages/multi_turtle_launch
copying /home/ssu/robotics-practice/class/class05/multi_turtle_ws/build/multi_turtle_launch/build/lib/multi_turtle_launch/__init__.py -> /home/ssu/robotics-practice/class/class05/multi_turtle_ws/install/multi_turtle_launch/lib/python3.10/site-packages/multi_turtle_launch
copying /home/ssu/robotics-practice/class/class05/multi_turtle_ws/build/multi_turtle_launch/build/lib/multi_turtle_launch/speed_controller.py -> /home/ssu/robotics-practice/class/class05/multi_turtle_ws/install/multi_turtle_launch/lib/python3.10/site-packages/multi_turtle_launch
byte-compiling /home/ssu/robotics-practice/class/class05/multi_turtle_ws/install/multi_turtle_launch/lib/python3.10/site-packages/multi_turtle_launch/__init__.py to __init__.cpython-310.pyc
byte-compiling /home/ssu/robotics-practice/class/class05/multi_turtle_ws/install/multi_turtle_launch/lib/python3.10/site-packages/multi_turtle_launch/speed_controller.py to speed_controller.cpython-310.pyc
running install_data
creating /home/ssu/robotics-practice/class/class05/multi_turtle_ws/install/multi_turtle_launch/share/ament_index
creating /home/ssu/robotics-practice/class/class05/multi_turtle_ws/install/multi_turtle_launch/share/ament_index/resource_index
creating /home/ssu/robotics-practice/class/class05/multi_turtle_ws/install/multi_turtle_launch/share/ament_index/resource_index/packages
copying resource/multi_turtle_launch -> /home/ssu/robotics-practice/class/class05/multi_turtle_ws/install/multi_turtle_launch/share/ament_index/resource_index/packages
copying package.xml -> /home/ssu/robotics-practice/class/class05/multi_turtle_ws/install/multi_turtle_launch/share/multi_turtle_launch
creating /home/ssu/robotics-practice/class/class05/multi_turtle_ws/install/multi_turtle_launch/share/multi_turtle_launch/launch
copying launch/multi_turtle_launch.py -> /home/ssu/robotics-practice/class/class05/multi_turtle_ws/install/multi_turtle_launch/share/multi_turtle_launch/launch
copying launch/speed_launch.py -> /home/ssu/robotics-practice/class/class05/multi_turtle_ws/install/multi_turtle_launch/share/multi_turtle_launch/launch
running install_egg_info
Copying ../../build/multi_turtle_launch/multi_turtle_launch.egg-info to /home/ssu/robotics-practice/class/class05/multi_turtle_ws/install/multi_turtle_launch/lib/python3.10/site-packages/multi_turtle_launch-0.0.0-py3.10.egg-info
running install_scripts
writing list of installed files to '/home/ssu/robotics-practice/class/class05/multi_turtle_ws/build/multi_turtle_launch/install.log'
