running egg_info
creating ../../build/substitutions_py/substitutions_py.egg-info
writing ../../build/substitutions_py/substitutions_py.egg-info/PKG-INFO
writing dependency_links to ../../build/substitutions_py/substitutions_py.egg-info/dependency_links.txt
writing entry points to ../../build/substitutions_py/substitutions_py.egg-info/entry_points.txt
writing requirements to ../../build/substitutions_py/substitutions_py.egg-info/requires.txt
writing top-level names to ../../build/substitutions_py/substitutions_py.egg-info/top_level.txt
writing manifest file '../../build/substitutions_py/substitutions_py.egg-info/SOURCES.txt'
reading manifest file '../../build/substitutions_py/substitutions_py.egg-info/SOURCES.txt'
writing manifest file '../../build/substitutions_py/substitutions_py.egg-info/SOURCES.txt'
running build
running build_py
creating /home/ssu/robotics-practice/class/class05/launch_ws/build/substitutions_py/build
creating /home/ssu/robotics-practice/class/class05/launch_ws/build/substitutions_py/build/lib
creating /home/ssu/robotics-practice/class/class05/launch_ws/build/substitutions_py/build/lib/substitutions_py
copying substitutions_py/__init__.py -> /home/ssu/robotics-practice/class/class05/launch_ws/build/substitutions_py/build/lib/substitutions_py
running install
running install_lib
creating /home/ssu/robotics-practice/class/class05/launch_ws/install/substitutions_py/lib/python3.10/site-packages/substitutions_py
copying /home/ssu/robotics-practice/class/class05/launch_ws/build/substitutions_py/build/lib/substitutions_py/__init__.py -> /home/ssu/robotics-practice/class/class05/launch_ws/install/substitutions_py/lib/python3.10/site-packages/substitutions_py
byte-compiling /home/ssu/robotics-practice/class/class05/launch_ws/install/substitutions_py/lib/python3.10/site-packages/substitutions_py/__init__.py to __init__.cpython-310.pyc
running install_data
creating /home/ssu/robotics-practice/class/class05/launch_ws/install/substitutions_py/share/ament_index
creating /home/ssu/robotics-practice/class/class05/launch_ws/install/substitutions_py/share/ament_index/resource_index
creating /home/ssu/robotics-practice/class/class05/launch_ws/install/substitutions_py/share/ament_index/resource_index/packages
copying resource/substitutions_py -> /home/ssu/robotics-practice/class/class05/launch_ws/install/substitutions_py/share/ament_index/resource_index/packages
copying package.xml -> /home/ssu/robotics-practice/class/class05/launch_ws/install/substitutions_py/share/substitutions_py
creating /home/ssu/robotics-practice/class/class05/launch_ws/install/substitutions_py/share/substitutions_py/launch
copying launch/main_launch.py -> /home/ssu/robotics-practice/class/class05/launch_ws/install/substitutions_py/share/substitutions_py/launch
copying launch/substitutions_launch.py -> /home/ssu/robotics-practice/class/class05/launch_ws/install/substitutions_py/share/substitutions_py/launch
running install_egg_info
Copying ../../build/substitutions_py/substitutions_py.egg-info to /home/ssu/robotics-practice/class/class05/launch_ws/install/substitutions_py/lib/python3.10/site-packages/substitutions_py-0.0.0-py3.10.egg-info
running install_scripts
writing list of installed files to '/home/ssu/robotics-practice/class/class05/launch_ws/build/substitutions_py/install.log'
