[0.372s] Invoking command in '/home/ssu/robotics-practice/class/class05/launch_ws/src/substitutions_py': PYTHONPATH=/home/ssu/robotics-practice/class/class05/launch_ws/build/substitutions_py/prefix_override:/usr/lib/python3/dist-packages/colcon_core/task/python/colcon_distutils_commands:/home/ssu/robotics-practice/class/class05/launch_ws/install/substitutions_py/lib/python3.10/site-packages:${PYTHONPATH} /usr/bin/python3 -W ignore:setup.py install is deprecated -W ignore:easy_install command is deprecated setup.py egg_info --egg-base ../../build/substitutions_py build --build-base /home/ssu/robotics-practice/class/class05/launch_ws/build/substitutions_py/build install --record /home/ssu/robotics-practice/class/class05/launch_ws/build/substitutions_py/install.log --single-version-externally-managed install_data
[0.473s] running egg_info
[0.473s] creating ../../build/substitutions_py/substitutions_py.egg-info
[0.473s] writing ../../build/substitutions_py/substitutions_py.egg-info/PKG-INFO
[0.473s] writing dependency_links to ../../build/substitutions_py/substitutions_py.egg-info/dependency_links.txt
[0.474s] writing entry points to ../../build/substitutions_py/substitutions_py.egg-info/entry_points.txt
[0.474s] writing requirements to ../../build/substitutions_py/substitutions_py.egg-info/requires.txt
[0.474s] writing top-level names to ../../build/substitutions_py/substitutions_py.egg-info/top_level.txt
[0.474s] writing manifest file '../../build/substitutions_py/substitutions_py.egg-info/SOURCES.txt'
[0.475s] reading manifest file '../../build/substitutions_py/substitutions_py.egg-info/SOURCES.txt'
[0.475s] writing manifest file '../../build/substitutions_py/substitutions_py.egg-info/SOURCES.txt'
[0.475s] running build
[0.475s] running build_py
[0.475s] creating /home/ssu/robotics-practice/class/class05/launch_ws/build/substitutions_py/build
[0.476s] creating /home/ssu/robotics-practice/class/class05/launch_ws/build/substitutions_py/build/lib
[0.476s] creating /home/ssu/robotics-practice/class/class05/launch_ws/build/substitutions_py/build/lib/substitutions_py
[0.476s] copying substitutions_py/__init__.py -> /home/ssu/robotics-practice/class/class05/launch_ws/build/substitutions_py/build/lib/substitutions_py
[0.476s] running install
[0.476s] running install_lib
[0.476s] creating /home/ssu/robotics-practice/class/class05/launch_ws/install/substitutions_py/lib/python3.10/site-packages/substitutions_py
[0.476s] copying /home/ssu/robotics-practice/class/class05/launch_ws/build/substitutions_py/build/lib/substitutions_py/__init__.py -> /home/ssu/robotics-practice/class/class05/launch_ws/install/substitutions_py/lib/python3.10/site-packages/substitutions_py
[0.476s] byte-compiling /home/ssu/robotics-practice/class/class05/launch_ws/install/substitutions_py/lib/python3.10/site-packages/substitutions_py/__init__.py to __init__.cpython-310.pyc
[0.476s] running install_data
[0.476s] creating /home/ssu/robotics-practice/class/class05/launch_ws/install/substitutions_py/share/ament_index
[0.476s] creating /home/ssu/robotics-practice/class/class05/launch_ws/install/substitutions_py/share/ament_index/resource_index
[0.476s] creating /home/ssu/robotics-practice/class/class05/launch_ws/install/substitutions_py/share/ament_index/resource_index/packages
[0.476s] copying resource/substitutions_py -> /home/ssu/robotics-practice/class/class05/launch_ws/install/substitutions_py/share/ament_index/resource_index/packages
[0.476s] copying package.xml -> /home/ssu/robotics-practice/class/class05/launch_ws/install/substitutions_py/share/substitutions_py
[0.476s] creating /home/ssu/robotics-practice/class/class05/launch_ws/install/substitutions_py/share/substitutions_py/launch
[0.476s] copying launch/main_launch.py -> /home/ssu/robotics-practice/class/class05/launch_ws/install/substitutions_py/share/substitutions_py/launch
[0.476s] copying launch/substitutions_launch.py -> /home/ssu/robotics-practice/class/class05/launch_ws/install/substitutions_py/share/substitutions_py/launch
[0.476s] running install_egg_info
[0.478s] Copying ../../build/substitutions_py/substitutions_py.egg-info to /home/ssu/robotics-practice/class/class05/launch_ws/install/substitutions_py/lib/python3.10/site-packages/substitutions_py-0.0.0-py3.10.egg-info
[0.478s] running install_scripts
[0.488s] writing list of installed files to '/home/ssu/robotics-practice/class/class05/launch_ws/build/substitutions_py/install.log'
[0.509s] Invoked command in '/home/ssu/robotics-practice/class/class05/launch_ws/src/substitutions_py' returned '0': PYTHONPATH=/home/ssu/robotics-practice/class/class05/launch_ws/build/substitutions_py/prefix_override:/usr/lib/python3/dist-packages/colcon_core/task/python/colcon_distutils_commands:/home/ssu/robotics-practice/class/class05/launch_ws/install/substitutions_py/lib/python3.10/site-packages:${PYTHONPATH} /usr/bin/python3 -W ignore:setup.py install is deprecated -W ignore:easy_install command is deprecated setup.py egg_info --egg-base ../../build/substitutions_py build --build-base /home/ssu/robotics-practice/class/class05/launch_ws/build/substitutions_py/build install --record /home/ssu/robotics-practice/class/class05/launch_ws/build/substitutions_py/install.log --single-version-externally-managed install_data
