running egg_info
creating ../../build/smart_shop_nodes/smart_shop_nodes.egg-info
writing ../../build/smart_shop_nodes/smart_shop_nodes.egg-info/PKG-INFO
writing dependency_links to ../../build/smart_shop_nodes/smart_shop_nodes.egg-info/dependency_links.txt
writing entry points to ../../build/smart_shop_nodes/smart_shop_nodes.egg-info/entry_points.txt
writing requirements to ../../build/smart_shop_nodes/smart_shop_nodes.egg-info/requires.txt
writing top-level names to ../../build/smart_shop_nodes/smart_shop_nodes.egg-info/top_level.txt
writing manifest file '../../build/smart_shop_nodes/smart_shop_nodes.egg-info/SOURCES.txt'
reading manifest file '../../build/smart_shop_nodes/smart_shop_nodes.egg-info/SOURCES.txt'
writing manifest file '../../build/smart_shop_nodes/smart_shop_nodes.egg-info/SOURCES.txt'
running build
running build_py
creating /home/ssu/robotics-practice/class/class03/svc_ws/build/smart_shop_nodes/build
creating /home/ssu/robotics-practice/class/class03/svc_ws/build/smart_shop_nodes/build/lib
creating /home/ssu/robotics-practice/class/class03/svc_ws/build/smart_shop_nodes/build/lib/smart_shop_nodes
copying smart_shop_nodes/__init__.py -> /home/ssu/robotics-practice/class/class03/svc_ws/build/smart_shop_nodes/build/lib/smart_shop_nodes
copying smart_shop_nodes/discount_server.py -> /home/ssu/robotics-practice/class/class03/svc_ws/build/smart_shop_nodes/build/lib/smart_shop_nodes
copying smart_shop_nodes/order_client.py -> /home/ssu/robotics-practice/class/class03/svc_ws/build/smart_shop_nodes/build/lib/smart_shop_nodes
copying smart_shop_nodes/order_manager.py -> /home/ssu/robotics-practice/class/class03/svc_ws/build/smart_shop_nodes/build/lib/smart_shop_nodes
copying smart_shop_nodes/payment_server.py -> /home/ssu/robotics-practice/class/class03/svc_ws/build/smart_shop_nodes/build/lib/smart_shop_nodes
copying smart_shop_nodes/stock_server.py -> /home/ssu/robotics-practice/class/class03/svc_ws/build/smart_shop_nodes/build/lib/smart_shop_nodes
copying smart_shop_nodes/log_monitor.py -> /home/ssu/robotics-practice/class/class03/svc_ws/build/smart_shop_nodes/build/lib/smart_shop_nodes
running install
running install_lib
creating /home/ssu/robotics-practice/class/class03/svc_ws/install/smart_shop_nodes/lib/python3.10/site-packages/smart_shop_nodes
copying /home/ssu/robotics-practice/class/class03/svc_ws/build/smart_shop_nodes/build/lib/smart_shop_nodes/__init__.py -> /home/ssu/robotics-practice/class/class03/svc_ws/install/smart_shop_nodes/lib/python3.10/site-packages/smart_shop_nodes
copying /home/ssu/robotics-practice/class/class03/svc_ws/build/smart_shop_nodes/build/lib/smart_shop_nodes/discount_server.py -> /home/ssu/robotics-practice/class/class03/svc_ws/install/smart_shop_nodes/lib/python3.10/site-packages/smart_shop_nodes
copying /home/ssu/robotics-practice/class/class03/svc_ws/build/smart_shop_nodes/build/lib/smart_shop_nodes/order_client.py -> /home/ssu/robotics-practice/class/class03/svc_ws/install/smart_shop_nodes/lib/python3.10/site-packages/smart_shop_nodes
copying /home/ssu/robotics-practice/class/class03/svc_ws/build/smart_shop_nodes/build/lib/smart_shop_nodes/order_manager.py -> /home/ssu/robotics-practice/class/class03/svc_ws/install/smart_shop_nodes/lib/python3.10/site-packages/smart_shop_nodes
copying /home/ssu/robotics-practice/class/class03/svc_ws/build/smart_shop_nodes/build/lib/smart_shop_nodes/payment_server.py -> /home/ssu/robotics-practice/class/class03/svc_ws/install/smart_shop_nodes/lib/python3.10/site-packages/smart_shop_nodes
copying /home/ssu/robotics-practice/class/class03/svc_ws/build/smart_shop_nodes/build/lib/smart_shop_nodes/stock_server.py -> /home/ssu/robotics-practice/class/class03/svc_ws/install/smart_shop_nodes/lib/python3.10/site-packages/smart_shop_nodes
copying /home/ssu/robotics-practice/class/class03/svc_ws/build/smart_shop_nodes/build/lib/smart_shop_nodes/log_monitor.py -> /home/ssu/robotics-practice/class/class03/svc_ws/install/smart_shop_nodes/lib/python3.10/site-packages/smart_shop_nodes
byte-compiling /home/ssu/robotics-practice/class/class03/svc_ws/install/smart_shop_nodes/lib/python3.10/site-packages/smart_shop_nodes/__init__.py to __init__.cpython-310.pyc
byte-compiling /home/ssu/robotics-practice/class/class03/svc_ws/install/smart_shop_nodes/lib/python3.10/site-packages/smart_shop_nodes/discount_server.py to discount_server.cpython-310.pyc
byte-compiling /home/ssu/robotics-practice/class/class03/svc_ws/install/smart_shop_nodes/lib/python3.10/site-packages/smart_shop_nodes/order_client.py to order_client.cpython-310.pyc
byte-compiling /home/ssu/robotics-practice/class/class03/svc_ws/install/smart_shop_nodes/lib/python3.10/site-packages/smart_shop_nodes/order_manager.py to order_manager.cpython-310.pyc
byte-compiling /home/ssu/robotics-practice/class/class03/svc_ws/install/smart_shop_nodes/lib/python3.10/site-packages/smart_shop_nodes/payment_server.py to payment_server.cpython-310.pyc
byte-compiling /home/ssu/robotics-practice/class/class03/svc_ws/install/smart_shop_nodes/lib/python3.10/site-packages/smart_shop_nodes/stock_server.py to stock_server.cpython-310.pyc
byte-compiling /home/ssu/robotics-practice/class/class03/svc_ws/install/smart_shop_nodes/lib/python3.10/site-packages/smart_shop_nodes/log_monitor.py to log_monitor.cpython-310.pyc
running install_data
creating /home/ssu/robotics-practice/class/class03/svc_ws/install/smart_shop_nodes/share/ament_index
creating /home/ssu/robotics-practice/class/class03/svc_ws/install/smart_shop_nodes/share/ament_index/resource_index
creating /home/ssu/robotics-practice/class/class03/svc_ws/install/smart_shop_nodes/share/ament_index/resource_index/packages
copying resource/smart_shop_nodes -> /home/ssu/robotics-practice/class/class03/svc_ws/install/smart_shop_nodes/share/ament_index/resource_index/packages
copying package.xml -> /home/ssu/robotics-practice/class/class03/svc_ws/install/smart_shop_nodes/share/smart_shop_nodes
running install_egg_info
Copying ../../build/smart_shop_nodes/smart_shop_nodes.egg-info to /home/ssu/robotics-practice/class/class03/svc_ws/install/smart_shop_nodes/lib/python3.10/site-packages/smart_shop_nodes-0.0.0-py3.10.egg-info
running install_scripts
Installing discount_server script to /home/ssu/robotics-practice/class/class03/svc_ws/install/smart_shop_nodes/lib/smart_shop_nodes
Installing log_monitor script to /home/ssu/robotics-practice/class/class03/svc_ws/install/smart_shop_nodes/lib/smart_shop_nodes
Installing order_client script to /home/ssu/robotics-practice/class/class03/svc_ws/install/smart_shop_nodes/lib/smart_shop_nodes
Installing order_manager script to /home/ssu/robotics-practice/class/class03/svc_ws/install/smart_shop_nodes/lib/smart_shop_nodes
Installing payment_server script to /home/ssu/robotics-practice/class/class03/svc_ws/install/smart_shop_nodes/lib/smart_shop_nodes
Installing stock_server script to /home/ssu/robotics-practice/class/class03/svc_ws/install/smart_shop_nodes/lib/smart_shop_nodes
writing list of installed files to '/home/ssu/robotics-practice/class/class03/svc_ws/build/smart_shop_nodes/install.log'
