[0.259s] Invoking command in '/home/ssu/robotics-practice/class/class03/svc_ws/src/smart_shop_nodes': AMENT_PREFIX_PATH=/home/ssu/robotics-practice/class/class03/svc_ws/install/smart_shop_interfaces:${AMENT_PREFIX_PATH} CMAKE_PREFIX_PATH=/home/ssu/robotics-practice/class/class03/svc_ws/install/smart_shop_interfaces:${CMAKE_PREFIX_PATH} LD_LIBRARY_PATH=/home/ssu/robotics-practice/class/class03/svc_ws/install/smart_shop_interfaces/lib:/home/ssu/robotics-practice/week/week02/svc_ws/install/smart_shop_interfaces/lib:/opt/ros/humble/opt/rviz_ogre_vendor/lib:/opt/ros/humble/lib/x86_64-linux-gnu:/opt/ros/humble/lib:/usr/local/cuda/lib64 PYTHONPATH=/home/ssu/robotics-practice/class/class03/svc_ws/build/smart_shop_nodes/prefix_override:/usr/lib/python3/dist-packages/colcon_core/task/python/colcon_distutils_commands:/home/ssu/robotics-practice/class/class03/svc_ws/install/smart_shop_nodes/lib/python3.10/site-packages:/home/ssu/robotics-practice/class/class03/svc_ws/install/smart_shop_interfaces/local/lib/python3.10/dist-packages:${PYTHONPATH} /usr/bin/python3 -W ignore:setup.py install is deprecated -W ignore:easy_install command is deprecated setup.py egg_info --egg-base ../../build/smart_shop_nodes build --build-base /home/ssu/robotics-practice/class/class03/svc_ws/build/smart_shop_nodes/build install --record /home/ssu/robotics-practice/class/class03/svc_ws/build/smart_shop_nodes/install.log --single-version-externally-managed install_data
[0.354s] running egg_info
[0.354s] creating ../../build/smart_shop_nodes/smart_shop_nodes.egg-info
[0.354s] writing ../../build/smart_shop_nodes/smart_shop_nodes.egg-info/PKG-INFO
[0.354s] writing dependency_links to ../../build/smart_shop_nodes/smart_shop_nodes.egg-info/dependency_links.txt
[0.354s] writing entry points to ../../build/smart_shop_nodes/smart_shop_nodes.egg-info/entry_points.txt
[0.356s] writing requirements to ../../build/smart_shop_nodes/smart_shop_nodes.egg-info/requires.txt
[0.356s] writing top-level names to ../../build/smart_shop_nodes/smart_shop_nodes.egg-info/top_level.txt
[0.356s] writing manifest file '../../build/smart_shop_nodes/smart_shop_nodes.egg-info/SOURCES.txt'
[0.356s] reading manifest file '../../build/smart_shop_nodes/smart_shop_nodes.egg-info/SOURCES.txt'
[0.356s] writing manifest file '../../build/smart_shop_nodes/smart_shop_nodes.egg-info/SOURCES.txt'
[0.356s] running build
[0.356s] running build_py
[0.356s] creating /home/ssu/robotics-practice/class/class03/svc_ws/build/smart_shop_nodes/build
[0.356s] creating /home/ssu/robotics-practice/class/class03/svc_ws/build/smart_shop_nodes/build/lib
[0.356s] creating /home/ssu/robotics-practice/class/class03/svc_ws/build/smart_shop_nodes/build/lib/smart_shop_nodes
[0.356s] copying smart_shop_nodes/__init__.py -> /home/ssu/robotics-practice/class/class03/svc_ws/build/smart_shop_nodes/build/lib/smart_shop_nodes
[0.356s] copying smart_shop_nodes/discount_server.py -> /home/ssu/robotics-practice/class/class03/svc_ws/build/smart_shop_nodes/build/lib/smart_shop_nodes
[0.356s] copying smart_shop_nodes/order_client.py -> /home/ssu/robotics-practice/class/class03/svc_ws/build/smart_shop_nodes/build/lib/smart_shop_nodes
[0.356s] copying smart_shop_nodes/order_manager.py -> /home/ssu/robotics-practice/class/class03/svc_ws/build/smart_shop_nodes/build/lib/smart_shop_nodes
[0.356s] copying smart_shop_nodes/payment_server.py -> /home/ssu/robotics-practice/class/class03/svc_ws/build/smart_shop_nodes/build/lib/smart_shop_nodes
[0.356s] copying smart_shop_nodes/stock_server.py -> /home/ssu/robotics-practice/class/class03/svc_ws/build/smart_shop_nodes/build/lib/smart_shop_nodes
[0.356s] copying smart_shop_nodes/log_monitor.py -> /home/ssu/robotics-practice/class/class03/svc_ws/build/smart_shop_nodes/build/lib/smart_shop_nodes
[0.357s] running install
[0.357s] running install_lib
[0.357s] creating /home/ssu/robotics-practice/class/class03/svc_ws/install/smart_shop_nodes/lib/python3.10/site-packages/smart_shop_nodes
[0.357s] copying /home/ssu/robotics-practice/class/class03/svc_ws/build/smart_shop_nodes/build/lib/smart_shop_nodes/__init__.py -> /home/ssu/robotics-practice/class/class03/svc_ws/install/smart_shop_nodes/lib/python3.10/site-packages/smart_shop_nodes
[0.357s] copying /home/ssu/robotics-practice/class/class03/svc_ws/build/smart_shop_nodes/build/lib/smart_shop_nodes/discount_server.py -> /home/ssu/robotics-practice/class/class03/svc_ws/install/smart_shop_nodes/lib/python3.10/site-packages/smart_shop_nodes
[0.357s] copying /home/ssu/robotics-practice/class/class03/svc_ws/build/smart_shop_nodes/build/lib/smart_shop_nodes/order_client.py -> /home/ssu/robotics-practice/class/class03/svc_ws/install/smart_shop_nodes/lib/python3.10/site-packages/smart_shop_nodes
[0.357s] copying /home/ssu/robotics-practice/class/class03/svc_ws/build/smart_shop_nodes/build/lib/smart_shop_nodes/order_manager.py -> /home/ssu/robotics-practice/class/class03/svc_ws/install/smart_shop_nodes/lib/python3.10/site-packages/smart_shop_nodes
[0.357s] copying /home/ssu/robotics-practice/class/class03/svc_ws/build/smart_shop_nodes/build/lib/smart_shop_nodes/payment_server.py -> /home/ssu/robotics-practice/class/class03/svc_ws/install/smart_shop_nodes/lib/python3.10/site-packages/smart_shop_nodes
[0.358s] copying /home/ssu/robotics-practice/class/class03/svc_ws/build/smart_shop_nodes/build/lib/smart_shop_nodes/stock_server.py -> /home/ssu/robotics-practice/class/class03/svc_ws/install/smart_shop_nodes/lib/python3.10/site-packages/smart_shop_nodes
[0.358s] copying /home/ssu/robotics-practice/class/class03/svc_ws/build/smart_shop_nodes/build/lib/smart_shop_nodes/log_monitor.py -> /home/ssu/robotics-practice/class/class03/svc_ws/install/smart_shop_nodes/lib/python3.10/site-packages/smart_shop_nodes
[0.358s] byte-compiling /home/ssu/robotics-practice/class/class03/svc_ws/install/smart_shop_nodes/lib/python3.10/site-packages/smart_shop_nodes/__init__.py to __init__.cpython-310.pyc
[0.358s] byte-compiling /home/ssu/robotics-practice/class/class03/svc_ws/install/smart_shop_nodes/lib/python3.10/site-packages/smart_shop_nodes/discount_server.py to discount_server.cpython-310.pyc
[0.358s] byte-compiling /home/ssu/robotics-practice/class/class03/svc_ws/install/smart_shop_nodes/lib/python3.10/site-packages/smart_shop_nodes/order_client.py to order_client.cpython-310.pyc
[0.358s] byte-compiling /home/ssu/robotics-practice/class/class03/svc_ws/install/smart_shop_nodes/lib/python3.10/site-packages/smart_shop_nodes/order_manager.py to order_manager.cpython-310.pyc
[0.358s] byte-compiling /home/ssu/robotics-practice/class/class03/svc_ws/install/smart_shop_nodes/lib/python3.10/site-packages/smart_shop_nodes/payment_server.py to payment_server.cpython-310.pyc
[0.360s] byte-compiling /home/ssu/robotics-practice/class/class03/svc_ws/install/smart_shop_nodes/lib/python3.10/site-packages/smart_shop_nodes/stock_server.py to stock_server.cpython-310.pyc
[0.360s] byte-compiling /home/ssu/robotics-practice/class/class03/svc_ws/install/smart_shop_nodes/lib/python3.10/site-packages/smart_shop_nodes/log_monitor.py to log_monitor.cpython-310.pyc
[0.360s] running install_data
[0.360s] creating /home/ssu/robotics-practice/class/class03/svc_ws/install/smart_shop_nodes/share/ament_index
[0.360s] creating /home/ssu/robotics-practice/class/class03/svc_ws/install/smart_shop_nodes/share/ament_index/resource_index
[0.360s] creating /home/ssu/robotics-practice/class/class03/svc_ws/install/smart_shop_nodes/share/ament_index/resource_index/packages
[0.360s] copying resource/smart_shop_nodes -> /home/ssu/robotics-practice/class/class03/svc_ws/install/smart_shop_nodes/share/ament_index/resource_index/packages
[0.360s] copying package.xml -> /home/ssu/robotics-practice/class/class03/svc_ws/install/smart_shop_nodes/share/smart_shop_nodes
[0.360s] running install_egg_info
[0.360s] Copying ../../build/smart_shop_nodes/smart_shop_nodes.egg-info to /home/ssu/robotics-practice/class/class03/svc_ws/install/smart_shop_nodes/lib/python3.10/site-packages/smart_shop_nodes-0.0.0-py3.10.egg-info
[0.360s] running install_scripts
[0.369s] Installing discount_server script to /home/ssu/robotics-practice/class/class03/svc_ws/install/smart_shop_nodes/lib/smart_shop_nodes
[0.369s] Installing log_monitor script to /home/ssu/robotics-practice/class/class03/svc_ws/install/smart_shop_nodes/lib/smart_shop_nodes
[0.369s] Installing order_client script to /home/ssu/robotics-practice/class/class03/svc_ws/install/smart_shop_nodes/lib/smart_shop_nodes
[0.369s] Installing order_manager script to /home/ssu/robotics-practice/class/class03/svc_ws/install/smart_shop_nodes/lib/smart_shop_nodes
[0.369s] Installing payment_server script to /home/ssu/robotics-practice/class/class03/svc_ws/install/smart_shop_nodes/lib/smart_shop_nodes
[0.369s] Installing stock_server script to /home/ssu/robotics-practice/class/class03/svc_ws/install/smart_shop_nodes/lib/smart_shop_nodes
[0.370s] writing list of installed files to '/home/ssu/robotics-practice/class/class03/svc_ws/build/smart_shop_nodes/install.log'
[0.380s] Invoked command in '/home/ssu/robotics-practice/class/class03/svc_ws/src/smart_shop_nodes' returned '0': AMENT_PREFIX_PATH=/home/ssu/robotics-practice/class/class03/svc_ws/install/smart_shop_interfaces:${AMENT_PREFIX_PATH} CMAKE_PREFIX_PATH=/home/ssu/robotics-practice/class/class03/svc_ws/install/smart_shop_interfaces:${CMAKE_PREFIX_PATH} LD_LIBRARY_PATH=/home/ssu/robotics-practice/class/class03/svc_ws/install/smart_shop_interfaces/lib:/home/ssu/robotics-practice/week/week02/svc_ws/install/smart_shop_interfaces/lib:/opt/ros/humble/opt/rviz_ogre_vendor/lib:/opt/ros/humble/lib/x86_64-linux-gnu:/opt/ros/humble/lib:/usr/local/cuda/lib64 PYTHONPATH=/home/ssu/robotics-practice/class/class03/svc_ws/build/smart_shop_nodes/prefix_override:/usr/lib/python3/dist-packages/colcon_core/task/python/colcon_distutils_commands:/home/ssu/robotics-practice/class/class03/svc_ws/install/smart_shop_nodes/lib/python3.10/site-packages:/home/ssu/robotics-practice/class/class03/svc_ws/install/smart_shop_interfaces/local/lib/python3.10/dist-packages:${PYTHONPATH} /usr/bin/python3 -W ignore:setup.py install is deprecated -W ignore:easy_install command is deprecated setup.py egg_info --egg-base ../../build/smart_shop_nodes build --build-base /home/ssu/robotics-practice/class/class03/svc_ws/build/smart_shop_nodes/build install --record /home/ssu/robotics-practice/class/class03/svc_ws/build/smart_shop_nodes/install.log --single-version-externally-managed install_data
