/home/ssu/robotics-practice/week/week02/svc_ws/install/smart_shop_nodes/lib/python3.10/site-packages/smart_shop_nodes/__init__.py
/home/ssu/robotics-practice/week/week02/svc_ws/install/smart_shop_nodes/lib/python3.10/site-packages/smart_shop_nodes/stock_server.py
/home/ssu/robotics-practice/week/week02/svc_ws/install/smart_shop_nodes/lib/python3.10/site-packages/smart_shop_nodes/payment_server.py
/home/ssu/robotics-practice/week/week02/svc_ws/install/smart_shop_nodes/lib/python3.10/site-packages/smart_shop_nodes/order_manager.py
/home/ssu/robotics-practice/week/week02/svc_ws/install/smart_shop_nodes/lib/python3.10/site-packages/smart_shop_nodes/order_client.py
/home/ssu/robotics-practice/week/week02/svc_ws/install/smart_shop_nodes/lib/python3.10/site-packages/smart_shop_nodes/discount_server.py
/home/ssu/robotics-practice/week/week02/svc_ws/install/smart_shop_nodes/lib/python3.10/site-packages/smart_shop_nodes/__pycache__/__init__.cpython-310.pyc
/home/ssu/robotics-practice/week/week02/svc_ws/install/smart_shop_nodes/lib/python3.10/site-packages/smart_shop_nodes/__pycache__/stock_server.cpython-310.pyc
/home/ssu/robotics-practice/week/week02/svc_ws/install/smart_shop_nodes/lib/python3.10/site-packages/smart_shop_nodes/__pycache__/payment_server.cpython-310.pyc
/home/ssu/robotics-practice/week/week02/svc_ws/install/smart_shop_nodes/lib/python3.10/site-packages/smart_shop_nodes/__pycache__/order_manager.cpython-310.pyc
/home/ssu/robotics-practice/week/week02/svc_ws/install/smart_shop_nodes/lib/python3.10/site-packages/smart_shop_nodes/__pycache__/order_client.cpython-310.pyc
/home/ssu/robotics-practice/week/week02/svc_ws/install/smart_shop_nodes/lib/python3.10/site-packages/smart_shop_nodes/__pycache__/discount_server.cpython-310.pyc
/home/ssu/robotics-practice/week/week02/svc_ws/install/smart_shop_nodes/share/ament_index/resource_index/packages/smart_shop_nodes
/home/ssu/robotics-practice/week/week02/svc_ws/install/smart_shop_nodes/share/smart_shop_nodes/package.xml
/home/ssu/robotics-practice/week/week02/svc_ws/install/smart_shop_nodes/lib/python3.10/site-packages/smart_shop_nodes-0.0.0-py3.10.egg-info/PKG-INFO
/home/ssu/robotics-practice/week/week02/svc_ws/install/smart_shop_nodes/lib/python3.10/site-packages/smart_shop_nodes-0.0.0-py3.10.egg-info/zip-safe
/home/ssu/robotics-practice/week/week02/svc_ws/install/smart_shop_nodes/lib/python3.10/site-packages/smart_shop_nodes-0.0.0-py3.10.egg-info/dependency_links.txt
/home/ssu/robotics-practice/week/week02/svc_ws/install/smart_shop_nodes/lib/python3.10/site-packages/smart_shop_nodes-0.0.0-py3.10.egg-info/entry_points.txt
/home/ssu/robotics-practice/week/week02/svc_ws/install/smart_shop_nodes/lib/python3.10/site-packages/smart_shop_nodes-0.0.0-py3.10.egg-info/requires.txt
/home/ssu/robotics-practice/week/week02/svc_ws/install/smart_shop_nodes/lib/python3.10/site-packages/smart_shop_nodes-0.0.0-py3.10.egg-info/top_level.txt
/home/ssu/robotics-practice/week/week02/svc_ws/install/smart_shop_nodes/lib/python3.10/site-packages/smart_shop_nodes-0.0.0-py3.10.egg-info/SOURCES.txt
/home/ssu/robotics-practice/week/week02/svc_ws/install/smart_shop_nodes/lib/smart_shop_nodes/discount_server
/home/ssu/robotics-practice/week/week02/svc_ws/install/smart_shop_nodes/lib/smart_shop_nodes/order_client
/home/ssu/robotics-practice/week/week02/svc_ws/install/smart_shop_nodes/lib/smart_shop_nodes/order_manager
/home/ssu/robotics-practice/week/week02/svc_ws/install/smart_shop_nodes/lib/smart_shop_nodes/payment_server
/home/ssu/robotics-practice/week/week02/svc_ws/install/smart_shop_nodes/lib/smart_shop_nodes/stock_server
