running develop
running egg_info
creating turtle_param_control.egg-info
writing turtle_param_control.egg-info/PKG-INFO
writing dependency_links to turtle_param_control.egg-info/dependency_links.txt
writing entry points to turtle_param_control.egg-info/entry_points.txt
writing requirements to turtle_param_control.egg-info/requires.txt
writing top-level names to turtle_param_control.egg-info/top_level.txt
writing manifest file 'turtle_param_control.egg-info/SOURCES.txt'
reading manifest file 'turtle_param_control.egg-info/SOURCES.txt'
writing manifest file 'turtle_param_control.egg-info/SOURCES.txt'
running build_ext
Creating /home/ssu/robotics-practice/class/class05/param_ws/install/turtle_param_control/lib/python3.10/site-packages/turtle-param-control.egg-link (link to .)
Installing turtle_controller script to /home/ssu/robotics-practice/class/class05/param_ws/install/turtle_param_control/lib/turtle_param_control

Installed /home/ssu/robotics-practice/class/class05/param_ws/build/turtle_param_control
running symlink_data
creating /home/ssu/robotics-practice/class/class05/param_ws/install/turtle_param_control/share/ament_index
creating /home/ssu/robotics-practice/class/class05/param_ws/install/turtle_param_control/share/ament_index/resource_index
creating /home/ssu/robotics-practice/class/class05/param_ws/install/turtle_param_control/share/ament_index/resource_index/packages
symbolically linking /home/ssu/robotics-practice/class/class05/param_ws/build/turtle_param_control/resource/turtle_param_control -> /home/ssu/robotics-practice/class/class05/param_ws/install/turtle_param_control/share/ament_index/resource_index/packages
symbolically linking /home/ssu/robotics-practice/class/class05/param_ws/build/turtle_param_control/package.xml -> /home/ssu/robotics-practice/class/class05/param_ws/install/turtle_param_control/share/turtle_param_control
