[0.262s] Invoking command in '/home/ssu/robotics-practice/class/class03/svc_ws/src/smart_shop_nodes': LD_LIBRARY_PATH=/home/ssu/robotics-practice/class/class03/svc_ws/install/smart_shop_interfaces/lib:/home/ssu/robotics-practice/week/week02/svc_ws/install/smart_shop_interfaces/lib:/opt/ros/humble/opt/rviz_ogre_vendor/lib:/opt/ros/humble/lib/x86_64-linux-gnu:/opt/ros/humble/lib:/usr/local/cuda/lib64 PYTHONPATH=/home/ssu/robotics-practice/class/class03/svc_ws/build/smart_shop_nodes/prefix_override:/usr/lib/python3/dist-packages/colcon_core/task/python/colcon_distutils_commands:/home/ssu/robotics-practice/class/class03/svc_ws/install/smart_shop_nodes/lib/python3.10/site-packages:${PYTHONPATH} /usr/bin/python3 -W ignore:setup.py install is deprecated -W ignore:easy_install command is deprecated setup.py egg_info --egg-base ../../build/smart_shop_nodes build --build-base /home/ssu/robotics-practice/class/class03/svc_ws/build/smart_shop_nodes/build install --record /home/ssu/robotics-practice/class/class03/svc_ws/build/smart_shop_nodes/install.log --single-version-externally-managed install_data
[0.357s] running egg_info
[0.357s] writing ../../build/smart_shop_nodes/smart_shop_nodes.egg-info/PKG-INFO
[0.357s] writing dependency_links to ../../build/smart_shop_nodes/smart_shop_nodes.egg-info/dependency_links.txt
[0.357s] writing entry points to ../../build/smart_shop_nodes/smart_shop_nodes.egg-info/entry_points.txt
[0.357s] writing requirements to ../../build/smart_shop_nodes/smart_shop_nodes.egg-info/requires.txt
[0.358s] writing top-level names to ../../build/smart_shop_nodes/smart_shop_nodes.egg-info/top_level.txt
[0.358s] reading manifest file '../../build/smart_shop_nodes/smart_shop_nodes.egg-info/SOURCES.txt'
[0.359s] writing manifest file '../../build/smart_shop_nodes/smart_shop_nodes.egg-info/SOURCES.txt'
[0.359s] running build
[0.359s] running build_py
[0.359s] copying smart_shop_nodes/log_monitor.py -> /home/ssu/robotics-practice/class/class03/svc_ws/build/smart_shop_nodes/build/lib/smart_shop_nodes
[0.359s] running install
[0.359s] running install_lib
[0.359s] copying /home/ssu/robotics-practice/class/class03/svc_ws/build/smart_shop_nodes/build/lib/smart_shop_nodes/log_monitor.py -> /home/ssu/robotics-practice/class/class03/svc_ws/install/smart_shop_nodes/lib/python3.10/site-packages/smart_shop_nodes
[0.360s] byte-compiling /home/ssu/robotics-practice/class/class03/svc_ws/install/smart_shop_nodes/lib/python3.10/site-packages/smart_shop_nodes/log_monitor.py to log_monitor.cpython-310.pyc
[0.360s] running install_data
[0.360s] running install_egg_info
[0.361s] removing '/home/ssu/robotics-practice/class/class03/svc_ws/install/smart_shop_nodes/lib/python3.10/site-packages/smart_shop_nodes-0.0.0-py3.10.egg-info' (and everything under it)
[0.361s] Copying ../../build/smart_shop_nodes/smart_shop_nodes.egg-info to /home/ssu/robotics-practice/class/class03/svc_ws/install/smart_shop_nodes/lib/python3.10/site-packages/smart_shop_nodes-0.0.0-py3.10.egg-info
[0.362s] running install_scripts
[0.371s] Installing discount_server script to /home/ssu/robotics-practice/class/class03/svc_ws/install/smart_shop_nodes/lib/smart_shop_nodes
[0.371s] Installing log_monitor script to /home/ssu/robotics-practice/class/class03/svc_ws/install/smart_shop_nodes/lib/smart_shop_nodes
[0.371s] Installing order_client script to /home/ssu/robotics-practice/class/class03/svc_ws/install/smart_shop_nodes/lib/smart_shop_nodes
[0.371s] Installing order_manager script to /home/ssu/robotics-practice/class/class03/svc_ws/install/smart_shop_nodes/lib/smart_shop_nodes
[0.371s] Installing payment_server script to /home/ssu/robotics-practice/class/class03/svc_ws/install/smart_shop_nodes/lib/smart_shop_nodes
[0.371s] Installing stock_server script to /home/ssu/robotics-practice/class/class03/svc_ws/install/smart_shop_nodes/lib/smart_shop_nodes
[0.371s] writing list of installed files to '/home/ssu/robotics-practice/class/class03/svc_ws/build/smart_shop_nodes/install.log'
[0.382s] Invoked command in '/home/ssu/robotics-practice/class/class03/svc_ws/src/smart_shop_nodes' returned '0': LD_LIBRARY_PATH=/home/ssu/robotics-practice/class/class03/svc_ws/install/smart_shop_interfaces/lib:/home/ssu/robotics-practice/week/week02/svc_ws/install/smart_shop_interfaces/lib:/opt/ros/humble/opt/rviz_ogre_vendor/lib:/opt/ros/humble/lib/x86_64-linux-gnu:/opt/ros/humble/lib:/usr/local/cuda/lib64 PYTHONPATH=/home/ssu/robotics-practice/class/class03/svc_ws/build/smart_shop_nodes/prefix_override:/usr/lib/python3/dist-packages/colcon_core/task/python/colcon_distutils_commands:/home/ssu/robotics-practice/class/class03/svc_ws/install/smart_shop_nodes/lib/python3.10/site-packages:${PYTHONPATH} /usr/bin/python3 -W ignore:setup.py install is deprecated -W ignore:easy_install command is deprecated setup.py egg_info --egg-base ../../build/smart_shop_nodes build --build-base /home/ssu/robotics-practice/class/class03/svc_ws/build/smart_shop_nodes/build install --record /home/ssu/robotics-practice/class/class03/svc_ws/build/smart_shop_nodes/install.log --single-version-externally-managed install_data
