running egg_info
writing ../../build/smart_shop_nodes/smart_shop_nodes.egg-info/PKG-INFO
writing dependency_links to ../../build/smart_shop_nodes/smart_shop_nodes.egg-info/dependency_links.txt
writing entry points to ../../build/smart_shop_nodes/smart_shop_nodes.egg-info/entry_points.txt
writing requirements to ../../build/smart_shop_nodes/smart_shop_nodes.egg-info/requires.txt
writing top-level names to ../../build/smart_shop_nodes/smart_shop_nodes.egg-info/top_level.txt
reading manifest file '../../build/smart_shop_nodes/smart_shop_nodes.egg-info/SOURCES.txt'
writing manifest file '../../build/smart_shop_nodes/smart_shop_nodes.egg-info/SOURCES.txt'
running build
running build_py
copying smart_shop_nodes/stock_server.py -> /home/ssu/robotics-practice/week/week02/svc_ws/build/smart_shop_nodes/build/lib/smart_shop_nodes
running install
running install_lib
copying /home/ssu/robotics-practice/week/week02/svc_ws/build/smart_shop_nodes/build/lib/smart_shop_nodes/stock_server.py -> /home/ssu/robotics-practice/week/week02/svc_ws/install/smart_shop_nodes/lib/python3.10/site-packages/smart_shop_nodes
byte-compiling /home/ssu/robotics-practice/week/week02/svc_ws/install/smart_shop_nodes/lib/python3.10/site-packages/smart_shop_nodes/stock_server.py to stock_server.cpython-310.pyc
running install_data
running install_egg_info
removing '/home/ssu/robotics-practice/week/week02/svc_ws/install/smart_shop_nodes/lib/python3.10/site-packages/smart_shop_nodes-0.0.0-py3.10.egg-info' (and everything under it)
Copying ../../build/smart_shop_nodes/smart_shop_nodes.egg-info to /home/ssu/robotics-practice/week/week02/svc_ws/install/smart_shop_nodes/lib/python3.10/site-packages/smart_shop_nodes-0.0.0-py3.10.egg-info
running install_scripts
Installing order_client script to /home/ssu/robotics-practice/week/week02/svc_ws/install/smart_shop_nodes/lib/smart_shop_nodes
Installing order_manager script to /home/ssu/robotics-practice/week/week02/svc_ws/install/smart_shop_nodes/lib/smart_shop_nodes
Installing payment_server script to /home/ssu/robotics-practice/week/week02/svc_ws/install/smart_shop_nodes/lib/smart_shop_nodes
Installing stock_server script to /home/ssu/robotics-practice/week/week02/svc_ws/install/smart_shop_nodes/lib/smart_shop_nodes
writing list of installed files to '/home/ssu/robotics-practice/week/week02/svc_ws/build/smart_shop_nodes/install.log'
