running egg_info
writing ../../build/multi_turtle_launch/multi_turtle_launch.egg-info/PKG-INFO
writing dependency_links to ../../build/multi_turtle_launch/multi_turtle_launch.egg-info/dependency_links.txt
writing entry points to ../../build/multi_turtle_launch/multi_turtle_launch.egg-info/entry_points.txt
writing requirements to ../../build/multi_turtle_launch/multi_turtle_launch.egg-info/requires.txt
writing top-level names to ../../build/multi_turtle_launch/multi_turtle_launch.egg-info/top_level.txt
reading manifest file '../../build/multi_turtle_launch/multi_turtle_launch.egg-info/SOURCES.txt'
writing manifest file '../../build/multi_turtle_launch/multi_turtle_launch.egg-info/SOURCES.txt'
running build
running build_py
copying multi_turtle_launch/speed_controller.py -> /home/ssu/robotics-practice/class/class05/multi_turtle_ws/build/multi_turtle_launch/build/lib/multi_turtle_launch
running install
running install_lib
copying /home/ssu/robotics-practice/class/class05/multi_turtle_ws/build/multi_turtle_launch/build/lib/multi_turtle_launch/speed_controller.py -> /home/ssu/robotics-practice/class/class05/multi_turtle_ws/install/multi_turtle_launch/lib/python3.10/site-packages/multi_turtle_launch
byte-compiling /home/ssu/robotics-practice/class/class05/multi_turtle_ws/install/multi_turtle_launch/lib/python3.10/site-packages/multi_turtle_launch/speed_controller.py to speed_controller.cpython-310.pyc
running install_data
running install_egg_info
removing '/home/ssu/robotics-practice/class/class05/multi_turtle_ws/install/multi_turtle_launch/lib/python3.10/site-packages/multi_turtle_launch-0.0.0-py3.10.egg-info' (and everything under it)
Copying ../../build/multi_turtle_launch/multi_turtle_launch.egg-info to /home/ssu/robotics-practice/class/class05/multi_turtle_ws/install/multi_turtle_launch/lib/python3.10/site-packages/multi_turtle_launch-0.0.0-py3.10.egg-info
running install_scripts
Installing speed_controller script to /home/ssu/robotics-practice/class/class05/multi_turtle_ws/install/multi_turtle_launch/lib/multi_turtle_launch
writing list of installed files to '/home/ssu/robotics-practice/class/class05/multi_turtle_ws/build/multi_turtle_launch/install.log'
