[0.006s] Invoking command in '/home/ssu/robotics-practice/week/week02/svc_ws/build/smart_shop_interfaces': CMAKE_PREFIX_PATH=${CMAKE_PREFIX_PATH}:/home/ssu/robotics-practice/week/week02/svc_ws/install/smart_shop_nodes:/home/ssu/robotics-practice/week/week02/test_svc/install/my_svc:/opt/ros/humble /usr/bin/cmake --build /home/ssu/robotics-practice/week/week02/svc_ws/build/smart_shop_interfaces -- -j14 -l14
[0.039s] [35m[1mConsolidate compiler generated dependencies of target smart_shop_interfaces__rosidl_generator_c[0m
[0.044s] [  1%] Built target smart_shop_interfaces__cpp
[0.045s] [ 12%] Built target smart_shop_interfaces__rosidl_generator_c
[0.047s] [ 12%] Built target ament_cmake_python_copy_smart_shop_interfaces
[0.053s] [35m[1mConsolidate compiler generated dependencies of target smart_shop_interfaces__rosidl_typesupport_introspection_cpp[0m
[0.053s] [35m[1mConsolidate compiler generated dependencies of target smart_shop_interfaces__rosidl_typesupport_fastrtps_cpp[0m
[0.053s] [35m[1mConsolidate compiler generated dependencies of target smart_shop_interfaces__rosidl_typesupport_introspection_c[0m
[0.053s] [35m[1mConsolidate compiler generated dependencies of target smart_shop_interfaces__rosidl_typesupport_cpp[0m
[0.054s] [35m[1mConsolidate compiler generated dependencies of target smart_shop_interfaces__rosidl_typesupport_fastrtps_c[0m
[0.055s] [35m[1mConsolidate compiler generated dependencies of target smart_shop_interfaces__rosidl_typesupport_c[0m
[0.061s] [ 23%] Built target smart_shop_interfaces__rosidl_typesupport_introspection_c
[0.061s] [ 34%] Built target smart_shop_interfaces__rosidl_typesupport_introspection_cpp
[0.062s] [ 45%] Built target smart_shop_interfaces__rosidl_typesupport_fastrtps_cpp
[0.062s] [ 56%] Built target smart_shop_interfaces__rosidl_typesupport_cpp
[0.062s] [ 67%] Built target smart_shop_interfaces__rosidl_typesupport_c
[0.062s] [ 78%] Built target smart_shop_interfaces__rosidl_typesupport_fastrtps_c
[0.073s] [ 78%] Built target smart_shop_interfaces
[0.086s] [ 80%] Built target smart_shop_interfaces__py
[0.095s] [35m[1mConsolidate compiler generated dependencies of target smart_shop_interfaces__rosidl_generator_py[0m
[0.101s] [ 89%] Built target smart_shop_interfaces__rosidl_generator_py
[0.109s] [35m[1mConsolidate compiler generated dependencies of target smart_shop_interfaces__rosidl_typesupport_fastrtps_c__pyext[0m
[0.109s] [35m[1mConsolidate compiler generated dependencies of target smart_shop_interfaces__rosidl_typesupport_introspection_c__pyext[0m
[0.111s] [35m[1mConsolidate compiler generated dependencies of target smart_shop_interfaces__rosidl_typesupport_c__pyext[0m
[0.115s] [ 92%] Built target smart_shop_interfaces__rosidl_typesupport_fastrtps_c__pyext
[0.117s] [100%] Built target smart_shop_interfaces__rosidl_typesupport_c__pyext
[0.117s] [100%] Built target smart_shop_interfaces__rosidl_typesupport_introspection_c__pyext
[0.151s] running egg_info
[0.151s] writing smart_shop_interfaces.egg-info/PKG-INFO
[0.151s] writing dependency_links to smart_shop_interfaces.egg-info/dependency_links.txt
[0.151s] writing top-level names to smart_shop_interfaces.egg-info/top_level.txt
[0.152s] reading manifest file 'smart_shop_interfaces.egg-info/SOURCES.txt'
[0.152s] writing manifest file 'smart_shop_interfaces.egg-info/SOURCES.txt'
[0.170s] [100%] Built target ament_cmake_python_build_smart_shop_interfaces_egg
[0.184s] Invoked command in '/home/ssu/robotics-practice/week/week02/svc_ws/build/smart_shop_interfaces' returned '0': CMAKE_PREFIX_PATH=${CMAKE_PREFIX_PATH}:/home/ssu/robotics-practice/week/week02/svc_ws/install/smart_shop_nodes:/home/ssu/robotics-practice/week/week02/test_svc/install/my_svc:/opt/ros/humble /usr/bin/cmake --build /home/ssu/robotics-practice/week/week02/svc_ws/build/smart_shop_interfaces -- -j14 -l14
[0.186s] Invoking command in '/home/ssu/robotics-practice/week/week02/svc_ws/build/smart_shop_interfaces': CMAKE_PREFIX_PATH=${CMAKE_PREFIX_PATH}:/home/ssu/robotics-practice/week/week02/svc_ws/install/smart_shop_nodes:/home/ssu/robotics-practice/week/week02/test_svc/install/my_svc:/opt/ros/humble /usr/bin/cmake --install /home/ssu/robotics-practice/week/week02/svc_ws/build/smart_shop_interfaces
[0.190s] -- Install configuration: ""
[0.190s] -- Up-to-date: /home/ssu/robotics-practice/week/week02/svc_ws/install/smart_shop_interfaces/share/ament_index/resource_index/rosidl_interfaces/smart_shop_interfaces
[0.190s] -- Up-to-date: /home/ssu/robotics-practice/week/week02/svc_ws/install/smart_shop_interfaces/include/smart_shop_interfaces/smart_shop_interfaces
[0.190s] -- Up-to-date: /home/ssu/robotics-practice/week/week02/svc_ws/install/smart_shop_interfaces/include/smart_shop_interfaces/smart_shop_interfaces/msg
[0.190s] -- Up-to-date: /home/ssu/robotics-practice/week/week02/svc_ws/install/smart_shop_interfaces/include/smart_shop_interfaces/smart_shop_interfaces/msg/rosidl_generator_c__visibility_control.h
[0.190s] -- Up-to-date: /home/ssu/robotics-practice/week/week02/svc_ws/install/smart_shop_interfaces/include/smart_shop_interfaces/smart_shop_interfaces/srv
[0.191s] -- Up-to-date: /home/ssu/robotics-practice/week/week02/svc_ws/install/smart_shop_interfaces/include/smart_shop_interfaces/smart_shop_interfaces/srv/check_stock.h
[0.191s] -- Up-to-date: /home/ssu/robotics-practice/week/week02/svc_ws/install/smart_shop_interfaces/include/smart_shop_interfaces/smart_shop_interfaces/srv/detail
[0.191s] -- Up-to-date: /home/ssu/robotics-practice/week/week02/svc_ws/install/smart_shop_interfaces/include/smart_shop_interfaces/smart_shop_interfaces/srv/detail/check_stock__functions.c
[0.191s] -- Up-to-date: /home/ssu/robotics-practice/week/week02/svc_ws/install/smart_shop_interfaces/include/smart_shop_interfaces/smart_shop_interfaces/srv/detail/check_stock__functions.h
[0.191s] -- Up-to-date: /home/ssu/robotics-practice/week/week02/svc_ws/install/smart_shop_interfaces/include/smart_shop_interfaces/smart_shop_interfaces/srv/detail/check_stock__struct.h
[0.191s] -- Up-to-date: /home/ssu/robotics-practice/week/week02/svc_ws/install/smart_shop_interfaces/include/smart_shop_interfaces/smart_shop_interfaces/srv/detail/check_stock__type_support.h
[0.191s] -- Up-to-date: /home/ssu/robotics-practice/week/week02/svc_ws/install/smart_shop_interfaces/include/smart_shop_interfaces/smart_shop_interfaces/srv/detail/authorize_payment__functions.c
[0.191s] -- Up-to-date: /home/ssu/robotics-practice/week/week02/svc_ws/install/smart_shop_interfaces/include/smart_shop_interfaces/smart_shop_interfaces/srv/detail/authorize_payment__functions.h
[0.191s] -- Up-to-date: /home/ssu/robotics-practice/week/week02/svc_ws/install/smart_shop_interfaces/include/smart_shop_interfaces/smart_shop_interfaces/srv/detail/authorize_payment__struct.h
[0.191s] -- Up-to-date: /home/ssu/robotics-practice/week/week02/svc_ws/install/smart_shop_interfaces/include/smart_shop_interfaces/smart_shop_interfaces/srv/detail/authorize_payment__type_support.h
[0.191s] -- Up-to-date: /home/ssu/robotics-practice/week/week02/svc_ws/install/smart_shop_interfaces/include/smart_shop_interfaces/smart_shop_interfaces/srv/detail/place_order__functions.c
[0.191s] -- Up-to-date: /home/ssu/robotics-practice/week/week02/svc_ws/install/smart_shop_interfaces/include/smart_shop_interfaces/smart_shop_interfaces/srv/detail/place_order__functions.h
[0.191s] -- Up-to-date: /home/ssu/robotics-practice/week/week02/svc_ws/install/smart_shop_interfaces/include/smart_shop_interfaces/smart_shop_interfaces/srv/detail/place_order__struct.h
[0.191s] -- Up-to-date: /home/ssu/robotics-practice/week/week02/svc_ws/install/smart_shop_interfaces/include/smart_shop_interfaces/smart_shop_interfaces/srv/detail/place_order__type_support.h
[0.191s] -- Up-to-date: /home/ssu/robotics-practice/week/week02/svc_ws/install/smart_shop_interfaces/include/smart_shop_interfaces/smart_shop_interfaces/srv/detail/discount_apply__functions.c
[0.191s] -- Up-to-date: /home/ssu/robotics-practice/week/week02/svc_ws/install/smart_shop_interfaces/include/smart_shop_interfaces/smart_shop_interfaces/srv/detail/discount_apply__functions.h
[0.191s] -- Up-to-date: /home/ssu/robotics-practice/week/week02/svc_ws/install/smart_shop_interfaces/include/smart_shop_interfaces/smart_shop_interfaces/srv/detail/discount_apply__struct.h
[0.191s] -- Up-to-date: /home/ssu/robotics-practice/week/week02/svc_ws/install/smart_shop_interfaces/include/smart_shop_interfaces/smart_shop_interfaces/srv/detail/discount_apply__type_support.h
[0.191s] -- Up-to-date: /home/ssu/robotics-practice/week/week02/svc_ws/install/smart_shop_interfaces/include/smart_shop_interfaces/smart_shop_interfaces/srv/authorize_payment.h
[0.191s] -- Up-to-date: /home/ssu/robotics-practice/week/week02/svc_ws/install/smart_shop_interfaces/include/smart_shop_interfaces/smart_shop_interfaces/srv/place_order.h
[0.191s] -- Up-to-date: /home/ssu/robotics-practice/week/week02/svc_ws/install/smart_shop_interfaces/include/smart_shop_interfaces/smart_shop_interfaces/srv/discount_apply.h
[0.191s] -- Up-to-date: /home/ssu/robotics-practice/week/week02/svc_ws/install/smart_shop_interfaces/share/smart_shop_interfaces/environment/library_path.sh
[0.191s] -- Up-to-date: /home/ssu/robotics-practice/week/week02/svc_ws/install/smart_shop_interfaces/share/smart_shop_interfaces/environment/library_path.dsv
[0.191s] -- Up-to-date: /home/ssu/robotics-practice/week/week02/svc_ws/install/smart_shop_interfaces/lib/libsmart_shop_interfaces__rosidl_generator_c.so
[0.191s] -- Up-to-date: /home/ssu/robotics-practice/week/week02/svc_ws/install/smart_shop_interfaces/include/smart_shop_interfaces/smart_shop_interfaces
[0.191s] -- Up-to-date: /home/ssu/robotics-practice/week/week02/svc_ws/install/smart_shop_interfaces/include/smart_shop_interfaces/smart_shop_interfaces/msg
[0.191s] -- Up-to-date: /home/ssu/robotics-practice/week/week02/svc_ws/install/smart_shop_interfaces/include/smart_shop_interfaces/smart_shop_interfaces/msg/rosidl_typesupport_fastrtps_c__visibility_control.h
[0.191s] -- Up-to-date: /home/ssu/robotics-practice/week/week02/svc_ws/install/smart_shop_interfaces/include/smart_shop_interfaces/smart_shop_interfaces/srv
[0.191s] -- Up-to-date: /home/ssu/robotics-practice/week/week02/svc_ws/install/smart_shop_interfaces/include/smart_shop_interfaces/smart_shop_interfaces/srv/detail
[0.191s] -- Up-to-date: /home/ssu/robotics-practice/week/week02/svc_ws/install/smart_shop_interfaces/include/smart_shop_interfaces/smart_shop_interfaces/srv/detail/check_stock__rosidl_typesupport_fastrtps_c.h
[0.191s] -- Up-to-date: /home/ssu/robotics-practice/week/week02/svc_ws/install/smart_shop_interfaces/include/smart_shop_interfaces/smart_shop_interfaces/srv/detail/authorize_payment__rosidl_typesupport_fastrtps_c.h
[0.191s] -- Up-to-date: /home/ssu/robotics-practice/week/week02/svc_ws/install/smart_shop_interfaces/include/smart_shop_interfaces/smart_shop_interfaces/srv/detail/place_order__rosidl_typesupport_fastrtps_c.h
[0.191s] -- Up-to-date: /home/ssu/robotics-practice/week/week02/svc_ws/install/smart_shop_interfaces/include/smart_shop_interfaces/smart_shop_interfaces/srv/detail/discount_apply__rosidl_typesupport_fastrtps_c.h
[0.191s] -- Up-to-date: /home/ssu/robotics-practice/week/week02/svc_ws/install/smart_shop_interfaces/lib/libsmart_shop_interfaces__rosidl_typesupport_fastrtps_c.so
[0.191s] -- Up-to-date: /home/ssu/robotics-practice/week/week02/svc_ws/install/smart_shop_interfaces/include/smart_shop_interfaces/smart_shop_interfaces
[0.191s] -- Up-to-date: /home/ssu/robotics-practice/week/week02/svc_ws/install/smart_shop_interfaces/include/smart_shop_interfaces/smart_shop_interfaces/msg
[0.191s] -- Up-to-date: /home/ssu/robotics-practice/week/week02/svc_ws/install/smart_shop_interfaces/include/smart_shop_interfaces/smart_shop_interfaces/msg/rosidl_typesupport_introspection_c__visibility_control.h
[0.191s] -- Up-to-date: /home/ssu/robotics-practice/week/week02/svc_ws/install/smart_shop_interfaces/include/smart_shop_interfaces/smart_shop_interfaces/srv
[0.191s] -- Up-to-date: /home/ssu/robotics-practice/week/week02/svc_ws/install/smart_shop_interfaces/include/smart_shop_interfaces/smart_shop_interfaces/srv/detail
[0.191s] -- Up-to-date: /home/ssu/robotics-practice/week/week02/svc_ws/install/smart_shop_interfaces/include/smart_shop_interfaces/smart_shop_interfaces/srv/detail/check_stock__rosidl_typesupport_introspection_c.h
[0.191s] -- Up-to-date: /home/ssu/robotics-practice/week/week02/svc_ws/install/smart_shop_interfaces/include/smart_shop_interfaces/smart_shop_interfaces/srv/detail/check_stock__type_support.c
[0.191s] -- Up-to-date: /home/ssu/robotics-practice/week/week02/svc_ws/install/smart_shop_interfaces/include/smart_shop_interfaces/smart_shop_interfaces/srv/detail/authorize_payment__rosidl_typesupport_introspection_c.h
[0.191s] -- Up-to-date: /home/ssu/robotics-practice/week/week02/svc_ws/install/smart_shop_interfaces/include/smart_shop_interfaces/smart_shop_interfaces/srv/detail/authorize_payment__type_support.c
[0.192s] -- Up-to-date: /home/ssu/robotics-practice/week/week02/svc_ws/install/smart_shop_interfaces/include/smart_shop_interfaces/smart_shop_interfaces/srv/detail/place_order__rosidl_typesupport_introspection_c.h
[0.192s] -- Up-to-date: /home/ssu/robotics-practice/week/week02/svc_ws/install/smart_shop_interfaces/include/smart_shop_interfaces/smart_shop_interfaces/srv/detail/place_order__type_support.c
[0.192s] -- Up-to-date: /home/ssu/robotics-practice/week/week02/svc_ws/install/smart_shop_interfaces/include/smart_shop_interfaces/smart_shop_interfaces/srv/detail/discount_apply__rosidl_typesupport_introspection_c.h
[0.192s] -- Up-to-date: /home/ssu/robotics-practice/week/week02/svc_ws/install/smart_shop_interfaces/include/smart_shop_interfaces/smart_shop_interfaces/srv/detail/discount_apply__type_support.c
[0.192s] -- Up-to-date: /home/ssu/robotics-practice/week/week02/svc_ws/install/smart_shop_interfaces/lib/libsmart_shop_interfaces__rosidl_typesupport_introspection_c.so
[0.192s] -- Up-to-date: /home/ssu/robotics-practice/week/week02/svc_ws/install/smart_shop_interfaces/lib/libsmart_shop_interfaces__rosidl_typesupport_c.so
[0.192s] -- Up-to-date: /home/ssu/robotics-practice/week/week02/svc_ws/install/smart_shop_interfaces/include/smart_shop_interfaces/smart_shop_interfaces
[0.192s] -- Up-to-date: /home/ssu/robotics-practice/week/week02/svc_ws/install/smart_shop_interfaces/include/smart_shop_interfaces/smart_shop_interfaces/msg
[0.192s] -- Up-to-date: /home/ssu/robotics-practice/week/week02/svc_ws/install/smart_shop_interfaces/include/smart_shop_interfaces/smart_shop_interfaces/msg/rosidl_generator_cpp__visibility_control.hpp
[0.192s] -- Up-to-date: /home/ssu/robotics-practice/week/week02/svc_ws/install/smart_shop_interfaces/include/smart_shop_interfaces/smart_shop_interfaces/srv
[0.192s] -- Up-to-date: /home/ssu/robotics-practice/week/week02/svc_ws/install/smart_shop_interfaces/include/smart_shop_interfaces/smart_shop_interfaces/srv/detail
[0.192s] -- Up-to-date: /home/ssu/robotics-practice/week/week02/svc_ws/install/smart_shop_interfaces/include/smart_shop_interfaces/smart_shop_interfaces/srv/detail/check_stock__builder.hpp
[0.192s] -- Up-to-date: /home/ssu/robotics-practice/week/week02/svc_ws/install/smart_shop_interfaces/include/smart_shop_interfaces/smart_shop_interfaces/srv/detail/check_stock__struct.hpp
[0.192s] -- Up-to-date: /home/ssu/robotics-practice/week/week02/svc_ws/install/smart_shop_interfaces/include/smart_shop_interfaces/smart_shop_interfaces/srv/detail/check_stock__traits.hpp
[0.192s] -- Up-to-date: /home/ssu/robotics-practice/week/week02/svc_ws/install/smart_shop_interfaces/include/smart_shop_interfaces/smart_shop_interfaces/srv/detail/check_stock__type_support.hpp
[0.192s] -- Up-to-date: /home/ssu/robotics-practice/week/week02/svc_ws/install/smart_shop_interfaces/include/smart_shop_interfaces/smart_shop_interfaces/srv/detail/authorize_payment__builder.hpp
[0.192s] -- Up-to-date: /home/ssu/robotics-practice/week/week02/svc_ws/install/smart_shop_interfaces/include/smart_shop_interfaces/smart_shop_interfaces/srv/detail/authorize_payment__struct.hpp
[0.192s] -- Up-to-date: /home/ssu/robotics-practice/week/week02/svc_ws/install/smart_shop_interfaces/include/smart_shop_interfaces/smart_shop_interfaces/srv/detail/authorize_payment__traits.hpp
[0.192s] -- Up-to-date: /home/ssu/robotics-practice/week/week02/svc_ws/install/smart_shop_interfaces/include/smart_shop_interfaces/smart_shop_interfaces/srv/detail/authorize_payment__type_support.hpp
[0.192s] -- Up-to-date: /home/ssu/robotics-practice/week/week02/svc_ws/install/smart_shop_interfaces/include/smart_shop_interfaces/smart_shop_interfaces/srv/detail/place_order__builder.hpp
[0.192s] -- Up-to-date: /home/ssu/robotics-practice/week/week02/svc_ws/install/smart_shop_interfaces/include/smart_shop_interfaces/smart_shop_interfaces/srv/detail/place_order__struct.hpp
[0.192s] -- Up-to-date: /home/ssu/robotics-practice/week/week02/svc_ws/install/smart_shop_interfaces/include/smart_shop_interfaces/smart_shop_interfaces/srv/detail/place_order__traits.hpp
[0.192s] -- Up-to-date: /home/ssu/robotics-practice/week/week02/svc_ws/install/smart_shop_interfaces/include/smart_shop_interfaces/smart_shop_interfaces/srv/detail/place_order__type_support.hpp
[0.192s] -- Up-to-date: /home/ssu/robotics-practice/week/week02/svc_ws/install/smart_shop_interfaces/include/smart_shop_interfaces/smart_shop_interfaces/srv/detail/discount_apply__builder.hpp
[0.192s] -- Up-to-date: /home/ssu/robotics-practice/week/week02/svc_ws/install/smart_shop_interfaces/include/smart_shop_interfaces/smart_shop_interfaces/srv/detail/discount_apply__struct.hpp
[0.192s] -- Up-to-date: /home/ssu/robotics-practice/week/week02/svc_ws/install/smart_shop_interfaces/include/smart_shop_interfaces/smart_shop_interfaces/srv/detail/discount_apply__traits.hpp
[0.192s] -- Up-to-date: /home/ssu/robotics-practice/week/week02/svc_ws/install/smart_shop_interfaces/include/smart_shop_interfaces/smart_shop_interfaces/srv/detail/discount_apply__type_support.hpp
[0.192s] -- Up-to-date: /home/ssu/robotics-practice/week/week02/svc_ws/install/smart_shop_interfaces/include/smart_shop_interfaces/smart_shop_interfaces/srv/authorize_payment.hpp
[0.192s] -- Up-to-date: /home/ssu/robotics-practice/week/week02/svc_ws/install/smart_shop_interfaces/include/smart_shop_interfaces/smart_shop_interfaces/srv/place_order.hpp
[0.192s] -- Up-to-date: /home/ssu/robotics-practice/week/week02/svc_ws/install/smart_shop_interfaces/include/smart_shop_interfaces/smart_shop_interfaces/srv/check_stock.hpp
[0.192s] -- Up-to-date: /home/ssu/robotics-practice/week/week02/svc_ws/install/smart_shop_interfaces/include/smart_shop_interfaces/smart_shop_interfaces/srv/discount_apply.hpp
[0.192s] -- Up-to-date: /home/ssu/robotics-practice/week/week02/svc_ws/install/smart_shop_interfaces/include/smart_shop_interfaces/smart_shop_interfaces
[0.192s] -- Up-to-date: /home/ssu/robotics-practice/week/week02/svc_ws/install/smart_shop_interfaces/include/smart_shop_interfaces/smart_shop_interfaces/msg
[0.192s] -- Up-to-date: /home/ssu/robotics-practice/week/week02/svc_ws/install/smart_shop_interfaces/include/smart_shop_interfaces/smart_shop_interfaces/msg/rosidl_typesupport_fastrtps_cpp__visibility_control.h
[0.192s] -- Up-to-date: /home/ssu/robotics-practice/week/week02/svc_ws/install/smart_shop_interfaces/include/smart_shop_interfaces/smart_shop_interfaces/srv
[0.192s] -- Up-to-date: /home/ssu/robotics-practice/week/week02/svc_ws/install/smart_shop_interfaces/include/smart_shop_interfaces/smart_shop_interfaces/srv/detail
[0.192s] -- Up-to-date: /home/ssu/robotics-practice/week/week02/svc_ws/install/smart_shop_interfaces/include/smart_shop_interfaces/smart_shop_interfaces/srv/detail/check_stock__rosidl_typesupport_fastrtps_cpp.hpp
[0.192s] -- Up-to-date: /home/ssu/robotics-practice/week/week02/svc_ws/install/smart_shop_interfaces/include/smart_shop_interfaces/smart_shop_interfaces/srv/detail/dds_fastrtps
[0.192s] -- Up-to-date: /home/ssu/robotics-practice/week/week02/svc_ws/install/smart_shop_interfaces/include/smart_shop_interfaces/smart_shop_interfaces/srv/detail/authorize_payment__rosidl_typesupport_fastrtps_cpp.hpp
[0.192s] -- Up-to-date: /home/ssu/robotics-practice/week/week02/svc_ws/install/smart_shop_interfaces/include/smart_shop_interfaces/smart_shop_interfaces/srv/detail/place_order__rosidl_typesupport_fastrtps_cpp.hpp
[0.192s] -- Up-to-date: /home/ssu/robotics-practice/week/week02/svc_ws/install/smart_shop_interfaces/include/smart_shop_interfaces/smart_shop_interfaces/srv/detail/discount_apply__rosidl_typesupport_fastrtps_cpp.hpp
[0.192s] -- Up-to-date: /home/ssu/robotics-practice/week/week02/svc_ws/install/smart_shop_interfaces/lib/libsmart_shop_interfaces__rosidl_typesupport_fastrtps_cpp.so
[0.192s] -- Up-to-date: /home/ssu/robotics-practice/week/week02/svc_ws/install/smart_shop_interfaces/include/smart_shop_interfaces/smart_shop_interfaces
[0.192s] -- Up-to-date: /home/ssu/robotics-practice/week/week02/svc_ws/install/smart_shop_interfaces/include/smart_shop_interfaces/smart_shop_interfaces/srv
[0.193s] -- Up-to-date: /home/ssu/robotics-practice/week/week02/svc_ws/install/smart_shop_interfaces/include/smart_shop_interfaces/smart_shop_interfaces/srv/detail
[0.193s] -- Up-to-date: /home/ssu/robotics-practice/week/week02/svc_ws/install/smart_shop_interfaces/include/smart_shop_interfaces/smart_shop_interfaces/srv/detail/check_stock__rosidl_typesupport_introspection_cpp.hpp
[0.193s] -- Up-to-date: /home/ssu/robotics-practice/week/week02/svc_ws/install/smart_shop_interfaces/include/smart_shop_interfaces/smart_shop_interfaces/srv/detail/check_stock__type_support.cpp
[0.193s] -- Up-to-date: /home/ssu/robotics-practice/week/week02/svc_ws/install/smart_shop_interfaces/include/smart_shop_interfaces/smart_shop_interfaces/srv/detail/authorize_payment__rosidl_typesupport_introspection_cpp.hpp
[0.193s] -- Up-to-date: /home/ssu/robotics-practice/week/week02/svc_ws/install/smart_shop_interfaces/include/smart_shop_interfaces/smart_shop_interfaces/srv/detail/authorize_payment__type_support.cpp
[0.193s] -- Up-to-date: /home/ssu/robotics-practice/week/week02/svc_ws/install/smart_shop_interfaces/include/smart_shop_interfaces/smart_shop_interfaces/srv/detail/place_order__rosidl_typesupport_introspection_cpp.hpp
[0.193s] -- Up-to-date: /home/ssu/robotics-practice/week/week02/svc_ws/install/smart_shop_interfaces/include/smart_shop_interfaces/smart_shop_interfaces/srv/detail/place_order__type_support.cpp
[0.193s] -- Up-to-date: /home/ssu/robotics-practice/week/week02/svc_ws/install/smart_shop_interfaces/include/smart_shop_interfaces/smart_shop_interfaces/srv/detail/discount_apply__rosidl_typesupport_introspection_cpp.hpp
[0.193s] -- Up-to-date: /home/ssu/robotics-practice/week/week02/svc_ws/install/smart_shop_interfaces/include/smart_shop_interfaces/smart_shop_interfaces/srv/detail/discount_apply__type_support.cpp
[0.193s] -- Up-to-date: /home/ssu/robotics-practice/week/week02/svc_ws/install/smart_shop_interfaces/lib/libsmart_shop_interfaces__rosidl_typesupport_introspection_cpp.so
[0.193s] -- Up-to-date: /home/ssu/robotics-practice/week/week02/svc_ws/install/smart_shop_interfaces/lib/libsmart_shop_interfaces__rosidl_typesupport_cpp.so
[0.193s] -- Up-to-date: /home/ssu/robotics-practice/week/week02/svc_ws/install/smart_shop_interfaces/share/smart_shop_interfaces/environment/pythonpath.sh
[0.193s] -- Up-to-date: /home/ssu/robotics-practice/week/week02/svc_ws/install/smart_shop_interfaces/share/smart_shop_interfaces/environment/pythonpath.dsv
[0.193s] -- Up-to-date: /home/ssu/robotics-practice/week/week02/svc_ws/install/smart_shop_interfaces/local/lib/python3.10/dist-packages/smart_shop_interfaces-0.0.0-py3.10.egg-info
[0.193s] -- Installing: /home/ssu/robotics-practice/week/week02/svc_ws/install/smart_shop_interfaces/local/lib/python3.10/dist-packages/smart_shop_interfaces-0.0.0-py3.10.egg-info/PKG-INFO
[0.193s] -- Installing: /home/ssu/robotics-practice/week/week02/svc_ws/install/smart_shop_interfaces/local/lib/python3.10/dist-packages/smart_shop_interfaces-0.0.0-py3.10.egg-info/dependency_links.txt
[0.193s] -- Installing: /home/ssu/robotics-practice/week/week02/svc_ws/install/smart_shop_interfaces/local/lib/python3.10/dist-packages/smart_shop_interfaces-0.0.0-py3.10.egg-info/top_level.txt
[0.193s] -- Installing: /home/ssu/robotics-practice/week/week02/svc_ws/install/smart_shop_interfaces/local/lib/python3.10/dist-packages/smart_shop_interfaces-0.0.0-py3.10.egg-info/SOURCES.txt
[0.193s] -- Up-to-date: /home/ssu/robotics-practice/week/week02/svc_ws/install/smart_shop_interfaces/local/lib/python3.10/dist-packages/smart_shop_interfaces
[0.193s] -- Up-to-date: /home/ssu/robotics-practice/week/week02/svc_ws/install/smart_shop_interfaces/local/lib/python3.10/dist-packages/smart_shop_interfaces/__init__.py
[0.193s] -- Up-to-date: /home/ssu/robotics-practice/week/week02/svc_ws/install/smart_shop_interfaces/local/lib/python3.10/dist-packages/smart_shop_interfaces/srv
[0.193s] -- Up-to-date: /home/ssu/robotics-practice/week/week02/svc_ws/install/smart_shop_interfaces/local/lib/python3.10/dist-packages/smart_shop_interfaces/srv/_check_stock.py
[0.193s] -- Up-to-date: /home/ssu/robotics-practice/week/week02/svc_ws/install/smart_shop_interfaces/local/lib/python3.10/dist-packages/smart_shop_interfaces/srv/_check_stock_s.c
[0.193s] -- Up-to-date: /home/ssu/robotics-practice/week/week02/svc_ws/install/smart_shop_interfaces/local/lib/python3.10/dist-packages/smart_shop_interfaces/srv/_authorize_payment.py
[0.193s] -- Up-to-date: /home/ssu/robotics-practice/week/week02/svc_ws/install/smart_shop_interfaces/local/lib/python3.10/dist-packages/smart_shop_interfaces/srv/_authorize_payment_s.c
[0.193s] -- Up-to-date: /home/ssu/robotics-practice/week/week02/svc_ws/install/smart_shop_interfaces/local/lib/python3.10/dist-packages/smart_shop_interfaces/srv/_place_order.py
[0.193s] -- Up-to-date: /home/ssu/robotics-practice/week/week02/svc_ws/install/smart_shop_interfaces/local/lib/python3.10/dist-packages/smart_shop_interfaces/srv/_place_order_s.c
[0.193s] -- Up-to-date: /home/ssu/robotics-practice/week/week02/svc_ws/install/smart_shop_interfaces/local/lib/python3.10/dist-packages/smart_shop_interfaces/srv/__init__.py
[0.193s] -- Up-to-date: /home/ssu/robotics-practice/week/week02/svc_ws/install/smart_shop_interfaces/local/lib/python3.10/dist-packages/smart_shop_interfaces/srv/_discount_apply.py
[0.194s] -- Up-to-date: /home/ssu/robotics-practice/week/week02/svc_ws/install/smart_shop_interfaces/local/lib/python3.10/dist-packages/smart_shop_interfaces/srv/_discount_apply_s.c
[0.194s] -- Up-to-date: /home/ssu/robotics-practice/week/week02/svc_ws/install/smart_shop_interfaces/local/lib/python3.10/dist-packages/smart_shop_interfaces/_smart_shop_interfaces_s.ep.rosidl_typesupport_introspection_c.c
[0.194s] -- Up-to-date: /home/ssu/robotics-practice/week/week02/svc_ws/install/smart_shop_interfaces/local/lib/python3.10/dist-packages/smart_shop_interfaces/_smart_shop_interfaces_s.ep.rosidl_typesupport_c.c
[0.194s] -- Up-to-date: /home/ssu/robotics-practice/week/week02/svc_ws/install/smart_shop_interfaces/local/lib/python3.10/dist-packages/smart_shop_interfaces/_smart_shop_interfaces_s.ep.rosidl_typesupport_fastrtps_c.c
[0.194s] -- Up-to-date: /home/ssu/robotics-practice/week/week02/svc_ws/install/smart_shop_interfaces/local/lib/python3.10/dist-packages/smart_shop_interfaces/libsmart_shop_interfaces__rosidl_generator_py.so
[0.194s] -- Up-to-date: /home/ssu/robotics-practice/week/week02/svc_ws/install/smart_shop_interfaces/local/lib/python3.10/dist-packages/smart_shop_interfaces/smart_shop_interfaces_s__rosidl_typesupport_introspection_c.cpython-310-x86_64-linux-gnu.so
[0.194s] -- Up-to-date: /home/ssu/robotics-practice/week/week02/svc_ws/install/smart_shop_interfaces/local/lib/python3.10/dist-packages/smart_shop_interfaces/smart_shop_interfaces_s__rosidl_typesupport_c.cpython-310-x86_64-linux-gnu.so
[0.194s] -- Up-to-date: /home/ssu/robotics-practice/week/week02/svc_ws/install/smart_shop_interfaces/local/lib/python3.10/dist-packages/smart_shop_interfaces/smart_shop_interfaces_s__rosidl_typesupport_fastrtps_c.cpython-310-x86_64-linux-gnu.so
[0.208s] Listing '/home/ssu/robotics-practice/week/week02/svc_ws/install/smart_shop_interfaces/local/lib/python3.10/dist-packages/smart_shop_interfaces'...
[0.208s] Listing '/home/ssu/robotics-practice/week/week02/svc_ws/install/smart_shop_interfaces/local/lib/python3.10/dist-packages/smart_shop_interfaces/srv'...
[0.210s] -- Up-to-date: /home/ssu/robotics-practice/week/week02/svc_ws/install/smart_shop_interfaces/local/lib/python3.10/dist-packages/smart_shop_interfaces/smart_shop_interfaces_s__rosidl_typesupport_fastrtps_c.cpython-310-x86_64-linux-gnu.so
[0.211s] -- Up-to-date: /home/ssu/robotics-practice/week/week02/svc_ws/install/smart_shop_interfaces/local/lib/python3.10/dist-packages/smart_shop_interfaces/smart_shop_interfaces_s__rosidl_typesupport_introspection_c.cpython-310-x86_64-linux-gnu.so
[0.211s] -- Up-to-date: /home/ssu/robotics-practice/week/week02/svc_ws/install/smart_shop_interfaces/local/lib/python3.10/dist-packages/smart_shop_interfaces/smart_shop_interfaces_s__rosidl_typesupport_c.cpython-310-x86_64-linux-gnu.so
[0.211s] -- Up-to-date: /home/ssu/robotics-practice/week/week02/svc_ws/install/smart_shop_interfaces/lib/libsmart_shop_interfaces__rosidl_generator_py.so
[0.211s] -- Up-to-date: /home/ssu/robotics-practice/week/week02/svc_ws/install/smart_shop_interfaces/share/smart_shop_interfaces/srv/CheckStock.idl
[0.211s] -- Up-to-date: /home/ssu/robotics-practice/week/week02/svc_ws/install/smart_shop_interfaces/share/smart_shop_interfaces/srv/AuthorizePayment.idl
[0.211s] -- Up-to-date: /home/ssu/robotics-practice/week/week02/svc_ws/install/smart_shop_interfaces/share/smart_shop_interfaces/srv/PlaceOrder.idl
[0.211s] -- Up-to-date: /home/ssu/robotics-practice/week/week02/svc_ws/install/smart_shop_interfaces/share/smart_shop_interfaces/srv/DiscountApply.idl
[0.211s] -- Up-to-date: /home/ssu/robotics-practice/week/week02/svc_ws/install/smart_shop_interfaces/share/smart_shop_interfaces/srv/CheckStock.srv
[0.211s] -- Up-to-date: /home/ssu/robotics-practice/week/week02/svc_ws/install/smart_shop_interfaces/share/smart_shop_interfaces/srv/CheckStock_Request.msg
[0.211s] -- Up-to-date: /home/ssu/robotics-practice/week/week02/svc_ws/install/smart_shop_interfaces/share/smart_shop_interfaces/srv/CheckStock_Response.msg
[0.211s] -- Up-to-date: /home/ssu/robotics-practice/week/week02/svc_ws/install/smart_shop_interfaces/share/smart_shop_interfaces/srv/AuthorizePayment.srv
[0.211s] -- Up-to-date: /home/ssu/robotics-practice/week/week02/svc_ws/install/smart_shop_interfaces/share/smart_shop_interfaces/srv/AuthorizePayment_Request.msg
[0.211s] -- Up-to-date: /home/ssu/robotics-practice/week/week02/svc_ws/install/smart_shop_interfaces/share/smart_shop_interfaces/srv/AuthorizePayment_Response.msg
[0.211s] -- Up-to-date: /home/ssu/robotics-practice/week/week02/svc_ws/install/smart_shop_interfaces/share/smart_shop_interfaces/srv/PlaceOrder.srv
[0.211s] -- Up-to-date: /home/ssu/robotics-practice/week/week02/svc_ws/install/smart_shop_interfaces/share/smart_shop_interfaces/srv/PlaceOrder_Request.msg
[0.211s] -- Up-to-date: /home/ssu/robotics-practice/week/week02/svc_ws/install/smart_shop_interfaces/share/smart_shop_interfaces/srv/PlaceOrder_Response.msg
[0.211s] -- Up-to-date: /home/ssu/robotics-practice/week/week02/svc_ws/install/smart_shop_interfaces/share/smart_shop_interfaces/srv/DiscountApply.srv
[0.211s] -- Up-to-date: /home/ssu/robotics-practice/week/week02/svc_ws/install/smart_shop_interfaces/share/smart_shop_interfaces/srv/DiscountApply_Request.msg
[0.211s] -- Up-to-date: /home/ssu/robotics-practice/week/week02/svc_ws/install/smart_shop_interfaces/share/smart_shop_interfaces/srv/DiscountApply_Response.msg
[0.211s] -- Up-to-date: /home/ssu/robotics-practice/week/week02/svc_ws/install/smart_shop_interfaces/share/ament_index/resource_index/package_run_dependencies/smart_shop_interfaces
[0.211s] -- Up-to-date: /home/ssu/robotics-practice/week/week02/svc_ws/install/smart_shop_interfaces/share/ament_index/resource_index/parent_prefix_path/smart_shop_interfaces
[0.211s] -- Up-to-date: /home/ssu/robotics-practice/week/week02/svc_ws/install/smart_shop_interfaces/share/smart_shop_interfaces/environment/ament_prefix_path.sh
[0.211s] -- Up-to-date: /home/ssu/robotics-practice/week/week02/svc_ws/install/smart_shop_interfaces/share/smart_shop_interfaces/environment/ament_prefix_path.dsv
[0.211s] -- Up-to-date: /home/ssu/robotics-practice/week/week02/svc_ws/install/smart_shop_interfaces/share/smart_shop_interfaces/environment/path.sh
[0.211s] -- Up-to-date: /home/ssu/robotics-practice/week/week02/svc_ws/install/smart_shop_interfaces/share/smart_shop_interfaces/environment/path.dsv
[0.211s] -- Up-to-date: /home/ssu/robotics-practice/week/week02/svc_ws/install/smart_shop_interfaces/share/smart_shop_interfaces/local_setup.bash
[0.211s] -- Up-to-date: /home/ssu/robotics-practice/week/week02/svc_ws/install/smart_shop_interfaces/share/smart_shop_interfaces/local_setup.sh
[0.212s] -- Up-to-date: /home/ssu/robotics-practice/week/week02/svc_ws/install/smart_shop_interfaces/share/smart_shop_interfaces/local_setup.zsh
[0.212s] -- Up-to-date: /home/ssu/robotics-practice/week/week02/svc_ws/install/smart_shop_interfaces/share/smart_shop_interfaces/local_setup.dsv
[0.212s] -- Installing: /home/ssu/robotics-practice/week/week02/svc_ws/install/smart_shop_interfaces/share/smart_shop_interfaces/package.dsv
[0.212s] -- Up-to-date: /home/ssu/robotics-practice/week/week02/svc_ws/install/smart_shop_interfaces/share/ament_index/resource_index/packages/smart_shop_interfaces
[0.212s] -- Up-to-date: /home/ssu/robotics-practice/week/week02/svc_ws/install/smart_shop_interfaces/share/smart_shop_interfaces/cmake/export_smart_shop_interfaces__rosidl_generator_cExport.cmake
[0.212s] -- Up-to-date: /home/ssu/robotics-practice/week/week02/svc_ws/install/smart_shop_interfaces/share/smart_shop_interfaces/cmake/export_smart_shop_interfaces__rosidl_generator_cExport-noconfig.cmake
[0.212s] -- Up-to-date: /home/ssu/robotics-practice/week/week02/svc_ws/install/smart_shop_interfaces/share/smart_shop_interfaces/cmake/export_smart_shop_interfaces__rosidl_typesupport_fastrtps_cExport.cmake
[0.212s] -- Up-to-date: /home/ssu/robotics-practice/week/week02/svc_ws/install/smart_shop_interfaces/share/smart_shop_interfaces/cmake/export_smart_shop_interfaces__rosidl_typesupport_fastrtps_cExport-noconfig.cmake
[0.212s] -- Up-to-date: /home/ssu/robotics-practice/week/week02/svc_ws/install/smart_shop_interfaces/share/smart_shop_interfaces/cmake/smart_shop_interfaces__rosidl_typesupport_introspection_cExport.cmake
[0.212s] -- Up-to-date: /home/ssu/robotics-practice/week/week02/svc_ws/install/smart_shop_interfaces/share/smart_shop_interfaces/cmake/smart_shop_interfaces__rosidl_typesupport_introspection_cExport-noconfig.cmake
[0.212s] -- Up-to-date: /home/ssu/robotics-practice/week/week02/svc_ws/install/smart_shop_interfaces/share/smart_shop_interfaces/cmake/smart_shop_interfaces__rosidl_typesupport_cExport.cmake
[0.212s] -- Up-to-date: /home/ssu/robotics-practice/week/week02/svc_ws/install/smart_shop_interfaces/share/smart_shop_interfaces/cmake/smart_shop_interfaces__rosidl_typesupport_cExport-noconfig.cmake
[0.212s] -- Up-to-date: /home/ssu/robotics-practice/week/week02/svc_ws/install/smart_shop_interfaces/share/smart_shop_interfaces/cmake/export_smart_shop_interfaces__rosidl_generator_cppExport.cmake
[0.212s] -- Up-to-date: /home/ssu/robotics-practice/week/week02/svc_ws/install/smart_shop_interfaces/share/smart_shop_interfaces/cmake/export_smart_shop_interfaces__rosidl_typesupport_fastrtps_cppExport.cmake
[0.212s] -- Up-to-date: /home/ssu/robotics-practice/week/week02/svc_ws/install/smart_shop_interfaces/share/smart_shop_interfaces/cmake/export_smart_shop_interfaces__rosidl_typesupport_fastrtps_cppExport-noconfig.cmake
[0.212s] -- Up-to-date: /home/ssu/robotics-practice/week/week02/svc_ws/install/smart_shop_interfaces/share/smart_shop_interfaces/cmake/smart_shop_interfaces__rosidl_typesupport_introspection_cppExport.cmake
[0.212s] -- Up-to-date: /home/ssu/robotics-practice/week/week02/svc_ws/install/smart_shop_interfaces/share/smart_shop_interfaces/cmake/smart_shop_interfaces__rosidl_typesupport_introspection_cppExport-noconfig.cmake
[0.212s] -- Up-to-date: /home/ssu/robotics-practice/week/week02/svc_ws/install/smart_shop_interfaces/share/smart_shop_interfaces/cmake/smart_shop_interfaces__rosidl_typesupport_cppExport.cmake
[0.212s] -- Up-to-date: /home/ssu/robotics-practice/week/week02/svc_ws/install/smart_shop_interfaces/share/smart_shop_interfaces/cmake/smart_shop_interfaces__rosidl_typesupport_cppExport-noconfig.cmake
[0.212s] -- Up-to-date: /home/ssu/robotics-practice/week/week02/svc_ws/install/smart_shop_interfaces/share/smart_shop_interfaces/cmake/export_smart_shop_interfaces__rosidl_generator_pyExport.cmake
[0.212s] -- Up-to-date: /home/ssu/robotics-practice/week/week02/svc_ws/install/smart_shop_interfaces/share/smart_shop_interfaces/cmake/export_smart_shop_interfaces__rosidl_generator_pyExport-noconfig.cmake
[0.212s] -- Up-to-date: /home/ssu/robotics-practice/week/week02/svc_ws/install/smart_shop_interfaces/share/smart_shop_interfaces/cmake/rosidl_cmake-extras.cmake
[0.212s] -- Up-to-date: /home/ssu/robotics-practice/week/week02/svc_ws/install/smart_shop_interfaces/share/smart_shop_interfaces/cmake/ament_cmake_export_include_directories-extras.cmake
[0.212s] -- Up-to-date: /home/ssu/robotics-practice/week/week02/svc_ws/install/smart_shop_interfaces/share/smart_shop_interfaces/cmake/ament_cmake_export_libraries-extras.cmake
[0.212s] -- Up-to-date: /home/ssu/robotics-practice/week/week02/svc_ws/install/smart_shop_interfaces/share/smart_shop_interfaces/cmake/ament_cmake_export_targets-extras.cmake
[0.212s] -- Up-to-date: /home/ssu/robotics-practice/week/week02/svc_ws/install/smart_shop_interfaces/share/smart_shop_interfaces/cmake/rosidl_cmake_export_typesupport_targets-extras.cmake
[0.212s] -- Up-to-date: /home/ssu/robotics-practice/week/week02/svc_ws/install/smart_shop_interfaces/share/smart_shop_interfaces/cmake/ament_cmake_export_dependencies-extras.cmake
[0.212s] -- Up-to-date: /home/ssu/robotics-practice/week/week02/svc_ws/install/smart_shop_interfaces/share/smart_shop_interfaces/cmake/rosidl_cmake_export_typesupport_libraries-extras.cmake
[0.212s] -- Up-to-date: /home/ssu/robotics-practice/week/week02/svc_ws/install/smart_shop_interfaces/share/smart_shop_interfaces/cmake/smart_shop_interfacesConfig.cmake
[0.212s] -- Up-to-date: /home/ssu/robotics-practice/week/week02/svc_ws/install/smart_shop_interfaces/share/smart_shop_interfaces/cmake/smart_shop_interfacesConfig-version.cmake
[0.213s] -- Up-to-date: /home/ssu/robotics-practice/week/week02/svc_ws/install/smart_shop_interfaces/share/smart_shop_interfaces/package.xml
[0.217s] Invoked command in '/home/ssu/robotics-practice/week/week02/svc_ws/build/smart_shop_interfaces' returned '0': CMAKE_PREFIX_PATH=${CMAKE_PREFIX_PATH}:/home/ssu/robotics-practice/week/week02/svc_ws/install/smart_shop_nodes:/home/ssu/robotics-practice/week/week02/test_svc/install/my_svc:/opt/ros/humble /usr/bin/cmake --install /home/ssu/robotics-practice/week/week02/svc_ws/build/smart_shop_interfaces
