[0.011s] Invoking command in '/home/ssu/robotics-practice/week/week03/my_action/build/my_action_interfaces': CMAKE_PREFIX_PATH=${CMAKE_PREFIX_PATH}:/home/ssu/robotics-practice/week/week02/svc_ws/install/smart_shop_nodes:/opt/ros/humble /usr/bin/cmake --build /home/ssu/robotics-practice/week/week03/my_action/build/my_action_interfaces -- -j14 -l14
[0.027s] -- Found ament_cmake: 1.3.13 (/opt/ros/humble/share/ament_cmake/cmake)
[0.090s] -- Found ament_lint_auto: 0.12.15 (/opt/ros/humble/share/ament_lint_auto/cmake)
[0.122s] -- Found rosidl_default_generators: 1.2.0 (/opt/ros/humble/share/rosidl_default_generators/cmake)
[0.122s] -- Using all available rosidl_typesupport_c: rosidl_typesupport_fastrtps_c;rosidl_typesupport_introspection_c
[0.122s] -- Found rosidl_adapter: 3.1.8 (/opt/ros/humble/share/rosidl_adapter/cmake)
[0.134s] -- Using all available rosidl_typesupport_cpp: rosidl_typesupport_fastrtps_cpp;rosidl_typesupport_introspection_cpp
[0.146s] -- Found geometry_msgs: 4.9.1 (/opt/ros/humble/share/geometry_msgs/cmake)
[0.296s] -- Found ament_cmake_ros: 0.10.0 (/opt/ros/humble/share/ament_cmake_ros/cmake)
[0.408s] -- Using all available rosidl_typesupport_c: rosidl_typesupport_fastrtps_c;rosidl_typesupport_introspection_c
[0.574s] -- Using all available rosidl_typesupport_cpp: rosidl_typesupport_fastrtps_cpp;rosidl_typesupport_introspection_cpp
[0.585s] -- Found python_cmake_module: 0.10.0 (/opt/ros/humble/share/python_cmake_module/cmake)
[0.597s] -- Using PYTHON_EXECUTABLE: /usr/bin/python3
[0.597s] -- Using PYTHON_INCLUDE_DIRS: /usr/include/python3.10
[0.597s] -- Using PYTHON_LIBRARIES: /usr/lib/x86_64-linux-gnu/libpython3.10.so
[0.617s] -- Added test 'lint_cmake' to check CMake code style
[0.617s] -- Added test 'xmllint' to check XML markup files
[0.619s] -- Configuring done
[0.636s] -- Generating done
[0.641s] -- Build files have been written to: /home/ssu/robotics-practice/week/week03/my_action/build/my_action_interfaces
[0.660s] [  2%] [34m[1mGenerating C code for ROS interfaces[0m
[0.666s] [  5%] [34m[1mGenerating C++ code for ROS interfaces[0m
[0.671s] [  5%] Built target ament_cmake_python_copy_my_action_interfaces
[0.776s] running egg_info
[0.776s] writing my_action_interfaces.egg-info/PKG-INFO
[0.776s] writing dependency_links to my_action_interfaces.egg-info/dependency_links.txt
[0.776s] writing top-level names to my_action_interfaces.egg-info/top_level.txt
[0.777s] reading manifest file 'my_action_interfaces.egg-info/SOURCES.txt'
[0.778s] writing manifest file 'my_action_interfaces.egg-info/SOURCES.txt'
[0.795s] [  5%] Built target ament_cmake_python_build_my_action_interfaces_egg
[0.945s] [35m[1mConsolidate compiler generated dependencies of target my_action_interfaces__rosidl_generator_c[0m
[0.950s] [  7%] [32mBuilding C object CMakeFiles/my_action_interfaces__rosidl_generator_c.dir/rosidl_generator_c/my_action_interfaces/action/detail/my_interfaces__functions.c.o[0m
[0.951s] [  7%] Built target my_action_interfaces__cpp
[0.952s] [ 10%] [32mBuilding C object CMakeFiles/my_action_interfaces__rosidl_generator_c.dir/rosidl_generator_c/my_action_interfaces/action/detail/patrol_test__functions.c.o[0m
[0.957s] [ 12%] [34m[1mGenerating C++ type support for eProsima Fast-RTPS[0m
[0.957s] [ 15%] [34m[1mGenerating C++ type support dispatch for ROS interfaces[0m
[0.961s] [ 17%] [34m[1mGenerating C++ introspection for ROS interfaces[0m
[1.019s] [ 20%] [32m[1mLinking C shared library libmy_action_interfaces__rosidl_generator_c.so[0m
[1.045s] [ 20%] Built target my_action_interfaces__rosidl_generator_c
[1.053s] [ 23%] [34m[1mGenerating C type support dispatch for ROS interfaces[0m
[1.053s] [ 25%] [34m[1mGenerating C introspection for ROS interfaces[0m
[1.053s] [ 28%] [34m[1mGenerating C type support for eProsima Fast-RTPS[0m
[1.136s] [35m[1mConsolidate compiler generated dependencies of target my_action_interfaces__rosidl_typesupport_cpp[0m
[1.145s] [ 30%] [32mBuilding CXX object CMakeFiles/my_action_interfaces__rosidl_typesupport_cpp.dir/rosidl_typesupport_cpp/my_action_interfaces/action/my_interfaces__type_support.cpp.o[0m
[1.146s] [ 33%] [32mBuilding CXX object CMakeFiles/my_action_interfaces__rosidl_typesupport_cpp.dir/rosidl_typesupport_cpp/my_action_interfaces/action/patrol_test__type_support.cpp.o[0m
[1.170s] [35m[1mConsolidate compiler generated dependencies of target my_action_interfaces__rosidl_typesupport_introspection_cpp[0m
[1.182s] [ 38%] [32mBuilding CXX object CMakeFiles/my_action_interfaces__rosidl_typesupport_introspection_cpp.dir/rosidl_typesupport_introspection_cpp/my_action_interfaces/action/detail/patrol_test__type_support.cpp.o[0m
[1.182s] [ 38%] [32mBuilding CXX object CMakeFiles/my_action_interfaces__rosidl_typesupport_introspection_cpp.dir/rosidl_typesupport_introspection_cpp/my_action_interfaces/action/detail/my_interfaces__type_support.cpp.o[0m
[1.219s] [35m[1mConsolidate compiler generated dependencies of target my_action_interfaces__rosidl_typesupport_c[0m
[1.226s] [35m[1mConsolidate compiler generated dependencies of target my_action_interfaces__rosidl_typesupport_fastrtps_cpp[0m
[1.226s] [ 41%] [32mBuilding CXX object CMakeFiles/my_action_interfaces__rosidl_typesupport_c.dir/rosidl_typesupport_c/my_action_interfaces/action/my_interfaces__type_support.cpp.o[0m
[1.226s] [ 43%] [32mBuilding CXX object CMakeFiles/my_action_interfaces__rosidl_typesupport_c.dir/rosidl_typesupport_c/my_action_interfaces/action/patrol_test__type_support.cpp.o[0m
[1.234s] [ 48%] [32mBuilding CXX object CMakeFiles/my_action_interfaces__rosidl_typesupport_fastrtps_cpp.dir/rosidl_typesupport_fastrtps_cpp/my_action_interfaces/action/detail/dds_fastrtps/my_interfaces__type_support.cpp.o[0m
[1.234s] [ 48%] [32mBuilding CXX object CMakeFiles/my_action_interfaces__rosidl_typesupport_fastrtps_cpp.dir/rosidl_typesupport_fastrtps_cpp/my_action_interfaces/action/detail/dds_fastrtps/patrol_test__type_support.cpp.o[0m
[1.253s] [ 51%] [32m[1mLinking CXX shared library libmy_action_interfaces__rosidl_typesupport_c.so[0m
[1.282s] [35m[1mConsolidate compiler generated dependencies of target my_action_interfaces__rosidl_typesupport_introspection_c[0m
[1.285s] [ 51%] Built target my_action_interfaces__rosidl_typesupport_c
[1.290s] [ 56%] [32mBuilding C object CMakeFiles/my_action_interfaces__rosidl_typesupport_introspection_c.dir/rosidl_typesupport_introspection_c/my_action_interfaces/action/detail/patrol_test__type_support.c.o[0m
[1.291s] [ 56%] [32mBuilding C object CMakeFiles/my_action_interfaces__rosidl_typesupport_introspection_c.dir/rosidl_typesupport_introspection_c/my_action_interfaces/action/detail/my_interfaces__type_support.c.o[0m
[1.296s] [35m[1mConsolidate compiler generated dependencies of target my_action_interfaces__rosidl_typesupport_fastrtps_c[0m
[1.305s] [ 61%] [32mBuilding CXX object CMakeFiles/my_action_interfaces__rosidl_typesupport_fastrtps_c.dir/rosidl_typesupport_fastrtps_c/my_action_interfaces/action/detail/patrol_test__type_support_c.cpp.o[0m
[1.306s] [ 61%] [32mBuilding CXX object CMakeFiles/my_action_interfaces__rosidl_typesupport_fastrtps_c.dir/rosidl_typesupport_fastrtps_c/my_action_interfaces/action/detail/my_interfaces__type_support_c.cpp.o[0m
[1.326s] [ 64%] [32m[1mLinking C shared library libmy_action_interfaces__rosidl_typesupport_introspection_c.so[0m
[1.351s] [ 64%] Built target my_action_interfaces__rosidl_typesupport_introspection_c
[1.359s] [ 66%] [32m[1mLinking CXX shared library libmy_action_interfaces__rosidl_typesupport_cpp.so[0m
[1.386s] [ 66%] Built target my_action_interfaces__rosidl_typesupport_cpp
[1.460s] [ 69%] [32m[1mLinking CXX shared library libmy_action_interfaces__rosidl_typesupport_introspection_cpp.so[0m
[1.500s] [ 71%] [32m[1mLinking CXX shared library libmy_action_interfaces__rosidl_typesupport_fastrtps_c.so[0m
[1.515s] [ 71%] Built target my_action_interfaces__rosidl_typesupport_introspection_cpp
[1.516s] [ 74%] [32m[1mLinking CXX shared library libmy_action_interfaces__rosidl_typesupport_fastrtps_cpp.so[0m
[1.547s] [ 74%] Built target my_action_interfaces__rosidl_typesupport_fastrtps_c
[1.560s] [ 74%] Built target my_action_interfaces__rosidl_typesupport_fastrtps_cpp
[1.577s] [ 74%] Built target my_action_interfaces
[1.590s] [ 76%] [34m[1mGenerating Python code for ROS interfaces[0m
[2.080s] [ 76%] Built target my_action_interfaces__py
[2.088s] [35m[1mConsolidate compiler generated dependencies of target my_action_interfaces__rosidl_generator_py[0m
[2.096s] [ 79%] [32mBuilding C object CMakeFiles/my_action_interfaces__rosidl_generator_py.dir/rosidl_generator_py/my_action_interfaces/action/_patrol_test_s.c.o[0m
[2.099s] [ 82%] [32mBuilding C object CMakeFiles/my_action_interfaces__rosidl_generator_py.dir/rosidl_generator_py/my_action_interfaces/action/_my_interfaces_s.c.o[0m
[2.166s] [ 84%] [32m[1mLinking C shared library rosidl_generator_py/my_action_interfaces/libmy_action_interfaces__rosidl_generator_py.so[0m
[2.197s] [ 84%] Built target my_action_interfaces__rosidl_generator_py
[2.206s] [35m[1mConsolidate compiler generated dependencies of target my_action_interfaces__rosidl_typesupport_introspection_c__pyext[0m
[2.207s] [35m[1mConsolidate compiler generated dependencies of target my_action_interfaces__rosidl_typesupport_c__pyext[0m
[2.208s] [35m[1mConsolidate compiler generated dependencies of target my_action_interfaces__rosidl_typesupport_fastrtps_c__pyext[0m
[2.214s] [ 87%] [32mBuilding C object CMakeFiles/my_action_interfaces__rosidl_typesupport_introspection_c__pyext.dir/rosidl_generator_py/my_action_interfaces/_my_action_interfaces_s.ep.rosidl_typesupport_introspection_c.c.o[0m
[2.214s] [ 89%] [32mBuilding C object CMakeFiles/my_action_interfaces__rosidl_typesupport_c__pyext.dir/rosidl_generator_py/my_action_interfaces/_my_action_interfaces_s.ep.rosidl_typesupport_c.c.o[0m
[2.216s] [ 92%] [32mBuilding C object CMakeFiles/my_action_interfaces__rosidl_typesupport_fastrtps_c__pyext.dir/rosidl_generator_py/my_action_interfaces/_my_action_interfaces_s.ep.rosidl_typesupport_fastrtps_c.c.o[0m
[2.279s] [ 97%] [32m[1mLinking C shared library rosidl_generator_py/my_action_interfaces/my_action_interfaces_s__rosidl_typesupport_introspection_c.cpython-310-x86_64-linux-gnu.so[0m
[2.279s] [ 97%] [32m[1mLinking C shared library rosidl_generator_py/my_action_interfaces/my_action_interfaces_s__rosidl_typesupport_c.cpython-310-x86_64-linux-gnu.so[0m
[2.284s] [100%] [32m[1mLinking C shared library rosidl_generator_py/my_action_interfaces/my_action_interfaces_s__rosidl_typesupport_fastrtps_c.cpython-310-x86_64-linux-gnu.so[0m
[2.306s] [100%] Built target my_action_interfaces__rosidl_typesupport_c__pyext
[2.308s] [100%] Built target my_action_interfaces__rosidl_typesupport_introspection_c__pyext
[2.308s] [100%] Built target my_action_interfaces__rosidl_typesupport_fastrtps_c__pyext
[2.314s] Invoked command in '/home/ssu/robotics-practice/week/week03/my_action/build/my_action_interfaces' returned '0': CMAKE_PREFIX_PATH=${CMAKE_PREFIX_PATH}:/home/ssu/robotics-practice/week/week02/svc_ws/install/smart_shop_nodes:/opt/ros/humble /usr/bin/cmake --build /home/ssu/robotics-practice/week/week03/my_action/build/my_action_interfaces -- -j14 -l14
[2.319s] Invoking command in '/home/ssu/robotics-practice/week/week03/my_action/build/my_action_interfaces': CMAKE_PREFIX_PATH=${CMAKE_PREFIX_PATH}:/home/ssu/robotics-practice/week/week02/svc_ws/install/smart_shop_nodes:/opt/ros/humble /usr/bin/cmake --install /home/ssu/robotics-practice/week/week03/my_action/build/my_action_interfaces
[2.323s] -- Install configuration: ""
[2.323s] -- Installing: /home/ssu/robotics-practice/week/week03/my_action/install/my_action_interfaces/share/ament_index/resource_index/rosidl_interfaces/my_action_interfaces
[2.324s] -- Up-to-date: /home/ssu/robotics-practice/week/week03/my_action/install/my_action_interfaces/include/my_action_interfaces/my_action_interfaces
[2.324s] -- Up-to-date: /home/ssu/robotics-practice/week/week03/my_action/install/my_action_interfaces/include/my_action_interfaces/my_action_interfaces/msg
[2.324s] -- Up-to-date: /home/ssu/robotics-practice/week/week03/my_action/install/my_action_interfaces/include/my_action_interfaces/my_action_interfaces/msg/rosidl_generator_c__visibility_control.h
[2.324s] -- Up-to-date: /home/ssu/robotics-practice/week/week03/my_action/install/my_action_interfaces/include/my_action_interfaces/my_action_interfaces/action
[2.324s] -- Installing: /home/ssu/robotics-practice/week/week03/my_action/install/my_action_interfaces/include/my_action_interfaces/my_action_interfaces/action/my_interfaces.h
[2.324s] -- Up-to-date: /home/ssu/robotics-practice/week/week03/my_action/install/my_action_interfaces/include/my_action_interfaces/my_action_interfaces/action/detail
[2.324s] -- Installing: /home/ssu/robotics-practice/week/week03/my_action/install/my_action_interfaces/include/my_action_interfaces/my_action_interfaces/action/detail/my_interfaces__functions.c
[2.324s] -- Installing: /home/ssu/robotics-practice/week/week03/my_action/install/my_action_interfaces/include/my_action_interfaces/my_action_interfaces/action/detail/my_interfaces__functions.h
[2.324s] -- Installing: /home/ssu/robotics-practice/week/week03/my_action/install/my_action_interfaces/include/my_action_interfaces/my_action_interfaces/action/detail/my_interfaces__struct.h
[2.324s] -- Installing: /home/ssu/robotics-practice/week/week03/my_action/install/my_action_interfaces/include/my_action_interfaces/my_action_interfaces/action/detail/my_interfaces__type_support.h
[2.324s] -- Installing: /home/ssu/robotics-practice/week/week03/my_action/install/my_action_interfaces/include/my_action_interfaces/my_action_interfaces/action/detail/patrol_test__functions.c
[2.324s] -- Installing: /home/ssu/robotics-practice/week/week03/my_action/install/my_action_interfaces/include/my_action_interfaces/my_action_interfaces/action/detail/patrol_test__functions.h
[2.324s] -- Installing: /home/ssu/robotics-practice/week/week03/my_action/install/my_action_interfaces/include/my_action_interfaces/my_action_interfaces/action/detail/patrol_test__struct.h
[2.324s] -- Installing: /home/ssu/robotics-practice/week/week03/my_action/install/my_action_interfaces/include/my_action_interfaces/my_action_interfaces/action/detail/patrol_test__type_support.h
[2.324s] -- Installing: /home/ssu/robotics-practice/week/week03/my_action/install/my_action_interfaces/include/my_action_interfaces/my_action_interfaces/action/patrol_test.h
[2.324s] -- Up-to-date: /home/ssu/robotics-practice/week/week03/my_action/install/my_action_interfaces/share/my_action_interfaces/environment/library_path.sh
[2.324s] -- Installing: /home/ssu/robotics-practice/week/week03/my_action/install/my_action_interfaces/share/my_action_interfaces/environment/library_path.dsv
[2.324s] -- Installing: /home/ssu/robotics-practice/week/week03/my_action/install/my_action_interfaces/lib/libmy_action_interfaces__rosidl_generator_c.so
[2.325s] -- Set runtime path of "/home/ssu/robotics-practice/week/week03/my_action/install/my_action_interfaces/lib/libmy_action_interfaces__rosidl_generator_c.so" to ""
[2.325s] -- Up-to-date: /home/ssu/robotics-practice/week/week03/my_action/install/my_action_interfaces/include/my_action_interfaces/my_action_interfaces
[2.325s] -- Up-to-date: /home/ssu/robotics-practice/week/week03/my_action/install/my_action_interfaces/include/my_action_interfaces/my_action_interfaces/msg
[2.325s] -- Up-to-date: /home/ssu/robotics-practice/week/week03/my_action/install/my_action_interfaces/include/my_action_interfaces/my_action_interfaces/msg/rosidl_typesupport_fastrtps_c__visibility_control.h
[2.325s] -- Up-to-date: /home/ssu/robotics-practice/week/week03/my_action/install/my_action_interfaces/include/my_action_interfaces/my_action_interfaces/action
[2.325s] -- Up-to-date: /home/ssu/robotics-practice/week/week03/my_action/install/my_action_interfaces/include/my_action_interfaces/my_action_interfaces/action/detail
[2.325s] -- Installing: /home/ssu/robotics-practice/week/week03/my_action/install/my_action_interfaces/include/my_action_interfaces/my_action_interfaces/action/detail/my_interfaces__rosidl_typesupport_fastrtps_c.h
[2.325s] -- Installing: /home/ssu/robotics-practice/week/week03/my_action/install/my_action_interfaces/include/my_action_interfaces/my_action_interfaces/action/detail/patrol_test__rosidl_typesupport_fastrtps_c.h
[2.325s] -- Installing: /home/ssu/robotics-practice/week/week03/my_action/install/my_action_interfaces/lib/libmy_action_interfaces__rosidl_typesupport_fastrtps_c.so
[2.326s] -- Set runtime path of "/home/ssu/robotics-practice/week/week03/my_action/install/my_action_interfaces/lib/libmy_action_interfaces__rosidl_typesupport_fastrtps_c.so" to ""
[2.326s] -- Up-to-date: /home/ssu/robotics-practice/week/week03/my_action/install/my_action_interfaces/include/my_action_interfaces/my_action_interfaces
[2.326s] -- Up-to-date: /home/ssu/robotics-practice/week/week03/my_action/install/my_action_interfaces/include/my_action_interfaces/my_action_interfaces/msg
[2.326s] -- Up-to-date: /home/ssu/robotics-practice/week/week03/my_action/install/my_action_interfaces/include/my_action_interfaces/my_action_interfaces/msg/rosidl_typesupport_introspection_c__visibility_control.h
[2.326s] -- Up-to-date: /home/ssu/robotics-practice/week/week03/my_action/install/my_action_interfaces/include/my_action_interfaces/my_action_interfaces/action
[2.326s] -- Up-to-date: /home/ssu/robotics-practice/week/week03/my_action/install/my_action_interfaces/include/my_action_interfaces/my_action_interfaces/action/detail
[2.326s] -- Installing: /home/ssu/robotics-practice/week/week03/my_action/install/my_action_interfaces/include/my_action_interfaces/my_action_interfaces/action/detail/my_interfaces__rosidl_typesupport_introspection_c.h
[2.326s] -- Installing: /home/ssu/robotics-practice/week/week03/my_action/install/my_action_interfaces/include/my_action_interfaces/my_action_interfaces/action/detail/my_interfaces__type_support.c
[2.326s] -- Installing: /home/ssu/robotics-practice/week/week03/my_action/install/my_action_interfaces/include/my_action_interfaces/my_action_interfaces/action/detail/patrol_test__rosidl_typesupport_introspection_c.h
[2.326s] -- Installing: /home/ssu/robotics-practice/week/week03/my_action/install/my_action_interfaces/include/my_action_interfaces/my_action_interfaces/action/detail/patrol_test__type_support.c
[2.326s] -- Installing: /home/ssu/robotics-practice/week/week03/my_action/install/my_action_interfaces/lib/libmy_action_interfaces__rosidl_typesupport_introspection_c.so
[2.327s] -- Set runtime path of "/home/ssu/robotics-practice/week/week03/my_action/install/my_action_interfaces/lib/libmy_action_interfaces__rosidl_typesupport_introspection_c.so" to ""
[2.327s] -- Installing: /home/ssu/robotics-practice/week/week03/my_action/install/my_action_interfaces/lib/libmy_action_interfaces__rosidl_typesupport_c.so
[2.327s] -- Set runtime path of "/home/ssu/robotics-practice/week/week03/my_action/install/my_action_interfaces/lib/libmy_action_interfaces__rosidl_typesupport_c.so" to ""
[2.327s] -- Up-to-date: /home/ssu/robotics-practice/week/week03/my_action/install/my_action_interfaces/include/my_action_interfaces/my_action_interfaces
[2.327s] -- Up-to-date: /home/ssu/robotics-practice/week/week03/my_action/install/my_action_interfaces/include/my_action_interfaces/my_action_interfaces/msg
[2.327s] -- Up-to-date: /home/ssu/robotics-practice/week/week03/my_action/install/my_action_interfaces/include/my_action_interfaces/my_action_interfaces/msg/rosidl_generator_cpp__visibility_control.hpp
[2.327s] -- Up-to-date: /home/ssu/robotics-practice/week/week03/my_action/install/my_action_interfaces/include/my_action_interfaces/my_action_interfaces/action
[2.327s] -- Up-to-date: /home/ssu/robotics-practice/week/week03/my_action/install/my_action_interfaces/include/my_action_interfaces/my_action_interfaces/action/detail
[2.328s] -- Installing: /home/ssu/robotics-practice/week/week03/my_action/install/my_action_interfaces/include/my_action_interfaces/my_action_interfaces/action/detail/my_interfaces__builder.hpp
[2.328s] -- Installing: /home/ssu/robotics-practice/week/week03/my_action/install/my_action_interfaces/include/my_action_interfaces/my_action_interfaces/action/detail/my_interfaces__struct.hpp
[2.328s] -- Installing: /home/ssu/robotics-practice/week/week03/my_action/install/my_action_interfaces/include/my_action_interfaces/my_action_interfaces/action/detail/my_interfaces__traits.hpp
[2.328s] -- Installing: /home/ssu/robotics-practice/week/week03/my_action/install/my_action_interfaces/include/my_action_interfaces/my_action_interfaces/action/detail/my_interfaces__type_support.hpp
[2.328s] -- Installing: /home/ssu/robotics-practice/week/week03/my_action/install/my_action_interfaces/include/my_action_interfaces/my_action_interfaces/action/detail/patrol_test__builder.hpp
[2.328s] -- Installing: /home/ssu/robotics-practice/week/week03/my_action/install/my_action_interfaces/include/my_action_interfaces/my_action_interfaces/action/detail/patrol_test__struct.hpp
[2.328s] -- Installing: /home/ssu/robotics-practice/week/week03/my_action/install/my_action_interfaces/include/my_action_interfaces/my_action_interfaces/action/detail/patrol_test__traits.hpp
[2.328s] -- Installing: /home/ssu/robotics-practice/week/week03/my_action/install/my_action_interfaces/include/my_action_interfaces/my_action_interfaces/action/detail/patrol_test__type_support.hpp
[2.328s] -- Installing: /home/ssu/robotics-practice/week/week03/my_action/install/my_action_interfaces/include/my_action_interfaces/my_action_interfaces/action/my_interfaces.hpp
[2.328s] -- Installing: /home/ssu/robotics-practice/week/week03/my_action/install/my_action_interfaces/include/my_action_interfaces/my_action_interfaces/action/patrol_test.hpp
[2.328s] -- Up-to-date: /home/ssu/robotics-practice/week/week03/my_action/install/my_action_interfaces/include/my_action_interfaces/my_action_interfaces
[2.328s] -- Up-to-date: /home/ssu/robotics-practice/week/week03/my_action/install/my_action_interfaces/include/my_action_interfaces/my_action_interfaces/msg
[2.328s] -- Up-to-date: /home/ssu/robotics-practice/week/week03/my_action/install/my_action_interfaces/include/my_action_interfaces/my_action_interfaces/msg/rosidl_typesupport_fastrtps_cpp__visibility_control.h
[2.328s] -- Up-to-date: /home/ssu/robotics-practice/week/week03/my_action/install/my_action_interfaces/include/my_action_interfaces/my_action_interfaces/action
[2.328s] -- Up-to-date: /home/ssu/robotics-practice/week/week03/my_action/install/my_action_interfaces/include/my_action_interfaces/my_action_interfaces/action/detail
[2.328s] -- Installing: /home/ssu/robotics-practice/week/week03/my_action/install/my_action_interfaces/include/my_action_interfaces/my_action_interfaces/action/detail/my_interfaces__rosidl_typesupport_fastrtps_cpp.hpp
[2.328s] -- Up-to-date: /home/ssu/robotics-practice/week/week03/my_action/install/my_action_interfaces/include/my_action_interfaces/my_action_interfaces/action/detail/dds_fastrtps
[2.328s] -- Installing: /home/ssu/robotics-practice/week/week03/my_action/install/my_action_interfaces/include/my_action_interfaces/my_action_interfaces/action/detail/patrol_test__rosidl_typesupport_fastrtps_cpp.hpp
[2.328s] -- Installing: /home/ssu/robotics-practice/week/week03/my_action/install/my_action_interfaces/lib/libmy_action_interfaces__rosidl_typesupport_fastrtps_cpp.so
[2.329s] -- Set runtime path of "/home/ssu/robotics-practice/week/week03/my_action/install/my_action_interfaces/lib/libmy_action_interfaces__rosidl_typesupport_fastrtps_cpp.so" to ""
[2.329s] -- Up-to-date: /home/ssu/robotics-practice/week/week03/my_action/install/my_action_interfaces/include/my_action_interfaces/my_action_interfaces
[2.329s] -- Up-to-date: /home/ssu/robotics-practice/week/week03/my_action/install/my_action_interfaces/include/my_action_interfaces/my_action_interfaces/action
[2.329s] -- Up-to-date: /home/ssu/robotics-practice/week/week03/my_action/install/my_action_interfaces/include/my_action_interfaces/my_action_interfaces/action/detail
[2.329s] -- Installing: /home/ssu/robotics-practice/week/week03/my_action/install/my_action_interfaces/include/my_action_interfaces/my_action_interfaces/action/detail/my_interfaces__rosidl_typesupport_introspection_cpp.hpp
[2.329s] -- Installing: /home/ssu/robotics-practice/week/week03/my_action/install/my_action_interfaces/include/my_action_interfaces/my_action_interfaces/action/detail/my_interfaces__type_support.cpp
[2.329s] -- Installing: /home/ssu/robotics-practice/week/week03/my_action/install/my_action_interfaces/include/my_action_interfaces/my_action_interfaces/action/detail/patrol_test__rosidl_typesupport_introspection_cpp.hpp
[2.329s] -- Installing: /home/ssu/robotics-practice/week/week03/my_action/install/my_action_interfaces/include/my_action_interfaces/my_action_interfaces/action/detail/patrol_test__type_support.cpp
[2.329s] -- Installing: /home/ssu/robotics-practice/week/week03/my_action/install/my_action_interfaces/lib/libmy_action_interfaces__rosidl_typesupport_introspection_cpp.so
[2.329s] -- Set runtime path of "/home/ssu/robotics-practice/week/week03/my_action/install/my_action_interfaces/lib/libmy_action_interfaces__rosidl_typesupport_introspection_cpp.so" to ""
[2.329s] -- Installing: /home/ssu/robotics-practice/week/week03/my_action/install/my_action_interfaces/lib/libmy_action_interfaces__rosidl_typesupport_cpp.so
[2.330s] -- Set runtime path of "/home/ssu/robotics-practice/week/week03/my_action/install/my_action_interfaces/lib/libmy_action_interfaces__rosidl_typesupport_cpp.so" to ""
[2.330s] -- Up-to-date: /home/ssu/robotics-practice/week/week03/my_action/install/my_action_interfaces/share/my_action_interfaces/environment/pythonpath.sh
[2.330s] -- Installing: /home/ssu/robotics-practice/week/week03/my_action/install/my_action_interfaces/share/my_action_interfaces/environment/pythonpath.dsv
[2.330s] -- Up-to-date: /home/ssu/robotics-practice/week/week03/my_action/install/my_action_interfaces/local/lib/python3.10/dist-packages/my_action_interfaces-0.0.0-py3.10.egg-info
[2.330s] -- Installing: /home/ssu/robotics-practice/week/week03/my_action/install/my_action_interfaces/local/lib/python3.10/dist-packages/my_action_interfaces-0.0.0-py3.10.egg-info/PKG-INFO
[2.330s] -- Installing: /home/ssu/robotics-practice/week/week03/my_action/install/my_action_interfaces/local/lib/python3.10/dist-packages/my_action_interfaces-0.0.0-py3.10.egg-info/dependency_links.txt
[2.330s] -- Installing: /home/ssu/robotics-practice/week/week03/my_action/install/my_action_interfaces/local/lib/python3.10/dist-packages/my_action_interfaces-0.0.0-py3.10.egg-info/top_level.txt
[2.330s] -- Installing: /home/ssu/robotics-practice/week/week03/my_action/install/my_action_interfaces/local/lib/python3.10/dist-packages/my_action_interfaces-0.0.0-py3.10.egg-info/SOURCES.txt
[2.330s] -- Up-to-date: /home/ssu/robotics-practice/week/week03/my_action/install/my_action_interfaces/local/lib/python3.10/dist-packages/my_action_interfaces
[2.330s] -- Installing: /home/ssu/robotics-practice/week/week03/my_action/install/my_action_interfaces/local/lib/python3.10/dist-packages/my_action_interfaces/__init__.py
[2.330s] -- Up-to-date: /home/ssu/robotics-practice/week/week03/my_action/install/my_action_interfaces/local/lib/python3.10/dist-packages/my_action_interfaces/action
[2.330s] -- Installing: /home/ssu/robotics-practice/week/week03/my_action/install/my_action_interfaces/local/lib/python3.10/dist-packages/my_action_interfaces/action/_my_interfaces.py
[2.330s] -- Installing: /home/ssu/robotics-practice/week/week03/my_action/install/my_action_interfaces/local/lib/python3.10/dist-packages/my_action_interfaces/action/_my_interfaces_s.c
[2.330s] -- Installing: /home/ssu/robotics-practice/week/week03/my_action/install/my_action_interfaces/local/lib/python3.10/dist-packages/my_action_interfaces/action/__init__.py
[2.331s] -- Installing: /home/ssu/robotics-practice/week/week03/my_action/install/my_action_interfaces/local/lib/python3.10/dist-packages/my_action_interfaces/action/_patrol_test.py
[2.331s] -- Installing: /home/ssu/robotics-practice/week/week03/my_action/install/my_action_interfaces/local/lib/python3.10/dist-packages/my_action_interfaces/action/_patrol_test_s.c
[2.331s] -- Installing: /home/ssu/robotics-practice/week/week03/my_action/install/my_action_interfaces/local/lib/python3.10/dist-packages/my_action_interfaces/_my_action_interfaces_s.ep.rosidl_typesupport_introspection_c.c
[2.331s] -- Installing: /home/ssu/robotics-practice/week/week03/my_action/install/my_action_interfaces/local/lib/python3.10/dist-packages/my_action_interfaces/_my_action_interfaces_s.ep.rosidl_typesupport_c.c
[2.331s] -- Installing: /home/ssu/robotics-practice/week/week03/my_action/install/my_action_interfaces/local/lib/python3.10/dist-packages/my_action_interfaces/_my_action_interfaces_s.ep.rosidl_typesupport_fastrtps_c.c
[2.331s] -- Installing: /home/ssu/robotics-practice/week/week03/my_action/install/my_action_interfaces/local/lib/python3.10/dist-packages/my_action_interfaces/libmy_action_interfaces__rosidl_generator_py.so
[2.331s] -- Installing: /home/ssu/robotics-practice/week/week03/my_action/install/my_action_interfaces/local/lib/python3.10/dist-packages/my_action_interfaces/my_action_interfaces_s__rosidl_typesupport_c.cpython-310-x86_64-linux-gnu.so
[2.331s] -- Installing: /home/ssu/robotics-practice/week/week03/my_action/install/my_action_interfaces/local/lib/python3.10/dist-packages/my_action_interfaces/my_action_interfaces_s__rosidl_typesupport_introspection_c.cpython-310-x86_64-linux-gnu.so
[2.331s] -- Installing: /home/ssu/robotics-practice/week/week03/my_action/install/my_action_interfaces/local/lib/python3.10/dist-packages/my_action_interfaces/my_action_interfaces_s__rosidl_typesupport_fastrtps_c.cpython-310-x86_64-linux-gnu.so
[2.359s] Listing '/home/ssu/robotics-practice/week/week03/my_action/install/my_action_interfaces/local/lib/python3.10/dist-packages/my_action_interfaces'...
[2.359s] Compiling '/home/ssu/robotics-practice/week/week03/my_action/install/my_action_interfaces/local/lib/python3.10/dist-packages/my_action_interfaces/__init__.py'...
[2.359s] Listing '/home/ssu/robotics-practice/week/week03/my_action/install/my_action_interfaces/local/lib/python3.10/dist-packages/my_action_interfaces/action'...
[2.359s] Compiling '/home/ssu/robotics-practice/week/week03/my_action/install/my_action_interfaces/local/lib/python3.10/dist-packages/my_action_interfaces/action/__init__.py'...
[2.359s] Compiling '/home/ssu/robotics-practice/week/week03/my_action/install/my_action_interfaces/local/lib/python3.10/dist-packages/my_action_interfaces/action/_my_interfaces.py'...
[2.359s] Compiling '/home/ssu/robotics-practice/week/week03/my_action/install/my_action_interfaces/local/lib/python3.10/dist-packages/my_action_interfaces/action/_patrol_test.py'...
[2.362s] -- Installing: /home/ssu/robotics-practice/week/week03/my_action/install/my_action_interfaces/local/lib/python3.10/dist-packages/my_action_interfaces/my_action_interfaces_s__rosidl_typesupport_fastrtps_c.cpython-310-x86_64-linux-gnu.so
[2.362s] -- Set runtime path of "/home/ssu/robotics-practice/week/week03/my_action/install/my_action_interfaces/local/lib/python3.10/dist-packages/my_action_interfaces/my_action_interfaces_s__rosidl_typesupport_fastrtps_c.cpython-310-x86_64-linux-gnu.so" to ""
[2.362s] -- Installing: /home/ssu/robotics-practice/week/week03/my_action/install/my_action_interfaces/local/lib/python3.10/dist-packages/my_action_interfaces/my_action_interfaces_s__rosidl_typesupport_introspection_c.cpython-310-x86_64-linux-gnu.so
[2.362s] -- Set runtime path of "/home/ssu/robotics-practice/week/week03/my_action/install/my_action_interfaces/local/lib/python3.10/dist-packages/my_action_interfaces/my_action_interfaces_s__rosidl_typesupport_introspection_c.cpython-310-x86_64-linux-gnu.so" to ""
[2.363s] -- Installing: /home/ssu/robotics-practice/week/week03/my_action/install/my_action_interfaces/local/lib/python3.10/dist-packages/my_action_interfaces/my_action_interfaces_s__rosidl_typesupport_c.cpython-310-x86_64-linux-gnu.so
[2.363s] -- Set runtime path of "/home/ssu/robotics-practice/week/week03/my_action/install/my_action_interfaces/local/lib/python3.10/dist-packages/my_action_interfaces/my_action_interfaces_s__rosidl_typesupport_c.cpython-310-x86_64-linux-gnu.so" to ""
[2.363s] -- Installing: /home/ssu/robotics-practice/week/week03/my_action/install/my_action_interfaces/lib/libmy_action_interfaces__rosidl_generator_py.so
[2.363s] -- Set runtime path of "/home/ssu/robotics-practice/week/week03/my_action/install/my_action_interfaces/lib/libmy_action_interfaces__rosidl_generator_py.so" to ""
[2.363s] -- Up-to-date: /home/ssu/robotics-practice/week/week03/my_action/install/my_action_interfaces/share/my_action_interfaces/action/MyInterfaces.idl
[2.363s] -- Installing: /home/ssu/robotics-practice/week/week03/my_action/install/my_action_interfaces/share/my_action_interfaces/action/PatrolTest.idl
[2.363s] -- Up-to-date: /home/ssu/robotics-practice/week/week03/my_action/install/my_action_interfaces/share/my_action_interfaces/action/MyInterfaces.action
[2.363s] -- Installing: /home/ssu/robotics-practice/week/week03/my_action/install/my_action_interfaces/share/my_action_interfaces/action/PatrolTest.action
[2.364s] -- Installing: /home/ssu/robotics-practice/week/week03/my_action/install/my_action_interfaces/share/ament_index/resource_index/package_run_dependencies/my_action_interfaces
[2.364s] -- Installing: /home/ssu/robotics-practice/week/week03/my_action/install/my_action_interfaces/share/ament_index/resource_index/parent_prefix_path/my_action_interfaces
[2.364s] -- Up-to-date: /home/ssu/robotics-practice/week/week03/my_action/install/my_action_interfaces/share/my_action_interfaces/environment/ament_prefix_path.sh
[2.364s] -- Installing: /home/ssu/robotics-practice/week/week03/my_action/install/my_action_interfaces/share/my_action_interfaces/environment/ament_prefix_path.dsv
[2.364s] -- Up-to-date: /home/ssu/robotics-practice/week/week03/my_action/install/my_action_interfaces/share/my_action_interfaces/environment/path.sh
[2.364s] -- Installing: /home/ssu/robotics-practice/week/week03/my_action/install/my_action_interfaces/share/my_action_interfaces/environment/path.dsv
[2.364s] -- Up-to-date: /home/ssu/robotics-practice/week/week03/my_action/install/my_action_interfaces/share/my_action_interfaces/local_setup.bash
[2.364s] -- Up-to-date: /home/ssu/robotics-practice/week/week03/my_action/install/my_action_interfaces/share/my_action_interfaces/local_setup.sh
[2.364s] -- Up-to-date: /home/ssu/robotics-practice/week/week03/my_action/install/my_action_interfaces/share/my_action_interfaces/local_setup.zsh
[2.364s] -- Installing: /home/ssu/robotics-practice/week/week03/my_action/install/my_action_interfaces/share/my_action_interfaces/local_setup.dsv
[2.364s] -- Installing: /home/ssu/robotics-practice/week/week03/my_action/install/my_action_interfaces/share/my_action_interfaces/package.dsv
[2.364s] -- Up-to-date: /home/ssu/robotics-practice/week/week03/my_action/install/my_action_interfaces/share/ament_index/resource_index/packages/my_action_interfaces
[2.364s] -- Old export file "/home/ssu/robotics-practice/week/week03/my_action/install/my_action_interfaces/share/my_action_interfaces/cmake/export_my_action_interfaces__rosidl_generator_cExport.cmake" will be replaced.  Removing files [/home/ssu/robotics-practice/week/week03/my_action/install/my_action_interfaces/share/my_action_interfaces/cmake/export_my_action_interfaces__rosidl_generator_cExport-noconfig.cmake].
[2.364s] -- Installing: /home/ssu/robotics-practice/week/week03/my_action/install/my_action_interfaces/share/my_action_interfaces/cmake/export_my_action_interfaces__rosidl_generator_cExport.cmake
[2.364s] -- Installing: /home/ssu/robotics-practice/week/week03/my_action/install/my_action_interfaces/share/my_action_interfaces/cmake/export_my_action_interfaces__rosidl_generator_cExport-noconfig.cmake
[2.364s] -- Old export file "/home/ssu/robotics-practice/week/week03/my_action/install/my_action_interfaces/share/my_action_interfaces/cmake/export_my_action_interfaces__rosidl_typesupport_fastrtps_cExport.cmake" will be replaced.  Removing files [/home/ssu/robotics-practice/week/week03/my_action/install/my_action_interfaces/share/my_action_interfaces/cmake/export_my_action_interfaces__rosidl_typesupport_fastrtps_cExport-noconfig.cmake].
[2.364s] -- Installing: /home/ssu/robotics-practice/week/week03/my_action/install/my_action_interfaces/share/my_action_interfaces/cmake/export_my_action_interfaces__rosidl_typesupport_fastrtps_cExport.cmake
[2.364s] -- Installing: /home/ssu/robotics-practice/week/week03/my_action/install/my_action_interfaces/share/my_action_interfaces/cmake/export_my_action_interfaces__rosidl_typesupport_fastrtps_cExport-noconfig.cmake
[2.364s] -- Old export file "/home/ssu/robotics-practice/week/week03/my_action/install/my_action_interfaces/share/my_action_interfaces/cmake/my_action_interfaces__rosidl_typesupport_introspection_cExport.cmake" will be replaced.  Removing files [/home/ssu/robotics-practice/week/week03/my_action/install/my_action_interfaces/share/my_action_interfaces/cmake/my_action_interfaces__rosidl_typesupport_introspection_cExport-noconfig.cmake].
[2.364s] -- Installing: /home/ssu/robotics-practice/week/week03/my_action/install/my_action_interfaces/share/my_action_interfaces/cmake/my_action_interfaces__rosidl_typesupport_introspection_cExport.cmake
[2.364s] -- Installing: /home/ssu/robotics-practice/week/week03/my_action/install/my_action_interfaces/share/my_action_interfaces/cmake/my_action_interfaces__rosidl_typesupport_introspection_cExport-noconfig.cmake
[2.365s] -- Old export file "/home/ssu/robotics-practice/week/week03/my_action/install/my_action_interfaces/share/my_action_interfaces/cmake/my_action_interfaces__rosidl_typesupport_cExport.cmake" will be replaced.  Removing files [/home/ssu/robotics-practice/week/week03/my_action/install/my_action_interfaces/share/my_action_interfaces/cmake/my_action_interfaces__rosidl_typesupport_cExport-noconfig.cmake].
[2.365s] -- Installing: /home/ssu/robotics-practice/week/week03/my_action/install/my_action_interfaces/share/my_action_interfaces/cmake/my_action_interfaces__rosidl_typesupport_cExport.cmake
[2.365s] -- Installing: /home/ssu/robotics-practice/week/week03/my_action/install/my_action_interfaces/share/my_action_interfaces/cmake/my_action_interfaces__rosidl_typesupport_cExport-noconfig.cmake
[2.365s] -- Installing: /home/ssu/robotics-practice/week/week03/my_action/install/my_action_interfaces/share/my_action_interfaces/cmake/export_my_action_interfaces__rosidl_generator_cppExport.cmake
[2.365s] -- Old export file "/home/ssu/robotics-practice/week/week03/my_action/install/my_action_interfaces/share/my_action_interfaces/cmake/export_my_action_interfaces__rosidl_typesupport_fastrtps_cppExport.cmake" will be replaced.  Removing files [/home/ssu/robotics-practice/week/week03/my_action/install/my_action_interfaces/share/my_action_interfaces/cmake/export_my_action_interfaces__rosidl_typesupport_fastrtps_cppExport-noconfig.cmake].
[2.365s] -- Installing: /home/ssu/robotics-practice/week/week03/my_action/install/my_action_interfaces/share/my_action_interfaces/cmake/export_my_action_interfaces__rosidl_typesupport_fastrtps_cppExport.cmake
[2.365s] -- Installing: /home/ssu/robotics-practice/week/week03/my_action/install/my_action_interfaces/share/my_action_interfaces/cmake/export_my_action_interfaces__rosidl_typesupport_fastrtps_cppExport-noconfig.cmake
[2.365s] -- Old export file "/home/ssu/robotics-practice/week/week03/my_action/install/my_action_interfaces/share/my_action_interfaces/cmake/my_action_interfaces__rosidl_typesupport_introspection_cppExport.cmake" will be replaced.  Removing files [/home/ssu/robotics-practice/week/week03/my_action/install/my_action_interfaces/share/my_action_interfaces/cmake/my_action_interfaces__rosidl_typesupport_introspection_cppExport-noconfig.cmake].
[2.365s] -- Installing: /home/ssu/robotics-practice/week/week03/my_action/install/my_action_interfaces/share/my_action_interfaces/cmake/my_action_interfaces__rosidl_typesupport_introspection_cppExport.cmake
[2.365s] -- Installing: /home/ssu/robotics-practice/week/week03/my_action/install/my_action_interfaces/share/my_action_interfaces/cmake/my_action_interfaces__rosidl_typesupport_introspection_cppExport-noconfig.cmake
[2.365s] -- Old export file "/home/ssu/robotics-practice/week/week03/my_action/install/my_action_interfaces/share/my_action_interfaces/cmake/my_action_interfaces__rosidl_typesupport_cppExport.cmake" will be replaced.  Removing files [/home/ssu/robotics-practice/week/week03/my_action/install/my_action_interfaces/share/my_action_interfaces/cmake/my_action_interfaces__rosidl_typesupport_cppExport-noconfig.cmake].
[2.365s] -- Installing: /home/ssu/robotics-practice/week/week03/my_action/install/my_action_interfaces/share/my_action_interfaces/cmake/my_action_interfaces__rosidl_typesupport_cppExport.cmake
[2.365s] -- Installing: /home/ssu/robotics-practice/week/week03/my_action/install/my_action_interfaces/share/my_action_interfaces/cmake/my_action_interfaces__rosidl_typesupport_cppExport-noconfig.cmake
[2.365s] -- Old export file "/home/ssu/robotics-practice/week/week03/my_action/install/my_action_interfaces/share/my_action_interfaces/cmake/export_my_action_interfaces__rosidl_generator_pyExport.cmake" will be replaced.  Removing files [/home/ssu/robotics-practice/week/week03/my_action/install/my_action_interfaces/share/my_action_interfaces/cmake/export_my_action_interfaces__rosidl_generator_pyExport-noconfig.cmake].
[2.365s] -- Installing: /home/ssu/robotics-practice/week/week03/my_action/install/my_action_interfaces/share/my_action_interfaces/cmake/export_my_action_interfaces__rosidl_generator_pyExport.cmake
[2.365s] -- Installing: /home/ssu/robotics-practice/week/week03/my_action/install/my_action_interfaces/share/my_action_interfaces/cmake/export_my_action_interfaces__rosidl_generator_pyExport-noconfig.cmake
[2.365s] -- Installing: /home/ssu/robotics-practice/week/week03/my_action/install/my_action_interfaces/share/my_action_interfaces/cmake/rosidl_cmake-extras.cmake
[2.365s] -- Installing: /home/ssu/robotics-practice/week/week03/my_action/install/my_action_interfaces/share/my_action_interfaces/cmake/ament_cmake_export_dependencies-extras.cmake
[2.365s] -- Up-to-date: /home/ssu/robotics-practice/week/week03/my_action/install/my_action_interfaces/share/my_action_interfaces/cmake/ament_cmake_export_include_directories-extras.cmake
[2.365s] -- Up-to-date: /home/ssu/robotics-practice/week/week03/my_action/install/my_action_interfaces/share/my_action_interfaces/cmake/ament_cmake_export_libraries-extras.cmake
[2.365s] -- Up-to-date: /home/ssu/robotics-practice/week/week03/my_action/install/my_action_interfaces/share/my_action_interfaces/cmake/ament_cmake_export_targets-extras.cmake
[2.365s] -- Up-to-date: /home/ssu/robotics-practice/week/week03/my_action/install/my_action_interfaces/share/my_action_interfaces/cmake/rosidl_cmake_export_typesupport_targets-extras.cmake
[2.366s] -- Up-to-date: /home/ssu/robotics-practice/week/week03/my_action/install/my_action_interfaces/share/my_action_interfaces/cmake/rosidl_cmake_export_typesupport_libraries-extras.cmake
[2.366s] -- Up-to-date: /home/ssu/robotics-practice/week/week03/my_action/install/my_action_interfaces/share/my_action_interfaces/cmake/my_action_interfacesConfig.cmake
[2.366s] -- Up-to-date: /home/ssu/robotics-practice/week/week03/my_action/install/my_action_interfaces/share/my_action_interfaces/cmake/my_action_interfacesConfig-version.cmake
[2.366s] -- Installing: /home/ssu/robotics-practice/week/week03/my_action/install/my_action_interfaces/share/my_action_interfaces/package.xml
[2.367s] Invoked command in '/home/ssu/robotics-practice/week/week03/my_action/build/my_action_interfaces' returned '0': CMAKE_PREFIX_PATH=${CMAKE_PREFIX_PATH}:/home/ssu/robotics-practice/week/week02/svc_ws/install/smart_shop_nodes:/opt/ros/humble /usr/bin/cmake --install /home/ssu/robotics-practice/week/week03/my_action/build/my_action_interfaces
