[0.006s] Invoking command in '/home/ssu/robotics-practice/week/week03/my_action/build/my_action_interfaces': CMAKE_PREFIX_PATH=${CMAKE_PREFIX_PATH}:/home/ssu/robotics-practice/week/week02/svc_ws/install/smart_shop_nodes:/opt/ros/humble /usr/bin/cmake --build /home/ssu/robotics-practice/week/week03/my_action/build/my_action_interfaces -- -j14 -l14
[0.046s] [  3%] Built target my_action_interfaces__cpp
[0.048s] [  6%] Built target ament_cmake_python_copy_my_action_interfaces
[0.048s] [ 12%] Built target my_action_interfaces__rosidl_generator_c
[0.059s] [ 22%] Built target my_action_interfaces__rosidl_typesupport_cpp
[0.059s] [ 32%] Built target my_action_interfaces__rosidl_typesupport_introspection_cpp
[0.061s] [ 41%] Built target my_action_interfaces__rosidl_typesupport_fastrtps_c
[0.061s] [ 51%] Built target my_action_interfaces__rosidl_typesupport_fastrtps_cpp
[0.061s] [ 61%] Built target my_action_interfaces__rosidl_typesupport_c
[0.064s] [ 70%] Built target my_action_interfaces__rosidl_typesupport_introspection_c
[0.072s] [ 70%] Built target my_action_interfaces
[0.083s] [ 74%] Built target my_action_interfaces__py
[0.098s] [ 80%] Built target my_action_interfaces__rosidl_generator_py
[0.111s] [ 87%] Built target my_action_interfaces__rosidl_typesupport_introspection_c__pyext
[0.114s] [ 93%] Built target my_action_interfaces__rosidl_typesupport_fastrtps_c__pyext
[0.114s] [100%] Built target my_action_interfaces__rosidl_typesupport_c__pyext
[0.151s] running egg_info
[0.152s] writing my_action_interfaces.egg-info/PKG-INFO
[0.152s] writing dependency_links to my_action_interfaces.egg-info/dependency_links.txt
[0.152s] writing top-level names to my_action_interfaces.egg-info/top_level.txt
[0.152s] reading manifest file 'my_action_interfaces.egg-info/SOURCES.txt'
[0.152s] writing manifest file 'my_action_interfaces.egg-info/SOURCES.txt'
[0.169s] [100%] Built target ament_cmake_python_build_my_action_interfaces_egg
[0.176s] Invoked command in '/home/ssu/robotics-practice/week/week03/my_action/build/my_action_interfaces' returned '0': CMAKE_PREFIX_PATH=${CMAKE_PREFIX_PATH}:/home/ssu/robotics-practice/week/week02/svc_ws/install/smart_shop_nodes:/opt/ros/humble /usr/bin/cmake --build /home/ssu/robotics-practice/week/week03/my_action/build/my_action_interfaces -- -j14 -l14
[0.183s] Invoking command in '/home/ssu/robotics-practice/week/week03/my_action/build/my_action_interfaces': CMAKE_PREFIX_PATH=${CMAKE_PREFIX_PATH}:/home/ssu/robotics-practice/week/week02/svc_ws/install/smart_shop_nodes:/opt/ros/humble /usr/bin/cmake --install /home/ssu/robotics-practice/week/week03/my_action/build/my_action_interfaces
[0.187s] -- Install configuration: ""
[0.187s] -- Up-to-date: /home/ssu/robotics-practice/week/week03/my_action/install/my_action_interfaces/share/ament_index/resource_index/rosidl_interfaces/my_action_interfaces
[0.187s] -- Up-to-date: /home/ssu/robotics-practice/week/week03/my_action/install/my_action_interfaces/include/my_action_interfaces/my_action_interfaces
[0.187s] -- Up-to-date: /home/ssu/robotics-practice/week/week03/my_action/install/my_action_interfaces/include/my_action_interfaces/my_action_interfaces/msg
[0.187s] -- Up-to-date: /home/ssu/robotics-practice/week/week03/my_action/install/my_action_interfaces/include/my_action_interfaces/my_action_interfaces/msg/rosidl_generator_c__visibility_control.h
[0.187s] -- Up-to-date: /home/ssu/robotics-practice/week/week03/my_action/install/my_action_interfaces/include/my_action_interfaces/my_action_interfaces/action
[0.187s] -- Up-to-date: /home/ssu/robotics-practice/week/week03/my_action/install/my_action_interfaces/include/my_action_interfaces/my_action_interfaces/action/my_interfaces.h
[0.187s] -- Up-to-date: /home/ssu/robotics-practice/week/week03/my_action/install/my_action_interfaces/include/my_action_interfaces/my_action_interfaces/action/detail
[0.187s] -- Up-to-date: /home/ssu/robotics-practice/week/week03/my_action/install/my_action_interfaces/include/my_action_interfaces/my_action_interfaces/action/detail/my_interfaces__functions.c
[0.187s] -- Up-to-date: /home/ssu/robotics-practice/week/week03/my_action/install/my_action_interfaces/include/my_action_interfaces/my_action_interfaces/action/detail/my_interfaces__functions.h
[0.187s] -- Up-to-date: /home/ssu/robotics-practice/week/week03/my_action/install/my_action_interfaces/include/my_action_interfaces/my_action_interfaces/action/detail/my_interfaces__struct.h
[0.187s] -- Up-to-date: /home/ssu/robotics-practice/week/week03/my_action/install/my_action_interfaces/include/my_action_interfaces/my_action_interfaces/action/detail/my_interfaces__type_support.h
[0.187s] -- Up-to-date: /home/ssu/robotics-practice/week/week03/my_action/install/my_action_interfaces/share/my_action_interfaces/environment/library_path.sh
[0.187s] -- Up-to-date: /home/ssu/robotics-practice/week/week03/my_action/install/my_action_interfaces/share/my_action_interfaces/environment/library_path.dsv
[0.187s] -- Up-to-date: /home/ssu/robotics-practice/week/week03/my_action/install/my_action_interfaces/lib/libmy_action_interfaces__rosidl_generator_c.so
[0.187s] -- Up-to-date: /home/ssu/robotics-practice/week/week03/my_action/install/my_action_interfaces/include/my_action_interfaces/my_action_interfaces
[0.188s] -- Up-to-date: /home/ssu/robotics-practice/week/week03/my_action/install/my_action_interfaces/include/my_action_interfaces/my_action_interfaces/msg
[0.188s] -- Up-to-date: /home/ssu/robotics-practice/week/week03/my_action/install/my_action_interfaces/include/my_action_interfaces/my_action_interfaces/msg/rosidl_typesupport_fastrtps_c__visibility_control.h
[0.188s] -- Up-to-date: /home/ssu/robotics-practice/week/week03/my_action/install/my_action_interfaces/include/my_action_interfaces/my_action_interfaces/action
[0.188s] -- Up-to-date: /home/ssu/robotics-practice/week/week03/my_action/install/my_action_interfaces/include/my_action_interfaces/my_action_interfaces/action/detail
[0.188s] -- Up-to-date: /home/ssu/robotics-practice/week/week03/my_action/install/my_action_interfaces/include/my_action_interfaces/my_action_interfaces/action/detail/my_interfaces__rosidl_typesupport_fastrtps_c.h
[0.188s] -- Up-to-date: /home/ssu/robotics-practice/week/week03/my_action/install/my_action_interfaces/lib/libmy_action_interfaces__rosidl_typesupport_fastrtps_c.so
[0.188s] -- Up-to-date: /home/ssu/robotics-practice/week/week03/my_action/install/my_action_interfaces/include/my_action_interfaces/my_action_interfaces
[0.188s] -- Up-to-date: /home/ssu/robotics-practice/week/week03/my_action/install/my_action_interfaces/include/my_action_interfaces/my_action_interfaces/msg
[0.188s] -- Up-to-date: /home/ssu/robotics-practice/week/week03/my_action/install/my_action_interfaces/include/my_action_interfaces/my_action_interfaces/msg/rosidl_typesupport_introspection_c__visibility_control.h
[0.188s] -- Up-to-date: /home/ssu/robotics-practice/week/week03/my_action/install/my_action_interfaces/include/my_action_interfaces/my_action_interfaces/action
[0.188s] -- Up-to-date: /home/ssu/robotics-practice/week/week03/my_action/install/my_action_interfaces/include/my_action_interfaces/my_action_interfaces/action/detail
[0.188s] -- Up-to-date: /home/ssu/robotics-practice/week/week03/my_action/install/my_action_interfaces/include/my_action_interfaces/my_action_interfaces/action/detail/my_interfaces__rosidl_typesupport_introspection_c.h
[0.188s] -- Up-to-date: /home/ssu/robotics-practice/week/week03/my_action/install/my_action_interfaces/include/my_action_interfaces/my_action_interfaces/action/detail/my_interfaces__type_support.c
[0.188s] -- Up-to-date: /home/ssu/robotics-practice/week/week03/my_action/install/my_action_interfaces/lib/libmy_action_interfaces__rosidl_typesupport_introspection_c.so
[0.188s] -- Up-to-date: /home/ssu/robotics-practice/week/week03/my_action/install/my_action_interfaces/lib/libmy_action_interfaces__rosidl_typesupport_c.so
[0.188s] -- Up-to-date: /home/ssu/robotics-practice/week/week03/my_action/install/my_action_interfaces/include/my_action_interfaces/my_action_interfaces
[0.188s] -- Up-to-date: /home/ssu/robotics-practice/week/week03/my_action/install/my_action_interfaces/include/my_action_interfaces/my_action_interfaces/msg
[0.188s] -- Up-to-date: /home/ssu/robotics-practice/week/week03/my_action/install/my_action_interfaces/include/my_action_interfaces/my_action_interfaces/msg/rosidl_generator_cpp__visibility_control.hpp
[0.188s] -- Up-to-date: /home/ssu/robotics-practice/week/week03/my_action/install/my_action_interfaces/include/my_action_interfaces/my_action_interfaces/action
[0.188s] -- Up-to-date: /home/ssu/robotics-practice/week/week03/my_action/install/my_action_interfaces/include/my_action_interfaces/my_action_interfaces/action/my_interfaces.hpp
[0.188s] -- Up-to-date: /home/ssu/robotics-practice/week/week03/my_action/install/my_action_interfaces/include/my_action_interfaces/my_action_interfaces/action/detail
[0.188s] -- Up-to-date: /home/ssu/robotics-practice/week/week03/my_action/install/my_action_interfaces/include/my_action_interfaces/my_action_interfaces/action/detail/my_interfaces__builder.hpp
[0.188s] -- Up-to-date: /home/ssu/robotics-practice/week/week03/my_action/install/my_action_interfaces/include/my_action_interfaces/my_action_interfaces/action/detail/my_interfaces__struct.hpp
[0.188s] -- Up-to-date: /home/ssu/robotics-practice/week/week03/my_action/install/my_action_interfaces/include/my_action_interfaces/my_action_interfaces/action/detail/my_interfaces__traits.hpp
[0.188s] -- Up-to-date: /home/ssu/robotics-practice/week/week03/my_action/install/my_action_interfaces/include/my_action_interfaces/my_action_interfaces/action/detail/my_interfaces__type_support.hpp
[0.188s] -- Up-to-date: /home/ssu/robotics-practice/week/week03/my_action/install/my_action_interfaces/include/my_action_interfaces/my_action_interfaces
[0.188s] -- Up-to-date: /home/ssu/robotics-practice/week/week03/my_action/install/my_action_interfaces/include/my_action_interfaces/my_action_interfaces/msg
[0.188s] -- Up-to-date: /home/ssu/robotics-practice/week/week03/my_action/install/my_action_interfaces/include/my_action_interfaces/my_action_interfaces/msg/rosidl_typesupport_fastrtps_cpp__visibility_control.h
[0.188s] -- Up-to-date: /home/ssu/robotics-practice/week/week03/my_action/install/my_action_interfaces/include/my_action_interfaces/my_action_interfaces/action
[0.188s] -- Up-to-date: /home/ssu/robotics-practice/week/week03/my_action/install/my_action_interfaces/include/my_action_interfaces/my_action_interfaces/action/detail
[0.188s] -- Up-to-date: /home/ssu/robotics-practice/week/week03/my_action/install/my_action_interfaces/include/my_action_interfaces/my_action_interfaces/action/detail/my_interfaces__rosidl_typesupport_fastrtps_cpp.hpp
[0.189s] -- Up-to-date: /home/ssu/robotics-practice/week/week03/my_action/install/my_action_interfaces/include/my_action_interfaces/my_action_interfaces/action/detail/dds_fastrtps
[0.189s] -- Up-to-date: /home/ssu/robotics-practice/week/week03/my_action/install/my_action_interfaces/lib/libmy_action_interfaces__rosidl_typesupport_fastrtps_cpp.so
[0.189s] -- Up-to-date: /home/ssu/robotics-practice/week/week03/my_action/install/my_action_interfaces/include/my_action_interfaces/my_action_interfaces
[0.189s] -- Up-to-date: /home/ssu/robotics-practice/week/week03/my_action/install/my_action_interfaces/include/my_action_interfaces/my_action_interfaces/action
[0.189s] -- Up-to-date: /home/ssu/robotics-practice/week/week03/my_action/install/my_action_interfaces/include/my_action_interfaces/my_action_interfaces/action/detail
[0.189s] -- Up-to-date: /home/ssu/robotics-practice/week/week03/my_action/install/my_action_interfaces/include/my_action_interfaces/my_action_interfaces/action/detail/my_interfaces__rosidl_typesupport_introspection_cpp.hpp
[0.189s] -- Up-to-date: /home/ssu/robotics-practice/week/week03/my_action/install/my_action_interfaces/include/my_action_interfaces/my_action_interfaces/action/detail/my_interfaces__type_support.cpp
[0.189s] -- Up-to-date: /home/ssu/robotics-practice/week/week03/my_action/install/my_action_interfaces/lib/libmy_action_interfaces__rosidl_typesupport_introspection_cpp.so
[0.189s] -- Up-to-date: /home/ssu/robotics-practice/week/week03/my_action/install/my_action_interfaces/lib/libmy_action_interfaces__rosidl_typesupport_cpp.so
[0.189s] -- Up-to-date: /home/ssu/robotics-practice/week/week03/my_action/install/my_action_interfaces/share/my_action_interfaces/environment/pythonpath.sh
[0.189s] -- Up-to-date: /home/ssu/robotics-practice/week/week03/my_action/install/my_action_interfaces/share/my_action_interfaces/environment/pythonpath.dsv
[0.189s] -- Up-to-date: /home/ssu/robotics-practice/week/week03/my_action/install/my_action_interfaces/local/lib/python3.10/dist-packages/my_action_interfaces-0.0.0-py3.10.egg-info
[0.189s] -- Installing: /home/ssu/robotics-practice/week/week03/my_action/install/my_action_interfaces/local/lib/python3.10/dist-packages/my_action_interfaces-0.0.0-py3.10.egg-info/PKG-INFO
[0.189s] -- Installing: /home/ssu/robotics-practice/week/week03/my_action/install/my_action_interfaces/local/lib/python3.10/dist-packages/my_action_interfaces-0.0.0-py3.10.egg-info/dependency_links.txt
[0.189s] -- Installing: /home/ssu/robotics-practice/week/week03/my_action/install/my_action_interfaces/local/lib/python3.10/dist-packages/my_action_interfaces-0.0.0-py3.10.egg-info/top_level.txt
[0.189s] -- Installing: /home/ssu/robotics-practice/week/week03/my_action/install/my_action_interfaces/local/lib/python3.10/dist-packages/my_action_interfaces-0.0.0-py3.10.egg-info/SOURCES.txt
[0.189s] -- Up-to-date: /home/ssu/robotics-practice/week/week03/my_action/install/my_action_interfaces/local/lib/python3.10/dist-packages/my_action_interfaces
[0.189s] -- Up-to-date: /home/ssu/robotics-practice/week/week03/my_action/install/my_action_interfaces/local/lib/python3.10/dist-packages/my_action_interfaces/__init__.py
[0.189s] -- Up-to-date: /home/ssu/robotics-practice/week/week03/my_action/install/my_action_interfaces/local/lib/python3.10/dist-packages/my_action_interfaces/action
[0.189s] -- Up-to-date: /home/ssu/robotics-practice/week/week03/my_action/install/my_action_interfaces/local/lib/python3.10/dist-packages/my_action_interfaces/action/_my_interfaces.py
[0.189s] -- Up-to-date: /home/ssu/robotics-practice/week/week03/my_action/install/my_action_interfaces/local/lib/python3.10/dist-packages/my_action_interfaces/action/_my_interfaces_s.c
[0.189s] -- Up-to-date: /home/ssu/robotics-practice/week/week03/my_action/install/my_action_interfaces/local/lib/python3.10/dist-packages/my_action_interfaces/action/__init__.py
[0.189s] -- Up-to-date: /home/ssu/robotics-practice/week/week03/my_action/install/my_action_interfaces/local/lib/python3.10/dist-packages/my_action_interfaces/_my_action_interfaces_s.ep.rosidl_typesupport_fastrtps_c.c
[0.189s] -- Up-to-date: /home/ssu/robotics-practice/week/week03/my_action/install/my_action_interfaces/local/lib/python3.10/dist-packages/my_action_interfaces/_my_action_interfaces_s.ep.rosidl_typesupport_introspection_c.c
[0.189s] -- Up-to-date: /home/ssu/robotics-practice/week/week03/my_action/install/my_action_interfaces/local/lib/python3.10/dist-packages/my_action_interfaces/_my_action_interfaces_s.ep.rosidl_typesupport_c.c
[0.189s] -- Up-to-date: /home/ssu/robotics-practice/week/week03/my_action/install/my_action_interfaces/local/lib/python3.10/dist-packages/my_action_interfaces/libmy_action_interfaces__rosidl_generator_py.so
[0.189s] -- Up-to-date: /home/ssu/robotics-practice/week/week03/my_action/install/my_action_interfaces/local/lib/python3.10/dist-packages/my_action_interfaces/my_action_interfaces_s__rosidl_typesupport_fastrtps_c.cpython-310-x86_64-linux-gnu.so
[0.189s] -- Up-to-date: /home/ssu/robotics-practice/week/week03/my_action/install/my_action_interfaces/local/lib/python3.10/dist-packages/my_action_interfaces/my_action_interfaces_s__rosidl_typesupport_introspection_c.cpython-310-x86_64-linux-gnu.so
[0.189s] -- Up-to-date: /home/ssu/robotics-practice/week/week03/my_action/install/my_action_interfaces/local/lib/python3.10/dist-packages/my_action_interfaces/my_action_interfaces_s__rosidl_typesupport_c.cpython-310-x86_64-linux-gnu.so
[0.203s] Listing '/home/ssu/robotics-practice/week/week03/my_action/install/my_action_interfaces/local/lib/python3.10/dist-packages/my_action_interfaces'...
[0.203s] Listing '/home/ssu/robotics-practice/week/week03/my_action/install/my_action_interfaces/local/lib/python3.10/dist-packages/my_action_interfaces/action'...
[0.205s] -- Up-to-date: /home/ssu/robotics-practice/week/week03/my_action/install/my_action_interfaces/local/lib/python3.10/dist-packages/my_action_interfaces/my_action_interfaces_s__rosidl_typesupport_fastrtps_c.cpython-310-x86_64-linux-gnu.so
[0.205s] -- Up-to-date: /home/ssu/robotics-practice/week/week03/my_action/install/my_action_interfaces/local/lib/python3.10/dist-packages/my_action_interfaces/my_action_interfaces_s__rosidl_typesupport_introspection_c.cpython-310-x86_64-linux-gnu.so
[0.205s] -- Up-to-date: /home/ssu/robotics-practice/week/week03/my_action/install/my_action_interfaces/local/lib/python3.10/dist-packages/my_action_interfaces/my_action_interfaces_s__rosidl_typesupport_c.cpython-310-x86_64-linux-gnu.so
[0.205s] -- Up-to-date: /home/ssu/robotics-practice/week/week03/my_action/install/my_action_interfaces/lib/libmy_action_interfaces__rosidl_generator_py.so
[0.206s] -- Up-to-date: /home/ssu/robotics-practice/week/week03/my_action/install/my_action_interfaces/share/my_action_interfaces/action/MyInterfaces.idl
[0.206s] -- Up-to-date: /home/ssu/robotics-practice/week/week03/my_action/install/my_action_interfaces/share/my_action_interfaces/action/MyInterfaces.action
[0.206s] -- Up-to-date: /home/ssu/robotics-practice/week/week03/my_action/install/my_action_interfaces/share/ament_index/resource_index/package_run_dependencies/my_action_interfaces
[0.206s] -- Up-to-date: /home/ssu/robotics-practice/week/week03/my_action/install/my_action_interfaces/share/ament_index/resource_index/parent_prefix_path/my_action_interfaces
[0.206s] -- Up-to-date: /home/ssu/robotics-practice/week/week03/my_action/install/my_action_interfaces/share/my_action_interfaces/environment/ament_prefix_path.sh
[0.206s] -- Up-to-date: /home/ssu/robotics-practice/week/week03/my_action/install/my_action_interfaces/share/my_action_interfaces/environment/ament_prefix_path.dsv
[0.206s] -- Up-to-date: /home/ssu/robotics-practice/week/week03/my_action/install/my_action_interfaces/share/my_action_interfaces/environment/path.sh
[0.206s] -- Up-to-date: /home/ssu/robotics-practice/week/week03/my_action/install/my_action_interfaces/share/my_action_interfaces/environment/path.dsv
[0.206s] -- Up-to-date: /home/ssu/robotics-practice/week/week03/my_action/install/my_action_interfaces/share/my_action_interfaces/local_setup.bash
[0.206s] -- Up-to-date: /home/ssu/robotics-practice/week/week03/my_action/install/my_action_interfaces/share/my_action_interfaces/local_setup.sh
[0.206s] -- Up-to-date: /home/ssu/robotics-practice/week/week03/my_action/install/my_action_interfaces/share/my_action_interfaces/local_setup.zsh
[0.206s] -- Up-to-date: /home/ssu/robotics-practice/week/week03/my_action/install/my_action_interfaces/share/my_action_interfaces/local_setup.dsv
[0.206s] -- Installing: /home/ssu/robotics-practice/week/week03/my_action/install/my_action_interfaces/share/my_action_interfaces/package.dsv
[0.206s] -- Up-to-date: /home/ssu/robotics-practice/week/week03/my_action/install/my_action_interfaces/share/ament_index/resource_index/packages/my_action_interfaces
[0.206s] -- Up-to-date: /home/ssu/robotics-practice/week/week03/my_action/install/my_action_interfaces/share/my_action_interfaces/cmake/export_my_action_interfaces__rosidl_generator_cExport.cmake
[0.206s] -- Up-to-date: /home/ssu/robotics-practice/week/week03/my_action/install/my_action_interfaces/share/my_action_interfaces/cmake/export_my_action_interfaces__rosidl_generator_cExport-noconfig.cmake
[0.206s] -- Up-to-date: /home/ssu/robotics-practice/week/week03/my_action/install/my_action_interfaces/share/my_action_interfaces/cmake/export_my_action_interfaces__rosidl_typesupport_fastrtps_cExport.cmake
[0.206s] -- Up-to-date: /home/ssu/robotics-practice/week/week03/my_action/install/my_action_interfaces/share/my_action_interfaces/cmake/export_my_action_interfaces__rosidl_typesupport_fastrtps_cExport-noconfig.cmake
[0.206s] -- Up-to-date: /home/ssu/robotics-practice/week/week03/my_action/install/my_action_interfaces/share/my_action_interfaces/cmake/my_action_interfaces__rosidl_typesupport_introspection_cExport.cmake
[0.206s] -- Up-to-date: /home/ssu/robotics-practice/week/week03/my_action/install/my_action_interfaces/share/my_action_interfaces/cmake/my_action_interfaces__rosidl_typesupport_introspection_cExport-noconfig.cmake
[0.206s] -- Up-to-date: /home/ssu/robotics-practice/week/week03/my_action/install/my_action_interfaces/share/my_action_interfaces/cmake/my_action_interfaces__rosidl_typesupport_cExport.cmake
[0.206s] -- Up-to-date: /home/ssu/robotics-practice/week/week03/my_action/install/my_action_interfaces/share/my_action_interfaces/cmake/my_action_interfaces__rosidl_typesupport_cExport-noconfig.cmake
[0.206s] -- Up-to-date: /home/ssu/robotics-practice/week/week03/my_action/install/my_action_interfaces/share/my_action_interfaces/cmake/export_my_action_interfaces__rosidl_generator_cppExport.cmake
[0.206s] -- Up-to-date: /home/ssu/robotics-practice/week/week03/my_action/install/my_action_interfaces/share/my_action_interfaces/cmake/export_my_action_interfaces__rosidl_typesupport_fastrtps_cppExport.cmake
[0.206s] -- Up-to-date: /home/ssu/robotics-practice/week/week03/my_action/install/my_action_interfaces/share/my_action_interfaces/cmake/export_my_action_interfaces__rosidl_typesupport_fastrtps_cppExport-noconfig.cmake
[0.207s] -- Up-to-date: /home/ssu/robotics-practice/week/week03/my_action/install/my_action_interfaces/share/my_action_interfaces/cmake/my_action_interfaces__rosidl_typesupport_introspection_cppExport.cmake
[0.207s] -- Up-to-date: /home/ssu/robotics-practice/week/week03/my_action/install/my_action_interfaces/share/my_action_interfaces/cmake/my_action_interfaces__rosidl_typesupport_introspection_cppExport-noconfig.cmake
[0.207s] -- Up-to-date: /home/ssu/robotics-practice/week/week03/my_action/install/my_action_interfaces/share/my_action_interfaces/cmake/my_action_interfaces__rosidl_typesupport_cppExport.cmake
[0.207s] -- Up-to-date: /home/ssu/robotics-practice/week/week03/my_action/install/my_action_interfaces/share/my_action_interfaces/cmake/my_action_interfaces__rosidl_typesupport_cppExport-noconfig.cmake
[0.207s] -- Up-to-date: /home/ssu/robotics-practice/week/week03/my_action/install/my_action_interfaces/share/my_action_interfaces/cmake/export_my_action_interfaces__rosidl_generator_pyExport.cmake
[0.207s] -- Up-to-date: /home/ssu/robotics-practice/week/week03/my_action/install/my_action_interfaces/share/my_action_interfaces/cmake/export_my_action_interfaces__rosidl_generator_pyExport-noconfig.cmake
[0.207s] -- Up-to-date: /home/ssu/robotics-practice/week/week03/my_action/install/my_action_interfaces/share/my_action_interfaces/cmake/rosidl_cmake-extras.cmake
[0.207s] -- Up-to-date: /home/ssu/robotics-practice/week/week03/my_action/install/my_action_interfaces/share/my_action_interfaces/cmake/ament_cmake_export_dependencies-extras.cmake
[0.207s] -- Up-to-date: /home/ssu/robotics-practice/week/week03/my_action/install/my_action_interfaces/share/my_action_interfaces/cmake/ament_cmake_export_include_directories-extras.cmake
[0.207s] -- Up-to-date: /home/ssu/robotics-practice/week/week03/my_action/install/my_action_interfaces/share/my_action_interfaces/cmake/ament_cmake_export_libraries-extras.cmake
[0.207s] -- Up-to-date: /home/ssu/robotics-practice/week/week03/my_action/install/my_action_interfaces/share/my_action_interfaces/cmake/ament_cmake_export_targets-extras.cmake
[0.207s] -- Up-to-date: /home/ssu/robotics-practice/week/week03/my_action/install/my_action_interfaces/share/my_action_interfaces/cmake/rosidl_cmake_export_typesupport_targets-extras.cmake
[0.208s] -- Up-to-date: /home/ssu/robotics-practice/week/week03/my_action/install/my_action_interfaces/share/my_action_interfaces/cmake/rosidl_cmake_export_typesupport_libraries-extras.cmake
[0.208s] -- Up-to-date: /home/ssu/robotics-practice/week/week03/my_action/install/my_action_interfaces/share/my_action_interfaces/cmake/my_action_interfacesConfig.cmake
[0.208s] -- Up-to-date: /home/ssu/robotics-practice/week/week03/my_action/install/my_action_interfaces/share/my_action_interfaces/cmake/my_action_interfacesConfig-version.cmake
[0.208s] -- Up-to-date: /home/ssu/robotics-practice/week/week03/my_action/install/my_action_interfaces/share/my_action_interfaces/package.xml
[0.208s] Invoked command in '/home/ssu/robotics-practice/week/week03/my_action/build/my_action_interfaces' returned '0': CMAKE_PREFIX_PATH=${CMAKE_PREFIX_PATH}:/home/ssu/robotics-practice/week/week02/svc_ws/install/smart_shop_nodes:/opt/ros/humble /usr/bin/cmake --install /home/ssu/robotics-practice/week/week03/my_action/build/my_action_interfaces
