[0.006s] Invoking command in '/home/ssu/robotics-practice/week/week03/my_action/src/build/my_action_interfaces': CMAKE_PREFIX_PATH=${CMAKE_PREFIX_PATH}:/home/ssu/robotics-practice/week/week02/svc_ws/install/smart_shop_nodes:/opt/ros/humble /usr/bin/cmake /home/ssu/robotics-practice/week/week03/my_action/src/my_action_interfaces -DCMAKE_INSTALL_PREFIX=/home/ssu/robotics-practice/week/week03/my_action/src/install/my_action_interfaces
[0.044s] -- The C compiler identification is GNU 11.4.0
[0.074s] -- The CXX compiler identification is GNU 11.4.0
[0.078s] -- Detecting C compiler ABI info
[0.124s] -- Detecting C compiler ABI info - done
[0.127s] -- Check for working C compiler: /usr/bin/cc - skipped
[0.127s] -- Detecting C compile features
[0.127s] -- Detecting C compile features - done
[0.129s] -- Detecting CXX compiler ABI info
[0.176s] -- Detecting CXX compiler ABI info - done
[0.182s] -- Check for working CXX compiler: /usr/bin/c++ - skipped
[0.182s] -- Detecting CXX compile features
[0.182s] -- Detecting CXX compile features - done
[0.183s] -- Found ament_cmake: 1.3.13 (/opt/ros/humble/share/ament_cmake/cmake)
[0.265s] -- Found Python3: /usr/bin/python3 (found version "3.10.12") found components: Interpreter 
[0.310s] -- Found ament_lint_auto: 0.12.15 (/opt/ros/humble/share/ament_lint_auto/cmake)
[0.347s] -- Found rosidl_default_generators: 1.2.0 (/opt/ros/humble/share/rosidl_default_generators/cmake)
[0.349s] -- Using all available rosidl_typesupport_c: rosidl_typesupport_fastrtps_c;rosidl_typesupport_introspection_c
[0.351s] -- Found rosidl_adapter: 3.1.8 (/opt/ros/humble/share/rosidl_adapter/cmake)
[0.366s] -- Using all available rosidl_typesupport_cpp: rosidl_typesupport_fastrtps_cpp;rosidl_typesupport_introspection_cpp
[0.378s] -- Found geometry_msgs: 4.9.1 (/opt/ros/humble/share/geometry_msgs/cmake)
[0.530s] -- Found ament_cmake_ros: 0.10.0 (/opt/ros/humble/share/ament_cmake_ros/cmake)
[0.662s] -- Using all available rosidl_typesupport_c: rosidl_typesupport_fastrtps_c;rosidl_typesupport_introspection_c
[0.819s] -- Using all available rosidl_typesupport_cpp: rosidl_typesupport_fastrtps_cpp;rosidl_typesupport_introspection_cpp
[0.831s] -- Found PythonInterp: /usr/bin/python3 (found suitable version "3.10.12", minimum required is "3.6") 
[0.831s] -- Found python_cmake_module: 0.10.0 (/opt/ros/humble/share/python_cmake_module/cmake)
[0.843s] -- Found PythonLibs: /usr/lib/x86_64-linux-gnu/libpython3.10.so (found suitable version "3.10.12", minimum required is "3.5") 
[0.843s] -- Using PYTHON_EXECUTABLE: /usr/bin/python3
[0.843s] -- Using PYTHON_INCLUDE_DIRS: /usr/include/python3.10
[0.843s] -- Using PYTHON_LIBRARIES: /usr/lib/x86_64-linux-gnu/libpython3.10.so
[0.853s] -- Found PythonExtra: .so  
[0.888s] -- Added test 'lint_cmake' to check CMake code style
[0.888s] -- Added test 'xmllint' to check XML markup files
[0.891s] -- Configuring done
[0.907s] -- Generating done
[0.912s] -- Build files have been written to: /home/ssu/robotics-practice/week/week03/my_action/src/build/my_action_interfaces
[0.919s] Invoked command in '/home/ssu/robotics-practice/week/week03/my_action/src/build/my_action_interfaces' returned '0': CMAKE_PREFIX_PATH=${CMAKE_PREFIX_PATH}:/home/ssu/robotics-practice/week/week02/svc_ws/install/smart_shop_nodes:/opt/ros/humble /usr/bin/cmake /home/ssu/robotics-practice/week/week03/my_action/src/my_action_interfaces -DCMAKE_INSTALL_PREFIX=/home/ssu/robotics-practice/week/week03/my_action/src/install/my_action_interfaces
[0.919s] Invoking command in '/home/ssu/robotics-practice/week/week03/my_action/src/build/my_action_interfaces': CMAKE_PREFIX_PATH=${CMAKE_PREFIX_PATH}:/home/ssu/robotics-practice/week/week02/svc_ws/install/smart_shop_nodes:/opt/ros/humble /usr/bin/cmake --build /home/ssu/robotics-practice/week/week03/my_action/src/build/my_action_interfaces -- -j14 -l14
[0.947s] [  2%] [34m[1mGenerating C code for ROS interfaces[0m
[0.953s] [  5%] [34m[1mGenerating C++ code for ROS interfaces[0m
[0.957s] [  5%] Built target ament_cmake_python_copy_my_action_interfaces
[1.062s] running egg_info
[1.062s] creating my_action_interfaces.egg-info
[1.062s] writing my_action_interfaces.egg-info/PKG-INFO
[1.062s] writing dependency_links to my_action_interfaces.egg-info/dependency_links.txt
[1.062s] writing top-level names to my_action_interfaces.egg-info/top_level.txt
[1.062s] writing manifest file 'my_action_interfaces.egg-info/SOURCES.txt'
[1.062s] reading manifest file 'my_action_interfaces.egg-info/SOURCES.txt'
[1.062s] writing manifest file 'my_action_interfaces.egg-info/SOURCES.txt'
[1.079s] [  5%] Built target ament_cmake_python_build_my_action_interfaces_egg
[1.228s] [  7%] [32mBuilding C object CMakeFiles/my_action_interfaces__rosidl_generator_c.dir/rosidl_generator_c/my_action_interfaces/action/detail/my_interfaces__functions.c.o[0m
[1.229s] [ 10%] [32mBuilding C object CMakeFiles/my_action_interfaces__rosidl_generator_c.dir/rosidl_generator_c/my_action_interfaces/action/detail/patrol_test__functions.c.o[0m
[1.240s] [ 10%] Built target my_action_interfaces__cpp
[1.246s] [ 12%] [34m[1mGenerating C++ type support for eProsima Fast-RTPS[0m
[1.246s] [ 17%] [34m[1mGenerating C++ introspection for ROS interfaces[0m
[1.246s] [ 17%] [34m[1mGenerating C++ type support dispatch for ROS interfaces[0m
[1.300s] [ 20%] [32m[1mLinking C shared library libmy_action_interfaces__rosidl_generator_c.so[0m
[1.327s] [ 20%] Built target my_action_interfaces__rosidl_generator_c
[1.333s] [ 23%] [34m[1mGenerating C type support for eProsima Fast-RTPS[0m
[1.333s] [ 25%] [34m[1mGenerating C type support dispatch for ROS interfaces[0m
[1.335s] [ 28%] [34m[1mGenerating C introspection for ROS interfaces[0m
[1.428s] [ 30%] [32mBuilding CXX object CMakeFiles/my_action_interfaces__rosidl_typesupport_cpp.dir/rosidl_typesupport_cpp/my_action_interfaces/action/patrol_test__type_support.cpp.o[0m
[1.430s] [ 33%] [32mBuilding CXX object CMakeFiles/my_action_interfaces__rosidl_typesupport_cpp.dir/rosidl_typesupport_cpp/my_action_interfaces/action/my_interfaces__type_support.cpp.o[0m
[1.460s] [ 35%] [32mBuilding CXX object CMakeFiles/my_action_interfaces__rosidl_typesupport_introspection_cpp.dir/rosidl_typesupport_introspection_cpp/my_action_interfaces/action/detail/patrol_test__type_support.cpp.o[0m
[1.460s] [ 38%] [32mBuilding CXX object CMakeFiles/my_action_interfaces__rosidl_typesupport_introspection_cpp.dir/rosidl_typesupport_introspection_cpp/my_action_interfaces/action/detail/my_interfaces__type_support.cpp.o[0m
[1.505s] [ 41%] [32mBuilding CXX object CMakeFiles/my_action_interfaces__rosidl_typesupport_fastrtps_cpp.dir/rosidl_typesupport_fastrtps_cpp/my_action_interfaces/action/detail/dds_fastrtps/patrol_test__type_support.cpp.o[0m
[1.505s] [ 43%] [32mBuilding CXX object CMakeFiles/my_action_interfaces__rosidl_typesupport_fastrtps_cpp.dir/rosidl_typesupport_fastrtps_cpp/my_action_interfaces/action/detail/dds_fastrtps/my_interfaces__type_support.cpp.o[0m
[1.507s] [ 48%] [32mBuilding CXX object CMakeFiles/my_action_interfaces__rosidl_typesupport_c.dir/rosidl_typesupport_c/my_action_interfaces/action/patrol_test__type_support.cpp.o[0m
[1.507s] [ 48%] [32mBuilding CXX object CMakeFiles/my_action_interfaces__rosidl_typesupport_c.dir/rosidl_typesupport_c/my_action_interfaces/action/my_interfaces__type_support.cpp.o[0m
[1.535s] [ 51%] [32m[1mLinking CXX shared library libmy_action_interfaces__rosidl_typesupport_c.so[0m
[1.563s] [ 51%] Built target my_action_interfaces__rosidl_typesupport_c
[1.576s] [ 53%] [32mBuilding C object CMakeFiles/my_action_interfaces__rosidl_typesupport_introspection_c.dir/rosidl_typesupport_introspection_c/my_action_interfaces/action/detail/my_interfaces__type_support.c.o[0m
[1.577s] [ 56%] [32mBuilding C object CMakeFiles/my_action_interfaces__rosidl_typesupport_introspection_c.dir/rosidl_typesupport_introspection_c/my_action_interfaces/action/detail/patrol_test__type_support.c.o[0m
[1.609s] [ 58%] [32m[1mLinking C shared library libmy_action_interfaces__rosidl_typesupport_introspection_c.so[0m
[1.627s] [ 64%] [32mBuilding CXX object CMakeFiles/my_action_interfaces__rosidl_typesupport_fastrtps_c.dir/rosidl_typesupport_fastrtps_c/my_action_interfaces/action/detail/patrol_test__type_support_c.cpp.o[0m
[1.627s] [ 64%] [32mBuilding CXX object CMakeFiles/my_action_interfaces__rosidl_typesupport_fastrtps_c.dir/rosidl_typesupport_fastrtps_c/my_action_interfaces/action/detail/my_interfaces__type_support_c.cpp.o[0m
[1.632s] [ 64%] Built target my_action_interfaces__rosidl_typesupport_introspection_c
[1.635s] [ 66%] [32m[1mLinking CXX shared library libmy_action_interfaces__rosidl_typesupport_cpp.so[0m
[1.664s] [ 66%] Built target my_action_interfaces__rosidl_typesupport_cpp
[1.746s] [ 69%] [32m[1mLinking CXX shared library libmy_action_interfaces__rosidl_typesupport_introspection_cpp.so[0m
[1.785s] [ 71%] [32m[1mLinking CXX shared library libmy_action_interfaces__rosidl_typesupport_fastrtps_cpp.so[0m
[1.797s] [ 71%] Built target my_action_interfaces__rosidl_typesupport_introspection_cpp
[1.804s] [ 74%] [32m[1mLinking CXX shared library libmy_action_interfaces__rosidl_typesupport_fastrtps_c.so[0m
[1.830s] [ 74%] Built target my_action_interfaces__rosidl_typesupport_fastrtps_cpp
[1.853s] [ 74%] Built target my_action_interfaces__rosidl_typesupport_fastrtps_c
[1.869s] [ 74%] Built target my_action_interfaces
[1.883s] [ 76%] [34m[1mGenerating Python code for ROS interfaces[0m
[2.379s] [ 76%] Built target my_action_interfaces__py
[2.394s] [ 79%] [32mBuilding C object CMakeFiles/my_action_interfaces__rosidl_generator_py.dir/rosidl_generator_py/my_action_interfaces/action/_patrol_test_s.c.o[0m
[2.395s] [ 82%] [32mBuilding C object CMakeFiles/my_action_interfaces__rosidl_generator_py.dir/rosidl_generator_py/my_action_interfaces/action/_my_interfaces_s.c.o[0m
[2.468s] [ 84%] [32m[1mLinking C shared library rosidl_generator_py/my_action_interfaces/libmy_action_interfaces__rosidl_generator_py.so[0m
[2.502s] [ 84%] Built target my_action_interfaces__rosidl_generator_py
[2.517s] [ 87%] [32mBuilding C object CMakeFiles/my_action_interfaces__rosidl_typesupport_fastrtps_c__pyext.dir/rosidl_generator_py/my_action_interfaces/_my_action_interfaces_s.ep.rosidl_typesupport_fastrtps_c.c.o[0m
[2.518s] [ 89%] [32mBuilding C object CMakeFiles/my_action_interfaces__rosidl_typesupport_c__pyext.dir/rosidl_generator_py/my_action_interfaces/_my_action_interfaces_s.ep.rosidl_typesupport_c.c.o[0m
[2.518s] [ 92%] [32mBuilding C object CMakeFiles/my_action_interfaces__rosidl_typesupport_introspection_c__pyext.dir/rosidl_generator_py/my_action_interfaces/_my_action_interfaces_s.ep.rosidl_typesupport_introspection_c.c.o[0m
[2.584s] [ 94%] [32m[1mLinking C shared library rosidl_generator_py/my_action_interfaces/my_action_interfaces_s__rosidl_typesupport_fastrtps_c.cpython-310-x86_64-linux-gnu.so[0m
[2.584s] [ 97%] [32m[1mLinking C shared library rosidl_generator_py/my_action_interfaces/my_action_interfaces_s__rosidl_typesupport_introspection_c.cpython-310-x86_64-linux-gnu.so[0m
[2.585s] [100%] [32m[1mLinking C shared library rosidl_generator_py/my_action_interfaces/my_action_interfaces_s__rosidl_typesupport_c.cpython-310-x86_64-linux-gnu.so[0m
[2.616s] [100%] Built target my_action_interfaces__rosidl_typesupport_c__pyext
[2.616s] [100%] Built target my_action_interfaces__rosidl_typesupport_fastrtps_c__pyext
[2.616s] [100%] Built target my_action_interfaces__rosidl_typesupport_introspection_c__pyext
[2.625s] Invoked command in '/home/ssu/robotics-practice/week/week03/my_action/src/build/my_action_interfaces' returned '0': CMAKE_PREFIX_PATH=${CMAKE_PREFIX_PATH}:/home/ssu/robotics-practice/week/week02/svc_ws/install/smart_shop_nodes:/opt/ros/humble /usr/bin/cmake --build /home/ssu/robotics-practice/week/week03/my_action/src/build/my_action_interfaces -- -j14 -l14
[2.631s] Invoking command in '/home/ssu/robotics-practice/week/week03/my_action/src/build/my_action_interfaces': CMAKE_PREFIX_PATH=${CMAKE_PREFIX_PATH}:/home/ssu/robotics-practice/week/week02/svc_ws/install/smart_shop_nodes:/opt/ros/humble /usr/bin/cmake --install /home/ssu/robotics-practice/week/week03/my_action/src/build/my_action_interfaces
[2.634s] -- Install configuration: ""
[2.634s] -- Installing: /home/ssu/robotics-practice/week/week03/my_action/src/install/my_action_interfaces/share/ament_index/resource_index/rosidl_interfaces/my_action_interfaces
[2.635s] -- Installing: /home/ssu/robotics-practice/week/week03/my_action/src/install/my_action_interfaces/include/my_action_interfaces/my_action_interfaces
[2.635s] -- Installing: /home/ssu/robotics-practice/week/week03/my_action/src/install/my_action_interfaces/include/my_action_interfaces/my_action_interfaces/msg
[2.635s] -- Installing: /home/ssu/robotics-practice/week/week03/my_action/src/install/my_action_interfaces/include/my_action_interfaces/my_action_interfaces/msg/rosidl_generator_c__visibility_control.h
[2.635s] -- Installing: /home/ssu/robotics-practice/week/week03/my_action/src/install/my_action_interfaces/include/my_action_interfaces/my_action_interfaces/action
[2.636s] -- Installing: /home/ssu/robotics-practice/week/week03/my_action/src/install/my_action_interfaces/include/my_action_interfaces/my_action_interfaces/action/my_interfaces.h
[2.636s] -- Installing: /home/ssu/robotics-practice/week/week03/my_action/src/install/my_action_interfaces/include/my_action_interfaces/my_action_interfaces/action/detail
[2.636s] -- Installing: /home/ssu/robotics-practice/week/week03/my_action/src/install/my_action_interfaces/include/my_action_interfaces/my_action_interfaces/action/detail/my_interfaces__functions.c
[2.636s] -- Installing: /home/ssu/robotics-practice/week/week03/my_action/src/install/my_action_interfaces/include/my_action_interfaces/my_action_interfaces/action/detail/my_interfaces__functions.h
[2.636s] -- Installing: /home/ssu/robotics-practice/week/week03/my_action/src/install/my_action_interfaces/include/my_action_interfaces/my_action_interfaces/action/detail/my_interfaces__struct.h
[2.636s] -- Installing: /home/ssu/robotics-practice/week/week03/my_action/src/install/my_action_interfaces/include/my_action_interfaces/my_action_interfaces/action/detail/my_interfaces__type_support.h
[2.636s] -- Installing: /home/ssu/robotics-practice/week/week03/my_action/src/install/my_action_interfaces/include/my_action_interfaces/my_action_interfaces/action/detail/patrol_test__functions.c
[2.636s] -- Installing: /home/ssu/robotics-practice/week/week03/my_action/src/install/my_action_interfaces/include/my_action_interfaces/my_action_interfaces/action/detail/patrol_test__functions.h
[2.636s] -- Installing: /home/ssu/robotics-practice/week/week03/my_action/src/install/my_action_interfaces/include/my_action_interfaces/my_action_interfaces/action/detail/patrol_test__struct.h
[2.636s] -- Installing: /home/ssu/robotics-practice/week/week03/my_action/src/install/my_action_interfaces/include/my_action_interfaces/my_action_interfaces/action/detail/patrol_test__type_support.h
[2.636s] -- Installing: /home/ssu/robotics-practice/week/week03/my_action/src/install/my_action_interfaces/include/my_action_interfaces/my_action_interfaces/action/patrol_test.h
[2.636s] -- Installing: /home/ssu/robotics-practice/week/week03/my_action/src/install/my_action_interfaces/share/my_action_interfaces/environment/library_path.sh
[2.636s] -- Installing: /home/ssu/robotics-practice/week/week03/my_action/src/install/my_action_interfaces/share/my_action_interfaces/environment/library_path.dsv
[2.636s] -- Installing: /home/ssu/robotics-practice/week/week03/my_action/src/install/my_action_interfaces/lib/libmy_action_interfaces__rosidl_generator_c.so
[2.637s] -- Set runtime path of "/home/ssu/robotics-practice/week/week03/my_action/src/install/my_action_interfaces/lib/libmy_action_interfaces__rosidl_generator_c.so" to ""
[2.637s] -- Up-to-date: /home/ssu/robotics-practice/week/week03/my_action/src/install/my_action_interfaces/include/my_action_interfaces/my_action_interfaces
[2.637s] -- Up-to-date: /home/ssu/robotics-practice/week/week03/my_action/src/install/my_action_interfaces/include/my_action_interfaces/my_action_interfaces/msg
[2.637s] -- Installing: /home/ssu/robotics-practice/week/week03/my_action/src/install/my_action_interfaces/include/my_action_interfaces/my_action_interfaces/msg/rosidl_typesupport_fastrtps_c__visibility_control.h
[2.637s] -- Up-to-date: /home/ssu/robotics-practice/week/week03/my_action/src/install/my_action_interfaces/include/my_action_interfaces/my_action_interfaces/action
[2.637s] -- Up-to-date: /home/ssu/robotics-practice/week/week03/my_action/src/install/my_action_interfaces/include/my_action_interfaces/my_action_interfaces/action/detail
[2.637s] -- Installing: /home/ssu/robotics-practice/week/week03/my_action/src/install/my_action_interfaces/include/my_action_interfaces/my_action_interfaces/action/detail/my_interfaces__rosidl_typesupport_fastrtps_c.h
[2.637s] -- Installing: /home/ssu/robotics-practice/week/week03/my_action/src/install/my_action_interfaces/include/my_action_interfaces/my_action_interfaces/action/detail/patrol_test__rosidl_typesupport_fastrtps_c.h
[2.637s] -- Installing: /home/ssu/robotics-practice/week/week03/my_action/src/install/my_action_interfaces/lib/libmy_action_interfaces__rosidl_typesupport_fastrtps_c.so
[2.638s] -- Set runtime path of "/home/ssu/robotics-practice/week/week03/my_action/src/install/my_action_interfaces/lib/libmy_action_interfaces__rosidl_typesupport_fastrtps_c.so" to ""
[2.638s] -- Up-to-date: /home/ssu/robotics-practice/week/week03/my_action/src/install/my_action_interfaces/include/my_action_interfaces/my_action_interfaces
[2.638s] -- Up-to-date: /home/ssu/robotics-practice/week/week03/my_action/src/install/my_action_interfaces/include/my_action_interfaces/my_action_interfaces/msg
[2.638s] -- Installing: /home/ssu/robotics-practice/week/week03/my_action/src/install/my_action_interfaces/include/my_action_interfaces/my_action_interfaces/msg/rosidl_typesupport_introspection_c__visibility_control.h
[2.638s] -- Up-to-date: /home/ssu/robotics-practice/week/week03/my_action/src/install/my_action_interfaces/include/my_action_interfaces/my_action_interfaces/action
[2.638s] -- Up-to-date: /home/ssu/robotics-practice/week/week03/my_action/src/install/my_action_interfaces/include/my_action_interfaces/my_action_interfaces/action/detail
[2.638s] -- Installing: /home/ssu/robotics-practice/week/week03/my_action/src/install/my_action_interfaces/include/my_action_interfaces/my_action_interfaces/action/detail/my_interfaces__rosidl_typesupport_introspection_c.h
[2.638s] -- Installing: /home/ssu/robotics-practice/week/week03/my_action/src/install/my_action_interfaces/include/my_action_interfaces/my_action_interfaces/action/detail/my_interfaces__type_support.c
[2.638s] -- Installing: /home/ssu/robotics-practice/week/week03/my_action/src/install/my_action_interfaces/include/my_action_interfaces/my_action_interfaces/action/detail/patrol_test__rosidl_typesupport_introspection_c.h
[2.638s] -- Installing: /home/ssu/robotics-practice/week/week03/my_action/src/install/my_action_interfaces/include/my_action_interfaces/my_action_interfaces/action/detail/patrol_test__type_support.c
[2.638s] -- Installing: /home/ssu/robotics-practice/week/week03/my_action/src/install/my_action_interfaces/lib/libmy_action_interfaces__rosidl_typesupport_introspection_c.so
[2.639s] -- Set runtime path of "/home/ssu/robotics-practice/week/week03/my_action/src/install/my_action_interfaces/lib/libmy_action_interfaces__rosidl_typesupport_introspection_c.so" to ""
[2.639s] -- Installing: /home/ssu/robotics-practice/week/week03/my_action/src/install/my_action_interfaces/lib/libmy_action_interfaces__rosidl_typesupport_c.so
[2.639s] -- Set runtime path of "/home/ssu/robotics-practice/week/week03/my_action/src/install/my_action_interfaces/lib/libmy_action_interfaces__rosidl_typesupport_c.so" to ""
[2.639s] -- Up-to-date: /home/ssu/robotics-practice/week/week03/my_action/src/install/my_action_interfaces/include/my_action_interfaces/my_action_interfaces
[2.639s] -- Up-to-date: /home/ssu/robotics-practice/week/week03/my_action/src/install/my_action_interfaces/include/my_action_interfaces/my_action_interfaces/msg
[2.639s] -- Installing: /home/ssu/robotics-practice/week/week03/my_action/src/install/my_action_interfaces/include/my_action_interfaces/my_action_interfaces/msg/rosidl_generator_cpp__visibility_control.hpp
[2.639s] -- Up-to-date: /home/ssu/robotics-practice/week/week03/my_action/src/install/my_action_interfaces/include/my_action_interfaces/my_action_interfaces/action
[2.639s] -- Installing: /home/ssu/robotics-practice/week/week03/my_action/src/install/my_action_interfaces/include/my_action_interfaces/my_action_interfaces/action/my_interfaces.hpp
[2.639s] -- Up-to-date: /home/ssu/robotics-practice/week/week03/my_action/src/install/my_action_interfaces/include/my_action_interfaces/my_action_interfaces/action/detail
[2.639s] -- Installing: /home/ssu/robotics-practice/week/week03/my_action/src/install/my_action_interfaces/include/my_action_interfaces/my_action_interfaces/action/detail/my_interfaces__builder.hpp
[2.639s] -- Installing: /home/ssu/robotics-practice/week/week03/my_action/src/install/my_action_interfaces/include/my_action_interfaces/my_action_interfaces/action/detail/my_interfaces__struct.hpp
[2.639s] -- Installing: /home/ssu/robotics-practice/week/week03/my_action/src/install/my_action_interfaces/include/my_action_interfaces/my_action_interfaces/action/detail/my_interfaces__traits.hpp
[2.639s] -- Installing: /home/ssu/robotics-practice/week/week03/my_action/src/install/my_action_interfaces/include/my_action_interfaces/my_action_interfaces/action/detail/my_interfaces__type_support.hpp
[2.639s] -- Installing: /home/ssu/robotics-practice/week/week03/my_action/src/install/my_action_interfaces/include/my_action_interfaces/my_action_interfaces/action/detail/patrol_test__builder.hpp
[2.639s] -- Installing: /home/ssu/robotics-practice/week/week03/my_action/src/install/my_action_interfaces/include/my_action_interfaces/my_action_interfaces/action/detail/patrol_test__struct.hpp
[2.639s] -- Installing: /home/ssu/robotics-practice/week/week03/my_action/src/install/my_action_interfaces/include/my_action_interfaces/my_action_interfaces/action/detail/patrol_test__traits.hpp
[2.639s] -- Installing: /home/ssu/robotics-practice/week/week03/my_action/src/install/my_action_interfaces/include/my_action_interfaces/my_action_interfaces/action/detail/patrol_test__type_support.hpp
[2.640s] -- Installing: /home/ssu/robotics-practice/week/week03/my_action/src/install/my_action_interfaces/include/my_action_interfaces/my_action_interfaces/action/patrol_test.hpp
[2.640s] -- Up-to-date: /home/ssu/robotics-practice/week/week03/my_action/src/install/my_action_interfaces/include/my_action_interfaces/my_action_interfaces
[2.640s] -- Up-to-date: /home/ssu/robotics-practice/week/week03/my_action/src/install/my_action_interfaces/include/my_action_interfaces/my_action_interfaces/msg
[2.640s] -- Installing: /home/ssu/robotics-practice/week/week03/my_action/src/install/my_action_interfaces/include/my_action_interfaces/my_action_interfaces/msg/rosidl_typesupport_fastrtps_cpp__visibility_control.h
[2.640s] -- Up-to-date: /home/ssu/robotics-practice/week/week03/my_action/src/install/my_action_interfaces/include/my_action_interfaces/my_action_interfaces/action
[2.640s] -- Up-to-date: /home/ssu/robotics-practice/week/week03/my_action/src/install/my_action_interfaces/include/my_action_interfaces/my_action_interfaces/action/detail
[2.640s] -- Installing: /home/ssu/robotics-practice/week/week03/my_action/src/install/my_action_interfaces/include/my_action_interfaces/my_action_interfaces/action/detail/my_interfaces__rosidl_typesupport_fastrtps_cpp.hpp
[2.640s] -- Installing: /home/ssu/robotics-practice/week/week03/my_action/src/install/my_action_interfaces/include/my_action_interfaces/my_action_interfaces/action/detail/dds_fastrtps
[2.640s] -- Installing: /home/ssu/robotics-practice/week/week03/my_action/src/install/my_action_interfaces/include/my_action_interfaces/my_action_interfaces/action/detail/patrol_test__rosidl_typesupport_fastrtps_cpp.hpp
[2.640s] -- Installing: /home/ssu/robotics-practice/week/week03/my_action/src/install/my_action_interfaces/lib/libmy_action_interfaces__rosidl_typesupport_fastrtps_cpp.so
[2.640s] -- Set runtime path of "/home/ssu/robotics-practice/week/week03/my_action/src/install/my_action_interfaces/lib/libmy_action_interfaces__rosidl_typesupport_fastrtps_cpp.so" to ""
[2.640s] -- Up-to-date: /home/ssu/robotics-practice/week/week03/my_action/src/install/my_action_interfaces/include/my_action_interfaces/my_action_interfaces
[2.640s] -- Up-to-date: /home/ssu/robotics-practice/week/week03/my_action/src/install/my_action_interfaces/include/my_action_interfaces/my_action_interfaces/action
[2.640s] -- Up-to-date: /home/ssu/robotics-practice/week/week03/my_action/src/install/my_action_interfaces/include/my_action_interfaces/my_action_interfaces/action/detail
[2.640s] -- Installing: /home/ssu/robotics-practice/week/week03/my_action/src/install/my_action_interfaces/include/my_action_interfaces/my_action_interfaces/action/detail/my_interfaces__rosidl_typesupport_introspection_cpp.hpp
[2.640s] -- Installing: /home/ssu/robotics-practice/week/week03/my_action/src/install/my_action_interfaces/include/my_action_interfaces/my_action_interfaces/action/detail/my_interfaces__type_support.cpp
[2.640s] -- Installing: /home/ssu/robotics-practice/week/week03/my_action/src/install/my_action_interfaces/include/my_action_interfaces/my_action_interfaces/action/detail/patrol_test__rosidl_typesupport_introspection_cpp.hpp
[2.641s] -- Installing: /home/ssu/robotics-practice/week/week03/my_action/src/install/my_action_interfaces/include/my_action_interfaces/my_action_interfaces/action/detail/patrol_test__type_support.cpp
[2.641s] -- Installing: /home/ssu/robotics-practice/week/week03/my_action/src/install/my_action_interfaces/lib/libmy_action_interfaces__rosidl_typesupport_introspection_cpp.so
[2.641s] -- Set runtime path of "/home/ssu/robotics-practice/week/week03/my_action/src/install/my_action_interfaces/lib/libmy_action_interfaces__rosidl_typesupport_introspection_cpp.so" to ""
[2.641s] -- Installing: /home/ssu/robotics-practice/week/week03/my_action/src/install/my_action_interfaces/lib/libmy_action_interfaces__rosidl_typesupport_cpp.so
[2.641s] -- Set runtime path of "/home/ssu/robotics-practice/week/week03/my_action/src/install/my_action_interfaces/lib/libmy_action_interfaces__rosidl_typesupport_cpp.so" to ""
[2.641s] -- Installing: /home/ssu/robotics-practice/week/week03/my_action/src/install/my_action_interfaces/share/my_action_interfaces/environment/pythonpath.sh
[2.642s] -- Installing: /home/ssu/robotics-practice/week/week03/my_action/src/install/my_action_interfaces/share/my_action_interfaces/environment/pythonpath.dsv
[2.642s] -- Installing: /home/ssu/robotics-practice/week/week03/my_action/src/install/my_action_interfaces/local/lib/python3.10/dist-packages/my_action_interfaces-0.0.0-py3.10.egg-info
[2.642s] -- Installing: /home/ssu/robotics-practice/week/week03/my_action/src/install/my_action_interfaces/local/lib/python3.10/dist-packages/my_action_interfaces-0.0.0-py3.10.egg-info/PKG-INFO
[2.642s] -- Installing: /home/ssu/robotics-practice/week/week03/my_action/src/install/my_action_interfaces/local/lib/python3.10/dist-packages/my_action_interfaces-0.0.0-py3.10.egg-info/dependency_links.txt
[2.642s] -- Installing: /home/ssu/robotics-practice/week/week03/my_action/src/install/my_action_interfaces/local/lib/python3.10/dist-packages/my_action_interfaces-0.0.0-py3.10.egg-info/top_level.txt
[2.642s] -- Installing: /home/ssu/robotics-practice/week/week03/my_action/src/install/my_action_interfaces/local/lib/python3.10/dist-packages/my_action_interfaces-0.0.0-py3.10.egg-info/SOURCES.txt
[2.642s] -- Installing: /home/ssu/robotics-practice/week/week03/my_action/src/install/my_action_interfaces/local/lib/python3.10/dist-packages/my_action_interfaces
[2.642s] -- Installing: /home/ssu/robotics-practice/week/week03/my_action/src/install/my_action_interfaces/local/lib/python3.10/dist-packages/my_action_interfaces/__init__.py
[2.642s] -- Installing: /home/ssu/robotics-practice/week/week03/my_action/src/install/my_action_interfaces/local/lib/python3.10/dist-packages/my_action_interfaces/action
[2.642s] -- Installing: /home/ssu/robotics-practice/week/week03/my_action/src/install/my_action_interfaces/local/lib/python3.10/dist-packages/my_action_interfaces/action/_my_interfaces.py
[2.642s] -- Installing: /home/ssu/robotics-practice/week/week03/my_action/src/install/my_action_interfaces/local/lib/python3.10/dist-packages/my_action_interfaces/action/_my_interfaces_s.c
[2.642s] -- Installing: /home/ssu/robotics-practice/week/week03/my_action/src/install/my_action_interfaces/local/lib/python3.10/dist-packages/my_action_interfaces/action/_patrol_test.py
[2.642s] -- Installing: /home/ssu/robotics-practice/week/week03/my_action/src/install/my_action_interfaces/local/lib/python3.10/dist-packages/my_action_interfaces/action/_patrol_test_s.c
[2.642s] -- Installing: /home/ssu/robotics-practice/week/week03/my_action/src/install/my_action_interfaces/local/lib/python3.10/dist-packages/my_action_interfaces/action/__init__.py
[2.642s] -- Installing: /home/ssu/robotics-practice/week/week03/my_action/src/install/my_action_interfaces/local/lib/python3.10/dist-packages/my_action_interfaces/_my_action_interfaces_s.ep.rosidl_typesupport_fastrtps_c.c
[2.642s] -- Installing: /home/ssu/robotics-practice/week/week03/my_action/src/install/my_action_interfaces/local/lib/python3.10/dist-packages/my_action_interfaces/_my_action_interfaces_s.ep.rosidl_typesupport_introspection_c.c
[2.642s] -- Installing: /home/ssu/robotics-practice/week/week03/my_action/src/install/my_action_interfaces/local/lib/python3.10/dist-packages/my_action_interfaces/_my_action_interfaces_s.ep.rosidl_typesupport_c.c
[2.642s] -- Installing: /home/ssu/robotics-practice/week/week03/my_action/src/install/my_action_interfaces/local/lib/python3.10/dist-packages/my_action_interfaces/libmy_action_interfaces__rosidl_generator_py.so
[2.642s] -- Installing: /home/ssu/robotics-practice/week/week03/my_action/src/install/my_action_interfaces/local/lib/python3.10/dist-packages/my_action_interfaces/my_action_interfaces_s__rosidl_typesupport_fastrtps_c.cpython-310-x86_64-linux-gnu.so
[2.642s] -- Installing: /home/ssu/robotics-practice/week/week03/my_action/src/install/my_action_interfaces/local/lib/python3.10/dist-packages/my_action_interfaces/my_action_interfaces_s__rosidl_typesupport_c.cpython-310-x86_64-linux-gnu.so
[2.642s] -- Installing: /home/ssu/robotics-practice/week/week03/my_action/src/install/my_action_interfaces/local/lib/python3.10/dist-packages/my_action_interfaces/my_action_interfaces_s__rosidl_typesupport_introspection_c.cpython-310-x86_64-linux-gnu.so
[2.668s] Listing '/home/ssu/robotics-practice/week/week03/my_action/src/install/my_action_interfaces/local/lib/python3.10/dist-packages/my_action_interfaces'...
[2.668s] Compiling '/home/ssu/robotics-practice/week/week03/my_action/src/install/my_action_interfaces/local/lib/python3.10/dist-packages/my_action_interfaces/__init__.py'...
[2.668s] Listing '/home/ssu/robotics-practice/week/week03/my_action/src/install/my_action_interfaces/local/lib/python3.10/dist-packages/my_action_interfaces/action'...
[2.668s] Compiling '/home/ssu/robotics-practice/week/week03/my_action/src/install/my_action_interfaces/local/lib/python3.10/dist-packages/my_action_interfaces/action/__init__.py'...
[2.668s] Compiling '/home/ssu/robotics-practice/week/week03/my_action/src/install/my_action_interfaces/local/lib/python3.10/dist-packages/my_action_interfaces/action/_my_interfaces.py'...
[2.668s] Compiling '/home/ssu/robotics-practice/week/week03/my_action/src/install/my_action_interfaces/local/lib/python3.10/dist-packages/my_action_interfaces/action/_patrol_test.py'...
[2.670s] -- Installing: /home/ssu/robotics-practice/week/week03/my_action/src/install/my_action_interfaces/local/lib/python3.10/dist-packages/my_action_interfaces/my_action_interfaces_s__rosidl_typesupport_fastrtps_c.cpython-310-x86_64-linux-gnu.so
[2.670s] -- Set runtime path of "/home/ssu/robotics-practice/week/week03/my_action/src/install/my_action_interfaces/local/lib/python3.10/dist-packages/my_action_interfaces/my_action_interfaces_s__rosidl_typesupport_fastrtps_c.cpython-310-x86_64-linux-gnu.so" to ""
[2.671s] -- Installing: /home/ssu/robotics-practice/week/week03/my_action/src/install/my_action_interfaces/local/lib/python3.10/dist-packages/my_action_interfaces/my_action_interfaces_s__rosidl_typesupport_introspection_c.cpython-310-x86_64-linux-gnu.so
[2.671s] -- Set runtime path of "/home/ssu/robotics-practice/week/week03/my_action/src/install/my_action_interfaces/local/lib/python3.10/dist-packages/my_action_interfaces/my_action_interfaces_s__rosidl_typesupport_introspection_c.cpython-310-x86_64-linux-gnu.so" to ""
[2.671s] -- Installing: /home/ssu/robotics-practice/week/week03/my_action/src/install/my_action_interfaces/local/lib/python3.10/dist-packages/my_action_interfaces/my_action_interfaces_s__rosidl_typesupport_c.cpython-310-x86_64-linux-gnu.so
[2.671s] -- Set runtime path of "/home/ssu/robotics-practice/week/week03/my_action/src/install/my_action_interfaces/local/lib/python3.10/dist-packages/my_action_interfaces/my_action_interfaces_s__rosidl_typesupport_c.cpython-310-x86_64-linux-gnu.so" to ""
[2.672s] -- Installing: /home/ssu/robotics-practice/week/week03/my_action/src/install/my_action_interfaces/lib/libmy_action_interfaces__rosidl_generator_py.so
[2.672s] -- Set runtime path of "/home/ssu/robotics-practice/week/week03/my_action/src/install/my_action_interfaces/lib/libmy_action_interfaces__rosidl_generator_py.so" to ""
[2.672s] -- Installing: /home/ssu/robotics-practice/week/week03/my_action/src/install/my_action_interfaces/share/my_action_interfaces/action/MyInterfaces.idl
[2.672s] -- Installing: /home/ssu/robotics-practice/week/week03/my_action/src/install/my_action_interfaces/share/my_action_interfaces/action/PatrolTest.idl
[2.672s] -- Installing: /home/ssu/robotics-practice/week/week03/my_action/src/install/my_action_interfaces/share/my_action_interfaces/action/MyInterfaces.action
[2.672s] -- Installing: /home/ssu/robotics-practice/week/week03/my_action/src/install/my_action_interfaces/share/my_action_interfaces/action/PatrolTest.action
[2.672s] -- Installing: /home/ssu/robotics-practice/week/week03/my_action/src/install/my_action_interfaces/share/ament_index/resource_index/package_run_dependencies/my_action_interfaces
[2.672s] -- Installing: /home/ssu/robotics-practice/week/week03/my_action/src/install/my_action_interfaces/share/ament_index/resource_index/parent_prefix_path/my_action_interfaces
[2.672s] -- Installing: /home/ssu/robotics-practice/week/week03/my_action/src/install/my_action_interfaces/share/my_action_interfaces/environment/ament_prefix_path.sh
[2.672s] -- Installing: /home/ssu/robotics-practice/week/week03/my_action/src/install/my_action_interfaces/share/my_action_interfaces/environment/ament_prefix_path.dsv
[2.672s] -- Installing: /home/ssu/robotics-practice/week/week03/my_action/src/install/my_action_interfaces/share/my_action_interfaces/environment/path.sh
[2.672s] -- Installing: /home/ssu/robotics-practice/week/week03/my_action/src/install/my_action_interfaces/share/my_action_interfaces/environment/path.dsv
[2.672s] -- Installing: /home/ssu/robotics-practice/week/week03/my_action/src/install/my_action_interfaces/share/my_action_interfaces/local_setup.bash
[2.672s] -- Installing: /home/ssu/robotics-practice/week/week03/my_action/src/install/my_action_interfaces/share/my_action_interfaces/local_setup.sh
[2.672s] -- Installing: /home/ssu/robotics-practice/week/week03/my_action/src/install/my_action_interfaces/share/my_action_interfaces/local_setup.zsh
[2.672s] -- Installing: /home/ssu/robotics-practice/week/week03/my_action/src/install/my_action_interfaces/share/my_action_interfaces/local_setup.dsv
[2.672s] -- Installing: /home/ssu/robotics-practice/week/week03/my_action/src/install/my_action_interfaces/share/my_action_interfaces/package.dsv
[2.673s] -- Installing: /home/ssu/robotics-practice/week/week03/my_action/src/install/my_action_interfaces/share/ament_index/resource_index/packages/my_action_interfaces
[2.673s] -- Installing: /home/ssu/robotics-practice/week/week03/my_action/src/install/my_action_interfaces/share/my_action_interfaces/cmake/export_my_action_interfaces__rosidl_generator_cExport.cmake
[2.673s] -- Installing: /home/ssu/robotics-practice/week/week03/my_action/src/install/my_action_interfaces/share/my_action_interfaces/cmake/export_my_action_interfaces__rosidl_generator_cExport-noconfig.cmake
[2.673s] -- Installing: /home/ssu/robotics-practice/week/week03/my_action/src/install/my_action_interfaces/share/my_action_interfaces/cmake/export_my_action_interfaces__rosidl_typesupport_fastrtps_cExport.cmake
[2.673s] -- Installing: /home/ssu/robotics-practice/week/week03/my_action/src/install/my_action_interfaces/share/my_action_interfaces/cmake/export_my_action_interfaces__rosidl_typesupport_fastrtps_cExport-noconfig.cmake
[2.673s] -- Installing: /home/ssu/robotics-practice/week/week03/my_action/src/install/my_action_interfaces/share/my_action_interfaces/cmake/my_action_interfaces__rosidl_typesupport_introspection_cExport.cmake
[2.673s] -- Installing: /home/ssu/robotics-practice/week/week03/my_action/src/install/my_action_interfaces/share/my_action_interfaces/cmake/my_action_interfaces__rosidl_typesupport_introspection_cExport-noconfig.cmake
[2.673s] -- Installing: /home/ssu/robotics-practice/week/week03/my_action/src/install/my_action_interfaces/share/my_action_interfaces/cmake/my_action_interfaces__rosidl_typesupport_cExport.cmake
[2.673s] -- Installing: /home/ssu/robotics-practice/week/week03/my_action/src/install/my_action_interfaces/share/my_action_interfaces/cmake/my_action_interfaces__rosidl_typesupport_cExport-noconfig.cmake
[2.673s] -- Installing: /home/ssu/robotics-practice/week/week03/my_action/src/install/my_action_interfaces/share/my_action_interfaces/cmake/export_my_action_interfaces__rosidl_generator_cppExport.cmake
[2.673s] -- Installing: /home/ssu/robotics-practice/week/week03/my_action/src/install/my_action_interfaces/share/my_action_interfaces/cmake/export_my_action_interfaces__rosidl_typesupport_fastrtps_cppExport.cmake
[2.673s] -- Installing: /home/ssu/robotics-practice/week/week03/my_action/src/install/my_action_interfaces/share/my_action_interfaces/cmake/export_my_action_interfaces__rosidl_typesupport_fastrtps_cppExport-noconfig.cmake
[2.673s] -- Installing: /home/ssu/robotics-practice/week/week03/my_action/src/install/my_action_interfaces/share/my_action_interfaces/cmake/my_action_interfaces__rosidl_typesupport_introspection_cppExport.cmake
[2.673s] -- Installing: /home/ssu/robotics-practice/week/week03/my_action/src/install/my_action_interfaces/share/my_action_interfaces/cmake/my_action_interfaces__rosidl_typesupport_introspection_cppExport-noconfig.cmake
[2.673s] -- Installing: /home/ssu/robotics-practice/week/week03/my_action/src/install/my_action_interfaces/share/my_action_interfaces/cmake/my_action_interfaces__rosidl_typesupport_cppExport.cmake
[2.673s] -- Installing: /home/ssu/robotics-practice/week/week03/my_action/src/install/my_action_interfaces/share/my_action_interfaces/cmake/my_action_interfaces__rosidl_typesupport_cppExport-noconfig.cmake
[2.673s] -- Installing: /home/ssu/robotics-practice/week/week03/my_action/src/install/my_action_interfaces/share/my_action_interfaces/cmake/export_my_action_interfaces__rosidl_generator_pyExport.cmake
[2.673s] -- Installing: /home/ssu/robotics-practice/week/week03/my_action/src/install/my_action_interfaces/share/my_action_interfaces/cmake/export_my_action_interfaces__rosidl_generator_pyExport-noconfig.cmake
[2.674s] -- Installing: /home/ssu/robotics-practice/week/week03/my_action/src/install/my_action_interfaces/share/my_action_interfaces/cmake/rosidl_cmake-extras.cmake
[2.674s] -- Installing: /home/ssu/robotics-practice/week/week03/my_action/src/install/my_action_interfaces/share/my_action_interfaces/cmake/ament_cmake_export_dependencies-extras.cmake
[2.674s] -- Installing: /home/ssu/robotics-practice/week/week03/my_action/src/install/my_action_interfaces/share/my_action_interfaces/cmake/ament_cmake_export_include_directories-extras.cmake
[2.674s] -- Installing: /home/ssu/robotics-practice/week/week03/my_action/src/install/my_action_interfaces/share/my_action_interfaces/cmake/ament_cmake_export_libraries-extras.cmake
[2.674s] -- Installing: /home/ssu/robotics-practice/week/week03/my_action/src/install/my_action_interfaces/share/my_action_interfaces/cmake/ament_cmake_export_targets-extras.cmake
[2.674s] -- Installing: /home/ssu/robotics-practice/week/week03/my_action/src/install/my_action_interfaces/share/my_action_interfaces/cmake/rosidl_cmake_export_typesupport_targets-extras.cmake
[2.674s] -- Installing: /home/ssu/robotics-practice/week/week03/my_action/src/install/my_action_interfaces/share/my_action_interfaces/cmake/rosidl_cmake_export_typesupport_libraries-extras.cmake
[2.674s] -- Installing: /home/ssu/robotics-practice/week/week03/my_action/src/install/my_action_interfaces/share/my_action_interfaces/cmake/my_action_interfacesConfig.cmake
[2.674s] -- Installing: /home/ssu/robotics-practice/week/week03/my_action/src/install/my_action_interfaces/share/my_action_interfaces/cmake/my_action_interfacesConfig-version.cmake
[2.674s] -- Installing: /home/ssu/robotics-practice/week/week03/my_action/src/install/my_action_interfaces/share/my_action_interfaces/package.xml
[2.675s] Invoked command in '/home/ssu/robotics-practice/week/week03/my_action/src/build/my_action_interfaces' returned '0': CMAKE_PREFIX_PATH=${CMAKE_PREFIX_PATH}:/home/ssu/robotics-practice/week/week02/svc_ws/install/smart_shop_nodes:/opt/ros/humble /usr/bin/cmake --install /home/ssu/robotics-practice/week/week03/my_action/src/build/my_action_interfaces
