-- Found ament_cmake: 1.3.13 (/opt/ros/humble/share/ament_cmake/cmake)
-- Found rosidl_default_generators: 1.2.0 (/opt/ros/humble/share/rosidl_default_generators/cmake)
-- Using all available rosidl_typesupport_c: rosidl_typesupport_fastrtps_c;rosidl_typesupport_introspection_c
-- Found rosidl_adapter: 3.1.8 (/opt/ros/humble/share/rosidl_adapter/cmake)
-- Using all available rosidl_typesupport_cpp: rosidl_typesupport_fastrtps_cpp;rosidl_typesupport_introspection_cpp
-- Found ament_cmake_ros: 0.10.0 (/opt/ros/humble/share/ament_cmake_ros/cmake)
-- Using all available rosidl_typesupport_c: rosidl_typesupport_fastrtps_c;rosidl_typesupport_introspection_c
-- Using all available rosidl_typesupport_cpp: rosidl_typesupport_fastrtps_cpp;rosidl_typesupport_introspection_cpp
-- Found python_cmake_module: 0.10.0 (/opt/ros/humble/share/python_cmake_module/cmake)
-- Using PYTHON_EXECUTABLE: /usr/bin/python3
-- Using PYTHON_INCLUDE_DIRS: /usr/include/python3.10
-- Using PYTHON_LIBRARIES: /usr/lib/x86_64-linux-gnu/libpython3.10.so
-- Found ament_lint_auto: 0.12.15 (/opt/ros/humble/share/ament_lint_auto/cmake)
-- Added test 'lint_cmake' to check CMake code style
-- Added test 'xmllint' to check XML markup files
-- Configuring done
-- Generating done
-- Build files have been written to: /home/ssu/robotics-practice/week/week02/svc_ws/build/smart_shop_interfaces
[  1%] [34m[1mGenerating C code for ROS interfaces[0m
[  3%] [34m[1mGenerating C++ code for ROS interfaces[0m
[  3%] Built target ament_cmake_python_copy_smart_shop_interfaces
running egg_info
writing smart_shop_interfaces.egg-info/PKG-INFO
writing dependency_links to smart_shop_interfaces.egg-info/dependency_links.txt
writing top-level names to smart_shop_interfaces.egg-info/top_level.txt
reading manifest file 'smart_shop_interfaces.egg-info/SOURCES.txt'
writing manifest file 'smart_shop_interfaces.egg-info/SOURCES.txt'
[  3%] Built target ament_cmake_python_build_smart_shop_interfaces_egg
[35m[1mConsolidate compiler generated dependencies of target smart_shop_interfaces__rosidl_generator_c[0m
[  9%] [32mBuilding C object CMakeFiles/smart_shop_interfaces__rosidl_generator_c.dir/rosidl_generator_c/smart_shop_interfaces/srv/detail/check_stock__functions.c.o[0m
[  9%] [32mBuilding C object CMakeFiles/smart_shop_interfaces__rosidl_generator_c.dir/rosidl_generator_c/smart_shop_interfaces/srv/detail/authorize_payment__functions.c.o[0m
[  9%] [32mBuilding C object CMakeFiles/smart_shop_interfaces__rosidl_generator_c.dir/rosidl_generator_c/smart_shop_interfaces/srv/detail/place_order__functions.c.o[0m
[ 10%] [32mBuilding C object CMakeFiles/smart_shop_interfaces__rosidl_generator_c.dir/rosidl_generator_c/smart_shop_interfaces/srv/detail/discount_apply__functions.c.o[0m
[ 10%] Built target smart_shop_interfaces__cpp
[ 12%] [34m[1mGenerating C++ type support for eProsima Fast-RTPS[0m
[ 14%] [34m[1mGenerating C++ type support dispatch for ROS interfaces[0m
[ 16%] [34m[1mGenerating C++ introspection for ROS interfaces[0m
[ 18%] [32m[1mLinking C shared library libsmart_shop_interfaces__rosidl_generator_c.so[0m
[ 18%] Built target smart_shop_interfaces__rosidl_generator_c
[ 20%] [34m[1mGenerating C introspection for ROS interfaces[0m
[ 23%] [34m[1mGenerating C type support for eProsima Fast-RTPS[0m
[ 23%] [34m[1mGenerating C type support dispatch for ROS interfaces[0m
[35m[1mConsolidate compiler generated dependencies of target smart_shop_interfaces__rosidl_typesupport_cpp[0m
[ 29%] [32mBuilding CXX object CMakeFiles/smart_shop_interfaces__rosidl_typesupport_cpp.dir/rosidl_typesupport_cpp/smart_shop_interfaces/srv/check_stock__type_support.cpp.o[0m
[ 29%] [32mBuilding CXX object CMakeFiles/smart_shop_interfaces__rosidl_typesupport_cpp.dir/rosidl_typesupport_cpp/smart_shop_interfaces/srv/discount_apply__type_support.cpp.o[0m
[ 29%] [32mBuilding CXX object CMakeFiles/smart_shop_interfaces__rosidl_typesupport_cpp.dir/rosidl_typesupport_cpp/smart_shop_interfaces/srv/authorize_payment__type_support.cpp.o[0m
[ 30%] [32mBuilding CXX object CMakeFiles/smart_shop_interfaces__rosidl_typesupport_cpp.dir/rosidl_typesupport_cpp/smart_shop_interfaces/srv/place_order__type_support.cpp.o[0m
[35m[1mConsolidate compiler generated dependencies of target smart_shop_interfaces__rosidl_typesupport_introspection_cpp[0m
[ 38%] [32mBuilding CXX object CMakeFiles/smart_shop_interfaces__rosidl_typesupport_introspection_cpp.dir/rosidl_typesupport_introspection_cpp/smart_shop_interfaces/srv/detail/discount_apply__type_support.cpp.o[0m
[ 38%] [32mBuilding CXX object CMakeFiles/smart_shop_interfaces__rosidl_typesupport_introspection_cpp.dir/rosidl_typesupport_introspection_cpp/smart_shop_interfaces/srv/detail/place_order__type_support.cpp.o[0m
[ 38%] [32mBuilding CXX object CMakeFiles/smart_shop_interfaces__rosidl_typesupport_introspection_cpp.dir/rosidl_typesupport_introspection_cpp/smart_shop_interfaces/srv/detail/check_stock__type_support.cpp.o[0m
[ 38%] [32mBuilding CXX object CMakeFiles/smart_shop_interfaces__rosidl_typesupport_introspection_cpp.dir/rosidl_typesupport_introspection_cpp/smart_shop_interfaces/srv/detail/authorize_payment__type_support.cpp.o[0m
[35m[1mConsolidate compiler generated dependencies of target smart_shop_interfaces__rosidl_typesupport_c[0m
[35m[1mConsolidate compiler generated dependencies of target smart_shop_interfaces__rosidl_typesupport_fastrtps_cpp[0m
[ 43%] [32mBuilding CXX object CMakeFiles/smart_shop_interfaces__rosidl_typesupport_c.dir/rosidl_typesupport_c/smart_shop_interfaces/srv/place_order__type_support.cpp.o[0m
[ 43%] [32mBuilding CXX object CMakeFiles/smart_shop_interfaces__rosidl_typesupport_c.dir/rosidl_typesupport_c/smart_shop_interfaces/srv/authorize_payment__type_support.cpp.o[0m
[ 43%] [32mBuilding CXX object CMakeFiles/smart_shop_interfaces__rosidl_typesupport_c.dir/rosidl_typesupport_c/smart_shop_interfaces/srv/check_stock__type_support.cpp.o[0m
[ 45%] [32mBuilding CXX object CMakeFiles/smart_shop_interfaces__rosidl_typesupport_fastrtps_cpp.dir/rosidl_typesupport_fastrtps_cpp/smart_shop_interfaces/srv/detail/dds_fastrtps/check_stock__type_support.cpp.o[0m
[ 47%] [32mBuilding CXX object CMakeFiles/smart_shop_interfaces__rosidl_typesupport_c.dir/rosidl_typesupport_c/smart_shop_interfaces/srv/discount_apply__type_support.cpp.o[0m
[ 49%] [32mBuilding CXX object CMakeFiles/smart_shop_interfaces__rosidl_typesupport_fastrtps_cpp.dir/rosidl_typesupport_fastrtps_cpp/smart_shop_interfaces/srv/detail/dds_fastrtps/authorize_payment__type_support.cpp.o[0m
[ 50%] [32mBuilding CXX object CMakeFiles/smart_shop_interfaces__rosidl_typesupport_fastrtps_cpp.dir/rosidl_typesupport_fastrtps_cpp/smart_shop_interfaces/srv/detail/dds_fastrtps/place_order__type_support.cpp.o[0m
[ 52%] [32m[1mLinking CXX shared library libsmart_shop_interfaces__rosidl_typesupport_c.so[0m
[35m[1mConsolidate compiler generated dependencies of target smart_shop_interfaces__rosidl_typesupport_introspection_c[0m
[35m[1mConsolidate compiler generated dependencies of target smart_shop_interfaces__rosidl_typesupport_fastrtps_c[0m
[ 54%] [32mBuilding C object CMakeFiles/smart_shop_interfaces__rosidl_typesupport_introspection_c.dir/rosidl_typesupport_introspection_c/smart_shop_interfaces/srv/detail/check_stock__type_support.c.o[0m
[ 58%] [32mBuilding CXX object CMakeFiles/smart_shop_interfaces__rosidl_typesupport_fastrtps_c.dir/rosidl_typesupport_fastrtps_c/smart_shop_interfaces/srv/detail/check_stock__type_support_c.cpp.o[0m
[ 58%] [32mBuilding CXX object CMakeFiles/smart_shop_interfaces__rosidl_typesupport_fastrtps_cpp.dir/rosidl_typesupport_fastrtps_cpp/smart_shop_interfaces/srv/detail/dds_fastrtps/discount_apply__type_support.cpp.o[0m
[ 60%] [32mBuilding C object CMakeFiles/smart_shop_interfaces__rosidl_typesupport_introspection_c.dir/rosidl_typesupport_introspection_c/smart_shop_interfaces/srv/detail/authorize_payment__type_support.c.o[0m
[ 60%] Built target smart_shop_interfaces__rosidl_typesupport_c
[ 61%] [32mBuilding C object CMakeFiles/smart_shop_interfaces__rosidl_typesupport_introspection_c.dir/rosidl_typesupport_introspection_c/smart_shop_interfaces/srv/detail/place_order__type_support.c.o[0m
[ 63%] [32mBuilding CXX object CMakeFiles/smart_shop_interfaces__rosidl_typesupport_fastrtps_c.dir/rosidl_typesupport_fastrtps_c/smart_shop_interfaces/srv/detail/authorize_payment__type_support_c.cpp.o[0m
[ 65%] [32mBuilding C object CMakeFiles/smart_shop_interfaces__rosidl_typesupport_introspection_c.dir/rosidl_typesupport_introspection_c/smart_shop_interfaces/srv/detail/discount_apply__type_support.c.o[0m
[ 69%] [32mBuilding CXX object CMakeFiles/smart_shop_interfaces__rosidl_typesupport_fastrtps_c.dir/rosidl_typesupport_fastrtps_c/smart_shop_interfaces/srv/detail/place_order__type_support_c.cpp.o[0m
[ 69%] [32m[1mLinking CXX shared library libsmart_shop_interfaces__rosidl_typesupport_cpp.so[0m
[ 70%] [32mBuilding CXX object CMakeFiles/smart_shop_interfaces__rosidl_typesupport_fastrtps_c.dir/rosidl_typesupport_fastrtps_c/smart_shop_interfaces/srv/detail/discount_apply__type_support_c.cpp.o[0m
[ 72%] [32m[1mLinking C shared library libsmart_shop_interfaces__rosidl_typesupport_introspection_c.so[0m
[ 72%] Built target smart_shop_interfaces__rosidl_typesupport_cpp
[ 72%] Built target smart_shop_interfaces__rosidl_typesupport_introspection_c
[ 74%] [32m[1mLinking CXX shared library libsmart_shop_interfaces__rosidl_typesupport_introspection_cpp.so[0m
[ 74%] Built target smart_shop_interfaces__rosidl_typesupport_introspection_cpp
[ 76%] [32m[1mLinking CXX shared library libsmart_shop_interfaces__rosidl_typesupport_fastrtps_cpp.so[0m
[ 78%] [32m[1mLinking CXX shared library libsmart_shop_interfaces__rosidl_typesupport_fastrtps_c.so[0m
[ 78%] Built target smart_shop_interfaces__rosidl_typesupport_fastrtps_cpp
[ 78%] Built target smart_shop_interfaces__rosidl_typesupport_fastrtps_c
[ 78%] Built target smart_shop_interfaces
[ 80%] [34m[1mGenerating Python code for ROS interfaces[0m
[ 80%] Built target smart_shop_interfaces__py
[35m[1mConsolidate compiler generated dependencies of target smart_shop_interfaces__rosidl_generator_py[0m
[ 81%] [32mBuilding C object CMakeFiles/smart_shop_interfaces__rosidl_generator_py.dir/rosidl_generator_py/smart_shop_interfaces/srv/_check_stock_s.c.o[0m
[ 83%] [32mBuilding C object CMakeFiles/smart_shop_interfaces__rosidl_generator_py.dir/rosidl_generator_py/smart_shop_interfaces/srv/_authorize_payment_s.c.o[0m
[ 87%] [32mBuilding C object CMakeFiles/smart_shop_interfaces__rosidl_generator_py.dir/rosidl_generator_py/smart_shop_interfaces/srv/_place_order_s.c.o[0m
[ 85%] [32mBuilding C object CMakeFiles/smart_shop_interfaces__rosidl_generator_py.dir/rosidl_generator_py/smart_shop_interfaces/srv/_discount_apply_s.c.o[0m
[ 89%] [32m[1mLinking C shared library rosidl_generator_py/smart_shop_interfaces/libsmart_shop_interfaces__rosidl_generator_py.so[0m
[ 89%] Built target smart_shop_interfaces__rosidl_generator_py
[35m[1mConsolidate compiler generated dependencies of target smart_shop_interfaces__rosidl_typesupport_fastrtps_c__pyext[0m
[35m[1mConsolidate compiler generated dependencies of target smart_shop_interfaces__rosidl_typesupport_introspection_c__pyext[0m
[35m[1mConsolidate compiler generated dependencies of target smart_shop_interfaces__rosidl_typesupport_c__pyext[0m
[ 90%] [32mBuilding C object CMakeFiles/smart_shop_interfaces__rosidl_typesupport_fastrtps_c__pyext.dir/rosidl_generator_py/smart_shop_interfaces/_smart_shop_interfaces_s.ep.rosidl_typesupport_fastrtps_c.c.o[0m
[ 92%] [32mBuilding C object CMakeFiles/smart_shop_interfaces__rosidl_typesupport_introspection_c__pyext.dir/rosidl_generator_py/smart_shop_interfaces/_smart_shop_interfaces_s.ep.rosidl_typesupport_introspection_c.c.o[0m
[ 94%] [32mBuilding C object CMakeFiles/smart_shop_interfaces__rosidl_typesupport_c__pyext.dir/rosidl_generator_py/smart_shop_interfaces/_smart_shop_interfaces_s.ep.rosidl_typesupport_c.c.o[0m
[ 96%] [32m[1mLinking C shared library rosidl_generator_py/smart_shop_interfaces/smart_shop_interfaces_s__rosidl_typesupport_introspection_c.cpython-310-x86_64-linux-gnu.so[0m
[100%] [32m[1mLinking C shared library rosidl_generator_py/smart_shop_interfaces/smart_shop_interfaces_s__rosidl_typesupport_c.cpython-310-x86_64-linux-gnu.so[0m
[100%] [32m[1mLinking C shared library rosidl_generator_py/smart_shop_interfaces/smart_shop_interfaces_s__rosidl_typesupport_fastrtps_c.cpython-310-x86_64-linux-gnu.so[0m
[100%] Built target smart_shop_interfaces__rosidl_typesupport_introspection_c__pyext
[100%] Built target smart_shop_interfaces__rosidl_typesupport_fastrtps_c__pyext
[100%] Built target smart_shop_interfaces__rosidl_typesupport_c__pyext
-- Install configuration: ""
-- Installing: /home/ssu/robotics-practice/week/week02/svc_ws/install/smart_shop_interfaces/share/ament_index/resource_index/rosidl_interfaces/smart_shop_interfaces
-- Up-to-date: /home/ssu/robotics-practice/week/week02/svc_ws/install/smart_shop_interfaces/include/smart_shop_interfaces/smart_shop_interfaces
-- Up-to-date: /home/ssu/robotics-practice/week/week02/svc_ws/install/smart_shop_interfaces/include/smart_shop_interfaces/smart_shop_interfaces/msg
-- Up-to-date: /home/ssu/robotics-practice/week/week02/svc_ws/install/smart_shop_interfaces/include/smart_shop_interfaces/smart_shop_interfaces/msg/rosidl_generator_c__visibility_control.h
-- Up-to-date: /home/ssu/robotics-practice/week/week02/svc_ws/install/smart_shop_interfaces/include/smart_shop_interfaces/smart_shop_interfaces/srv
-- Installing: /home/ssu/robotics-practice/week/week02/svc_ws/install/smart_shop_interfaces/include/smart_shop_interfaces/smart_shop_interfaces/srv/check_stock.h
-- Up-to-date: /home/ssu/robotics-practice/week/week02/svc_ws/install/smart_shop_interfaces/include/smart_shop_interfaces/smart_shop_interfaces/srv/detail
-- Installing: /home/ssu/robotics-practice/week/week02/svc_ws/install/smart_shop_interfaces/include/smart_shop_interfaces/smart_shop_interfaces/srv/detail/check_stock__functions.c
-- Installing: /home/ssu/robotics-practice/week/week02/svc_ws/install/smart_shop_interfaces/include/smart_shop_interfaces/smart_shop_interfaces/srv/detail/check_stock__functions.h
-- Installing: /home/ssu/robotics-practice/week/week02/svc_ws/install/smart_shop_interfaces/include/smart_shop_interfaces/smart_shop_interfaces/srv/detail/check_stock__struct.h
-- Installing: /home/ssu/robotics-practice/week/week02/svc_ws/install/smart_shop_interfaces/include/smart_shop_interfaces/smart_shop_interfaces/srv/detail/check_stock__type_support.h
-- Installing: /home/ssu/robotics-practice/week/week02/svc_ws/install/smart_shop_interfaces/include/smart_shop_interfaces/smart_shop_interfaces/srv/detail/authorize_payment__functions.c
-- Installing: /home/ssu/robotics-practice/week/week02/svc_ws/install/smart_shop_interfaces/include/smart_shop_interfaces/smart_shop_interfaces/srv/detail/authorize_payment__functions.h
-- Installing: /home/ssu/robotics-practice/week/week02/svc_ws/install/smart_shop_interfaces/include/smart_shop_interfaces/smart_shop_interfaces/srv/detail/authorize_payment__struct.h
-- Installing: /home/ssu/robotics-practice/week/week02/svc_ws/install/smart_shop_interfaces/include/smart_shop_interfaces/smart_shop_interfaces/srv/detail/authorize_payment__type_support.h
-- Installing: /home/ssu/robotics-practice/week/week02/svc_ws/install/smart_shop_interfaces/include/smart_shop_interfaces/smart_shop_interfaces/srv/detail/place_order__functions.c
-- Installing: /home/ssu/robotics-practice/week/week02/svc_ws/install/smart_shop_interfaces/include/smart_shop_interfaces/smart_shop_interfaces/srv/detail/place_order__functions.h
-- Installing: /home/ssu/robotics-practice/week/week02/svc_ws/install/smart_shop_interfaces/include/smart_shop_interfaces/smart_shop_interfaces/srv/detail/place_order__struct.h
-- Installing: /home/ssu/robotics-practice/week/week02/svc_ws/install/smart_shop_interfaces/include/smart_shop_interfaces/smart_shop_interfaces/srv/detail/place_order__type_support.h
-- Installing: /home/ssu/robotics-practice/week/week02/svc_ws/install/smart_shop_interfaces/include/smart_shop_interfaces/smart_shop_interfaces/srv/detail/discount_apply__functions.c
-- Installing: /home/ssu/robotics-practice/week/week02/svc_ws/install/smart_shop_interfaces/include/smart_shop_interfaces/smart_shop_interfaces/srv/detail/discount_apply__functions.h
-- Installing: /home/ssu/robotics-practice/week/week02/svc_ws/install/smart_shop_interfaces/include/smart_shop_interfaces/smart_shop_interfaces/srv/detail/discount_apply__struct.h
-- Installing: /home/ssu/robotics-practice/week/week02/svc_ws/install/smart_shop_interfaces/include/smart_shop_interfaces/smart_shop_interfaces/srv/detail/discount_apply__type_support.h
-- Installing: /home/ssu/robotics-practice/week/week02/svc_ws/install/smart_shop_interfaces/include/smart_shop_interfaces/smart_shop_interfaces/srv/authorize_payment.h
-- Installing: /home/ssu/robotics-practice/week/week02/svc_ws/install/smart_shop_interfaces/include/smart_shop_interfaces/smart_shop_interfaces/srv/place_order.h
-- Installing: /home/ssu/robotics-practice/week/week02/svc_ws/install/smart_shop_interfaces/include/smart_shop_interfaces/smart_shop_interfaces/srv/discount_apply.h
-- Up-to-date: /home/ssu/robotics-practice/week/week02/svc_ws/install/smart_shop_interfaces/share/smart_shop_interfaces/environment/library_path.sh
-- Installing: /home/ssu/robotics-practice/week/week02/svc_ws/install/smart_shop_interfaces/share/smart_shop_interfaces/environment/library_path.dsv
-- Installing: /home/ssu/robotics-practice/week/week02/svc_ws/install/smart_shop_interfaces/lib/libsmart_shop_interfaces__rosidl_generator_c.so
-- Set runtime path of "/home/ssu/robotics-practice/week/week02/svc_ws/install/smart_shop_interfaces/lib/libsmart_shop_interfaces__rosidl_generator_c.so" to ""
-- Up-to-date: /home/ssu/robotics-practice/week/week02/svc_ws/install/smart_shop_interfaces/include/smart_shop_interfaces/smart_shop_interfaces
-- Up-to-date: /home/ssu/robotics-practice/week/week02/svc_ws/install/smart_shop_interfaces/include/smart_shop_interfaces/smart_shop_interfaces/msg
-- Up-to-date: /home/ssu/robotics-practice/week/week02/svc_ws/install/smart_shop_interfaces/include/smart_shop_interfaces/smart_shop_interfaces/msg/rosidl_typesupport_fastrtps_c__visibility_control.h
-- Up-to-date: /home/ssu/robotics-practice/week/week02/svc_ws/install/smart_shop_interfaces/include/smart_shop_interfaces/smart_shop_interfaces/srv
-- Up-to-date: /home/ssu/robotics-practice/week/week02/svc_ws/install/smart_shop_interfaces/include/smart_shop_interfaces/smart_shop_interfaces/srv/detail
-- Installing: /home/ssu/robotics-practice/week/week02/svc_ws/install/smart_shop_interfaces/include/smart_shop_interfaces/smart_shop_interfaces/srv/detail/check_stock__rosidl_typesupport_fastrtps_c.h
-- Installing: /home/ssu/robotics-practice/week/week02/svc_ws/install/smart_shop_interfaces/include/smart_shop_interfaces/smart_shop_interfaces/srv/detail/authorize_payment__rosidl_typesupport_fastrtps_c.h
-- Installing: /home/ssu/robotics-practice/week/week02/svc_ws/install/smart_shop_interfaces/include/smart_shop_interfaces/smart_shop_interfaces/srv/detail/place_order__rosidl_typesupport_fastrtps_c.h
-- Installing: /home/ssu/robotics-practice/week/week02/svc_ws/install/smart_shop_interfaces/include/smart_shop_interfaces/smart_shop_interfaces/srv/detail/discount_apply__rosidl_typesupport_fastrtps_c.h
-- Installing: /home/ssu/robotics-practice/week/week02/svc_ws/install/smart_shop_interfaces/lib/libsmart_shop_interfaces__rosidl_typesupport_fastrtps_c.so
-- Set runtime path of "/home/ssu/robotics-practice/week/week02/svc_ws/install/smart_shop_interfaces/lib/libsmart_shop_interfaces__rosidl_typesupport_fastrtps_c.so" to ""
-- Up-to-date: /home/ssu/robotics-practice/week/week02/svc_ws/install/smart_shop_interfaces/include/smart_shop_interfaces/smart_shop_interfaces
-- Up-to-date: /home/ssu/robotics-practice/week/week02/svc_ws/install/smart_shop_interfaces/include/smart_shop_interfaces/smart_shop_interfaces/msg
-- Up-to-date: /home/ssu/robotics-practice/week/week02/svc_ws/install/smart_shop_interfaces/include/smart_shop_interfaces/smart_shop_interfaces/msg/rosidl_typesupport_introspection_c__visibility_control.h
-- Up-to-date: /home/ssu/robotics-practice/week/week02/svc_ws/install/smart_shop_interfaces/include/smart_shop_interfaces/smart_shop_interfaces/srv
-- Up-to-date: /home/ssu/robotics-practice/week/week02/svc_ws/install/smart_shop_interfaces/include/smart_shop_interfaces/smart_shop_interfaces/srv/detail
-- Installing: /home/ssu/robotics-practice/week/week02/svc_ws/install/smart_shop_interfaces/include/smart_shop_interfaces/smart_shop_interfaces/srv/detail/check_stock__rosidl_typesupport_introspection_c.h
-- Installing: /home/ssu/robotics-practice/week/week02/svc_ws/install/smart_shop_interfaces/include/smart_shop_interfaces/smart_shop_interfaces/srv/detail/check_stock__type_support.c
-- Installing: /home/ssu/robotics-practice/week/week02/svc_ws/install/smart_shop_interfaces/include/smart_shop_interfaces/smart_shop_interfaces/srv/detail/authorize_payment__rosidl_typesupport_introspection_c.h
-- Installing: /home/ssu/robotics-practice/week/week02/svc_ws/install/smart_shop_interfaces/include/smart_shop_interfaces/smart_shop_interfaces/srv/detail/authorize_payment__type_support.c
-- Installing: /home/ssu/robotics-practice/week/week02/svc_ws/install/smart_shop_interfaces/include/smart_shop_interfaces/smart_shop_interfaces/srv/detail/place_order__rosidl_typesupport_introspection_c.h
-- Installing: /home/ssu/robotics-practice/week/week02/svc_ws/install/smart_shop_interfaces/include/smart_shop_interfaces/smart_shop_interfaces/srv/detail/place_order__type_support.c
-- Installing: /home/ssu/robotics-practice/week/week02/svc_ws/install/smart_shop_interfaces/include/smart_shop_interfaces/smart_shop_interfaces/srv/detail/discount_apply__rosidl_typesupport_introspection_c.h
-- Installing: /home/ssu/robotics-practice/week/week02/svc_ws/install/smart_shop_interfaces/include/smart_shop_interfaces/smart_shop_interfaces/srv/detail/discount_apply__type_support.c
-- Installing: /home/ssu/robotics-practice/week/week02/svc_ws/install/smart_shop_interfaces/lib/libsmart_shop_interfaces__rosidl_typesupport_introspection_c.so
-- Set runtime path of "/home/ssu/robotics-practice/week/week02/svc_ws/install/smart_shop_interfaces/lib/libsmart_shop_interfaces__rosidl_typesupport_introspection_c.so" to ""
-- Installing: /home/ssu/robotics-practice/week/week02/svc_ws/install/smart_shop_interfaces/lib/libsmart_shop_interfaces__rosidl_typesupport_c.so
-- Set runtime path of "/home/ssu/robotics-practice/week/week02/svc_ws/install/smart_shop_interfaces/lib/libsmart_shop_interfaces__rosidl_typesupport_c.so" to ""
-- Up-to-date: /home/ssu/robotics-practice/week/week02/svc_ws/install/smart_shop_interfaces/include/smart_shop_interfaces/smart_shop_interfaces
-- Up-to-date: /home/ssu/robotics-practice/week/week02/svc_ws/install/smart_shop_interfaces/include/smart_shop_interfaces/smart_shop_interfaces/msg
-- Up-to-date: /home/ssu/robotics-practice/week/week02/svc_ws/install/smart_shop_interfaces/include/smart_shop_interfaces/smart_shop_interfaces/msg/rosidl_generator_cpp__visibility_control.hpp
-- Up-to-date: /home/ssu/robotics-practice/week/week02/svc_ws/install/smart_shop_interfaces/include/smart_shop_interfaces/smart_shop_interfaces/srv
-- Up-to-date: /home/ssu/robotics-practice/week/week02/svc_ws/install/smart_shop_interfaces/include/smart_shop_interfaces/smart_shop_interfaces/srv/detail
-- Installing: /home/ssu/robotics-practice/week/week02/svc_ws/install/smart_shop_interfaces/include/smart_shop_interfaces/smart_shop_interfaces/srv/detail/check_stock__builder.hpp
-- Installing: /home/ssu/robotics-practice/week/week02/svc_ws/install/smart_shop_interfaces/include/smart_shop_interfaces/smart_shop_interfaces/srv/detail/check_stock__struct.hpp
-- Installing: /home/ssu/robotics-practice/week/week02/svc_ws/install/smart_shop_interfaces/include/smart_shop_interfaces/smart_shop_interfaces/srv/detail/check_stock__traits.hpp
-- Installing: /home/ssu/robotics-practice/week/week02/svc_ws/install/smart_shop_interfaces/include/smart_shop_interfaces/smart_shop_interfaces/srv/detail/check_stock__type_support.hpp
-- Installing: /home/ssu/robotics-practice/week/week02/svc_ws/install/smart_shop_interfaces/include/smart_shop_interfaces/smart_shop_interfaces/srv/detail/authorize_payment__builder.hpp
-- Installing: /home/ssu/robotics-practice/week/week02/svc_ws/install/smart_shop_interfaces/include/smart_shop_interfaces/smart_shop_interfaces/srv/detail/authorize_payment__struct.hpp
-- Installing: /home/ssu/robotics-practice/week/week02/svc_ws/install/smart_shop_interfaces/include/smart_shop_interfaces/smart_shop_interfaces/srv/detail/authorize_payment__traits.hpp
-- Installing: /home/ssu/robotics-practice/week/week02/svc_ws/install/smart_shop_interfaces/include/smart_shop_interfaces/smart_shop_interfaces/srv/detail/authorize_payment__type_support.hpp
-- Installing: /home/ssu/robotics-practice/week/week02/svc_ws/install/smart_shop_interfaces/include/smart_shop_interfaces/smart_shop_interfaces/srv/detail/place_order__builder.hpp
-- Installing: /home/ssu/robotics-practice/week/week02/svc_ws/install/smart_shop_interfaces/include/smart_shop_interfaces/smart_shop_interfaces/srv/detail/place_order__struct.hpp
-- Installing: /home/ssu/robotics-practice/week/week02/svc_ws/install/smart_shop_interfaces/include/smart_shop_interfaces/smart_shop_interfaces/srv/detail/place_order__traits.hpp
-- Installing: /home/ssu/robotics-practice/week/week02/svc_ws/install/smart_shop_interfaces/include/smart_shop_interfaces/smart_shop_interfaces/srv/detail/place_order__type_support.hpp
-- Installing: /home/ssu/robotics-practice/week/week02/svc_ws/install/smart_shop_interfaces/include/smart_shop_interfaces/smart_shop_interfaces/srv/detail/discount_apply__builder.hpp
-- Installing: /home/ssu/robotics-practice/week/week02/svc_ws/install/smart_shop_interfaces/include/smart_shop_interfaces/smart_shop_interfaces/srv/detail/discount_apply__struct.hpp
-- Installing: /home/ssu/robotics-practice/week/week02/svc_ws/install/smart_shop_interfaces/include/smart_shop_interfaces/smart_shop_interfaces/srv/detail/discount_apply__traits.hpp
-- Installing: /home/ssu/robotics-practice/week/week02/svc_ws/install/smart_shop_interfaces/include/smart_shop_interfaces/smart_shop_interfaces/srv/detail/discount_apply__type_support.hpp
-- Installing: /home/ssu/robotics-practice/week/week02/svc_ws/install/smart_shop_interfaces/include/smart_shop_interfaces/smart_shop_interfaces/srv/authorize_payment.hpp
-- Installing: /home/ssu/robotics-practice/week/week02/svc_ws/install/smart_shop_interfaces/include/smart_shop_interfaces/smart_shop_interfaces/srv/place_order.hpp
-- Installing: /home/ssu/robotics-practice/week/week02/svc_ws/install/smart_shop_interfaces/include/smart_shop_interfaces/smart_shop_interfaces/srv/check_stock.hpp
-- Installing: /home/ssu/robotics-practice/week/week02/svc_ws/install/smart_shop_interfaces/include/smart_shop_interfaces/smart_shop_interfaces/srv/discount_apply.hpp
-- Up-to-date: /home/ssu/robotics-practice/week/week02/svc_ws/install/smart_shop_interfaces/include/smart_shop_interfaces/smart_shop_interfaces
-- Up-to-date: /home/ssu/robotics-practice/week/week02/svc_ws/install/smart_shop_interfaces/include/smart_shop_interfaces/smart_shop_interfaces/msg
-- Up-to-date: /home/ssu/robotics-practice/week/week02/svc_ws/install/smart_shop_interfaces/include/smart_shop_interfaces/smart_shop_interfaces/msg/rosidl_typesupport_fastrtps_cpp__visibility_control.h
-- Up-to-date: /home/ssu/robotics-practice/week/week02/svc_ws/install/smart_shop_interfaces/include/smart_shop_interfaces/smart_shop_interfaces/srv
-- Up-to-date: /home/ssu/robotics-practice/week/week02/svc_ws/install/smart_shop_interfaces/include/smart_shop_interfaces/smart_shop_interfaces/srv/detail
-- Installing: /home/ssu/robotics-practice/week/week02/svc_ws/install/smart_shop_interfaces/include/smart_shop_interfaces/smart_shop_interfaces/srv/detail/check_stock__rosidl_typesupport_fastrtps_cpp.hpp
-- Up-to-date: /home/ssu/robotics-practice/week/week02/svc_ws/install/smart_shop_interfaces/include/smart_shop_interfaces/smart_shop_interfaces/srv/detail/dds_fastrtps
-- Installing: /home/ssu/robotics-practice/week/week02/svc_ws/install/smart_shop_interfaces/include/smart_shop_interfaces/smart_shop_interfaces/srv/detail/authorize_payment__rosidl_typesupport_fastrtps_cpp.hpp
-- Installing: /home/ssu/robotics-practice/week/week02/svc_ws/install/smart_shop_interfaces/include/smart_shop_interfaces/smart_shop_interfaces/srv/detail/place_order__rosidl_typesupport_fastrtps_cpp.hpp
-- Installing: /home/ssu/robotics-practice/week/week02/svc_ws/install/smart_shop_interfaces/include/smart_shop_interfaces/smart_shop_interfaces/srv/detail/discount_apply__rosidl_typesupport_fastrtps_cpp.hpp
-- Installing: /home/ssu/robotics-practice/week/week02/svc_ws/install/smart_shop_interfaces/lib/libsmart_shop_interfaces__rosidl_typesupport_fastrtps_cpp.so
-- Set runtime path of "/home/ssu/robotics-practice/week/week02/svc_ws/install/smart_shop_interfaces/lib/libsmart_shop_interfaces__rosidl_typesupport_fastrtps_cpp.so" to ""
-- Up-to-date: /home/ssu/robotics-practice/week/week02/svc_ws/install/smart_shop_interfaces/include/smart_shop_interfaces/smart_shop_interfaces
-- Up-to-date: /home/ssu/robotics-practice/week/week02/svc_ws/install/smart_shop_interfaces/include/smart_shop_interfaces/smart_shop_interfaces/srv
-- Up-to-date: /home/ssu/robotics-practice/week/week02/svc_ws/install/smart_shop_interfaces/include/smart_shop_interfaces/smart_shop_interfaces/srv/detail
-- Installing: /home/ssu/robotics-practice/week/week02/svc_ws/install/smart_shop_interfaces/include/smart_shop_interfaces/smart_shop_interfaces/srv/detail/check_stock__rosidl_typesupport_introspection_cpp.hpp
-- Installing: /home/ssu/robotics-practice/week/week02/svc_ws/install/smart_shop_interfaces/include/smart_shop_interfaces/smart_shop_interfaces/srv/detail/check_stock__type_support.cpp
-- Installing: /home/ssu/robotics-practice/week/week02/svc_ws/install/smart_shop_interfaces/include/smart_shop_interfaces/smart_shop_interfaces/srv/detail/authorize_payment__rosidl_typesupport_introspection_cpp.hpp
-- Installing: /home/ssu/robotics-practice/week/week02/svc_ws/install/smart_shop_interfaces/include/smart_shop_interfaces/smart_shop_interfaces/srv/detail/authorize_payment__type_support.cpp
-- Installing: /home/ssu/robotics-practice/week/week02/svc_ws/install/smart_shop_interfaces/include/smart_shop_interfaces/smart_shop_interfaces/srv/detail/place_order__rosidl_typesupport_introspection_cpp.hpp
-- Installing: /home/ssu/robotics-practice/week/week02/svc_ws/install/smart_shop_interfaces/include/smart_shop_interfaces/smart_shop_interfaces/srv/detail/place_order__type_support.cpp
-- Installing: /home/ssu/robotics-practice/week/week02/svc_ws/install/smart_shop_interfaces/include/smart_shop_interfaces/smart_shop_interfaces/srv/detail/discount_apply__rosidl_typesupport_introspection_cpp.hpp
-- Installing: /home/ssu/robotics-practice/week/week02/svc_ws/install/smart_shop_interfaces/include/smart_shop_interfaces/smart_shop_interfaces/srv/detail/discount_apply__type_support.cpp
-- Installing: /home/ssu/robotics-practice/week/week02/svc_ws/install/smart_shop_interfaces/lib/libsmart_shop_interfaces__rosidl_typesupport_introspection_cpp.so
-- Set runtime path of "/home/ssu/robotics-practice/week/week02/svc_ws/install/smart_shop_interfaces/lib/libsmart_shop_interfaces__rosidl_typesupport_introspection_cpp.so" to ""
-- Installing: /home/ssu/robotics-practice/week/week02/svc_ws/install/smart_shop_interfaces/lib/libsmart_shop_interfaces__rosidl_typesupport_cpp.so
-- Set runtime path of "/home/ssu/robotics-practice/week/week02/svc_ws/install/smart_shop_interfaces/lib/libsmart_shop_interfaces__rosidl_typesupport_cpp.so" to ""
-- Up-to-date: /home/ssu/robotics-practice/week/week02/svc_ws/install/smart_shop_interfaces/share/smart_shop_interfaces/environment/pythonpath.sh
-- Installing: /home/ssu/robotics-practice/week/week02/svc_ws/install/smart_shop_interfaces/share/smart_shop_interfaces/environment/pythonpath.dsv
-- Up-to-date: /home/ssu/robotics-practice/week/week02/svc_ws/install/smart_shop_interfaces/local/lib/python3.10/dist-packages/smart_shop_interfaces-0.0.0-py3.10.egg-info
-- Installing: /home/ssu/robotics-practice/week/week02/svc_ws/install/smart_shop_interfaces/local/lib/python3.10/dist-packages/smart_shop_interfaces-0.0.0-py3.10.egg-info/PKG-INFO
-- Installing: /home/ssu/robotics-practice/week/week02/svc_ws/install/smart_shop_interfaces/local/lib/python3.10/dist-packages/smart_shop_interfaces-0.0.0-py3.10.egg-info/dependency_links.txt
-- Installing: /home/ssu/robotics-practice/week/week02/svc_ws/install/smart_shop_interfaces/local/lib/python3.10/dist-packages/smart_shop_interfaces-0.0.0-py3.10.egg-info/top_level.txt
-- Installing: /home/ssu/robotics-practice/week/week02/svc_ws/install/smart_shop_interfaces/local/lib/python3.10/dist-packages/smart_shop_interfaces-0.0.0-py3.10.egg-info/SOURCES.txt
-- Up-to-date: /home/ssu/robotics-practice/week/week02/svc_ws/install/smart_shop_interfaces/local/lib/python3.10/dist-packages/smart_shop_interfaces
-- Installing: /home/ssu/robotics-practice/week/week02/svc_ws/install/smart_shop_interfaces/local/lib/python3.10/dist-packages/smart_shop_interfaces/__init__.py
-- Up-to-date: /home/ssu/robotics-practice/week/week02/svc_ws/install/smart_shop_interfaces/local/lib/python3.10/dist-packages/smart_shop_interfaces/srv
-- Installing: /home/ssu/robotics-practice/week/week02/svc_ws/install/smart_shop_interfaces/local/lib/python3.10/dist-packages/smart_shop_interfaces/srv/_check_stock.py
-- Installing: /home/ssu/robotics-practice/week/week02/svc_ws/install/smart_shop_interfaces/local/lib/python3.10/dist-packages/smart_shop_interfaces/srv/_check_stock_s.c
-- Installing: /home/ssu/robotics-practice/week/week02/svc_ws/install/smart_shop_interfaces/local/lib/python3.10/dist-packages/smart_shop_interfaces/srv/_authorize_payment.py
-- Installing: /home/ssu/robotics-practice/week/week02/svc_ws/install/smart_shop_interfaces/local/lib/python3.10/dist-packages/smart_shop_interfaces/srv/_authorize_payment_s.c
-- Installing: /home/ssu/robotics-practice/week/week02/svc_ws/install/smart_shop_interfaces/local/lib/python3.10/dist-packages/smart_shop_interfaces/srv/_place_order.py
-- Installing: /home/ssu/robotics-practice/week/week02/svc_ws/install/smart_shop_interfaces/local/lib/python3.10/dist-packages/smart_shop_interfaces/srv/_place_order_s.c
-- Installing: /home/ssu/robotics-practice/week/week02/svc_ws/install/smart_shop_interfaces/local/lib/python3.10/dist-packages/smart_shop_interfaces/srv/__init__.py
-- Installing: /home/ssu/robotics-practice/week/week02/svc_ws/install/smart_shop_interfaces/local/lib/python3.10/dist-packages/smart_shop_interfaces/srv/_discount_apply.py
-- Installing: /home/ssu/robotics-practice/week/week02/svc_ws/install/smart_shop_interfaces/local/lib/python3.10/dist-packages/smart_shop_interfaces/srv/_discount_apply_s.c
-- Installing: /home/ssu/robotics-practice/week/week02/svc_ws/install/smart_shop_interfaces/local/lib/python3.10/dist-packages/smart_shop_interfaces/_smart_shop_interfaces_s.ep.rosidl_typesupport_introspection_c.c
-- Installing: /home/ssu/robotics-practice/week/week02/svc_ws/install/smart_shop_interfaces/local/lib/python3.10/dist-packages/smart_shop_interfaces/_smart_shop_interfaces_s.ep.rosidl_typesupport_c.c
-- Installing: /home/ssu/robotics-practice/week/week02/svc_ws/install/smart_shop_interfaces/local/lib/python3.10/dist-packages/smart_shop_interfaces/_smart_shop_interfaces_s.ep.rosidl_typesupport_fastrtps_c.c
-- Installing: /home/ssu/robotics-practice/week/week02/svc_ws/install/smart_shop_interfaces/local/lib/python3.10/dist-packages/smart_shop_interfaces/libsmart_shop_interfaces__rosidl_generator_py.so
-- Installing: /home/ssu/robotics-practice/week/week02/svc_ws/install/smart_shop_interfaces/local/lib/python3.10/dist-packages/smart_shop_interfaces/smart_shop_interfaces_s__rosidl_typesupport_introspection_c.cpython-310-x86_64-linux-gnu.so
-- Installing: /home/ssu/robotics-practice/week/week02/svc_ws/install/smart_shop_interfaces/local/lib/python3.10/dist-packages/smart_shop_interfaces/smart_shop_interfaces_s__rosidl_typesupport_c.cpython-310-x86_64-linux-gnu.so
-- Installing: /home/ssu/robotics-practice/week/week02/svc_ws/install/smart_shop_interfaces/local/lib/python3.10/dist-packages/smart_shop_interfaces/smart_shop_interfaces_s__rosidl_typesupport_fastrtps_c.cpython-310-x86_64-linux-gnu.so
Listing '/home/ssu/robotics-practice/week/week02/svc_ws/install/smart_shop_interfaces/local/lib/python3.10/dist-packages/smart_shop_interfaces'...
Compiling '/home/ssu/robotics-practice/week/week02/svc_ws/install/smart_shop_interfaces/local/lib/python3.10/dist-packages/smart_shop_interfaces/__init__.py'...
Listing '/home/ssu/robotics-practice/week/week02/svc_ws/install/smart_shop_interfaces/local/lib/python3.10/dist-packages/smart_shop_interfaces/srv'...
Compiling '/home/ssu/robotics-practice/week/week02/svc_ws/install/smart_shop_interfaces/local/lib/python3.10/dist-packages/smart_shop_interfaces/srv/__init__.py'...
Compiling '/home/ssu/robotics-practice/week/week02/svc_ws/install/smart_shop_interfaces/local/lib/python3.10/dist-packages/smart_shop_interfaces/srv/_authorize_payment.py'...
Compiling '/home/ssu/robotics-practice/week/week02/svc_ws/install/smart_shop_interfaces/local/lib/python3.10/dist-packages/smart_shop_interfaces/srv/_check_stock.py'...
Compiling '/home/ssu/robotics-practice/week/week02/svc_ws/install/smart_shop_interfaces/local/lib/python3.10/dist-packages/smart_shop_interfaces/srv/_discount_apply.py'...
Compiling '/home/ssu/robotics-practice/week/week02/svc_ws/install/smart_shop_interfaces/local/lib/python3.10/dist-packages/smart_shop_interfaces/srv/_place_order.py'...
-- Installing: /home/ssu/robotics-practice/week/week02/svc_ws/install/smart_shop_interfaces/local/lib/python3.10/dist-packages/smart_shop_interfaces/smart_shop_interfaces_s__rosidl_typesupport_fastrtps_c.cpython-310-x86_64-linux-gnu.so
-- Set runtime path of "/home/ssu/robotics-practice/week/week02/svc_ws/install/smart_shop_interfaces/local/lib/python3.10/dist-packages/smart_shop_interfaces/smart_shop_interfaces_s__rosidl_typesupport_fastrtps_c.cpython-310-x86_64-linux-gnu.so" to ""
-- Installing: /home/ssu/robotics-practice/week/week02/svc_ws/install/smart_shop_interfaces/local/lib/python3.10/dist-packages/smart_shop_interfaces/smart_shop_interfaces_s__rosidl_typesupport_introspection_c.cpython-310-x86_64-linux-gnu.so
-- Set runtime path of "/home/ssu/robotics-practice/week/week02/svc_ws/install/smart_shop_interfaces/local/lib/python3.10/dist-packages/smart_shop_interfaces/smart_shop_interfaces_s__rosidl_typesupport_introspection_c.cpython-310-x86_64-linux-gnu.so" to ""
-- Installing: /home/ssu/robotics-practice/week/week02/svc_ws/install/smart_shop_interfaces/local/lib/python3.10/dist-packages/smart_shop_interfaces/smart_shop_interfaces_s__rosidl_typesupport_c.cpython-310-x86_64-linux-gnu.so
-- Set runtime path of "/home/ssu/robotics-practice/week/week02/svc_ws/install/smart_shop_interfaces/local/lib/python3.10/dist-packages/smart_shop_interfaces/smart_shop_interfaces_s__rosidl_typesupport_c.cpython-310-x86_64-linux-gnu.so" to ""
-- Installing: /home/ssu/robotics-practice/week/week02/svc_ws/install/smart_shop_interfaces/lib/libsmart_shop_interfaces__rosidl_generator_py.so
-- Set runtime path of "/home/ssu/robotics-practice/week/week02/svc_ws/install/smart_shop_interfaces/lib/libsmart_shop_interfaces__rosidl_generator_py.so" to ""
-- Up-to-date: /home/ssu/robotics-practice/week/week02/svc_ws/install/smart_shop_interfaces/share/smart_shop_interfaces/srv/CheckStock.idl
-- Up-to-date: /home/ssu/robotics-practice/week/week02/svc_ws/install/smart_shop_interfaces/share/smart_shop_interfaces/srv/AuthorizePayment.idl
-- Up-to-date: /home/ssu/robotics-practice/week/week02/svc_ws/install/smart_shop_interfaces/share/smart_shop_interfaces/srv/PlaceOrder.idl
-- Installing: /home/ssu/robotics-practice/week/week02/svc_ws/install/smart_shop_interfaces/share/smart_shop_interfaces/srv/DiscountApply.idl
-- Up-to-date: /home/ssu/robotics-practice/week/week02/svc_ws/install/smart_shop_interfaces/share/smart_shop_interfaces/srv/CheckStock.srv
-- Up-to-date: /home/ssu/robotics-practice/week/week02/svc_ws/install/smart_shop_interfaces/share/smart_shop_interfaces/srv/CheckStock_Request.msg
-- Up-to-date: /home/ssu/robotics-practice/week/week02/svc_ws/install/smart_shop_interfaces/share/smart_shop_interfaces/srv/CheckStock_Response.msg
-- Up-to-date: /home/ssu/robotics-practice/week/week02/svc_ws/install/smart_shop_interfaces/share/smart_shop_interfaces/srv/AuthorizePayment.srv
-- Up-to-date: /home/ssu/robotics-practice/week/week02/svc_ws/install/smart_shop_interfaces/share/smart_shop_interfaces/srv/AuthorizePayment_Request.msg
-- Up-to-date: /home/ssu/robotics-practice/week/week02/svc_ws/install/smart_shop_interfaces/share/smart_shop_interfaces/srv/AuthorizePayment_Response.msg
-- Up-to-date: /home/ssu/robotics-practice/week/week02/svc_ws/install/smart_shop_interfaces/share/smart_shop_interfaces/srv/PlaceOrder.srv
-- Up-to-date: /home/ssu/robotics-practice/week/week02/svc_ws/install/smart_shop_interfaces/share/smart_shop_interfaces/srv/PlaceOrder_Request.msg
-- Up-to-date: /home/ssu/robotics-practice/week/week02/svc_ws/install/smart_shop_interfaces/share/smart_shop_interfaces/srv/PlaceOrder_Response.msg
-- Installing: /home/ssu/robotics-practice/week/week02/svc_ws/install/smart_shop_interfaces/share/smart_shop_interfaces/srv/DiscountApply.srv
-- Installing: /home/ssu/robotics-practice/week/week02/svc_ws/install/smart_shop_interfaces/share/smart_shop_interfaces/srv/DiscountApply_Request.msg
-- Installing: /home/ssu/robotics-practice/week/week02/svc_ws/install/smart_shop_interfaces/share/smart_shop_interfaces/srv/DiscountApply_Response.msg
-- Up-to-date: /home/ssu/robotics-practice/week/week02/svc_ws/install/smart_shop_interfaces/share/ament_index/resource_index/package_run_dependencies/smart_shop_interfaces
-- Installing: /home/ssu/robotics-practice/week/week02/svc_ws/install/smart_shop_interfaces/share/ament_index/resource_index/parent_prefix_path/smart_shop_interfaces
-- Up-to-date: /home/ssu/robotics-practice/week/week02/svc_ws/install/smart_shop_interfaces/share/smart_shop_interfaces/environment/ament_prefix_path.sh
-- Installing: /home/ssu/robotics-practice/week/week02/svc_ws/install/smart_shop_interfaces/share/smart_shop_interfaces/environment/ament_prefix_path.dsv
-- Up-to-date: /home/ssu/robotics-practice/week/week02/svc_ws/install/smart_shop_interfaces/share/smart_shop_interfaces/environment/path.sh
-- Installing: /home/ssu/robotics-practice/week/week02/svc_ws/install/smart_shop_interfaces/share/smart_shop_interfaces/environment/path.dsv
-- Up-to-date: /home/ssu/robotics-practice/week/week02/svc_ws/install/smart_shop_interfaces/share/smart_shop_interfaces/local_setup.bash
-- Up-to-date: /home/ssu/robotics-practice/week/week02/svc_ws/install/smart_shop_interfaces/share/smart_shop_interfaces/local_setup.sh
-- Up-to-date: /home/ssu/robotics-practice/week/week02/svc_ws/install/smart_shop_interfaces/share/smart_shop_interfaces/local_setup.zsh
-- Installing: /home/ssu/robotics-practice/week/week02/svc_ws/install/smart_shop_interfaces/share/smart_shop_interfaces/local_setup.dsv
-- Installing: /home/ssu/robotics-practice/week/week02/svc_ws/install/smart_shop_interfaces/share/smart_shop_interfaces/package.dsv
-- Up-to-date: /home/ssu/robotics-practice/week/week02/svc_ws/install/smart_shop_interfaces/share/ament_index/resource_index/packages/smart_shop_interfaces
-- Up-to-date: /home/ssu/robotics-practice/week/week02/svc_ws/install/smart_shop_interfaces/share/smart_shop_interfaces/cmake/export_smart_shop_interfaces__rosidl_generator_cExport.cmake
-- Up-to-date: /home/ssu/robotics-practice/week/week02/svc_ws/install/smart_shop_interfaces/share/smart_shop_interfaces/cmake/export_smart_shop_interfaces__rosidl_generator_cExport-noconfig.cmake
-- Up-to-date: /home/ssu/robotics-practice/week/week02/svc_ws/install/smart_shop_interfaces/share/smart_shop_interfaces/cmake/export_smart_shop_interfaces__rosidl_typesupport_fastrtps_cExport.cmake
-- Up-to-date: /home/ssu/robotics-practice/week/week02/svc_ws/install/smart_shop_interfaces/share/smart_shop_interfaces/cmake/export_smart_shop_interfaces__rosidl_typesupport_fastrtps_cExport-noconfig.cmake
-- Up-to-date: /home/ssu/robotics-practice/week/week02/svc_ws/install/smart_shop_interfaces/share/smart_shop_interfaces/cmake/smart_shop_interfaces__rosidl_typesupport_introspection_cExport.cmake
-- Up-to-date: /home/ssu/robotics-practice/week/week02/svc_ws/install/smart_shop_interfaces/share/smart_shop_interfaces/cmake/smart_shop_interfaces__rosidl_typesupport_introspection_cExport-noconfig.cmake
-- Up-to-date: /home/ssu/robotics-practice/week/week02/svc_ws/install/smart_shop_interfaces/share/smart_shop_interfaces/cmake/smart_shop_interfaces__rosidl_typesupport_cExport.cmake
-- Up-to-date: /home/ssu/robotics-practice/week/week02/svc_ws/install/smart_shop_interfaces/share/smart_shop_interfaces/cmake/smart_shop_interfaces__rosidl_typesupport_cExport-noconfig.cmake
-- Up-to-date: /home/ssu/robotics-practice/week/week02/svc_ws/install/smart_shop_interfaces/share/smart_shop_interfaces/cmake/export_smart_shop_interfaces__rosidl_generator_cppExport.cmake
-- Up-to-date: /home/ssu/robotics-practice/week/week02/svc_ws/install/smart_shop_interfaces/share/smart_shop_interfaces/cmake/export_smart_shop_interfaces__rosidl_typesupport_fastrtps_cppExport.cmake
-- Up-to-date: /home/ssu/robotics-practice/week/week02/svc_ws/install/smart_shop_interfaces/share/smart_shop_interfaces/cmake/export_smart_shop_interfaces__rosidl_typesupport_fastrtps_cppExport-noconfig.cmake
-- Up-to-date: /home/ssu/robotics-practice/week/week02/svc_ws/install/smart_shop_interfaces/share/smart_shop_interfaces/cmake/smart_shop_interfaces__rosidl_typesupport_introspection_cppExport.cmake
-- Up-to-date: /home/ssu/robotics-practice/week/week02/svc_ws/install/smart_shop_interfaces/share/smart_shop_interfaces/cmake/smart_shop_interfaces__rosidl_typesupport_introspection_cppExport-noconfig.cmake
-- Up-to-date: /home/ssu/robotics-practice/week/week02/svc_ws/install/smart_shop_interfaces/share/smart_shop_interfaces/cmake/smart_shop_interfaces__rosidl_typesupport_cppExport.cmake
-- Up-to-date: /home/ssu/robotics-practice/week/week02/svc_ws/install/smart_shop_interfaces/share/smart_shop_interfaces/cmake/smart_shop_interfaces__rosidl_typesupport_cppExport-noconfig.cmake
-- Up-to-date: /home/ssu/robotics-practice/week/week02/svc_ws/install/smart_shop_interfaces/share/smart_shop_interfaces/cmake/export_smart_shop_interfaces__rosidl_generator_pyExport.cmake
-- Up-to-date: /home/ssu/robotics-practice/week/week02/svc_ws/install/smart_shop_interfaces/share/smart_shop_interfaces/cmake/export_smart_shop_interfaces__rosidl_generator_pyExport-noconfig.cmake
-- Installing: /home/ssu/robotics-practice/week/week02/svc_ws/install/smart_shop_interfaces/share/smart_shop_interfaces/cmake/rosidl_cmake-extras.cmake
-- Up-to-date: /home/ssu/robotics-practice/week/week02/svc_ws/install/smart_shop_interfaces/share/smart_shop_interfaces/cmake/ament_cmake_export_include_directories-extras.cmake
-- Up-to-date: /home/ssu/robotics-practice/week/week02/svc_ws/install/smart_shop_interfaces/share/smart_shop_interfaces/cmake/ament_cmake_export_libraries-extras.cmake
-- Up-to-date: /home/ssu/robotics-practice/week/week02/svc_ws/install/smart_shop_interfaces/share/smart_shop_interfaces/cmake/ament_cmake_export_targets-extras.cmake
-- Up-to-date: /home/ssu/robotics-practice/week/week02/svc_ws/install/smart_shop_interfaces/share/smart_shop_interfaces/cmake/rosidl_cmake_export_typesupport_targets-extras.cmake
-- Up-to-date: /home/ssu/robotics-practice/week/week02/svc_ws/install/smart_shop_interfaces/share/smart_shop_interfaces/cmake/ament_cmake_export_dependencies-extras.cmake
-- Up-to-date: /home/ssu/robotics-practice/week/week02/svc_ws/install/smart_shop_interfaces/share/smart_shop_interfaces/cmake/rosidl_cmake_export_typesupport_libraries-extras.cmake
-- Up-to-date: /home/ssu/robotics-practice/week/week02/svc_ws/install/smart_shop_interfaces/share/smart_shop_interfaces/cmake/smart_shop_interfacesConfig.cmake
-- Up-to-date: /home/ssu/robotics-practice/week/week02/svc_ws/install/smart_shop_interfaces/share/smart_shop_interfaces/cmake/smart_shop_interfacesConfig-version.cmake
-- Up-to-date: /home/ssu/robotics-practice/week/week02/svc_ws/install/smart_shop_interfaces/share/smart_shop_interfaces/package.xml
