[0.085s] DEBUG:colcon:Command line arguments: ['/usr/bin/colcon', 'build']
[0.086s] DEBUG:colcon:Parsed command line arguments: Namespace(log_base=None, log_level=None, verb_name='build', build_base='build', install_base='install', merge_install=False, symlink_install=False, test_result_base=None, continue_on_error=False, executor='parallel', parallel_workers=14, event_handlers=None, ignore_user_meta=False, metas=['./colcon.meta'], base_paths=['.'], packages_ignore=None, packages_ignore_regex=None, paths=None, packages_up_to=None, packages_up_to_regex=None, packages_above=None, packages_above_and_dependencies=None, packages_above_depth=None, packages_select_by_dep=None, packages_skip_by_dep=None, packages_skip_up_to=None, packages_select_build_failed=False, packages_skip_build_finished=False, packages_select_test_failures=False, packages_skip_test_passed=False, packages_select=None, packages_skip=None, packages_select_regex=None, packages_skip_regex=None, packages_start=None, packages_end=None, allow_overriding=[], cmake_args=None, cmake_target=None, cmake_target_skip_unavailable=False, cmake_clean_cache=False, cmake_clean_first=False, cmake_force_configure=False, ament_cmake_args=None, catkin_cmake_args=None, catkin_skip_building_tests=False, mixin_files=None, mixin=None, verb_parser=<colcon_mixin.mixin.mixin_argument.MixinArgumentDecorator object at 0x759b9e54e530>, verb_extension=<colcon_core.verb.build.BuildVerb object at 0x759b9e6434f0>, main=<bound method BuildVerb.main of <colcon_core.verb.build.BuildVerb object at 0x759b9e6434f0>>, mixin_verb=('build',))
[0.189s] Level 1:colcon.colcon_core.package_discovery:discover_packages(colcon_meta) check parameters
[0.189s] Level 1:colcon.colcon_core.package_discovery:discover_packages(recursive) check parameters
[0.189s] Level 1:colcon.colcon_core.package_discovery:discover_packages(ignore) check parameters
[0.189s] Level 1:colcon.colcon_core.package_discovery:discover_packages(path) check parameters
[0.189s] Level 1:colcon.colcon_core.package_discovery:discover_packages(colcon_meta) discover
[0.189s] Level 1:colcon.colcon_core.package_discovery:discover_packages(recursive) discover
[0.189s] INFO:colcon.colcon_core.package_discovery:Crawling recursively for packages in '/home/ssu/robotics-practice/class/class03'
[0.189s] Level 1:colcon.colcon_core.package_identification:_identify(.) by extensions ['ignore', 'ignore_ament_install']
[0.189s] Level 1:colcon.colcon_core.package_identification:_identify(.) by extension 'ignore'
[0.189s] Level 1:colcon.colcon_core.package_identification:_identify(.) by extension 'ignore_ament_install'
[0.189s] Level 1:colcon.colcon_core.package_identification:_identify(.) by extensions ['colcon_pkg']
[0.189s] Level 1:colcon.colcon_core.package_identification:_identify(.) by extension 'colcon_pkg'
[0.189s] Level 1:colcon.colcon_core.package_identification:_identify(.) by extensions ['colcon_meta']
[0.189s] Level 1:colcon.colcon_core.package_identification:_identify(.) by extension 'colcon_meta'
[0.189s] Level 1:colcon.colcon_core.package_identification:_identify(.) by extensions ['ros']
[0.189s] Level 1:colcon.colcon_core.package_identification:_identify(.) by extension 'ros'
[0.194s] Level 1:colcon.colcon_core.package_identification:_identify(.) by extensions ['cmake', 'python']
[0.194s] Level 1:colcon.colcon_core.package_identification:_identify(.) by extension 'cmake'
[0.194s] Level 1:colcon.colcon_core.package_identification:_identify(.) by extension 'python'
[0.194s] Level 1:colcon.colcon_core.package_identification:_identify(.) by extensions ['python_setup_py']
[0.194s] Level 1:colcon.colcon_core.package_identification:_identify(.) by extension 'python_setup_py'
[0.194s] Level 1:colcon.colcon_core.package_identification:_identify(build) by extensions ['ignore', 'ignore_ament_install']
[0.194s] Level 1:colcon.colcon_core.package_identification:_identify(build) by extension 'ignore'
[0.194s] Level 1:colcon.colcon_core.package_identification:_identify(build) ignored
[0.194s] Level 1:colcon.colcon_core.package_identification:_identify(install) by extensions ['ignore', 'ignore_ament_install']
[0.194s] Level 1:colcon.colcon_core.package_identification:_identify(install) by extension 'ignore'
[0.194s] Level 1:colcon.colcon_core.package_identification:_identify(install) ignored
[0.194s] Level 1:colcon.colcon_core.package_identification:_identify(log) by extensions ['ignore', 'ignore_ament_install']
[0.195s] Level 1:colcon.colcon_core.package_identification:_identify(log) by extension 'ignore'
[0.195s] Level 1:colcon.colcon_core.package_identification:_identify(log) ignored
[0.195s] Level 1:colcon.colcon_core.package_identification:_identify(svc_ws) by extensions ['ignore', 'ignore_ament_install']
[0.195s] Level 1:colcon.colcon_core.package_identification:_identify(svc_ws) by extension 'ignore'
[0.195s] Level 1:colcon.colcon_core.package_identification:_identify(svc_ws) by extension 'ignore_ament_install'
[0.195s] Level 1:colcon.colcon_core.package_identification:_identify(svc_ws) by extensions ['colcon_pkg']
[0.195s] Level 1:colcon.colcon_core.package_identification:_identify(svc_ws) by extension 'colcon_pkg'
[0.195s] Level 1:colcon.colcon_core.package_identification:_identify(svc_ws) by extensions ['colcon_meta']
[0.195s] Level 1:colcon.colcon_core.package_identification:_identify(svc_ws) by extension 'colcon_meta'
[0.195s] Level 1:colcon.colcon_core.package_identification:_identify(svc_ws) by extensions ['ros']
[0.195s] Level 1:colcon.colcon_core.package_identification:_identify(svc_ws) by extension 'ros'
[0.195s] Level 1:colcon.colcon_core.package_identification:_identify(svc_ws) by extensions ['cmake', 'python']
[0.195s] Level 1:colcon.colcon_core.package_identification:_identify(svc_ws) by extension 'cmake'
[0.195s] Level 1:colcon.colcon_core.package_identification:_identify(svc_ws) by extension 'python'
[0.195s] Level 1:colcon.colcon_core.package_identification:_identify(svc_ws) by extensions ['python_setup_py']
[0.195s] Level 1:colcon.colcon_core.package_identification:_identify(svc_ws) by extension 'python_setup_py'
[0.195s] Level 1:colcon.colcon_core.package_identification:_identify(svc_ws/build) by extensions ['ignore', 'ignore_ament_install']
[0.195s] Level 1:colcon.colcon_core.package_identification:_identify(svc_ws/build) by extension 'ignore'
[0.195s] Level 1:colcon.colcon_core.package_identification:_identify(svc_ws/build) ignored
[0.195s] Level 1:colcon.colcon_core.package_identification:_identify(svc_ws/install) by extensions ['ignore', 'ignore_ament_install']
[0.195s] Level 1:colcon.colcon_core.package_identification:_identify(svc_ws/install) by extension 'ignore'
[0.195s] Level 1:colcon.colcon_core.package_identification:_identify(svc_ws/install) ignored
[0.195s] Level 1:colcon.colcon_core.package_identification:_identify(svc_ws/log) by extensions ['ignore', 'ignore_ament_install']
[0.195s] Level 1:colcon.colcon_core.package_identification:_identify(svc_ws/log) by extension 'ignore'
[0.195s] Level 1:colcon.colcon_core.package_identification:_identify(svc_ws/log) ignored
[0.195s] Level 1:colcon.colcon_core.package_identification:_identify(svc_ws/src) by extensions ['ignore', 'ignore_ament_install']
[0.195s] Level 1:colcon.colcon_core.package_identification:_identify(svc_ws/src) by extension 'ignore'
[0.195s] Level 1:colcon.colcon_core.package_identification:_identify(svc_ws/src) by extension 'ignore_ament_install'
[0.195s] Level 1:colcon.colcon_core.package_identification:_identify(svc_ws/src) by extensions ['colcon_pkg']
[0.195s] Level 1:colcon.colcon_core.package_identification:_identify(svc_ws/src) by extension 'colcon_pkg'
[0.195s] Level 1:colcon.colcon_core.package_identification:_identify(svc_ws/src) by extensions ['colcon_meta']
[0.195s] Level 1:colcon.colcon_core.package_identification:_identify(svc_ws/src) by extension 'colcon_meta'
[0.195s] Level 1:colcon.colcon_core.package_identification:_identify(svc_ws/src) by extensions ['ros']
[0.195s] Level 1:colcon.colcon_core.package_identification:_identify(svc_ws/src) by extension 'ros'
[0.195s] Level 1:colcon.colcon_core.package_identification:_identify(svc_ws/src) by extensions ['cmake', 'python']
[0.195s] Level 1:colcon.colcon_core.package_identification:_identify(svc_ws/src) by extension 'cmake'
[0.195s] Level 1:colcon.colcon_core.package_identification:_identify(svc_ws/src) by extension 'python'
[0.195s] Level 1:colcon.colcon_core.package_identification:_identify(svc_ws/src) by extensions ['python_setup_py']
[0.195s] Level 1:colcon.colcon_core.package_identification:_identify(svc_ws/src) by extension 'python_setup_py'
[0.195s] Level 1:colcon.colcon_core.package_identification:_identify(svc_ws/src/smart_shop_interfaces) by extensions ['ignore', 'ignore_ament_install']
[0.195s] Level 1:colcon.colcon_core.package_identification:_identify(svc_ws/src/smart_shop_interfaces) by extension 'ignore'
[0.195s] Level 1:colcon.colcon_core.package_identification:_identify(svc_ws/src/smart_shop_interfaces) by extension 'ignore_ament_install'
[0.195s] Level 1:colcon.colcon_core.package_identification:_identify(svc_ws/src/smart_shop_interfaces) by extensions ['colcon_pkg']
[0.195s] Level 1:colcon.colcon_core.package_identification:_identify(svc_ws/src/smart_shop_interfaces) by extension 'colcon_pkg'
[0.195s] Level 1:colcon.colcon_core.package_identification:_identify(svc_ws/src/smart_shop_interfaces) by extensions ['colcon_meta']
[0.195s] Level 1:colcon.colcon_core.package_identification:_identify(svc_ws/src/smart_shop_interfaces) by extension 'colcon_meta'
[0.195s] Level 1:colcon.colcon_core.package_identification:_identify(svc_ws/src/smart_shop_interfaces) by extensions ['ros']
[0.195s] Level 1:colcon.colcon_core.package_identification:_identify(svc_ws/src/smart_shop_interfaces) by extension 'ros'
[0.197s] DEBUG:colcon.colcon_core.package_identification:Package 'svc_ws/src/smart_shop_interfaces' with type 'ros.ament_cmake' and name 'smart_shop_interfaces'
[0.197s] Level 1:colcon.colcon_core.package_identification:_identify(svc_ws/src/smart_shop_nodes) by extensions ['ignore', 'ignore_ament_install']
[0.197s] Level 1:colcon.colcon_core.package_identification:_identify(svc_ws/src/smart_shop_nodes) by extension 'ignore'
[0.197s] Level 1:colcon.colcon_core.package_identification:_identify(svc_ws/src/smart_shop_nodes) by extension 'ignore_ament_install'
[0.197s] Level 1:colcon.colcon_core.package_identification:_identify(svc_ws/src/smart_shop_nodes) by extensions ['colcon_pkg']
[0.197s] Level 1:colcon.colcon_core.package_identification:_identify(svc_ws/src/smart_shop_nodes) by extension 'colcon_pkg'
[0.197s] Level 1:colcon.colcon_core.package_identification:_identify(svc_ws/src/smart_shop_nodes) by extensions ['colcon_meta']
[0.197s] Level 1:colcon.colcon_core.package_identification:_identify(svc_ws/src/smart_shop_nodes) by extension 'colcon_meta'
[0.197s] Level 1:colcon.colcon_core.package_identification:_identify(svc_ws/src/smart_shop_nodes) by extensions ['ros']
[0.197s] Level 1:colcon.colcon_core.package_identification:_identify(svc_ws/src/smart_shop_nodes) by extension 'ros'
[0.197s] DEBUG:colcon.colcon_core.package_identification:Package 'svc_ws/src/smart_shop_nodes' with type 'ros.ament_python' and name 'smart_shop_nodes'
[0.197s] Level 1:colcon.colcon_core.package_identification:_identify(test_svc) by extensions ['ignore', 'ignore_ament_install']
[0.197s] Level 1:colcon.colcon_core.package_identification:_identify(test_svc) by extension 'ignore'
[0.197s] Level 1:colcon.colcon_core.package_identification:_identify(test_svc) by extension 'ignore_ament_install'
[0.197s] Level 1:colcon.colcon_core.package_identification:_identify(test_svc) by extensions ['colcon_pkg']
[0.197s] Level 1:colcon.colcon_core.package_identification:_identify(test_svc) by extension 'colcon_pkg'
[0.197s] Level 1:colcon.colcon_core.package_identification:_identify(test_svc) by extensions ['colcon_meta']
[0.197s] Level 1:colcon.colcon_core.package_identification:_identify(test_svc) by extension 'colcon_meta'
[0.197s] Level 1:colcon.colcon_core.package_identification:_identify(test_svc) by extensions ['ros']
[0.198s] Level 1:colcon.colcon_core.package_identification:_identify(test_svc) by extension 'ros'
[0.198s] Level 1:colcon.colcon_core.package_identification:_identify(test_svc) by extensions ['cmake', 'python']
[0.198s] Level 1:colcon.colcon_core.package_identification:_identify(test_svc) by extension 'cmake'
[0.198s] Level 1:colcon.colcon_core.package_identification:_identify(test_svc) by extension 'python'
[0.198s] Level 1:colcon.colcon_core.package_identification:_identify(test_svc) by extensions ['python_setup_py']
[0.198s] Level 1:colcon.colcon_core.package_identification:_identify(test_svc) by extension 'python_setup_py'
[0.198s] Level 1:colcon.colcon_core.package_identification:_identify(test_svc/build) by extensions ['ignore', 'ignore_ament_install']
[0.198s] Level 1:colcon.colcon_core.package_identification:_identify(test_svc/build) by extension 'ignore'
[0.198s] Level 1:colcon.colcon_core.package_identification:_identify(test_svc/build) ignored
[0.198s] Level 1:colcon.colcon_core.package_identification:_identify(test_svc/install) by extensions ['ignore', 'ignore_ament_install']
[0.198s] Level 1:colcon.colcon_core.package_identification:_identify(test_svc/install) by extension 'ignore'
[0.198s] Level 1:colcon.colcon_core.package_identification:_identify(test_svc/install) ignored
[0.198s] Level 1:colcon.colcon_core.package_identification:_identify(test_svc/log) by extensions ['ignore', 'ignore_ament_install']
[0.198s] Level 1:colcon.colcon_core.package_identification:_identify(test_svc/log) by extension 'ignore'
[0.198s] Level 1:colcon.colcon_core.package_identification:_identify(test_svc/log) ignored
[0.198s] Level 1:colcon.colcon_core.package_identification:_identify(test_svc/src) by extensions ['ignore', 'ignore_ament_install']
[0.198s] Level 1:colcon.colcon_core.package_identification:_identify(test_svc/src) by extension 'ignore'
[0.198s] Level 1:colcon.colcon_core.package_identification:_identify(test_svc/src) by extension 'ignore_ament_install'
[0.198s] Level 1:colcon.colcon_core.package_identification:_identify(test_svc/src) by extensions ['colcon_pkg']
[0.198s] Level 1:colcon.colcon_core.package_identification:_identify(test_svc/src) by extension 'colcon_pkg'
[0.198s] Level 1:colcon.colcon_core.package_identification:_identify(test_svc/src) by extensions ['colcon_meta']
[0.198s] Level 1:colcon.colcon_core.package_identification:_identify(test_svc/src) by extension 'colcon_meta'
[0.198s] Level 1:colcon.colcon_core.package_identification:_identify(test_svc/src) by extensions ['ros']
[0.198s] Level 1:colcon.colcon_core.package_identification:_identify(test_svc/src) by extension 'ros'
[0.198s] Level 1:colcon.colcon_core.package_identification:_identify(test_svc/src) by extensions ['cmake', 'python']
[0.198s] Level 1:colcon.colcon_core.package_identification:_identify(test_svc/src) by extension 'cmake'
[0.198s] Level 1:colcon.colcon_core.package_identification:_identify(test_svc/src) by extension 'python'
[0.198s] Level 1:colcon.colcon_core.package_identification:_identify(test_svc/src) by extensions ['python_setup_py']
[0.198s] Level 1:colcon.colcon_core.package_identification:_identify(test_svc/src) by extension 'python_setup_py'
[0.198s] Level 1:colcon.colcon_core.package_identification:_identify(test_svc/src/my_svc) by extensions ['ignore', 'ignore_ament_install']
[0.198s] Level 1:colcon.colcon_core.package_identification:_identify(test_svc/src/my_svc) by extension 'ignore'
[0.198s] Level 1:colcon.colcon_core.package_identification:_identify(test_svc/src/my_svc) by extension 'ignore_ament_install'
[0.198s] Level 1:colcon.colcon_core.package_identification:_identify(test_svc/src/my_svc) by extensions ['colcon_pkg']
[0.198s] Level 1:colcon.colcon_core.package_identification:_identify(test_svc/src/my_svc) by extension 'colcon_pkg'
[0.198s] Level 1:colcon.colcon_core.package_identification:_identify(test_svc/src/my_svc) by extensions ['colcon_meta']
[0.198s] Level 1:colcon.colcon_core.package_identification:_identify(test_svc/src/my_svc) by extension 'colcon_meta'
[0.198s] Level 1:colcon.colcon_core.package_identification:_identify(test_svc/src/my_svc) by extensions ['ros']
[0.198s] Level 1:colcon.colcon_core.package_identification:_identify(test_svc/src/my_svc) by extension 'ros'
[0.199s] DEBUG:colcon.colcon_core.package_identification:Package 'test_svc/src/my_svc' with type 'ros.ament_python' and name 'my_svc'
[0.199s] Level 1:colcon.colcon_core.package_discovery:discover_packages(recursive) using defaults
[0.199s] Level 1:colcon.colcon_core.package_discovery:discover_packages(ignore) discover
[0.199s] Level 1:colcon.colcon_core.package_discovery:discover_packages(ignore) using defaults
[0.199s] Level 1:colcon.colcon_core.package_discovery:discover_packages(path) discover
[0.199s] Level 1:colcon.colcon_core.package_discovery:discover_packages(path) using defaults
[0.216s] Level 1:colcon.colcon_core.package_discovery:discover_packages(prefix_path) check parameters
[0.216s] Level 1:colcon.colcon_core.package_discovery:discover_packages(prefix_path) discover
[0.216s] WARNING:colcon.colcon_core.prefix_path.colcon:The path '/home/ssu/robotics-practice/week/week02/svc_ws/install' in the environment variable COLCON_PREFIX_PATH doesn't exist
[0.216s] WARNING:colcon.colcon_ros.prefix_path.ament:The path '/home/ssu/robotics-practice/week/week02/svc_ws/install/smart_shop_nodes' in the environment variable AMENT_PREFIX_PATH doesn't exist
[0.216s] WARNING:colcon.colcon_ros.prefix_path.ament:The path '/home/ssu/robotics-practice/week/week02/svc_ws/install/smart_shop_interfaces' in the environment variable AMENT_PREFIX_PATH doesn't exist
[0.216s] WARNING:colcon.colcon_ros.prefix_path.catkin:The path '/home/ssu/robotics-practice/week/week02/svc_ws/install/smart_shop_interfaces' in the environment variable CMAKE_PREFIX_PATH doesn't exist
[0.217s] DEBUG:colcon.colcon_installed_package_information.package_discovery:Found 323 installed packages in /opt/ros/humble
[0.218s] Level 1:colcon.colcon_core.package_discovery:discover_packages(prefix_path) using defaults
[0.235s] Level 5:colcon.colcon_core.verb:set package 'my_svc' build argument 'cmake_args' from command line to 'None'
[0.235s] Level 5:colcon.colcon_core.verb:set package 'my_svc' build argument 'cmake_target' from command line to 'None'
[0.235s] Level 5:colcon.colcon_core.verb:set package 'my_svc' build argument 'cmake_target_skip_unavailable' from command line to 'False'
[0.235s] Level 5:colcon.colcon_core.verb:set package 'my_svc' build argument 'cmake_clean_cache' from command line to 'False'
[0.235s] Level 5:colcon.colcon_core.verb:set package 'my_svc' build argument 'cmake_clean_first' from command line to 'False'
[0.235s] Level 5:colcon.colcon_core.verb:set package 'my_svc' build argument 'cmake_force_configure' from command line to 'False'
[0.235s] Level 5:colcon.colcon_core.verb:set package 'my_svc' build argument 'ament_cmake_args' from command line to 'None'
[0.235s] Level 5:colcon.colcon_core.verb:set package 'my_svc' build argument 'catkin_cmake_args' from command line to 'None'
[0.235s] Level 5:colcon.colcon_core.verb:set package 'my_svc' build argument 'catkin_skip_building_tests' from command line to 'False'
[0.235s] DEBUG:colcon.colcon_core.verb:Building package 'my_svc' with the following arguments: {'ament_cmake_args': None, 'build_base': '/home/ssu/robotics-practice/class/class03/build/my_svc', 'catkin_cmake_args': None, 'catkin_skip_building_tests': False, 'cmake_args': None, 'cmake_clean_cache': False, 'cmake_clean_first': False, 'cmake_force_configure': False, 'cmake_target': None, 'cmake_target_skip_unavailable': False, 'install_base': '/home/ssu/robotics-practice/class/class03/install/my_svc', 'merge_install': False, 'path': '/home/ssu/robotics-practice/class/class03/test_svc/src/my_svc', 'symlink_install': False, 'test_result_base': None}
[0.236s] Level 5:colcon.colcon_core.verb:set package 'smart_shop_interfaces' build argument 'cmake_args' from command line to 'None'
[0.236s] Level 5:colcon.colcon_core.verb:set package 'smart_shop_interfaces' build argument 'cmake_target' from command line to 'None'
[0.236s] Level 5:colcon.colcon_core.verb:set package 'smart_shop_interfaces' build argument 'cmake_target_skip_unavailable' from command line to 'False'
[0.236s] Level 5:colcon.colcon_core.verb:set package 'smart_shop_interfaces' build argument 'cmake_clean_cache' from command line to 'False'
[0.236s] Level 5:colcon.colcon_core.verb:set package 'smart_shop_interfaces' build argument 'cmake_clean_first' from command line to 'False'
[0.236s] Level 5:colcon.colcon_core.verb:set package 'smart_shop_interfaces' build argument 'cmake_force_configure' from command line to 'False'
[0.236s] Level 5:colcon.colcon_core.verb:set package 'smart_shop_interfaces' build argument 'ament_cmake_args' from command line to 'None'
[0.236s] Level 5:colcon.colcon_core.verb:set package 'smart_shop_interfaces' build argument 'catkin_cmake_args' from command line to 'None'
[0.236s] Level 5:colcon.colcon_core.verb:set package 'smart_shop_interfaces' build argument 'catkin_skip_building_tests' from command line to 'False'
[0.236s] DEBUG:colcon.colcon_core.verb:Building package 'smart_shop_interfaces' with the following arguments: {'ament_cmake_args': None, 'build_base': '/home/ssu/robotics-practice/class/class03/build/smart_shop_interfaces', 'catkin_cmake_args': None, 'catkin_skip_building_tests': False, 'cmake_args': None, 'cmake_clean_cache': False, 'cmake_clean_first': False, 'cmake_force_configure': False, 'cmake_target': None, 'cmake_target_skip_unavailable': False, 'install_base': '/home/ssu/robotics-practice/class/class03/install/smart_shop_interfaces', 'merge_install': False, 'path': '/home/ssu/robotics-practice/class/class03/svc_ws/src/smart_shop_interfaces', 'symlink_install': False, 'test_result_base': None}
[0.236s] Level 5:colcon.colcon_core.verb:set package 'smart_shop_nodes' build argument 'cmake_args' from command line to 'None'
[0.236s] Level 5:colcon.colcon_core.verb:set package 'smart_shop_nodes' build argument 'cmake_target' from command line to 'None'
[0.236s] Level 5:colcon.colcon_core.verb:set package 'smart_shop_nodes' build argument 'cmake_target_skip_unavailable' from command line to 'False'
[0.236s] Level 5:colcon.colcon_core.verb:set package 'smart_shop_nodes' build argument 'cmake_clean_cache' from command line to 'False'
[0.236s] Level 5:colcon.colcon_core.verb:set package 'smart_shop_nodes' build argument 'cmake_clean_first' from command line to 'False'
[0.236s] Level 5:colcon.colcon_core.verb:set package 'smart_shop_nodes' build argument 'cmake_force_configure' from command line to 'False'
[0.236s] Level 5:colcon.colcon_core.verb:set package 'smart_shop_nodes' build argument 'ament_cmake_args' from command line to 'None'
[0.236s] Level 5:colcon.colcon_core.verb:set package 'smart_shop_nodes' build argument 'catkin_cmake_args' from command line to 'None'
[0.236s] Level 5:colcon.colcon_core.verb:set package 'smart_shop_nodes' build argument 'catkin_skip_building_tests' from command line to 'False'
[0.236s] DEBUG:colcon.colcon_core.verb:Building package 'smart_shop_nodes' with the following arguments: {'ament_cmake_args': None, 'build_base': '/home/ssu/robotics-practice/class/class03/build/smart_shop_nodes', 'catkin_cmake_args': None, 'catkin_skip_building_tests': False, 'cmake_args': None, 'cmake_clean_cache': False, 'cmake_clean_first': False, 'cmake_force_configure': False, 'cmake_target': None, 'cmake_target_skip_unavailable': False, 'install_base': '/home/ssu/robotics-practice/class/class03/install/smart_shop_nodes', 'merge_install': False, 'path': '/home/ssu/robotics-practice/class/class03/svc_ws/src/smart_shop_nodes', 'symlink_install': False, 'test_result_base': None}
[0.236s] INFO:colcon.colcon_core.executor:Executing jobs using 'parallel' executor
[0.237s] DEBUG:colcon.colcon_parallel_executor.executor.parallel:run_until_complete
[0.237s] INFO:colcon.colcon_ros.task.ament_cmake.build:Building ROS package in '/home/ssu/robotics-practice/class/class03/svc_ws/src/smart_shop_interfaces' with build type 'ament_cmake'
[0.237s] INFO:colcon.colcon_cmake.task.cmake.build:Building CMake package in '/home/ssu/robotics-practice/class/class03/svc_ws/src/smart_shop_interfaces'
[0.239s] INFO:colcon.colcon_core.plugin_system:Skipping extension 'colcon_core.shell.bat': Not used on non-Windows systems
[0.239s] INFO:colcon.colcon_core.shell:Skip shell extension 'powershell' for command environment: Not usable outside of PowerShell
[0.239s] DEBUG:colcon.colcon_core.shell:Skip shell extension 'dsv' for command environment
[0.241s] INFO:colcon.colcon_ros.task.ament_python.build:Building ROS package in '/home/ssu/robotics-practice/class/class03/test_svc/src/my_svc' with build type 'ament_python'
[0.241s] Level 1:colcon.colcon_core.shell:create_environment_hook('my_svc', 'ament_prefix_path')
[0.241s] INFO:colcon.colcon_core.shell:Creating environment hook '/home/ssu/robotics-practice/class/class03/install/my_svc/share/my_svc/hook/ament_prefix_path.ps1'
[0.241s] INFO:colcon.colcon_core.shell:Creating environment descriptor '/home/ssu/robotics-practice/class/class03/install/my_svc/share/my_svc/hook/ament_prefix_path.dsv'
[0.242s] INFO:colcon.colcon_core.shell:Creating environment hook '/home/ssu/robotics-practice/class/class03/install/my_svc/share/my_svc/hook/ament_prefix_path.sh'
[0.242s] INFO:colcon.colcon_core.shell:Skip shell extension 'powershell' for command environment: Not usable outside of PowerShell
[0.242s] DEBUG:colcon.colcon_core.shell:Skip shell extension 'dsv' for command environment
[0.246s] DEBUG:colcon.colcon_core.event_handler.log_command:Invoking command in '/home/ssu/robotics-practice/class/class03/build/smart_shop_interfaces': CMAKE_PREFIX_PATH=${CMAKE_PREFIX_PATH}:/home/ssu/robotics-practice/week/week02/svc_ws/install/smart_shop_nodes:/opt/ros/humble /usr/bin/cmake /home/ssu/robotics-practice/class/class03/svc_ws/src/smart_shop_interfaces -DCMAKE_INSTALL_PREFIX=/home/ssu/robotics-practice/class/class03/install/smart_shop_interfaces
[0.352s] INFO:colcon.colcon_core.task.python.build:Building Python package in '/home/ssu/robotics-practice/class/class03/test_svc/src/my_svc'
[0.352s] INFO:colcon.colcon_core.shell:Skip shell extension 'powershell' for command environment: Not usable outside of PowerShell
[0.352s] DEBUG:colcon.colcon_core.shell:Skip shell extension 'dsv' for command environment
[0.570s] DEBUG:colcon.colcon_core.event_handler.log_command:Invoking command in '/home/ssu/robotics-practice/class/class03/test_svc/src/my_svc': PYTHONPATH=/home/ssu/robotics-practice/class/class03/build/my_svc/prefix_override:/usr/lib/python3/dist-packages/colcon_core/task/python/colcon_distutils_commands:/home/ssu/robotics-practice/class/class03/install/my_svc/lib/python3.10/site-packages:${PYTHONPATH} /usr/bin/python3 -W ignore:setup.py install is deprecated -W ignore:easy_install command is deprecated setup.py egg_info --egg-base ../../../build/my_svc build --build-base /home/ssu/robotics-practice/class/class03/build/my_svc/build install --record /home/ssu/robotics-practice/class/class03/build/my_svc/install.log --single-version-externally-managed install_data
[0.688s] DEBUG:colcon.colcon_core.event_handler.log_command:Invoked command in '/home/ssu/robotics-practice/class/class03/test_svc/src/my_svc' returned '0': PYTHONPATH=/home/ssu/robotics-practice/class/class03/build/my_svc/prefix_override:/usr/lib/python3/dist-packages/colcon_core/task/python/colcon_distutils_commands:/home/ssu/robotics-practice/class/class03/install/my_svc/lib/python3.10/site-packages:${PYTHONPATH} /usr/bin/python3 -W ignore:setup.py install is deprecated -W ignore:easy_install command is deprecated setup.py egg_info --egg-base ../../../build/my_svc build --build-base /home/ssu/robotics-practice/class/class03/build/my_svc/build install --record /home/ssu/robotics-practice/class/class03/build/my_svc/install.log --single-version-externally-managed install_data
[0.696s] Level 1:colcon.colcon_core.environment:checking '/home/ssu/robotics-practice/class/class03/install/my_svc' for CMake module files
[0.696s] Level 1:colcon.colcon_core.environment:checking '/home/ssu/robotics-practice/class/class03/install/my_svc' for CMake config files
[0.696s] Level 1:colcon.colcon_core.environment:checking '/home/ssu/robotics-practice/class/class03/install/my_svc/lib'
[0.696s] Level 1:colcon.colcon_core.environment:checking '/home/ssu/robotics-practice/class/class03/install/my_svc/bin'
[0.696s] Level 1:colcon.colcon_core.environment:checking '/home/ssu/robotics-practice/class/class03/install/my_svc/lib/pkgconfig/my_svc.pc'
[0.697s] Level 1:colcon.colcon_core.environment:checking '/home/ssu/robotics-practice/class/class03/install/my_svc/lib/python3.10/site-packages'
[0.697s] Level 1:colcon.colcon_core.shell:create_environment_hook('my_svc', 'pythonpath')
[0.697s] INFO:colcon.colcon_core.shell:Creating environment hook '/home/ssu/robotics-practice/class/class03/install/my_svc/share/my_svc/hook/pythonpath.ps1'
[0.697s] INFO:colcon.colcon_core.shell:Creating environment descriptor '/home/ssu/robotics-practice/class/class03/install/my_svc/share/my_svc/hook/pythonpath.dsv'
[0.697s] INFO:colcon.colcon_core.shell:Creating environment hook '/home/ssu/robotics-practice/class/class03/install/my_svc/share/my_svc/hook/pythonpath.sh'
[0.697s] Level 1:colcon.colcon_core.environment:checking '/home/ssu/robotics-practice/class/class03/install/my_svc/bin'
[0.697s] Level 1:colcon.colcon_core.environment:create_environment_scripts_only(my_svc)
[0.698s] INFO:colcon.colcon_core.shell:Creating package script '/home/ssu/robotics-practice/class/class03/install/my_svc/share/my_svc/package.ps1'
[0.698s] INFO:colcon.colcon_core.shell:Creating package descriptor '/home/ssu/robotics-practice/class/class03/install/my_svc/share/my_svc/package.dsv'
[0.698s] INFO:colcon.colcon_core.shell:Creating package script '/home/ssu/robotics-practice/class/class03/install/my_svc/share/my_svc/package.sh'
[0.699s] INFO:colcon.colcon_core.shell:Creating package script '/home/ssu/robotics-practice/class/class03/install/my_svc/share/my_svc/package.bash'
[0.699s] INFO:colcon.colcon_core.shell:Creating package script '/home/ssu/robotics-practice/class/class03/install/my_svc/share/my_svc/package.zsh'
[0.699s] Level 1:colcon.colcon_core.environment:create_file_with_runtime_dependencies(/home/ssu/robotics-practice/class/class03/install/my_svc/share/colcon-core/packages/my_svc)
[1.123s] DEBUG:colcon.colcon_core.event_handler.log_command:Invoked command in '/home/ssu/robotics-practice/class/class03/build/smart_shop_interfaces' returned '0': CMAKE_PREFIX_PATH=${CMAKE_PREFIX_PATH}:/home/ssu/robotics-practice/week/week02/svc_ws/install/smart_shop_nodes:/opt/ros/humble /usr/bin/cmake /home/ssu/robotics-practice/class/class03/svc_ws/src/smart_shop_interfaces -DCMAKE_INSTALL_PREFIX=/home/ssu/robotics-practice/class/class03/install/smart_shop_interfaces
[1.125s] DEBUG:colcon.colcon_core.event_handler.log_command:Invoking command in '/home/ssu/robotics-practice/class/class03/build/smart_shop_interfaces': CMAKE_PREFIX_PATH=${CMAKE_PREFIX_PATH}:/home/ssu/robotics-practice/week/week02/svc_ws/install/smart_shop_nodes:/opt/ros/humble /usr/bin/cmake --build /home/ssu/robotics-practice/class/class03/build/smart_shop_interfaces -- -j14 -l14
[2.607s] DEBUG:colcon.colcon_core.event_handler.log_command:Invoked command in '/home/ssu/robotics-practice/class/class03/build/smart_shop_interfaces' returned '0': CMAKE_PREFIX_PATH=${CMAKE_PREFIX_PATH}:/home/ssu/robotics-practice/week/week02/svc_ws/install/smart_shop_nodes:/opt/ros/humble /usr/bin/cmake --build /home/ssu/robotics-practice/class/class03/build/smart_shop_interfaces -- -j14 -l14
[2.614s] DEBUG:colcon.colcon_core.event_handler.log_command:Invoking command in '/home/ssu/robotics-practice/class/class03/build/smart_shop_interfaces': CMAKE_PREFIX_PATH=${CMAKE_PREFIX_PATH}:/home/ssu/robotics-practice/week/week02/svc_ws/install/smart_shop_nodes:/opt/ros/humble /usr/bin/cmake --install /home/ssu/robotics-practice/class/class03/build/smart_shop_interfaces
[2.657s] Level 1:colcon.colcon_core.environment:create_environment_scripts_only(smart_shop_interfaces)
[2.657s] Level 1:colcon.colcon_core.environment:checking '/home/ssu/robotics-practice/class/class03/install/smart_shop_interfaces' for CMake module files
[2.658s] DEBUG:colcon.colcon_core.event_handler.log_command:Invoked command in '/home/ssu/robotics-practice/class/class03/build/smart_shop_interfaces' returned '0': CMAKE_PREFIX_PATH=${CMAKE_PREFIX_PATH}:/home/ssu/robotics-practice/week/week02/svc_ws/install/smart_shop_nodes:/opt/ros/humble /usr/bin/cmake --install /home/ssu/robotics-practice/class/class03/build/smart_shop_interfaces
[2.658s] Level 1:colcon.colcon_core.environment:checking '/home/ssu/robotics-practice/class/class03/install/smart_shop_interfaces' for CMake config files
[2.658s] Level 1:colcon.colcon_core.shell:create_environment_hook('smart_shop_interfaces', 'cmake_prefix_path')
[2.658s] INFO:colcon.colcon_core.shell:Creating environment hook '/home/ssu/robotics-practice/class/class03/install/smart_shop_interfaces/share/smart_shop_interfaces/hook/cmake_prefix_path.ps1'
[2.658s] INFO:colcon.colcon_core.shell:Creating environment descriptor '/home/ssu/robotics-practice/class/class03/install/smart_shop_interfaces/share/smart_shop_interfaces/hook/cmake_prefix_path.dsv'
[2.658s] INFO:colcon.colcon_core.shell:Creating environment hook '/home/ssu/robotics-practice/class/class03/install/smart_shop_interfaces/share/smart_shop_interfaces/hook/cmake_prefix_path.sh'
[2.659s] Level 1:colcon.colcon_core.environment:checking '/home/ssu/robotics-practice/class/class03/install/smart_shop_interfaces/lib'
[2.659s] Level 1:colcon.colcon_core.shell:create_environment_hook('smart_shop_interfaces', 'ld_library_path_lib')
[2.659s] INFO:colcon.colcon_core.shell:Creating environment hook '/home/ssu/robotics-practice/class/class03/install/smart_shop_interfaces/share/smart_shop_interfaces/hook/ld_library_path_lib.ps1'
[2.659s] INFO:colcon.colcon_core.shell:Creating environment descriptor '/home/ssu/robotics-practice/class/class03/install/smart_shop_interfaces/share/smart_shop_interfaces/hook/ld_library_path_lib.dsv'
[2.659s] INFO:colcon.colcon_core.shell:Creating environment hook '/home/ssu/robotics-practice/class/class03/install/smart_shop_interfaces/share/smart_shop_interfaces/hook/ld_library_path_lib.sh'
[2.659s] Level 1:colcon.colcon_core.environment:checking '/home/ssu/robotics-practice/class/class03/install/smart_shop_interfaces/bin'
[2.659s] Level 1:colcon.colcon_core.environment:checking '/home/ssu/robotics-practice/class/class03/install/smart_shop_interfaces/lib/pkgconfig/smart_shop_interfaces.pc'
[2.659s] Level 1:colcon.colcon_core.environment:checking '/home/ssu/robotics-practice/class/class03/install/smart_shop_interfaces/lib/python3.10/site-packages'
[2.659s] Level 1:colcon.colcon_core.environment:checking '/home/ssu/robotics-practice/class/class03/install/smart_shop_interfaces/bin'
[2.660s] INFO:colcon.colcon_core.shell:Creating package script '/home/ssu/robotics-practice/class/class03/install/smart_shop_interfaces/share/smart_shop_interfaces/package.ps1'
[2.660s] INFO:colcon.colcon_core.shell:Creating package descriptor '/home/ssu/robotics-practice/class/class03/install/smart_shop_interfaces/share/smart_shop_interfaces/package.dsv'
[2.660s] INFO:colcon.colcon_core.shell:Creating package script '/home/ssu/robotics-practice/class/class03/install/smart_shop_interfaces/share/smart_shop_interfaces/package.sh'
[2.660s] INFO:colcon.colcon_core.shell:Creating package script '/home/ssu/robotics-practice/class/class03/install/smart_shop_interfaces/share/smart_shop_interfaces/package.bash'
[2.660s] INFO:colcon.colcon_core.shell:Creating package script '/home/ssu/robotics-practice/class/class03/install/smart_shop_interfaces/share/smart_shop_interfaces/package.zsh'
[2.660s] Level 1:colcon.colcon_core.environment:create_file_with_runtime_dependencies(/home/ssu/robotics-practice/class/class03/install/smart_shop_interfaces/share/colcon-core/packages/smart_shop_interfaces)
[2.661s] Level 1:colcon.colcon_core.environment:create_environment_scripts_only(smart_shop_interfaces)
[2.661s] Level 1:colcon.colcon_core.environment:checking '/home/ssu/robotics-practice/class/class03/install/smart_shop_interfaces' for CMake module files
[2.661s] Level 1:colcon.colcon_core.environment:checking '/home/ssu/robotics-practice/class/class03/install/smart_shop_interfaces' for CMake config files
[2.661s] Level 1:colcon.colcon_core.shell:create_environment_hook('smart_shop_interfaces', 'cmake_prefix_path')
[2.661s] INFO:colcon.colcon_core.shell:Creating environment hook '/home/ssu/robotics-practice/class/class03/install/smart_shop_interfaces/share/smart_shop_interfaces/hook/cmake_prefix_path.ps1'
[2.661s] INFO:colcon.colcon_core.shell:Creating environment descriptor '/home/ssu/robotics-practice/class/class03/install/smart_shop_interfaces/share/smart_shop_interfaces/hook/cmake_prefix_path.dsv'
[2.661s] INFO:colcon.colcon_core.shell:Creating environment hook '/home/ssu/robotics-practice/class/class03/install/smart_shop_interfaces/share/smart_shop_interfaces/hook/cmake_prefix_path.sh'
[2.662s] Level 1:colcon.colcon_core.environment:checking '/home/ssu/robotics-practice/class/class03/install/smart_shop_interfaces/lib'
[2.662s] Level 1:colcon.colcon_core.shell:create_environment_hook('smart_shop_interfaces', 'ld_library_path_lib')
[2.662s] INFO:colcon.colcon_core.shell:Creating environment hook '/home/ssu/robotics-practice/class/class03/install/smart_shop_interfaces/share/smart_shop_interfaces/hook/ld_library_path_lib.ps1'
[2.662s] INFO:colcon.colcon_core.shell:Creating environment descriptor '/home/ssu/robotics-practice/class/class03/install/smart_shop_interfaces/share/smart_shop_interfaces/hook/ld_library_path_lib.dsv'
[2.662s] INFO:colcon.colcon_core.shell:Creating environment hook '/home/ssu/robotics-practice/class/class03/install/smart_shop_interfaces/share/smart_shop_interfaces/hook/ld_library_path_lib.sh'
[2.662s] Level 1:colcon.colcon_core.environment:checking '/home/ssu/robotics-practice/class/class03/install/smart_shop_interfaces/bin'
[2.662s] Level 1:colcon.colcon_core.environment:checking '/home/ssu/robotics-practice/class/class03/install/smart_shop_interfaces/lib/pkgconfig/smart_shop_interfaces.pc'
[2.662s] Level 1:colcon.colcon_core.environment:checking '/home/ssu/robotics-practice/class/class03/install/smart_shop_interfaces/lib/python3.10/site-packages'
[2.662s] Level 1:colcon.colcon_core.environment:checking '/home/ssu/robotics-practice/class/class03/install/smart_shop_interfaces/bin'
[2.663s] INFO:colcon.colcon_core.shell:Creating package script '/home/ssu/robotics-practice/class/class03/install/smart_shop_interfaces/share/smart_shop_interfaces/package.ps1'
[2.663s] INFO:colcon.colcon_core.shell:Creating package descriptor '/home/ssu/robotics-practice/class/class03/install/smart_shop_interfaces/share/smart_shop_interfaces/package.dsv'
[2.663s] INFO:colcon.colcon_core.shell:Creating package script '/home/ssu/robotics-practice/class/class03/install/smart_shop_interfaces/share/smart_shop_interfaces/package.sh'
[2.663s] INFO:colcon.colcon_core.shell:Creating package script '/home/ssu/robotics-practice/class/class03/install/smart_shop_interfaces/share/smart_shop_interfaces/package.bash'
[2.663s] INFO:colcon.colcon_core.shell:Creating package script '/home/ssu/robotics-practice/class/class03/install/smart_shop_interfaces/share/smart_shop_interfaces/package.zsh'
[2.664s] Level 1:colcon.colcon_core.environment:create_file_with_runtime_dependencies(/home/ssu/robotics-practice/class/class03/install/smart_shop_interfaces/share/colcon-core/packages/smart_shop_interfaces)
[2.664s] INFO:colcon.colcon_ros.task.ament_python.build:Building ROS package in '/home/ssu/robotics-practice/class/class03/svc_ws/src/smart_shop_nodes' with build type 'ament_python'
[2.664s] Level 1:colcon.colcon_core.shell:create_environment_hook('smart_shop_nodes', 'ament_prefix_path')
[2.664s] INFO:colcon.colcon_core.shell:Creating environment hook '/home/ssu/robotics-practice/class/class03/install/smart_shop_nodes/share/smart_shop_nodes/hook/ament_prefix_path.ps1'
[2.664s] INFO:colcon.colcon_core.shell:Creating environment descriptor '/home/ssu/robotics-practice/class/class03/install/smart_shop_nodes/share/smart_shop_nodes/hook/ament_prefix_path.dsv'
[2.664s] INFO:colcon.colcon_core.shell:Creating environment hook '/home/ssu/robotics-practice/class/class03/install/smart_shop_nodes/share/smart_shop_nodes/hook/ament_prefix_path.sh'
[2.665s] INFO:colcon.colcon_core.shell:Skip shell extension 'powershell' for command environment: Not usable outside of PowerShell
[2.665s] DEBUG:colcon.colcon_core.shell:Skip shell extension 'dsv' for command environment
[2.773s] INFO:colcon.colcon_core.task.python.build:Building Python package in '/home/ssu/robotics-practice/class/class03/svc_ws/src/smart_shop_nodes'
[2.773s] INFO:colcon.colcon_core.shell:Skip shell extension 'powershell' for command environment: Not usable outside of PowerShell
[2.773s] DEBUG:colcon.colcon_core.shell:Skip shell extension 'dsv' for command environment
[2.926s] DEBUG:colcon.colcon_core.event_handler.log_command:Invoking command in '/home/ssu/robotics-practice/class/class03/svc_ws/src/smart_shop_nodes': AMENT_PREFIX_PATH=/home/ssu/robotics-practice/class/class03/install/smart_shop_interfaces:${AMENT_PREFIX_PATH} CMAKE_PREFIX_PATH=/home/ssu/robotics-practice/class/class03/install/smart_shop_interfaces:${CMAKE_PREFIX_PATH} LD_LIBRARY_PATH=/home/ssu/robotics-practice/class/class03/install/smart_shop_interfaces/lib:/home/ssu/robotics-practice/week/week02/svc_ws/install/smart_shop_interfaces/lib:/opt/ros/humble/opt/rviz_ogre_vendor/lib:/opt/ros/humble/lib/x86_64-linux-gnu:/opt/ros/humble/lib:/usr/local/cuda/lib64 PYTHONPATH=/home/ssu/robotics-practice/class/class03/build/smart_shop_nodes/prefix_override:/usr/lib/python3/dist-packages/colcon_core/task/python/colcon_distutils_commands:/home/ssu/robotics-practice/class/class03/install/smart_shop_nodes/lib/python3.10/site-packages:/home/ssu/robotics-practice/class/class03/install/smart_shop_interfaces/local/lib/python3.10/dist-packages:${PYTHONPATH} /usr/bin/python3 -W ignore:setup.py install is deprecated -W ignore:easy_install command is deprecated setup.py egg_info --egg-base ../../../build/smart_shop_nodes build --build-base /home/ssu/robotics-practice/class/class03/build/smart_shop_nodes/build install --record /home/ssu/robotics-practice/class/class03/build/smart_shop_nodes/install.log --single-version-externally-managed install_data
[3.045s] Level 1:colcon.colcon_core.environment:checking '/home/ssu/robotics-practice/class/class03/install/smart_shop_nodes' for CMake module files
[3.046s] Level 1:colcon.colcon_core.environment:checking '/home/ssu/robotics-practice/class/class03/install/smart_shop_nodes' for CMake config files
[3.046s] DEBUG:colcon.colcon_core.event_handler.log_command:Invoked command in '/home/ssu/robotics-practice/class/class03/svc_ws/src/smart_shop_nodes' returned '0': AMENT_PREFIX_PATH=/home/ssu/robotics-practice/class/class03/install/smart_shop_interfaces:${AMENT_PREFIX_PATH} CMAKE_PREFIX_PATH=/home/ssu/robotics-practice/class/class03/install/smart_shop_interfaces:${CMAKE_PREFIX_PATH} LD_LIBRARY_PATH=/home/ssu/robotics-practice/class/class03/install/smart_shop_interfaces/lib:/home/ssu/robotics-practice/week/week02/svc_ws/install/smart_shop_interfaces/lib:/opt/ros/humble/opt/rviz_ogre_vendor/lib:/opt/ros/humble/lib/x86_64-linux-gnu:/opt/ros/humble/lib:/usr/local/cuda/lib64 PYTHONPATH=/home/ssu/robotics-practice/class/class03/build/smart_shop_nodes/prefix_override:/usr/lib/python3/dist-packages/colcon_core/task/python/colcon_distutils_commands:/home/ssu/robotics-practice/class/class03/install/smart_shop_nodes/lib/python3.10/site-packages:/home/ssu/robotics-practice/class/class03/install/smart_shop_interfaces/local/lib/python3.10/dist-packages:${PYTHONPATH} /usr/bin/python3 -W ignore:setup.py install is deprecated -W ignore:easy_install command is deprecated setup.py egg_info --egg-base ../../../build/smart_shop_nodes build --build-base /home/ssu/robotics-practice/class/class03/build/smart_shop_nodes/build install --record /home/ssu/robotics-practice/class/class03/build/smart_shop_nodes/install.log --single-version-externally-managed install_data
[3.047s] Level 1:colcon.colcon_core.environment:checking '/home/ssu/robotics-practice/class/class03/install/smart_shop_nodes/lib'
[3.047s] Level 1:colcon.colcon_core.environment:checking '/home/ssu/robotics-practice/class/class03/install/smart_shop_nodes/bin'
[3.047s] Level 1:colcon.colcon_core.environment:checking '/home/ssu/robotics-practice/class/class03/install/smart_shop_nodes/lib/pkgconfig/smart_shop_nodes.pc'
[3.047s] Level 1:colcon.colcon_core.environment:checking '/home/ssu/robotics-practice/class/class03/install/smart_shop_nodes/lib/python3.10/site-packages'
[3.047s] Level 1:colcon.colcon_core.shell:create_environment_hook('smart_shop_nodes', 'pythonpath')
[3.047s] INFO:colcon.colcon_core.shell:Creating environment hook '/home/ssu/robotics-practice/class/class03/install/smart_shop_nodes/share/smart_shop_nodes/hook/pythonpath.ps1'
[3.048s] INFO:colcon.colcon_core.shell:Creating environment descriptor '/home/ssu/robotics-practice/class/class03/install/smart_shop_nodes/share/smart_shop_nodes/hook/pythonpath.dsv'
[3.048s] INFO:colcon.colcon_core.shell:Creating environment hook '/home/ssu/robotics-practice/class/class03/install/smart_shop_nodes/share/smart_shop_nodes/hook/pythonpath.sh'
[3.048s] Level 1:colcon.colcon_core.environment:checking '/home/ssu/robotics-practice/class/class03/install/smart_shop_nodes/bin'
[3.048s] Level 1:colcon.colcon_core.environment:create_environment_scripts_only(smart_shop_nodes)
[3.049s] INFO:colcon.colcon_core.shell:Creating package script '/home/ssu/robotics-practice/class/class03/install/smart_shop_nodes/share/smart_shop_nodes/package.ps1'
[3.049s] INFO:colcon.colcon_core.shell:Creating package descriptor '/home/ssu/robotics-practice/class/class03/install/smart_shop_nodes/share/smart_shop_nodes/package.dsv'
[3.049s] INFO:colcon.colcon_core.shell:Creating package script '/home/ssu/robotics-practice/class/class03/install/smart_shop_nodes/share/smart_shop_nodes/package.sh'
[3.049s] INFO:colcon.colcon_core.shell:Creating package script '/home/ssu/robotics-practice/class/class03/install/smart_shop_nodes/share/smart_shop_nodes/package.bash'
[3.050s] INFO:colcon.colcon_core.shell:Creating package script '/home/ssu/robotics-practice/class/class03/install/smart_shop_nodes/share/smart_shop_nodes/package.zsh'
[3.050s] Level 1:colcon.colcon_core.environment:create_file_with_runtime_dependencies(/home/ssu/robotics-practice/class/class03/install/smart_shop_nodes/share/colcon-core/packages/smart_shop_nodes)
[3.050s] DEBUG:colcon.colcon_parallel_executor.executor.parallel:closing loop
[3.050s] DEBUG:colcon.colcon_parallel_executor.executor.parallel:loop closed
[3.050s] DEBUG:colcon.colcon_parallel_executor.executor.parallel:run_until_complete finished with '0'
[3.050s] DEBUG:colcon.colcon_core.event_reactor:joining thread
[3.059s] INFO:colcon.colcon_core.plugin_system:Skipping extension 'colcon_notification.desktop_notification.terminal_notifier': Not used on non-Darwin systems
[3.059s] INFO:colcon.colcon_core.plugin_system:Skipping extension 'colcon_notification.desktop_notification.win32': Not used on non-Windows systems
[3.059s] INFO:colcon.colcon_notification.desktop_notification:Sending desktop notification using 'notify2'
[3.069s] DEBUG:colcon.colcon_core.event_reactor:joined thread
[3.069s] INFO:colcon.colcon_core.shell:Creating prefix script '/home/ssu/robotics-practice/class/class03/install/local_setup.ps1'
[3.070s] INFO:colcon.colcon_core.shell:Creating prefix util module '/home/ssu/robotics-practice/class/class03/install/_local_setup_util_ps1.py'
[3.071s] INFO:colcon.colcon_core.shell:Creating prefix chain script '/home/ssu/robotics-practice/class/class03/install/setup.ps1'
[3.071s] INFO:colcon.colcon_core.shell:Creating prefix script '/home/ssu/robotics-practice/class/class03/install/local_setup.sh'
[3.072s] INFO:colcon.colcon_core.shell:Creating prefix util module '/home/ssu/robotics-practice/class/class03/install/_local_setup_util_sh.py'
[3.072s] INFO:colcon.colcon_core.shell:Creating prefix chain script '/home/ssu/robotics-practice/class/class03/install/setup.sh'
[3.073s] INFO:colcon.colcon_core.shell:Creating prefix script '/home/ssu/robotics-practice/class/class03/install/local_setup.bash'
[3.073s] INFO:colcon.colcon_core.shell:Creating prefix chain script '/home/ssu/robotics-practice/class/class03/install/setup.bash'
[3.073s] INFO:colcon.colcon_core.shell:Creating prefix script '/home/ssu/robotics-practice/class/class03/install/local_setup.zsh'
[3.073s] INFO:colcon.colcon_core.shell:Creating prefix chain script '/home/ssu/robotics-practice/class/class03/install/setup.zsh'
