running egg_info
writing ../../build/my_pubsub/my_pubsub.egg-info/PKG-INFO
writing dependency_links to ../../build/my_pubsub/my_pubsub.egg-info/dependency_links.txt
writing entry points to ../../build/my_pubsub/my_pubsub.egg-info/entry_points.txt
writing requirements to ../../build/my_pubsub/my_pubsub.egg-info/requires.txt
writing top-level names to ../../build/my_pubsub/my_pubsub.egg-info/top_level.txt
reading manifest file '../../build/my_pubsub/my_pubsub.egg-info/SOURCES.txt'
writing manifest file '../../build/my_pubsub/my_pubsub.egg-info/SOURCES.txt'
running build
running build_py
copying my_pubsub/my_sub.py -> /home/ssu/robotics-practice/week/week01/my_pubsub/build/my_pubsub/build/lib/my_pubsub
running install
running install_lib
copying /home/ssu/robotics-practice/week/week01/my_pubsub/build/my_pubsub/build/lib/my_pubsub/my_sub.py -> /home/ssu/robotics-practice/week/week01/my_pubsub/install/my_pubsub/lib/python3.10/site-packages/my_pubsub
byte-compiling /home/ssu/robotics-practice/week/week01/my_pubsub/install/my_pubsub/lib/python3.10/site-packages/my_pubsub/my_sub.py to my_sub.cpython-310.pyc
running install_data
running install_egg_info
removing '/home/ssu/robotics-practice/week/week01/my_pubsub/install/my_pubsub/lib/python3.10/site-packages/my_pubsub-0.0.0-py3.10.egg-info' (and everything under it)
Copying ../../build/my_pubsub/my_pubsub.egg-info to /home/ssu/robotics-practice/week/week01/my_pubsub/install/my_pubsub/lib/python3.10/site-packages/my_pubsub-0.0.0-py3.10.egg-info
running install_scripts
Installing listener script to /home/ssu/robotics-practice/week/week01/my_pubsub/install/my_pubsub/lib/my_pubsub
Installing talker script to /home/ssu/robotics-practice/week/week01/my_pubsub/install/my_pubsub/lib/my_pubsub
writing list of installed files to '/home/ssu/robotics-practice/week/week01/my_pubsub/build/my_pubsub/install.log'
