[0.021s] Invoking command in '/home/ssu/robotics-practice/week/week02/svc_ws/build/smart_shop_interfaces': CMAKE_PREFIX_PATH=/home/ssu/robotics-practice/week/week02/test_svc/install/my_svc:/opt/ros/humble /usr/bin/cmake /home/ssu/robotics-practice/week/week02/svc_ws/src/smart_shop_interfaces -DCMAKE_INSTALL_PREFIX=/home/ssu/robotics-practice/week/week02/svc_ws/install/smart_shop_interfaces
[0.100s] -- The C compiler identification is GNU 11.4.0
[0.150s] -- The CXX compiler identification is GNU 11.4.0
[0.156s] -- Detecting C compiler ABI info
[0.208s] -- Detecting C compiler ABI info - done
[0.212s] -- Check for working C compiler: /usr/bin/cc - skipped
[0.212s] -- Detecting C compile features
[0.212s] -- Detecting C compile features - done
[0.214s] -- Detecting CXX compiler ABI info
[0.266s] -- Detecting CXX compiler ABI info - done
[0.271s] -- Check for working CXX compiler: /usr/bin/c++ - skipped
[0.271s] -- Detecting CXX compile features
[0.271s] -- Detecting CXX compile features - done
[0.273s] -- Found ament_cmake: 1.3.13 (/opt/ros/humble/share/ament_cmake/cmake)
[0.360s] -- Found Python3: /usr/bin/python3 (found version "3.10.12") found components: Interpreter 
[0.412s] -- Found rosidl_default_generators: 1.2.0 (/opt/ros/humble/share/rosidl_default_generators/cmake)
[0.414s] -- Using all available rosidl_typesupport_c: rosidl_typesupport_fastrtps_c;rosidl_typesupport_introspection_c
[0.417s] -- Found rosidl_adapter: 3.1.8 (/opt/ros/humble/share/rosidl_adapter/cmake)
[0.437s] -- Using all available rosidl_typesupport_cpp: rosidl_typesupport_fastrtps_cpp;rosidl_typesupport_introspection_cpp
[0.593s] -- Found ament_cmake_ros: 0.10.0 (/opt/ros/humble/share/ament_cmake_ros/cmake)
[0.689s] -- Using all available rosidl_typesupport_c: rosidl_typesupport_fastrtps_c;rosidl_typesupport_introspection_c
[0.810s] -- Using all available rosidl_typesupport_cpp: rosidl_typesupport_fastrtps_cpp;rosidl_typesupport_introspection_cpp
[0.822s] -- Found PythonInterp: /usr/bin/python3 (found suitable version "3.10.12", minimum required is "3.6") 
[0.830s] -- Found python_cmake_module: 0.10.0 (/opt/ros/humble/share/python_cmake_module/cmake)
[0.852s] -- Found PythonLibs: /usr/lib/x86_64-linux-gnu/libpython3.10.so (found suitable version "3.10.12", minimum required is "3.5") 
[0.852s] -- Using PYTHON_EXECUTABLE: /usr/bin/python3
[0.852s] -- Using PYTHON_INCLUDE_DIRS: /usr/include/python3.10
[0.852s] -- Using PYTHON_LIBRARIES: /usr/lib/x86_64-linux-gnu/libpython3.10.so
[0.863s] -- Found PythonExtra: .so  
[0.880s] -- Found ament_lint_auto: 0.12.15 (/opt/ros/humble/share/ament_lint_auto/cmake)
[0.891s] -- Added test 'lint_cmake' to check CMake code style
[0.892s] -- Added test 'xmllint' to check XML markup files
[0.893s] -- Configuring done
[0.905s] -- Generating done
[0.910s] -- Build files have been written to: /home/ssu/robotics-practice/week/week02/svc_ws/build/smart_shop_interfaces
[0.913s] Invoked command in '/home/ssu/robotics-practice/week/week02/svc_ws/build/smart_shop_interfaces' returned '0': CMAKE_PREFIX_PATH=/home/ssu/robotics-practice/week/week02/test_svc/install/my_svc:/opt/ros/humble /usr/bin/cmake /home/ssu/robotics-practice/week/week02/svc_ws/src/smart_shop_interfaces -DCMAKE_INSTALL_PREFIX=/home/ssu/robotics-practice/week/week02/svc_ws/install/smart_shop_interfaces
[0.915s] Invoking command in '/home/ssu/robotics-practice/week/week02/svc_ws/build/smart_shop_interfaces': CMAKE_PREFIX_PATH=/home/ssu/robotics-practice/week/week02/test_svc/install/my_svc:/opt/ros/humble /usr/bin/cmake --build /home/ssu/robotics-practice/week/week02/svc_ws/build/smart_shop_interfaces -- -j14 -l14
[0.941s] [  2%] [34m[1mGenerating C code for ROS interfaces[0m
[0.949s] [  4%] [34m[1mGenerating C++ code for ROS interfaces[0m
[0.958s] [  4%] Built target ament_cmake_python_copy_smart_shop_interfaces
[1.060s] running egg_info
[1.061s] creating smart_shop_interfaces.egg-info
[1.061s] writing smart_shop_interfaces.egg-info/PKG-INFO
[1.061s] writing dependency_links to smart_shop_interfaces.egg-info/dependency_links.txt
[1.061s] writing top-level names to smart_shop_interfaces.egg-info/top_level.txt
[1.061s] writing manifest file 'smart_shop_interfaces.egg-info/SOURCES.txt'
[1.061s] reading manifest file 'smart_shop_interfaces.egg-info/SOURCES.txt'
[1.061s] writing manifest file 'smart_shop_interfaces.egg-info/SOURCES.txt'
[1.080s] [  4%] Built target ament_cmake_python_build_smart_shop_interfaces_egg
[1.135s] [  4%] Built target smart_shop_interfaces__cpp
[1.140s] [  6%] [32mBuilding C object CMakeFiles/smart_shop_interfaces__rosidl_generator_c.dir/rosidl_generator_c/smart_shop_interfaces/srv/detail/authorize_payment__functions.c.o[0m
[1.140s] [  8%] [32mBuilding C object CMakeFiles/smart_shop_interfaces__rosidl_generator_c.dir/rosidl_generator_c/smart_shop_interfaces/srv/detail/place_order__functions.c.o[0m
[1.140s] [ 10%] [34m[1mGenerating C++ type support dispatch for ROS interfaces[0m
[1.140s] [ 12%] [34m[1mGenerating C++ type support for eProsima Fast-RTPS[0m
[1.140s] [ 14%] [32mBuilding C object CMakeFiles/smart_shop_interfaces__rosidl_generator_c.dir/rosidl_generator_c/smart_shop_interfaces/srv/detail/check_stock__functions.c.o[0m
[1.141s] [ 17%] [34m[1mGenerating C++ introspection for ROS interfaces[0m
[1.182s] [ 19%] [32m[1mLinking C shared library libsmart_shop_interfaces__rosidl_generator_c.so[0m
[1.204s] [ 19%] Built target smart_shop_interfaces__rosidl_generator_c
[1.210s] [ 21%] [34m[1mGenerating C type support dispatch for ROS interfaces[0m
[1.211s] [ 25%] [34m[1mGenerating C introspection for ROS interfaces[0m
[1.214s] [ 25%] [34m[1mGenerating C type support for eProsima Fast-RTPS[0m
[1.281s] [ 27%] [32mBuilding CXX object CMakeFiles/smart_shop_interfaces__rosidl_typesupport_cpp.dir/rosidl_typesupport_cpp/smart_shop_interfaces/srv/check_stock__type_support.cpp.o[0m
[1.282s] [ 29%] [32mBuilding CXX object CMakeFiles/smart_shop_interfaces__rosidl_typesupport_cpp.dir/rosidl_typesupport_cpp/smart_shop_interfaces/srv/authorize_payment__type_support.cpp.o[0m
[1.282s] [ 31%] [32mBuilding CXX object CMakeFiles/smart_shop_interfaces__rosidl_typesupport_cpp.dir/rosidl_typesupport_cpp/smart_shop_interfaces/srv/place_order__type_support.cpp.o[0m
[1.301s] [ 34%] [32mBuilding CXX object CMakeFiles/smart_shop_interfaces__rosidl_typesupport_introspection_cpp.dir/rosidl_typesupport_introspection_cpp/smart_shop_interfaces/srv/detail/check_stock__type_support.cpp.o[0m
[1.301s] [ 36%] [32mBuilding CXX object CMakeFiles/smart_shop_interfaces__rosidl_typesupport_introspection_cpp.dir/rosidl_typesupport_introspection_cpp/smart_shop_interfaces/srv/detail/authorize_payment__type_support.cpp.o[0m
[1.301s] [ 38%] [32mBuilding CXX object CMakeFiles/smart_shop_interfaces__rosidl_typesupport_introspection_cpp.dir/rosidl_typesupport_introspection_cpp/smart_shop_interfaces/srv/detail/place_order__type_support.cpp.o[0m
[1.328s] [ 40%] [32mBuilding CXX object CMakeFiles/smart_shop_interfaces__rosidl_typesupport_fastrtps_cpp.dir/rosidl_typesupport_fastrtps_cpp/smart_shop_interfaces/srv/detail/dds_fastrtps/check_stock__type_support.cpp.o[0m
[1.328s] [ 42%] [32mBuilding CXX object CMakeFiles/smart_shop_interfaces__rosidl_typesupport_fastrtps_cpp.dir/rosidl_typesupport_fastrtps_cpp/smart_shop_interfaces/srv/detail/dds_fastrtps/place_order__type_support.cpp.o[0m
[1.334s] [ 44%] [32mBuilding CXX object CMakeFiles/smart_shop_interfaces__rosidl_typesupport_fastrtps_cpp.dir/rosidl_typesupport_fastrtps_cpp/smart_shop_interfaces/srv/detail/dds_fastrtps/authorize_payment__type_support.cpp.o[0m
[1.352s] [ 48%] [32mBuilding CXX object CMakeFiles/smart_shop_interfaces__rosidl_typesupport_c.dir/rosidl_typesupport_c/smart_shop_interfaces/srv/check_stock__type_support.cpp.o[0m
[1.352s] [ 48%] [32mBuilding CXX object CMakeFiles/smart_shop_interfaces__rosidl_typesupport_c.dir/rosidl_typesupport_c/smart_shop_interfaces/srv/authorize_payment__type_support.cpp.o[0m
[1.353s] [ 51%] [32mBuilding CXX object CMakeFiles/smart_shop_interfaces__rosidl_typesupport_c.dir/rosidl_typesupport_c/smart_shop_interfaces/srv/place_order__type_support.cpp.o[0m
[1.375s] [ 53%] [32m[1mLinking CXX shared library libsmart_shop_interfaces__rosidl_typesupport_c.so[0m
[1.390s] [ 55%] [32mBuilding C object CMakeFiles/smart_shop_interfaces__rosidl_typesupport_introspection_c.dir/rosidl_typesupport_introspection_c/smart_shop_interfaces/srv/detail/check_stock__type_support.c.o[0m
[1.391s] [ 57%] [32mBuilding CXX object CMakeFiles/smart_shop_interfaces__rosidl_typesupport_fastrtps_c.dir/rosidl_typesupport_fastrtps_c/smart_shop_interfaces/srv/detail/authorize_payment__type_support_c.cpp.o[0m
[1.391s] [ 59%] [32mBuilding CXX object CMakeFiles/smart_shop_interfaces__rosidl_typesupport_fastrtps_c.dir/rosidl_typesupport_fastrtps_c/smart_shop_interfaces/srv/detail/check_stock__type_support_c.cpp.o[0m
[1.393s] [ 61%] [32mBuilding C object CMakeFiles/smart_shop_interfaces__rosidl_typesupport_introspection_c.dir/rosidl_typesupport_introspection_c/smart_shop_interfaces/srv/detail/authorize_payment__type_support.c.o[0m
[1.402s] [ 61%] Built target smart_shop_interfaces__rosidl_typesupport_c
[1.408s] [ 63%] [32mBuilding C object CMakeFiles/smart_shop_interfaces__rosidl_typesupport_introspection_c.dir/rosidl_typesupport_introspection_c/smart_shop_interfaces/srv/detail/place_order__type_support.c.o[0m
[1.419s] [ 65%] [32mBuilding CXX object CMakeFiles/smart_shop_interfaces__rosidl_typesupport_fastrtps_c.dir/rosidl_typesupport_fastrtps_c/smart_shop_interfaces/srv/detail/place_order__type_support_c.cpp.o[0m
[1.432s] [ 68%] [32m[1mLinking C shared library libsmart_shop_interfaces__rosidl_typesupport_introspection_c.so[0m
[1.453s] [ 70%] [32m[1mLinking CXX shared library libsmart_shop_interfaces__rosidl_typesupport_cpp.so[0m
[1.456s] [ 70%] Built target smart_shop_interfaces__rosidl_typesupport_introspection_c
[1.482s] [ 70%] Built target smart_shop_interfaces__rosidl_typesupport_cpp
[1.515s] [ 72%] [32m[1mLinking CXX shared library libsmart_shop_interfaces__rosidl_typesupport_introspection_cpp.so[0m
[1.549s] [ 74%] [32m[1mLinking CXX shared library libsmart_shop_interfaces__rosidl_typesupport_fastrtps_cpp.so[0m
[1.550s] [ 74%] Built target smart_shop_interfaces__rosidl_typesupport_introspection_cpp
[1.576s] [ 76%] [32m[1mLinking CXX shared library libsmart_shop_interfaces__rosidl_typesupport_fastrtps_c.so[0m
[1.593s] [ 76%] Built target smart_shop_interfaces__rosidl_typesupport_fastrtps_cpp
[1.620s] [ 76%] Built target smart_shop_interfaces__rosidl_typesupport_fastrtps_c
[1.634s] [ 76%] Built target smart_shop_interfaces
[1.645s] [ 78%] [34m[1mGenerating Python code for ROS interfaces[0m
[1.925s] [ 78%] Built target smart_shop_interfaces__py
[1.939s] [ 85%] [32mBuilding C object CMakeFiles/smart_shop_interfaces__rosidl_generator_py.dir/rosidl_generator_py/smart_shop_interfaces/srv/_place_order_s.c.o[0m
[1.939s] [ 85%] [32mBuilding C object CMakeFiles/smart_shop_interfaces__rosidl_generator_py.dir/rosidl_generator_py/smart_shop_interfaces/srv/_authorize_payment_s.c.o[0m
[1.939s] [ 85%] [32mBuilding C object CMakeFiles/smart_shop_interfaces__rosidl_generator_py.dir/rosidl_generator_py/smart_shop_interfaces/srv/_check_stock_s.c.o[0m
[2.006s] [ 87%] [32m[1mLinking C shared library rosidl_generator_py/smart_shop_interfaces/libsmart_shop_interfaces__rosidl_generator_py.so[0m
[2.029s] [ 87%] Built target smart_shop_interfaces__rosidl_generator_py
[2.044s] [ 89%] [32mBuilding C object CMakeFiles/smart_shop_interfaces__rosidl_typesupport_fastrtps_c__pyext.dir/rosidl_generator_py/smart_shop_interfaces/_smart_shop_interfaces_s.ep.rosidl_typesupport_fastrtps_c.c.o[0m
[2.044s] [ 91%] [32mBuilding C object CMakeFiles/smart_shop_interfaces__rosidl_typesupport_introspection_c__pyext.dir/rosidl_generator_py/smart_shop_interfaces/_smart_shop_interfaces_s.ep.rosidl_typesupport_introspection_c.c.o[0m
[2.044s] [ 93%] [32mBuilding C object CMakeFiles/smart_shop_interfaces__rosidl_typesupport_c__pyext.dir/rosidl_generator_py/smart_shop_interfaces/_smart_shop_interfaces_s.ep.rosidl_typesupport_c.c.o[0m
[2.094s] [ 95%] [32m[1mLinking C shared library rosidl_generator_py/smart_shop_interfaces/smart_shop_interfaces_s__rosidl_typesupport_fastrtps_c.cpython-310-x86_64-linux-gnu.so[0m
[2.095s] [ 97%] [32m[1mLinking C shared library rosidl_generator_py/smart_shop_interfaces/smart_shop_interfaces_s__rosidl_typesupport_introspection_c.cpython-310-x86_64-linux-gnu.so[0m
[2.095s] [100%] [32m[1mLinking C shared library rosidl_generator_py/smart_shop_interfaces/smart_shop_interfaces_s__rosidl_typesupport_c.cpython-310-x86_64-linux-gnu.so[0m
[2.113s] [100%] Built target smart_shop_interfaces__rosidl_typesupport_fastrtps_c__pyext
[2.113s] [100%] Built target smart_shop_interfaces__rosidl_typesupport_c__pyext
[2.117s] [100%] Built target smart_shop_interfaces__rosidl_typesupport_introspection_c__pyext
[2.124s] Invoked command in '/home/ssu/robotics-practice/week/week02/svc_ws/build/smart_shop_interfaces' returned '0': CMAKE_PREFIX_PATH=/home/ssu/robotics-practice/week/week02/test_svc/install/my_svc:/opt/ros/humble /usr/bin/cmake --build /home/ssu/robotics-practice/week/week02/svc_ws/build/smart_shop_interfaces -- -j14 -l14
[2.129s] Invoking command in '/home/ssu/robotics-practice/week/week02/svc_ws/build/smart_shop_interfaces': CMAKE_PREFIX_PATH=/home/ssu/robotics-practice/week/week02/test_svc/install/my_svc:/opt/ros/humble /usr/bin/cmake --install /home/ssu/robotics-practice/week/week02/svc_ws/build/smart_shop_interfaces
[2.133s] -- Install configuration: ""
[2.133s] -- Installing: /home/ssu/robotics-practice/week/week02/svc_ws/install/smart_shop_interfaces/share/ament_index/resource_index/rosidl_interfaces/smart_shop_interfaces
[2.133s] -- Installing: /home/ssu/robotics-practice/week/week02/svc_ws/install/smart_shop_interfaces/include/smart_shop_interfaces/smart_shop_interfaces
[2.133s] -- Installing: /home/ssu/robotics-practice/week/week02/svc_ws/install/smart_shop_interfaces/include/smart_shop_interfaces/smart_shop_interfaces/msg
[2.133s] -- Installing: /home/ssu/robotics-practice/week/week02/svc_ws/install/smart_shop_interfaces/include/smart_shop_interfaces/smart_shop_interfaces/msg/rosidl_generator_c__visibility_control.h
[2.133s] -- Installing: /home/ssu/robotics-practice/week/week02/svc_ws/install/smart_shop_interfaces/include/smart_shop_interfaces/smart_shop_interfaces/srv
[2.133s] -- Installing: /home/ssu/robotics-practice/week/week02/svc_ws/install/smart_shop_interfaces/include/smart_shop_interfaces/smart_shop_interfaces/srv/check_stock.h
[2.134s] -- Installing: /home/ssu/robotics-practice/week/week02/svc_ws/install/smart_shop_interfaces/include/smart_shop_interfaces/smart_shop_interfaces/srv/detail
[2.134s] -- Installing: /home/ssu/robotics-practice/week/week02/svc_ws/install/smart_shop_interfaces/include/smart_shop_interfaces/smart_shop_interfaces/srv/detail/check_stock__functions.c
[2.134s] -- Installing: /home/ssu/robotics-practice/week/week02/svc_ws/install/smart_shop_interfaces/include/smart_shop_interfaces/smart_shop_interfaces/srv/detail/check_stock__functions.h
[2.134s] -- Installing: /home/ssu/robotics-practice/week/week02/svc_ws/install/smart_shop_interfaces/include/smart_shop_interfaces/smart_shop_interfaces/srv/detail/check_stock__struct.h
[2.135s] -- Installing: /home/ssu/robotics-practice/week/week02/svc_ws/install/smart_shop_interfaces/include/smart_shop_interfaces/smart_shop_interfaces/srv/detail/check_stock__type_support.h
[2.135s] -- Installing: /home/ssu/robotics-practice/week/week02/svc_ws/install/smart_shop_interfaces/include/smart_shop_interfaces/smart_shop_interfaces/srv/detail/authorize_payment__functions.c
[2.135s] -- Installing: /home/ssu/robotics-practice/week/week02/svc_ws/install/smart_shop_interfaces/include/smart_shop_interfaces/smart_shop_interfaces/srv/detail/authorize_payment__functions.h
[2.135s] -- Installing: /home/ssu/robotics-practice/week/week02/svc_ws/install/smart_shop_interfaces/include/smart_shop_interfaces/smart_shop_interfaces/srv/detail/authorize_payment__struct.h
[2.135s] -- Installing: /home/ssu/robotics-practice/week/week02/svc_ws/install/smart_shop_interfaces/include/smart_shop_interfaces/smart_shop_interfaces/srv/detail/authorize_payment__type_support.h
[2.135s] -- Installing: /home/ssu/robotics-practice/week/week02/svc_ws/install/smart_shop_interfaces/include/smart_shop_interfaces/smart_shop_interfaces/srv/detail/place_order__functions.c
[2.135s] -- Installing: /home/ssu/robotics-practice/week/week02/svc_ws/install/smart_shop_interfaces/include/smart_shop_interfaces/smart_shop_interfaces/srv/detail/place_order__functions.h
[2.135s] -- Installing: /home/ssu/robotics-practice/week/week02/svc_ws/install/smart_shop_interfaces/include/smart_shop_interfaces/smart_shop_interfaces/srv/detail/place_order__struct.h
[2.135s] -- Installing: /home/ssu/robotics-practice/week/week02/svc_ws/install/smart_shop_interfaces/include/smart_shop_interfaces/smart_shop_interfaces/srv/detail/place_order__type_support.h
[2.135s] -- Installing: /home/ssu/robotics-practice/week/week02/svc_ws/install/smart_shop_interfaces/include/smart_shop_interfaces/smart_shop_interfaces/srv/authorize_payment.h
[2.135s] -- Installing: /home/ssu/robotics-practice/week/week02/svc_ws/install/smart_shop_interfaces/include/smart_shop_interfaces/smart_shop_interfaces/srv/place_order.h
[2.135s] -- Installing: /home/ssu/robotics-practice/week/week02/svc_ws/install/smart_shop_interfaces/share/smart_shop_interfaces/environment/library_path.sh
[2.135s] -- Installing: /home/ssu/robotics-practice/week/week02/svc_ws/install/smart_shop_interfaces/share/smart_shop_interfaces/environment/library_path.dsv
[2.135s] -- Installing: /home/ssu/robotics-practice/week/week02/svc_ws/install/smart_shop_interfaces/lib/libsmart_shop_interfaces__rosidl_generator_c.so
[2.136s] -- Set runtime path of "/home/ssu/robotics-practice/week/week02/svc_ws/install/smart_shop_interfaces/lib/libsmart_shop_interfaces__rosidl_generator_c.so" to ""
[2.136s] -- Up-to-date: /home/ssu/robotics-practice/week/week02/svc_ws/install/smart_shop_interfaces/include/smart_shop_interfaces/smart_shop_interfaces
[2.136s] -- Up-to-date: /home/ssu/robotics-practice/week/week02/svc_ws/install/smart_shop_interfaces/include/smart_shop_interfaces/smart_shop_interfaces/msg
[2.136s] -- Installing: /home/ssu/robotics-practice/week/week02/svc_ws/install/smart_shop_interfaces/include/smart_shop_interfaces/smart_shop_interfaces/msg/rosidl_typesupport_fastrtps_c__visibility_control.h
[2.136s] -- Up-to-date: /home/ssu/robotics-practice/week/week02/svc_ws/install/smart_shop_interfaces/include/smart_shop_interfaces/smart_shop_interfaces/srv
[2.136s] -- Up-to-date: /home/ssu/robotics-practice/week/week02/svc_ws/install/smart_shop_interfaces/include/smart_shop_interfaces/smart_shop_interfaces/srv/detail
[2.136s] -- Installing: /home/ssu/robotics-practice/week/week02/svc_ws/install/smart_shop_interfaces/include/smart_shop_interfaces/smart_shop_interfaces/srv/detail/check_stock__rosidl_typesupport_fastrtps_c.h
[2.136s] -- Installing: /home/ssu/robotics-practice/week/week02/svc_ws/install/smart_shop_interfaces/include/smart_shop_interfaces/smart_shop_interfaces/srv/detail/authorize_payment__rosidl_typesupport_fastrtps_c.h
[2.136s] -- Installing: /home/ssu/robotics-practice/week/week02/svc_ws/install/smart_shop_interfaces/include/smart_shop_interfaces/smart_shop_interfaces/srv/detail/place_order__rosidl_typesupport_fastrtps_c.h
[2.136s] -- Installing: /home/ssu/robotics-practice/week/week02/svc_ws/install/smart_shop_interfaces/lib/libsmart_shop_interfaces__rosidl_typesupport_fastrtps_c.so
[2.136s] -- Set runtime path of "/home/ssu/robotics-practice/week/week02/svc_ws/install/smart_shop_interfaces/lib/libsmart_shop_interfaces__rosidl_typesupport_fastrtps_c.so" to ""
[2.136s] -- Up-to-date: /home/ssu/robotics-practice/week/week02/svc_ws/install/smart_shop_interfaces/include/smart_shop_interfaces/smart_shop_interfaces
[2.136s] -- Up-to-date: /home/ssu/robotics-practice/week/week02/svc_ws/install/smart_shop_interfaces/include/smart_shop_interfaces/smart_shop_interfaces/msg
[2.136s] -- Installing: /home/ssu/robotics-practice/week/week02/svc_ws/install/smart_shop_interfaces/include/smart_shop_interfaces/smart_shop_interfaces/msg/rosidl_typesupport_introspection_c__visibility_control.h
[2.136s] -- Up-to-date: /home/ssu/robotics-practice/week/week02/svc_ws/install/smart_shop_interfaces/include/smart_shop_interfaces/smart_shop_interfaces/srv
[2.136s] -- Up-to-date: /home/ssu/robotics-practice/week/week02/svc_ws/install/smart_shop_interfaces/include/smart_shop_interfaces/smart_shop_interfaces/srv/detail
[2.136s] -- Installing: /home/ssu/robotics-practice/week/week02/svc_ws/install/smart_shop_interfaces/include/smart_shop_interfaces/smart_shop_interfaces/srv/detail/check_stock__rosidl_typesupport_introspection_c.h
[2.136s] -- Installing: /home/ssu/robotics-practice/week/week02/svc_ws/install/smart_shop_interfaces/include/smart_shop_interfaces/smart_shop_interfaces/srv/detail/check_stock__type_support.c
[2.136s] -- Installing: /home/ssu/robotics-practice/week/week02/svc_ws/install/smart_shop_interfaces/include/smart_shop_interfaces/smart_shop_interfaces/srv/detail/authorize_payment__rosidl_typesupport_introspection_c.h
[2.136s] -- Installing: /home/ssu/robotics-practice/week/week02/svc_ws/install/smart_shop_interfaces/include/smart_shop_interfaces/smart_shop_interfaces/srv/detail/authorize_payment__type_support.c
[2.136s] -- Installing: /home/ssu/robotics-practice/week/week02/svc_ws/install/smart_shop_interfaces/include/smart_shop_interfaces/smart_shop_interfaces/srv/detail/place_order__rosidl_typesupport_introspection_c.h
[2.137s] -- Installing: /home/ssu/robotics-practice/week/week02/svc_ws/install/smart_shop_interfaces/include/smart_shop_interfaces/smart_shop_interfaces/srv/detail/place_order__type_support.c
[2.137s] -- Installing: /home/ssu/robotics-practice/week/week02/svc_ws/install/smart_shop_interfaces/lib/libsmart_shop_interfaces__rosidl_typesupport_introspection_c.so
[2.137s] -- Set runtime path of "/home/ssu/robotics-practice/week/week02/svc_ws/install/smart_shop_interfaces/lib/libsmart_shop_interfaces__rosidl_typesupport_introspection_c.so" to ""
[2.137s] -- Installing: /home/ssu/robotics-practice/week/week02/svc_ws/install/smart_shop_interfaces/lib/libsmart_shop_interfaces__rosidl_typesupport_c.so
[2.137s] -- Set runtime path of "/home/ssu/robotics-practice/week/week02/svc_ws/install/smart_shop_interfaces/lib/libsmart_shop_interfaces__rosidl_typesupport_c.so" to ""
[2.137s] -- Up-to-date: /home/ssu/robotics-practice/week/week02/svc_ws/install/smart_shop_interfaces/include/smart_shop_interfaces/smart_shop_interfaces
[2.137s] -- Up-to-date: /home/ssu/robotics-practice/week/week02/svc_ws/install/smart_shop_interfaces/include/smart_shop_interfaces/smart_shop_interfaces/msg
[2.137s] -- Installing: /home/ssu/robotics-practice/week/week02/svc_ws/install/smart_shop_interfaces/include/smart_shop_interfaces/smart_shop_interfaces/msg/rosidl_generator_cpp__visibility_control.hpp
[2.137s] -- Up-to-date: /home/ssu/robotics-practice/week/week02/svc_ws/install/smart_shop_interfaces/include/smart_shop_interfaces/smart_shop_interfaces/srv
[2.137s] -- Installing: /home/ssu/robotics-practice/week/week02/svc_ws/install/smart_shop_interfaces/include/smart_shop_interfaces/smart_shop_interfaces/srv/check_stock.hpp
[2.137s] -- Up-to-date: /home/ssu/robotics-practice/week/week02/svc_ws/install/smart_shop_interfaces/include/smart_shop_interfaces/smart_shop_interfaces/srv/detail
[2.137s] -- Installing: /home/ssu/robotics-practice/week/week02/svc_ws/install/smart_shop_interfaces/include/smart_shop_interfaces/smart_shop_interfaces/srv/detail/check_stock__builder.hpp
[2.137s] -- Installing: /home/ssu/robotics-practice/week/week02/svc_ws/install/smart_shop_interfaces/include/smart_shop_interfaces/smart_shop_interfaces/srv/detail/check_stock__struct.hpp
[2.137s] -- Installing: /home/ssu/robotics-practice/week/week02/svc_ws/install/smart_shop_interfaces/include/smart_shop_interfaces/smart_shop_interfaces/srv/detail/check_stock__traits.hpp
[2.138s] -- Installing: /home/ssu/robotics-practice/week/week02/svc_ws/install/smart_shop_interfaces/include/smart_shop_interfaces/smart_shop_interfaces/srv/detail/check_stock__type_support.hpp
[2.138s] -- Installing: /home/ssu/robotics-practice/week/week02/svc_ws/install/smart_shop_interfaces/include/smart_shop_interfaces/smart_shop_interfaces/srv/detail/authorize_payment__builder.hpp
[2.138s] -- Installing: /home/ssu/robotics-practice/week/week02/svc_ws/install/smart_shop_interfaces/include/smart_shop_interfaces/smart_shop_interfaces/srv/detail/authorize_payment__struct.hpp
[2.138s] -- Installing: /home/ssu/robotics-practice/week/week02/svc_ws/install/smart_shop_interfaces/include/smart_shop_interfaces/smart_shop_interfaces/srv/detail/authorize_payment__traits.hpp
[2.138s] -- Installing: /home/ssu/robotics-practice/week/week02/svc_ws/install/smart_shop_interfaces/include/smart_shop_interfaces/smart_shop_interfaces/srv/detail/authorize_payment__type_support.hpp
[2.138s] -- Installing: /home/ssu/robotics-practice/week/week02/svc_ws/install/smart_shop_interfaces/include/smart_shop_interfaces/smart_shop_interfaces/srv/detail/place_order__builder.hpp
[2.138s] -- Installing: /home/ssu/robotics-practice/week/week02/svc_ws/install/smart_shop_interfaces/include/smart_shop_interfaces/smart_shop_interfaces/srv/detail/place_order__struct.hpp
[2.138s] -- Installing: /home/ssu/robotics-practice/week/week02/svc_ws/install/smart_shop_interfaces/include/smart_shop_interfaces/smart_shop_interfaces/srv/detail/place_order__traits.hpp
[2.138s] -- Installing: /home/ssu/robotics-practice/week/week02/svc_ws/install/smart_shop_interfaces/include/smart_shop_interfaces/smart_shop_interfaces/srv/detail/place_order__type_support.hpp
[2.138s] -- Installing: /home/ssu/robotics-practice/week/week02/svc_ws/install/smart_shop_interfaces/include/smart_shop_interfaces/smart_shop_interfaces/srv/authorize_payment.hpp
[2.138s] -- Installing: /home/ssu/robotics-practice/week/week02/svc_ws/install/smart_shop_interfaces/include/smart_shop_interfaces/smart_shop_interfaces/srv/place_order.hpp
[2.138s] -- Up-to-date: /home/ssu/robotics-practice/week/week02/svc_ws/install/smart_shop_interfaces/include/smart_shop_interfaces/smart_shop_interfaces
[2.138s] -- Up-to-date: /home/ssu/robotics-practice/week/week02/svc_ws/install/smart_shop_interfaces/include/smart_shop_interfaces/smart_shop_interfaces/msg
[2.138s] -- Installing: /home/ssu/robotics-practice/week/week02/svc_ws/install/smart_shop_interfaces/include/smart_shop_interfaces/smart_shop_interfaces/msg/rosidl_typesupport_fastrtps_cpp__visibility_control.h
[2.138s] -- Up-to-date: /home/ssu/robotics-practice/week/week02/svc_ws/install/smart_shop_interfaces/include/smart_shop_interfaces/smart_shop_interfaces/srv
[2.138s] -- Up-to-date: /home/ssu/robotics-practice/week/week02/svc_ws/install/smart_shop_interfaces/include/smart_shop_interfaces/smart_shop_interfaces/srv/detail
[2.138s] -- Installing: /home/ssu/robotics-practice/week/week02/svc_ws/install/smart_shop_interfaces/include/smart_shop_interfaces/smart_shop_interfaces/srv/detail/check_stock__rosidl_typesupport_fastrtps_cpp.hpp
[2.138s] -- Installing: /home/ssu/robotics-practice/week/week02/svc_ws/install/smart_shop_interfaces/include/smart_shop_interfaces/smart_shop_interfaces/srv/detail/dds_fastrtps
[2.138s] -- Installing: /home/ssu/robotics-practice/week/week02/svc_ws/install/smart_shop_interfaces/include/smart_shop_interfaces/smart_shop_interfaces/srv/detail/authorize_payment__rosidl_typesupport_fastrtps_cpp.hpp
[2.138s] -- Installing: /home/ssu/robotics-practice/week/week02/svc_ws/install/smart_shop_interfaces/include/smart_shop_interfaces/smart_shop_interfaces/srv/detail/place_order__rosidl_typesupport_fastrtps_cpp.hpp
[2.138s] -- Installing: /home/ssu/robotics-practice/week/week02/svc_ws/install/smart_shop_interfaces/lib/libsmart_shop_interfaces__rosidl_typesupport_fastrtps_cpp.so
[2.139s] -- Set runtime path of "/home/ssu/robotics-practice/week/week02/svc_ws/install/smart_shop_interfaces/lib/libsmart_shop_interfaces__rosidl_typesupport_fastrtps_cpp.so" to ""
[2.139s] -- Up-to-date: /home/ssu/robotics-practice/week/week02/svc_ws/install/smart_shop_interfaces/include/smart_shop_interfaces/smart_shop_interfaces
[2.139s] -- Up-to-date: /home/ssu/robotics-practice/week/week02/svc_ws/install/smart_shop_interfaces/include/smart_shop_interfaces/smart_shop_interfaces/srv
[2.139s] -- Up-to-date: /home/ssu/robotics-practice/week/week02/svc_ws/install/smart_shop_interfaces/include/smart_shop_interfaces/smart_shop_interfaces/srv/detail
[2.139s] -- Installing: /home/ssu/robotics-practice/week/week02/svc_ws/install/smart_shop_interfaces/include/smart_shop_interfaces/smart_shop_interfaces/srv/detail/check_stock__rosidl_typesupport_introspection_cpp.hpp
[2.139s] -- Installing: /home/ssu/robotics-practice/week/week02/svc_ws/install/smart_shop_interfaces/include/smart_shop_interfaces/smart_shop_interfaces/srv/detail/check_stock__type_support.cpp
[2.139s] -- Installing: /home/ssu/robotics-practice/week/week02/svc_ws/install/smart_shop_interfaces/include/smart_shop_interfaces/smart_shop_interfaces/srv/detail/authorize_payment__rosidl_typesupport_introspection_cpp.hpp
[2.139s] -- Installing: /home/ssu/robotics-practice/week/week02/svc_ws/install/smart_shop_interfaces/include/smart_shop_interfaces/smart_shop_interfaces/srv/detail/authorize_payment__type_support.cpp
[2.139s] -- Installing: /home/ssu/robotics-practice/week/week02/svc_ws/install/smart_shop_interfaces/include/smart_shop_interfaces/smart_shop_interfaces/srv/detail/place_order__rosidl_typesupport_introspection_cpp.hpp
[2.139s] -- Installing: /home/ssu/robotics-practice/week/week02/svc_ws/install/smart_shop_interfaces/include/smart_shop_interfaces/smart_shop_interfaces/srv/detail/place_order__type_support.cpp
[2.139s] -- Installing: /home/ssu/robotics-practice/week/week02/svc_ws/install/smart_shop_interfaces/lib/libsmart_shop_interfaces__rosidl_typesupport_introspection_cpp.so
[2.139s] -- Set runtime path of "/home/ssu/robotics-practice/week/week02/svc_ws/install/smart_shop_interfaces/lib/libsmart_shop_interfaces__rosidl_typesupport_introspection_cpp.so" to ""
[2.139s] -- Installing: /home/ssu/robotics-practice/week/week02/svc_ws/install/smart_shop_interfaces/lib/libsmart_shop_interfaces__rosidl_typesupport_cpp.so
[2.140s] -- Set runtime path of "/home/ssu/robotics-practice/week/week02/svc_ws/install/smart_shop_interfaces/lib/libsmart_shop_interfaces__rosidl_typesupport_cpp.so" to ""
[2.140s] -- Installing: /home/ssu/robotics-practice/week/week02/svc_ws/install/smart_shop_interfaces/share/smart_shop_interfaces/environment/pythonpath.sh
[2.140s] -- Installing: /home/ssu/robotics-practice/week/week02/svc_ws/install/smart_shop_interfaces/share/smart_shop_interfaces/environment/pythonpath.dsv
[2.140s] -- Installing: /home/ssu/robotics-practice/week/week02/svc_ws/install/smart_shop_interfaces/local/lib/python3.10/dist-packages/smart_shop_interfaces-0.0.0-py3.10.egg-info
[2.140s] -- Installing: /home/ssu/robotics-practice/week/week02/svc_ws/install/smart_shop_interfaces/local/lib/python3.10/dist-packages/smart_shop_interfaces-0.0.0-py3.10.egg-info/PKG-INFO
[2.140s] -- Installing: /home/ssu/robotics-practice/week/week02/svc_ws/install/smart_shop_interfaces/local/lib/python3.10/dist-packages/smart_shop_interfaces-0.0.0-py3.10.egg-info/dependency_links.txt
[2.140s] -- Installing: /home/ssu/robotics-practice/week/week02/svc_ws/install/smart_shop_interfaces/local/lib/python3.10/dist-packages/smart_shop_interfaces-0.0.0-py3.10.egg-info/top_level.txt
[2.140s] -- Installing: /home/ssu/robotics-practice/week/week02/svc_ws/install/smart_shop_interfaces/local/lib/python3.10/dist-packages/smart_shop_interfaces-0.0.0-py3.10.egg-info/SOURCES.txt
[2.140s] -- Installing: /home/ssu/robotics-practice/week/week02/svc_ws/install/smart_shop_interfaces/local/lib/python3.10/dist-packages/smart_shop_interfaces
[2.140s] -- Installing: /home/ssu/robotics-practice/week/week02/svc_ws/install/smart_shop_interfaces/local/lib/python3.10/dist-packages/smart_shop_interfaces/__init__.py
[2.140s] -- Installing: /home/ssu/robotics-practice/week/week02/svc_ws/install/smart_shop_interfaces/local/lib/python3.10/dist-packages/smart_shop_interfaces/srv
[2.140s] -- Installing: /home/ssu/robotics-practice/week/week02/svc_ws/install/smart_shop_interfaces/local/lib/python3.10/dist-packages/smart_shop_interfaces/srv/_check_stock.py
[2.140s] -- Installing: /home/ssu/robotics-practice/week/week02/svc_ws/install/smart_shop_interfaces/local/lib/python3.10/dist-packages/smart_shop_interfaces/srv/_check_stock_s.c
[2.140s] -- Installing: /home/ssu/robotics-practice/week/week02/svc_ws/install/smart_shop_interfaces/local/lib/python3.10/dist-packages/smart_shop_interfaces/srv/_authorize_payment.py
[2.140s] -- Installing: /home/ssu/robotics-practice/week/week02/svc_ws/install/smart_shop_interfaces/local/lib/python3.10/dist-packages/smart_shop_interfaces/srv/_authorize_payment_s.c
[2.140s] -- Installing: /home/ssu/robotics-practice/week/week02/svc_ws/install/smart_shop_interfaces/local/lib/python3.10/dist-packages/smart_shop_interfaces/srv/_place_order.py
[2.140s] -- Installing: /home/ssu/robotics-practice/week/week02/svc_ws/install/smart_shop_interfaces/local/lib/python3.10/dist-packages/smart_shop_interfaces/srv/_place_order_s.c
[2.140s] -- Installing: /home/ssu/robotics-practice/week/week02/svc_ws/install/smart_shop_interfaces/local/lib/python3.10/dist-packages/smart_shop_interfaces/srv/__init__.py
[2.140s] -- Installing: /home/ssu/robotics-practice/week/week02/svc_ws/install/smart_shop_interfaces/local/lib/python3.10/dist-packages/smart_shop_interfaces/_smart_shop_interfaces_s.ep.rosidl_typesupport_fastrtps_c.c
[2.140s] -- Installing: /home/ssu/robotics-practice/week/week02/svc_ws/install/smart_shop_interfaces/local/lib/python3.10/dist-packages/smart_shop_interfaces/_smart_shop_interfaces_s.ep.rosidl_typesupport_introspection_c.c
[2.140s] -- Installing: /home/ssu/robotics-practice/week/week02/svc_ws/install/smart_shop_interfaces/local/lib/python3.10/dist-packages/smart_shop_interfaces/_smart_shop_interfaces_s.ep.rosidl_typesupport_c.c
[2.140s] -- Installing: /home/ssu/robotics-practice/week/week02/svc_ws/install/smart_shop_interfaces/local/lib/python3.10/dist-packages/smart_shop_interfaces/libsmart_shop_interfaces__rosidl_generator_py.so
[2.141s] -- Installing: /home/ssu/robotics-practice/week/week02/svc_ws/install/smart_shop_interfaces/local/lib/python3.10/dist-packages/smart_shop_interfaces/smart_shop_interfaces_s__rosidl_typesupport_fastrtps_c.cpython-310-x86_64-linux-gnu.so
[2.141s] -- Installing: /home/ssu/robotics-practice/week/week02/svc_ws/install/smart_shop_interfaces/local/lib/python3.10/dist-packages/smart_shop_interfaces/smart_shop_interfaces_s__rosidl_typesupport_c.cpython-310-x86_64-linux-gnu.so
[2.141s] -- Installing: /home/ssu/robotics-practice/week/week02/svc_ws/install/smart_shop_interfaces/local/lib/python3.10/dist-packages/smart_shop_interfaces/smart_shop_interfaces_s__rosidl_typesupport_introspection_c.cpython-310-x86_64-linux-gnu.so
[2.160s] Listing '/home/ssu/robotics-practice/week/week02/svc_ws/install/smart_shop_interfaces/local/lib/python3.10/dist-packages/smart_shop_interfaces'...
[2.161s] Compiling '/home/ssu/robotics-practice/week/week02/svc_ws/install/smart_shop_interfaces/local/lib/python3.10/dist-packages/smart_shop_interfaces/__init__.py'...
[2.161s] Listing '/home/ssu/robotics-practice/week/week02/svc_ws/install/smart_shop_interfaces/local/lib/python3.10/dist-packages/smart_shop_interfaces/srv'...
[2.161s] Compiling '/home/ssu/robotics-practice/week/week02/svc_ws/install/smart_shop_interfaces/local/lib/python3.10/dist-packages/smart_shop_interfaces/srv/__init__.py'...
[2.161s] Compiling '/home/ssu/robotics-practice/week/week02/svc_ws/install/smart_shop_interfaces/local/lib/python3.10/dist-packages/smart_shop_interfaces/srv/_authorize_payment.py'...
[2.161s] Compiling '/home/ssu/robotics-practice/week/week02/svc_ws/install/smart_shop_interfaces/local/lib/python3.10/dist-packages/smart_shop_interfaces/srv/_check_stock.py'...
[2.161s] Compiling '/home/ssu/robotics-practice/week/week02/svc_ws/install/smart_shop_interfaces/local/lib/python3.10/dist-packages/smart_shop_interfaces/srv/_place_order.py'...
[2.163s] -- Installing: /home/ssu/robotics-practice/week/week02/svc_ws/install/smart_shop_interfaces/local/lib/python3.10/dist-packages/smart_shop_interfaces/smart_shop_interfaces_s__rosidl_typesupport_fastrtps_c.cpython-310-x86_64-linux-gnu.so
[2.164s] -- Set runtime path of "/home/ssu/robotics-practice/week/week02/svc_ws/install/smart_shop_interfaces/local/lib/python3.10/dist-packages/smart_shop_interfaces/smart_shop_interfaces_s__rosidl_typesupport_fastrtps_c.cpython-310-x86_64-linux-gnu.so" to ""
[2.164s] -- Installing: /home/ssu/robotics-practice/week/week02/svc_ws/install/smart_shop_interfaces/local/lib/python3.10/dist-packages/smart_shop_interfaces/smart_shop_interfaces_s__rosidl_typesupport_introspection_c.cpython-310-x86_64-linux-gnu.so
[2.164s] -- Set runtime path of "/home/ssu/robotics-practice/week/week02/svc_ws/install/smart_shop_interfaces/local/lib/python3.10/dist-packages/smart_shop_interfaces/smart_shop_interfaces_s__rosidl_typesupport_introspection_c.cpython-310-x86_64-linux-gnu.so" to ""
[2.165s] -- Installing: /home/ssu/robotics-practice/week/week02/svc_ws/install/smart_shop_interfaces/local/lib/python3.10/dist-packages/smart_shop_interfaces/smart_shop_interfaces_s__rosidl_typesupport_c.cpython-310-x86_64-linux-gnu.so
[2.165s] -- Set runtime path of "/home/ssu/robotics-practice/week/week02/svc_ws/install/smart_shop_interfaces/local/lib/python3.10/dist-packages/smart_shop_interfaces/smart_shop_interfaces_s__rosidl_typesupport_c.cpython-310-x86_64-linux-gnu.so" to ""
[2.165s] -- Installing: /home/ssu/robotics-practice/week/week02/svc_ws/install/smart_shop_interfaces/lib/libsmart_shop_interfaces__rosidl_generator_py.so
[2.165s] -- Set runtime path of "/home/ssu/robotics-practice/week/week02/svc_ws/install/smart_shop_interfaces/lib/libsmart_shop_interfaces__rosidl_generator_py.so" to ""
[2.165s] -- Installing: /home/ssu/robotics-practice/week/week02/svc_ws/install/smart_shop_interfaces/share/smart_shop_interfaces/srv/CheckStock.idl
[2.165s] -- Installing: /home/ssu/robotics-practice/week/week02/svc_ws/install/smart_shop_interfaces/share/smart_shop_interfaces/srv/AuthorizePayment.idl
[2.165s] -- Installing: /home/ssu/robotics-practice/week/week02/svc_ws/install/smart_shop_interfaces/share/smart_shop_interfaces/srv/PlaceOrder.idl
[2.166s] -- Installing: /home/ssu/robotics-practice/week/week02/svc_ws/install/smart_shop_interfaces/share/smart_shop_interfaces/srv/CheckStock.srv
[2.166s] -- Installing: /home/ssu/robotics-practice/week/week02/svc_ws/install/smart_shop_interfaces/share/smart_shop_interfaces/srv/CheckStock_Request.msg
[2.166s] -- Installing: /home/ssu/robotics-practice/week/week02/svc_ws/install/smart_shop_interfaces/share/smart_shop_interfaces/srv/CheckStock_Response.msg
[2.166s] -- Installing: /home/ssu/robotics-practice/week/week02/svc_ws/install/smart_shop_interfaces/share/smart_shop_interfaces/srv/AuthorizePayment.srv
[2.166s] -- Installing: /home/ssu/robotics-practice/week/week02/svc_ws/install/smart_shop_interfaces/share/smart_shop_interfaces/srv/AuthorizePayment_Request.msg
[2.166s] -- Installing: /home/ssu/robotics-practice/week/week02/svc_ws/install/smart_shop_interfaces/share/smart_shop_interfaces/srv/AuthorizePayment_Response.msg
[2.166s] -- Installing: /home/ssu/robotics-practice/week/week02/svc_ws/install/smart_shop_interfaces/share/smart_shop_interfaces/srv/PlaceOrder.srv
[2.166s] -- Installing: /home/ssu/robotics-practice/week/week02/svc_ws/install/smart_shop_interfaces/share/smart_shop_interfaces/srv/PlaceOrder_Request.msg
[2.166s] -- Installing: /home/ssu/robotics-practice/week/week02/svc_ws/install/smart_shop_interfaces/share/smart_shop_interfaces/srv/PlaceOrder_Response.msg
[2.166s] -- Installing: /home/ssu/robotics-practice/week/week02/svc_ws/install/smart_shop_interfaces/share/ament_index/resource_index/package_run_dependencies/smart_shop_interfaces
[2.166s] -- Installing: /home/ssu/robotics-practice/week/week02/svc_ws/install/smart_shop_interfaces/share/ament_index/resource_index/parent_prefix_path/smart_shop_interfaces
[2.166s] -- Installing: /home/ssu/robotics-practice/week/week02/svc_ws/install/smart_shop_interfaces/share/smart_shop_interfaces/environment/ament_prefix_path.sh
[2.166s] -- Installing: /home/ssu/robotics-practice/week/week02/svc_ws/install/smart_shop_interfaces/share/smart_shop_interfaces/environment/ament_prefix_path.dsv
[2.166s] -- Installing: /home/ssu/robotics-practice/week/week02/svc_ws/install/smart_shop_interfaces/share/smart_shop_interfaces/environment/path.sh
[2.166s] -- Installing: /home/ssu/robotics-practice/week/week02/svc_ws/install/smart_shop_interfaces/share/smart_shop_interfaces/environment/path.dsv
[2.166s] -- Installing: /home/ssu/robotics-practice/week/week02/svc_ws/install/smart_shop_interfaces/share/smart_shop_interfaces/local_setup.bash
[2.166s] -- Installing: /home/ssu/robotics-practice/week/week02/svc_ws/install/smart_shop_interfaces/share/smart_shop_interfaces/local_setup.sh
[2.166s] -- Installing: /home/ssu/robotics-practice/week/week02/svc_ws/install/smart_shop_interfaces/share/smart_shop_interfaces/local_setup.zsh
[2.166s] -- Installing: /home/ssu/robotics-practice/week/week02/svc_ws/install/smart_shop_interfaces/share/smart_shop_interfaces/local_setup.dsv
[2.166s] -- Installing: /home/ssu/robotics-practice/week/week02/svc_ws/install/smart_shop_interfaces/share/smart_shop_interfaces/package.dsv
[2.166s] -- Installing: /home/ssu/robotics-practice/week/week02/svc_ws/install/smart_shop_interfaces/share/ament_index/resource_index/packages/smart_shop_interfaces
[2.166s] -- Installing: /home/ssu/robotics-practice/week/week02/svc_ws/install/smart_shop_interfaces/share/smart_shop_interfaces/cmake/export_smart_shop_interfaces__rosidl_generator_cExport.cmake
[2.166s] -- Installing: /home/ssu/robotics-practice/week/week02/svc_ws/install/smart_shop_interfaces/share/smart_shop_interfaces/cmake/export_smart_shop_interfaces__rosidl_generator_cExport-noconfig.cmake
[2.166s] -- Installing: /home/ssu/robotics-practice/week/week02/svc_ws/install/smart_shop_interfaces/share/smart_shop_interfaces/cmake/export_smart_shop_interfaces__rosidl_typesupport_fastrtps_cExport.cmake
[2.166s] -- Installing: /home/ssu/robotics-practice/week/week02/svc_ws/install/smart_shop_interfaces/share/smart_shop_interfaces/cmake/export_smart_shop_interfaces__rosidl_typesupport_fastrtps_cExport-noconfig.cmake
[2.166s] -- Installing: /home/ssu/robotics-practice/week/week02/svc_ws/install/smart_shop_interfaces/share/smart_shop_interfaces/cmake/smart_shop_interfaces__rosidl_typesupport_introspection_cExport.cmake
[2.167s] -- Installing: /home/ssu/robotics-practice/week/week02/svc_ws/install/smart_shop_interfaces/share/smart_shop_interfaces/cmake/smart_shop_interfaces__rosidl_typesupport_introspection_cExport-noconfig.cmake
[2.167s] -- Installing: /home/ssu/robotics-practice/week/week02/svc_ws/install/smart_shop_interfaces/share/smart_shop_interfaces/cmake/smart_shop_interfaces__rosidl_typesupport_cExport.cmake
[2.167s] -- Installing: /home/ssu/robotics-practice/week/week02/svc_ws/install/smart_shop_interfaces/share/smart_shop_interfaces/cmake/smart_shop_interfaces__rosidl_typesupport_cExport-noconfig.cmake
[2.167s] -- Installing: /home/ssu/robotics-practice/week/week02/svc_ws/install/smart_shop_interfaces/share/smart_shop_interfaces/cmake/export_smart_shop_interfaces__rosidl_generator_cppExport.cmake
[2.167s] -- Installing: /home/ssu/robotics-practice/week/week02/svc_ws/install/smart_shop_interfaces/share/smart_shop_interfaces/cmake/export_smart_shop_interfaces__rosidl_typesupport_fastrtps_cppExport.cmake
[2.167s] -- Installing: /home/ssu/robotics-practice/week/week02/svc_ws/install/smart_shop_interfaces/share/smart_shop_interfaces/cmake/export_smart_shop_interfaces__rosidl_typesupport_fastrtps_cppExport-noconfig.cmake
[2.167s] -- Installing: /home/ssu/robotics-practice/week/week02/svc_ws/install/smart_shop_interfaces/share/smart_shop_interfaces/cmake/smart_shop_interfaces__rosidl_typesupport_introspection_cppExport.cmake
[2.167s] -- Installing: /home/ssu/robotics-practice/week/week02/svc_ws/install/smart_shop_interfaces/share/smart_shop_interfaces/cmake/smart_shop_interfaces__rosidl_typesupport_introspection_cppExport-noconfig.cmake
[2.167s] -- Installing: /home/ssu/robotics-practice/week/week02/svc_ws/install/smart_shop_interfaces/share/smart_shop_interfaces/cmake/smart_shop_interfaces__rosidl_typesupport_cppExport.cmake
[2.167s] -- Installing: /home/ssu/robotics-practice/week/week02/svc_ws/install/smart_shop_interfaces/share/smart_shop_interfaces/cmake/smart_shop_interfaces__rosidl_typesupport_cppExport-noconfig.cmake
[2.167s] -- Installing: /home/ssu/robotics-practice/week/week02/svc_ws/install/smart_shop_interfaces/share/smart_shop_interfaces/cmake/export_smart_shop_interfaces__rosidl_generator_pyExport.cmake
[2.167s] -- Installing: /home/ssu/robotics-practice/week/week02/svc_ws/install/smart_shop_interfaces/share/smart_shop_interfaces/cmake/export_smart_shop_interfaces__rosidl_generator_pyExport-noconfig.cmake
[2.167s] -- Installing: /home/ssu/robotics-practice/week/week02/svc_ws/install/smart_shop_interfaces/share/smart_shop_interfaces/cmake/rosidl_cmake-extras.cmake
[2.167s] -- Installing: /home/ssu/robotics-practice/week/week02/svc_ws/install/smart_shop_interfaces/share/smart_shop_interfaces/cmake/ament_cmake_export_include_directories-extras.cmake
[2.167s] -- Installing: /home/ssu/robotics-practice/week/week02/svc_ws/install/smart_shop_interfaces/share/smart_shop_interfaces/cmake/ament_cmake_export_libraries-extras.cmake
[2.167s] -- Installing: /home/ssu/robotics-practice/week/week02/svc_ws/install/smart_shop_interfaces/share/smart_shop_interfaces/cmake/ament_cmake_export_targets-extras.cmake
[2.167s] -- Installing: /home/ssu/robotics-practice/week/week02/svc_ws/install/smart_shop_interfaces/share/smart_shop_interfaces/cmake/rosidl_cmake_export_typesupport_targets-extras.cmake
[2.167s] -- Installing: /home/ssu/robotics-practice/week/week02/svc_ws/install/smart_shop_interfaces/share/smart_shop_interfaces/cmake/ament_cmake_export_dependencies-extras.cmake
[2.167s] -- Installing: /home/ssu/robotics-practice/week/week02/svc_ws/install/smart_shop_interfaces/share/smart_shop_interfaces/cmake/rosidl_cmake_export_typesupport_libraries-extras.cmake
[2.167s] -- Installing: /home/ssu/robotics-practice/week/week02/svc_ws/install/smart_shop_interfaces/share/smart_shop_interfaces/cmake/smart_shop_interfacesConfig.cmake
[2.167s] -- Installing: /home/ssu/robotics-practice/week/week02/svc_ws/install/smart_shop_interfaces/share/smart_shop_interfaces/cmake/smart_shop_interfacesConfig-version.cmake
[2.167s] -- Installing: /home/ssu/robotics-practice/week/week02/svc_ws/install/smart_shop_interfaces/share/smart_shop_interfaces/package.xml
[2.169s] Invoked command in '/home/ssu/robotics-practice/week/week02/svc_ws/build/smart_shop_interfaces' returned '0': CMAKE_PREFIX_PATH=/home/ssu/robotics-practice/week/week02/test_svc/install/my_svc:/opt/ros/humble /usr/bin/cmake --install /home/ssu/robotics-practice/week/week02/svc_ws/build/smart_shop_interfaces
