[0.008s] Invoking command in '/home/ssu/robotics-practice/week/week03/my_action/build/my_action_interfaces': CMAKE_PREFIX_PATH=${CMAKE_PREFIX_PATH}:/home/ssu/robotics-practice/week/week02/svc_ws/install/smart_shop_nodes:/opt/ros/humble /usr/bin/cmake --build /home/ssu/robotics-practice/week/week03/my_action/build/my_action_interfaces -- -j14 -l14
[0.038s] [35m[1mConsolidate compiler generated dependencies of target my_action_interfaces__rosidl_generator_c[0m
[0.049s] [ 10%] Built target my_action_interfaces__rosidl_generator_c
[0.049s] [ 12%] Built target my_action_interfaces__cpp
[0.050s] [ 12%] Built target ament_cmake_python_copy_my_action_interfaces
[0.054s] [35m[1mConsolidate compiler generated dependencies of target my_action_interfaces__rosidl_typesupport_introspection_c[0m
[0.054s] [35m[1mConsolidate compiler generated dependencies of target my_action_interfaces__rosidl_typesupport_fastrtps_c[0m
[0.054s] [35m[1mConsolidate compiler generated dependencies of target my_action_interfaces__rosidl_typesupport_fastrtps_cpp[0m
[0.054s] [35m[1mConsolidate compiler generated dependencies of target my_action_interfaces__rosidl_typesupport_c[0m
[0.055s] [35m[1mConsolidate compiler generated dependencies of target my_action_interfaces__rosidl_typesupport_introspection_cpp[0m
[0.061s] [35m[1mConsolidate compiler generated dependencies of target my_action_interfaces__rosidl_typesupport_cpp[0m
[0.061s] [ 23%] Built target my_action_interfaces__rosidl_typesupport_c
[0.061s] [ 43%] Built target my_action_interfaces__rosidl_typesupport_introspection_c
[0.061s] [ 43%] Built target my_action_interfaces__rosidl_typesupport_fastrtps_c
[0.061s] [ 53%] Built target my_action_interfaces__rosidl_typesupport_fastrtps_cpp
[0.062s] [ 64%] Built target my_action_interfaces__rosidl_typesupport_introspection_cpp
[0.065s] [ 74%] Built target my_action_interfaces__rosidl_typesupport_cpp
[0.076s] [ 74%] Built target my_action_interfaces
[0.089s] [ 76%] Built target my_action_interfaces__py
[0.097s] [35m[1mConsolidate compiler generated dependencies of target my_action_interfaces__rosidl_generator_py[0m
[0.106s] [ 84%] Built target my_action_interfaces__rosidl_generator_py
[0.112s] [35m[1mConsolidate compiler generated dependencies of target my_action_interfaces__rosidl_typesupport_introspection_c__pyext[0m
[0.113s] [35m[1mConsolidate compiler generated dependencies of target my_action_interfaces__rosidl_typesupport_fastrtps_c__pyext[0m
[0.114s] [35m[1mConsolidate compiler generated dependencies of target my_action_interfaces__rosidl_typesupport_c__pyext[0m
[0.121s] [ 89%] Built target my_action_interfaces__rosidl_typesupport_introspection_c__pyext
[0.121s] [ 94%] Built target my_action_interfaces__rosidl_typesupport_fastrtps_c__pyext
[0.121s] [100%] Built target my_action_interfaces__rosidl_typesupport_c__pyext
[0.157s] running egg_info
[0.157s] writing my_action_interfaces.egg-info/PKG-INFO
[0.158s] writing dependency_links to my_action_interfaces.egg-info/dependency_links.txt
[0.158s] writing top-level names to my_action_interfaces.egg-info/top_level.txt
[0.158s] reading manifest file 'my_action_interfaces.egg-info/SOURCES.txt'
[0.159s] writing manifest file 'my_action_interfaces.egg-info/SOURCES.txt'
[0.174s] [100%] Built target ament_cmake_python_build_my_action_interfaces_egg
[0.183s] Invoked command in '/home/ssu/robotics-practice/week/week03/my_action/build/my_action_interfaces' returned '0': CMAKE_PREFIX_PATH=${CMAKE_PREFIX_PATH}:/home/ssu/robotics-practice/week/week02/svc_ws/install/smart_shop_nodes:/opt/ros/humble /usr/bin/cmake --build /home/ssu/robotics-practice/week/week03/my_action/build/my_action_interfaces -- -j14 -l14
[0.192s] Invoking command in '/home/ssu/robotics-practice/week/week03/my_action/build/my_action_interfaces': CMAKE_PREFIX_PATH=${CMAKE_PREFIX_PATH}:/home/ssu/robotics-practice/week/week02/svc_ws/install/smart_shop_nodes:/opt/ros/humble /usr/bin/cmake --install /home/ssu/robotics-practice/week/week03/my_action/build/my_action_interfaces
[0.197s] -- Install configuration: ""
[0.197s] -- Up-to-date: /home/ssu/robotics-practice/week/week03/my_action/install/my_action_interfaces/share/ament_index/resource_index/rosidl_interfaces/my_action_interfaces
[0.197s] -- Up-to-date: /home/ssu/robotics-practice/week/week03/my_action/install/my_action_interfaces/include/my_action_interfaces/my_action_interfaces
[0.197s] -- Up-to-date: /home/ssu/robotics-practice/week/week03/my_action/install/my_action_interfaces/include/my_action_interfaces/my_action_interfaces/msg
[0.197s] -- Up-to-date: /home/ssu/robotics-practice/week/week03/my_action/install/my_action_interfaces/include/my_action_interfaces/my_action_interfaces/msg/rosidl_generator_c__visibility_control.h
[0.197s] -- Up-to-date: /home/ssu/robotics-practice/week/week03/my_action/install/my_action_interfaces/include/my_action_interfaces/my_action_interfaces/action
[0.197s] -- Up-to-date: /home/ssu/robotics-practice/week/week03/my_action/install/my_action_interfaces/include/my_action_interfaces/my_action_interfaces/action/my_interfaces.h
[0.197s] -- Up-to-date: /home/ssu/robotics-practice/week/week03/my_action/install/my_action_interfaces/include/my_action_interfaces/my_action_interfaces/action/detail
[0.197s] -- Up-to-date: /home/ssu/robotics-practice/week/week03/my_action/install/my_action_interfaces/include/my_action_interfaces/my_action_interfaces/action/detail/my_interfaces__functions.c
[0.198s] -- Up-to-date: /home/ssu/robotics-practice/week/week03/my_action/install/my_action_interfaces/include/my_action_interfaces/my_action_interfaces/action/detail/my_interfaces__functions.h
[0.198s] -- Up-to-date: /home/ssu/robotics-practice/week/week03/my_action/install/my_action_interfaces/include/my_action_interfaces/my_action_interfaces/action/detail/my_interfaces__struct.h
[0.198s] -- Up-to-date: /home/ssu/robotics-practice/week/week03/my_action/install/my_action_interfaces/include/my_action_interfaces/my_action_interfaces/action/detail/my_interfaces__type_support.h
[0.198s] -- Up-to-date: /home/ssu/robotics-practice/week/week03/my_action/install/my_action_interfaces/include/my_action_interfaces/my_action_interfaces/action/detail/patrol_test__functions.c
[0.198s] -- Up-to-date: /home/ssu/robotics-practice/week/week03/my_action/install/my_action_interfaces/include/my_action_interfaces/my_action_interfaces/action/detail/patrol_test__functions.h
[0.198s] -- Up-to-date: /home/ssu/robotics-practice/week/week03/my_action/install/my_action_interfaces/include/my_action_interfaces/my_action_interfaces/action/detail/patrol_test__struct.h
[0.198s] -- Up-to-date: /home/ssu/robotics-practice/week/week03/my_action/install/my_action_interfaces/include/my_action_interfaces/my_action_interfaces/action/detail/patrol_test__type_support.h
[0.198s] -- Up-to-date: /home/ssu/robotics-practice/week/week03/my_action/install/my_action_interfaces/include/my_action_interfaces/my_action_interfaces/action/patrol_test.h
[0.198s] -- Up-to-date: /home/ssu/robotics-practice/week/week03/my_action/install/my_action_interfaces/share/my_action_interfaces/environment/library_path.sh
[0.198s] -- Up-to-date: /home/ssu/robotics-practice/week/week03/my_action/install/my_action_interfaces/share/my_action_interfaces/environment/library_path.dsv
[0.198s] -- Up-to-date: /home/ssu/robotics-practice/week/week03/my_action/install/my_action_interfaces/lib/libmy_action_interfaces__rosidl_generator_c.so
[0.198s] -- Up-to-date: /home/ssu/robotics-practice/week/week03/my_action/install/my_action_interfaces/include/my_action_interfaces/my_action_interfaces
[0.198s] -- Up-to-date: /home/ssu/robotics-practice/week/week03/my_action/install/my_action_interfaces/include/my_action_interfaces/my_action_interfaces/msg
[0.198s] -- Up-to-date: /home/ssu/robotics-practice/week/week03/my_action/install/my_action_interfaces/include/my_action_interfaces/my_action_interfaces/msg/rosidl_typesupport_fastrtps_c__visibility_control.h
[0.198s] -- Up-to-date: /home/ssu/robotics-practice/week/week03/my_action/install/my_action_interfaces/include/my_action_interfaces/my_action_interfaces/action
[0.198s] -- Up-to-date: /home/ssu/robotics-practice/week/week03/my_action/install/my_action_interfaces/include/my_action_interfaces/my_action_interfaces/action/detail
[0.198s] -- Up-to-date: /home/ssu/robotics-practice/week/week03/my_action/install/my_action_interfaces/include/my_action_interfaces/my_action_interfaces/action/detail/my_interfaces__rosidl_typesupport_fastrtps_c.h
[0.198s] -- Up-to-date: /home/ssu/robotics-practice/week/week03/my_action/install/my_action_interfaces/include/my_action_interfaces/my_action_interfaces/action/detail/patrol_test__rosidl_typesupport_fastrtps_c.h
[0.198s] -- Up-to-date: /home/ssu/robotics-practice/week/week03/my_action/install/my_action_interfaces/lib/libmy_action_interfaces__rosidl_typesupport_fastrtps_c.so
[0.198s] -- Up-to-date: /home/ssu/robotics-practice/week/week03/my_action/install/my_action_interfaces/include/my_action_interfaces/my_action_interfaces
[0.198s] -- Up-to-date: /home/ssu/robotics-practice/week/week03/my_action/install/my_action_interfaces/include/my_action_interfaces/my_action_interfaces/msg
[0.198s] -- Up-to-date: /home/ssu/robotics-practice/week/week03/my_action/install/my_action_interfaces/include/my_action_interfaces/my_action_interfaces/msg/rosidl_typesupport_introspection_c__visibility_control.h
[0.198s] -- Up-to-date: /home/ssu/robotics-practice/week/week03/my_action/install/my_action_interfaces/include/my_action_interfaces/my_action_interfaces/action
[0.198s] -- Up-to-date: /home/ssu/robotics-practice/week/week03/my_action/install/my_action_interfaces/include/my_action_interfaces/my_action_interfaces/action/detail
[0.198s] -- Up-to-date: /home/ssu/robotics-practice/week/week03/my_action/install/my_action_interfaces/include/my_action_interfaces/my_action_interfaces/action/detail/my_interfaces__rosidl_typesupport_introspection_c.h
[0.199s] -- Up-to-date: /home/ssu/robotics-practice/week/week03/my_action/install/my_action_interfaces/include/my_action_interfaces/my_action_interfaces/action/detail/my_interfaces__type_support.c
[0.199s] -- Up-to-date: /home/ssu/robotics-practice/week/week03/my_action/install/my_action_interfaces/include/my_action_interfaces/my_action_interfaces/action/detail/patrol_test__rosidl_typesupport_introspection_c.h
[0.199s] -- Up-to-date: /home/ssu/robotics-practice/week/week03/my_action/install/my_action_interfaces/include/my_action_interfaces/my_action_interfaces/action/detail/patrol_test__type_support.c
[0.199s] -- Up-to-date: /home/ssu/robotics-practice/week/week03/my_action/install/my_action_interfaces/lib/libmy_action_interfaces__rosidl_typesupport_introspection_c.so
[0.199s] -- Up-to-date: /home/ssu/robotics-practice/week/week03/my_action/install/my_action_interfaces/lib/libmy_action_interfaces__rosidl_typesupport_c.so
[0.199s] -- Up-to-date: /home/ssu/robotics-practice/week/week03/my_action/install/my_action_interfaces/include/my_action_interfaces/my_action_interfaces
[0.199s] -- Up-to-date: /home/ssu/robotics-practice/week/week03/my_action/install/my_action_interfaces/include/my_action_interfaces/my_action_interfaces/msg
[0.199s] -- Up-to-date: /home/ssu/robotics-practice/week/week03/my_action/install/my_action_interfaces/include/my_action_interfaces/my_action_interfaces/msg/rosidl_generator_cpp__visibility_control.hpp
[0.199s] -- Up-to-date: /home/ssu/robotics-practice/week/week03/my_action/install/my_action_interfaces/include/my_action_interfaces/my_action_interfaces/action
[0.199s] -- Up-to-date: /home/ssu/robotics-practice/week/week03/my_action/install/my_action_interfaces/include/my_action_interfaces/my_action_interfaces/action/detail
[0.199s] -- Up-to-date: /home/ssu/robotics-practice/week/week03/my_action/install/my_action_interfaces/include/my_action_interfaces/my_action_interfaces/action/detail/my_interfaces__builder.hpp
[0.199s] -- Up-to-date: /home/ssu/robotics-practice/week/week03/my_action/install/my_action_interfaces/include/my_action_interfaces/my_action_interfaces/action/detail/my_interfaces__struct.hpp
[0.199s] -- Up-to-date: /home/ssu/robotics-practice/week/week03/my_action/install/my_action_interfaces/include/my_action_interfaces/my_action_interfaces/action/detail/my_interfaces__traits.hpp
[0.199s] -- Up-to-date: /home/ssu/robotics-practice/week/week03/my_action/install/my_action_interfaces/include/my_action_interfaces/my_action_interfaces/action/detail/my_interfaces__type_support.hpp
[0.199s] -- Up-to-date: /home/ssu/robotics-practice/week/week03/my_action/install/my_action_interfaces/include/my_action_interfaces/my_action_interfaces/action/detail/patrol_test__builder.hpp
[0.199s] -- Up-to-date: /home/ssu/robotics-practice/week/week03/my_action/install/my_action_interfaces/include/my_action_interfaces/my_action_interfaces/action/detail/patrol_test__struct.hpp
[0.199s] -- Up-to-date: /home/ssu/robotics-practice/week/week03/my_action/install/my_action_interfaces/include/my_action_interfaces/my_action_interfaces/action/detail/patrol_test__traits.hpp
[0.199s] -- Up-to-date: /home/ssu/robotics-practice/week/week03/my_action/install/my_action_interfaces/include/my_action_interfaces/my_action_interfaces/action/detail/patrol_test__type_support.hpp
[0.199s] -- Up-to-date: /home/ssu/robotics-practice/week/week03/my_action/install/my_action_interfaces/include/my_action_interfaces/my_action_interfaces/action/my_interfaces.hpp
[0.199s] -- Up-to-date: /home/ssu/robotics-practice/week/week03/my_action/install/my_action_interfaces/include/my_action_interfaces/my_action_interfaces/action/patrol_test.hpp
[0.199s] -- Up-to-date: /home/ssu/robotics-practice/week/week03/my_action/install/my_action_interfaces/include/my_action_interfaces/my_action_interfaces
[0.199s] -- Up-to-date: /home/ssu/robotics-practice/week/week03/my_action/install/my_action_interfaces/include/my_action_interfaces/my_action_interfaces/msg
[0.199s] -- Up-to-date: /home/ssu/robotics-practice/week/week03/my_action/install/my_action_interfaces/include/my_action_interfaces/my_action_interfaces/msg/rosidl_typesupport_fastrtps_cpp__visibility_control.h
[0.199s] -- Up-to-date: /home/ssu/robotics-practice/week/week03/my_action/install/my_action_interfaces/include/my_action_interfaces/my_action_interfaces/action
[0.199s] -- Up-to-date: /home/ssu/robotics-practice/week/week03/my_action/install/my_action_interfaces/include/my_action_interfaces/my_action_interfaces/action/detail
[0.199s] -- Up-to-date: /home/ssu/robotics-practice/week/week03/my_action/install/my_action_interfaces/include/my_action_interfaces/my_action_interfaces/action/detail/my_interfaces__rosidl_typesupport_fastrtps_cpp.hpp
[0.199s] -- Up-to-date: /home/ssu/robotics-practice/week/week03/my_action/install/my_action_interfaces/include/my_action_interfaces/my_action_interfaces/action/detail/dds_fastrtps
[0.199s] -- Up-to-date: /home/ssu/robotics-practice/week/week03/my_action/install/my_action_interfaces/include/my_action_interfaces/my_action_interfaces/action/detail/patrol_test__rosidl_typesupport_fastrtps_cpp.hpp
[0.199s] -- Up-to-date: /home/ssu/robotics-practice/week/week03/my_action/install/my_action_interfaces/lib/libmy_action_interfaces__rosidl_typesupport_fastrtps_cpp.so
[0.200s] -- Up-to-date: /home/ssu/robotics-practice/week/week03/my_action/install/my_action_interfaces/include/my_action_interfaces/my_action_interfaces
[0.200s] -- Up-to-date: /home/ssu/robotics-practice/week/week03/my_action/install/my_action_interfaces/include/my_action_interfaces/my_action_interfaces/action
[0.200s] -- Up-to-date: /home/ssu/robotics-practice/week/week03/my_action/install/my_action_interfaces/include/my_action_interfaces/my_action_interfaces/action/detail
[0.200s] -- Up-to-date: /home/ssu/robotics-practice/week/week03/my_action/install/my_action_interfaces/include/my_action_interfaces/my_action_interfaces/action/detail/my_interfaces__rosidl_typesupport_introspection_cpp.hpp
[0.200s] -- Up-to-date: /home/ssu/robotics-practice/week/week03/my_action/install/my_action_interfaces/include/my_action_interfaces/my_action_interfaces/action/detail/my_interfaces__type_support.cpp
[0.200s] -- Up-to-date: /home/ssu/robotics-practice/week/week03/my_action/install/my_action_interfaces/include/my_action_interfaces/my_action_interfaces/action/detail/patrol_test__rosidl_typesupport_introspection_cpp.hpp
[0.200s] -- Up-to-date: /home/ssu/robotics-practice/week/week03/my_action/install/my_action_interfaces/include/my_action_interfaces/my_action_interfaces/action/detail/patrol_test__type_support.cpp
[0.200s] -- Up-to-date: /home/ssu/robotics-practice/week/week03/my_action/install/my_action_interfaces/lib/libmy_action_interfaces__rosidl_typesupport_introspection_cpp.so
[0.200s] -- Up-to-date: /home/ssu/robotics-practice/week/week03/my_action/install/my_action_interfaces/lib/libmy_action_interfaces__rosidl_typesupport_cpp.so
[0.200s] -- Up-to-date: /home/ssu/robotics-practice/week/week03/my_action/install/my_action_interfaces/share/my_action_interfaces/environment/pythonpath.sh
[0.200s] -- Up-to-date: /home/ssu/robotics-practice/week/week03/my_action/install/my_action_interfaces/share/my_action_interfaces/environment/pythonpath.dsv
[0.200s] -- Up-to-date: /home/ssu/robotics-practice/week/week03/my_action/install/my_action_interfaces/local/lib/python3.10/dist-packages/my_action_interfaces-0.0.0-py3.10.egg-info
[0.200s] -- Installing: /home/ssu/robotics-practice/week/week03/my_action/install/my_action_interfaces/local/lib/python3.10/dist-packages/my_action_interfaces-0.0.0-py3.10.egg-info/PKG-INFO
[0.200s] -- Installing: /home/ssu/robotics-practice/week/week03/my_action/install/my_action_interfaces/local/lib/python3.10/dist-packages/my_action_interfaces-0.0.0-py3.10.egg-info/dependency_links.txt
[0.200s] -- Installing: /home/ssu/robotics-practice/week/week03/my_action/install/my_action_interfaces/local/lib/python3.10/dist-packages/my_action_interfaces-0.0.0-py3.10.egg-info/top_level.txt
[0.200s] -- Installing: /home/ssu/robotics-practice/week/week03/my_action/install/my_action_interfaces/local/lib/python3.10/dist-packages/my_action_interfaces-0.0.0-py3.10.egg-info/SOURCES.txt
[0.200s] -- Up-to-date: /home/ssu/robotics-practice/week/week03/my_action/install/my_action_interfaces/local/lib/python3.10/dist-packages/my_action_interfaces
[0.200s] -- Up-to-date: /home/ssu/robotics-practice/week/week03/my_action/install/my_action_interfaces/local/lib/python3.10/dist-packages/my_action_interfaces/__init__.py
[0.200s] -- Up-to-date: /home/ssu/robotics-practice/week/week03/my_action/install/my_action_interfaces/local/lib/python3.10/dist-packages/my_action_interfaces/action
[0.200s] -- Up-to-date: /home/ssu/robotics-practice/week/week03/my_action/install/my_action_interfaces/local/lib/python3.10/dist-packages/my_action_interfaces/action/_my_interfaces.py
[0.200s] -- Up-to-date: /home/ssu/robotics-practice/week/week03/my_action/install/my_action_interfaces/local/lib/python3.10/dist-packages/my_action_interfaces/action/_my_interfaces_s.c
[0.200s] -- Up-to-date: /home/ssu/robotics-practice/week/week03/my_action/install/my_action_interfaces/local/lib/python3.10/dist-packages/my_action_interfaces/action/__init__.py
[0.200s] -- Up-to-date: /home/ssu/robotics-practice/week/week03/my_action/install/my_action_interfaces/local/lib/python3.10/dist-packages/my_action_interfaces/action/_patrol_test.py
[0.200s] -- Up-to-date: /home/ssu/robotics-practice/week/week03/my_action/install/my_action_interfaces/local/lib/python3.10/dist-packages/my_action_interfaces/action/_patrol_test_s.c
[0.200s] -- Up-to-date: /home/ssu/robotics-practice/week/week03/my_action/install/my_action_interfaces/local/lib/python3.10/dist-packages/my_action_interfaces/_my_action_interfaces_s.ep.rosidl_typesupport_introspection_c.c
[0.200s] -- Up-to-date: /home/ssu/robotics-practice/week/week03/my_action/install/my_action_interfaces/local/lib/python3.10/dist-packages/my_action_interfaces/_my_action_interfaces_s.ep.rosidl_typesupport_c.c
[0.200s] -- Up-to-date: /home/ssu/robotics-practice/week/week03/my_action/install/my_action_interfaces/local/lib/python3.10/dist-packages/my_action_interfaces/_my_action_interfaces_s.ep.rosidl_typesupport_fastrtps_c.c
[0.200s] -- Up-to-date: /home/ssu/robotics-practice/week/week03/my_action/install/my_action_interfaces/local/lib/python3.10/dist-packages/my_action_interfaces/libmy_action_interfaces__rosidl_generator_py.so
[0.200s] -- Up-to-date: /home/ssu/robotics-practice/week/week03/my_action/install/my_action_interfaces/local/lib/python3.10/dist-packages/my_action_interfaces/my_action_interfaces_s__rosidl_typesupport_c.cpython-310-x86_64-linux-gnu.so
[0.200s] -- Up-to-date: /home/ssu/robotics-practice/week/week03/my_action/install/my_action_interfaces/local/lib/python3.10/dist-packages/my_action_interfaces/my_action_interfaces_s__rosidl_typesupport_introspection_c.cpython-310-x86_64-linux-gnu.so
[0.200s] -- Up-to-date: /home/ssu/robotics-practice/week/week03/my_action/install/my_action_interfaces/local/lib/python3.10/dist-packages/my_action_interfaces/my_action_interfaces_s__rosidl_typesupport_fastrtps_c.cpython-310-x86_64-linux-gnu.so
[0.214s] Listing '/home/ssu/robotics-practice/week/week03/my_action/install/my_action_interfaces/local/lib/python3.10/dist-packages/my_action_interfaces'...
[0.214s] Listing '/home/ssu/robotics-practice/week/week03/my_action/install/my_action_interfaces/local/lib/python3.10/dist-packages/my_action_interfaces/action'...
[0.215s] -- Up-to-date: /home/ssu/robotics-practice/week/week03/my_action/install/my_action_interfaces/local/lib/python3.10/dist-packages/my_action_interfaces/my_action_interfaces_s__rosidl_typesupport_fastrtps_c.cpython-310-x86_64-linux-gnu.so
[0.215s] -- Up-to-date: /home/ssu/robotics-practice/week/week03/my_action/install/my_action_interfaces/local/lib/python3.10/dist-packages/my_action_interfaces/my_action_interfaces_s__rosidl_typesupport_introspection_c.cpython-310-x86_64-linux-gnu.so
[0.215s] -- Up-to-date: /home/ssu/robotics-practice/week/week03/my_action/install/my_action_interfaces/local/lib/python3.10/dist-packages/my_action_interfaces/my_action_interfaces_s__rosidl_typesupport_c.cpython-310-x86_64-linux-gnu.so
[0.215s] -- Up-to-date: /home/ssu/robotics-practice/week/week03/my_action/install/my_action_interfaces/lib/libmy_action_interfaces__rosidl_generator_py.so
[0.216s] -- Up-to-date: /home/ssu/robotics-practice/week/week03/my_action/install/my_action_interfaces/share/my_action_interfaces/action/MyInterfaces.idl
[0.216s] -- Up-to-date: /home/ssu/robotics-practice/week/week03/my_action/install/my_action_interfaces/share/my_action_interfaces/action/PatrolTest.idl
[0.216s] -- Up-to-date: /home/ssu/robotics-practice/week/week03/my_action/install/my_action_interfaces/share/my_action_interfaces/action/MyInterfaces.action
[0.216s] -- Up-to-date: /home/ssu/robotics-practice/week/week03/my_action/install/my_action_interfaces/share/my_action_interfaces/action/PatrolTest.action
[0.216s] -- Up-to-date: /home/ssu/robotics-practice/week/week03/my_action/install/my_action_interfaces/share/ament_index/resource_index/package_run_dependencies/my_action_interfaces
[0.216s] -- Up-to-date: /home/ssu/robotics-practice/week/week03/my_action/install/my_action_interfaces/share/ament_index/resource_index/parent_prefix_path/my_action_interfaces
[0.216s] -- Up-to-date: /home/ssu/robotics-practice/week/week03/my_action/install/my_action_interfaces/share/my_action_interfaces/environment/ament_prefix_path.sh
[0.216s] -- Up-to-date: /home/ssu/robotics-practice/week/week03/my_action/install/my_action_interfaces/share/my_action_interfaces/environment/ament_prefix_path.dsv
[0.216s] -- Up-to-date: /home/ssu/robotics-practice/week/week03/my_action/install/my_action_interfaces/share/my_action_interfaces/environment/path.sh
[0.216s] -- Up-to-date: /home/ssu/robotics-practice/week/week03/my_action/install/my_action_interfaces/share/my_action_interfaces/environment/path.dsv
[0.216s] -- Up-to-date: /home/ssu/robotics-practice/week/week03/my_action/install/my_action_interfaces/share/my_action_interfaces/local_setup.bash
[0.216s] -- Up-to-date: /home/ssu/robotics-practice/week/week03/my_action/install/my_action_interfaces/share/my_action_interfaces/local_setup.sh
[0.216s] -- Up-to-date: /home/ssu/robotics-practice/week/week03/my_action/install/my_action_interfaces/share/my_action_interfaces/local_setup.zsh
[0.216s] -- Up-to-date: /home/ssu/robotics-practice/week/week03/my_action/install/my_action_interfaces/share/my_action_interfaces/local_setup.dsv
[0.216s] -- Installing: /home/ssu/robotics-practice/week/week03/my_action/install/my_action_interfaces/share/my_action_interfaces/package.dsv
[0.216s] -- Up-to-date: /home/ssu/robotics-practice/week/week03/my_action/install/my_action_interfaces/share/ament_index/resource_index/packages/my_action_interfaces
[0.222s] -- Up-to-date: /home/ssu/robotics-practice/week/week03/my_action/install/my_action_interfaces/share/my_action_interfaces/cmake/export_my_action_interfaces__rosidl_generator_cExport.cmake
[0.222s] -- Up-to-date: /home/ssu/robotics-practice/week/week03/my_action/install/my_action_interfaces/share/my_action_interfaces/cmake/export_my_action_interfaces__rosidl_generator_cExport-noconfig.cmake
[0.222s] -- Up-to-date: /home/ssu/robotics-practice/week/week03/my_action/install/my_action_interfaces/share/my_action_interfaces/cmake/export_my_action_interfaces__rosidl_typesupport_fastrtps_cExport.cmake
[0.222s] -- Up-to-date: /home/ssu/robotics-practice/week/week03/my_action/install/my_action_interfaces/share/my_action_interfaces/cmake/export_my_action_interfaces__rosidl_typesupport_fastrtps_cExport-noconfig.cmake
[0.222s] -- Up-to-date: /home/ssu/robotics-practice/week/week03/my_action/install/my_action_interfaces/share/my_action_interfaces/cmake/my_action_interfaces__rosidl_typesupport_introspection_cExport.cmake
[0.222s] -- Up-to-date: /home/ssu/robotics-practice/week/week03/my_action/install/my_action_interfaces/share/my_action_interfaces/cmake/my_action_interfaces__rosidl_typesupport_introspection_cExport-noconfig.cmake
[0.222s] -- Up-to-date: /home/ssu/robotics-practice/week/week03/my_action/install/my_action_interfaces/share/my_action_interfaces/cmake/my_action_interfaces__rosidl_typesupport_cExport.cmake
[0.222s] -- Up-to-date: /home/ssu/robotics-practice/week/week03/my_action/install/my_action_interfaces/share/my_action_interfaces/cmake/my_action_interfaces__rosidl_typesupport_cExport-noconfig.cmake
[0.222s] -- Up-to-date: /home/ssu/robotics-practice/week/week03/my_action/install/my_action_interfaces/share/my_action_interfaces/cmake/export_my_action_interfaces__rosidl_generator_cppExport.cmake
[0.223s] -- Up-to-date: /home/ssu/robotics-practice/week/week03/my_action/install/my_action_interfaces/share/my_action_interfaces/cmake/export_my_action_interfaces__rosidl_typesupport_fastrtps_cppExport.cmake
[0.223s] -- Up-to-date: /home/ssu/robotics-practice/week/week03/my_action/install/my_action_interfaces/share/my_action_interfaces/cmake/export_my_action_interfaces__rosidl_typesupport_fastrtps_cppExport-noconfig.cmake
[0.223s] -- Up-to-date: /home/ssu/robotics-practice/week/week03/my_action/install/my_action_interfaces/share/my_action_interfaces/cmake/my_action_interfaces__rosidl_typesupport_introspection_cppExport.cmake
[0.223s] -- Up-to-date: /home/ssu/robotics-practice/week/week03/my_action/install/my_action_interfaces/share/my_action_interfaces/cmake/my_action_interfaces__rosidl_typesupport_introspection_cppExport-noconfig.cmake
[0.223s] -- Up-to-date: /home/ssu/robotics-practice/week/week03/my_action/install/my_action_interfaces/share/my_action_interfaces/cmake/my_action_interfaces__rosidl_typesupport_cppExport.cmake
[0.223s] -- Up-to-date: /home/ssu/robotics-practice/week/week03/my_action/install/my_action_interfaces/share/my_action_interfaces/cmake/my_action_interfaces__rosidl_typesupport_cppExport-noconfig.cmake
[0.223s] -- Up-to-date: /home/ssu/robotics-practice/week/week03/my_action/install/my_action_interfaces/share/my_action_interfaces/cmake/export_my_action_interfaces__rosidl_generator_pyExport.cmake
[0.223s] -- Up-to-date: /home/ssu/robotics-practice/week/week03/my_action/install/my_action_interfaces/share/my_action_interfaces/cmake/export_my_action_interfaces__rosidl_generator_pyExport-noconfig.cmake
[0.223s] -- Up-to-date: /home/ssu/robotics-practice/week/week03/my_action/install/my_action_interfaces/share/my_action_interfaces/cmake/rosidl_cmake-extras.cmake
[0.223s] -- Up-to-date: /home/ssu/robotics-practice/week/week03/my_action/install/my_action_interfaces/share/my_action_interfaces/cmake/ament_cmake_export_dependencies-extras.cmake
[0.223s] -- Up-to-date: /home/ssu/robotics-practice/week/week03/my_action/install/my_action_interfaces/share/my_action_interfaces/cmake/ament_cmake_export_include_directories-extras.cmake
[0.223s] -- Up-to-date: /home/ssu/robotics-practice/week/week03/my_action/install/my_action_interfaces/share/my_action_interfaces/cmake/ament_cmake_export_libraries-extras.cmake
[0.223s] -- Up-to-date: /home/ssu/robotics-practice/week/week03/my_action/install/my_action_interfaces/share/my_action_interfaces/cmake/ament_cmake_export_targets-extras.cmake
[0.223s] -- Up-to-date: /home/ssu/robotics-practice/week/week03/my_action/install/my_action_interfaces/share/my_action_interfaces/cmake/rosidl_cmake_export_typesupport_targets-extras.cmake
[0.223s] -- Up-to-date: /home/ssu/robotics-practice/week/week03/my_action/install/my_action_interfaces/share/my_action_interfaces/cmake/rosidl_cmake_export_typesupport_libraries-extras.cmake
[0.223s] -- Up-to-date: /home/ssu/robotics-practice/week/week03/my_action/install/my_action_interfaces/share/my_action_interfaces/cmake/my_action_interfacesConfig.cmake
[0.223s] -- Up-to-date: /home/ssu/robotics-practice/week/week03/my_action/install/my_action_interfaces/share/my_action_interfaces/cmake/my_action_interfacesConfig-version.cmake
[0.223s] -- Up-to-date: /home/ssu/robotics-practice/week/week03/my_action/install/my_action_interfaces/share/my_action_interfaces/package.xml
[0.224s] Invoked command in '/home/ssu/robotics-practice/week/week03/my_action/build/my_action_interfaces' returned '0': CMAKE_PREFIX_PATH=${CMAKE_PREFIX_PATH}:/home/ssu/robotics-practice/week/week02/svc_ws/install/smart_shop_nodes:/opt/ros/humble /usr/bin/cmake --install /home/ssu/robotics-practice/week/week03/my_action/build/my_action_interfaces
