running egg_info
writing ../../build/my_patrol_server/my_patrol_server.egg-info/PKG-INFO
writing dependency_links to ../../build/my_patrol_server/my_patrol_server.egg-info/dependency_links.txt
writing entry points to ../../build/my_patrol_server/my_patrol_server.egg-info/entry_points.txt
writing requirements to ../../build/my_patrol_server/my_patrol_server.egg-info/requires.txt
writing top-level names to ../../build/my_patrol_server/my_patrol_server.egg-info/top_level.txt
reading manifest file '../../build/my_patrol_server/my_patrol_server.egg-info/SOURCES.txt'
writing manifest file '../../build/my_patrol_server/my_patrol_server.egg-info/SOURCES.txt'
running build
running build_py
copying my_patrol_server/patrol_action_client.py -> /home/ssu/robotics-practice/week/week03/my_action/build/my_patrol_server/build/lib/my_patrol_server
running install
running install_lib
copying /home/ssu/robotics-practice/week/week03/my_action/build/my_patrol_server/build/lib/my_patrol_server/patrol_action_client.py -> /home/ssu/robotics-practice/week/week03/my_action/install/my_patrol_server/lib/python3.10/site-packages/my_patrol_server
byte-compiling /home/ssu/robotics-practice/week/week03/my_action/install/my_patrol_server/lib/python3.10/site-packages/my_patrol_server/patrol_action_client.py to patrol_action_client.cpython-310.pyc
running install_data
running install_egg_info
removing '/home/ssu/robotics-practice/week/week03/my_action/install/my_patrol_server/lib/python3.10/site-packages/my_patrol_server-0.0.0-py3.10.egg-info' (and everything under it)
Copying ../../build/my_patrol_server/my_patrol_server.egg-info to /home/ssu/robotics-practice/week/week03/my_action/install/my_patrol_server/lib/python3.10/site-packages/my_patrol_server-0.0.0-py3.10.egg-info
running install_scripts
Installing patrol_action_client script to /home/ssu/robotics-practice/week/week03/my_action/install/my_patrol_server/lib/my_patrol_server
Installing patrol_action_server script to /home/ssu/robotics-practice/week/week03/my_action/install/my_patrol_server/lib/my_patrol_server
writing list of installed files to '/home/ssu/robotics-practice/week/week03/my_action/build/my_patrol_server/install.log'
