[0.372s] Invoking command in '/home/ssu/robotics-practice/class/class05/launch_ws/src/launch_py': PYTHONPATH=/home/ssu/robotics-practice/class/class05/launch_ws/build/launch_py/prefix_override:/usr/lib/python3/dist-packages/colcon_core/task/python/colcon_distutils_commands:/home/ssu/robotics-practice/class/class05/launch_ws/install/launch_py/lib/python3.10/site-packages:${PYTHONPATH} /usr/bin/python3 -W ignore:setup.py install is deprecated -W ignore:easy_install command is deprecated setup.py egg_info --egg-base ../../build/launch_py build --build-base /home/ssu/robotics-practice/class/class05/launch_ws/build/launch_py/build install --record /home/ssu/robotics-practice/class/class05/launch_ws/build/launch_py/install.log --single-version-externally-managed install_data
[0.470s] running egg_info
[0.470s] writing ../../build/launch_py/launch_py.egg-info/PKG-INFO
[0.472s] writing dependency_links to ../../build/launch_py/launch_py.egg-info/dependency_links.txt
[0.472s] writing entry points to ../../build/launch_py/launch_py.egg-info/entry_points.txt
[0.472s] writing requirements to ../../build/launch_py/launch_py.egg-info/requires.txt
[0.472s] writing top-level names to ../../build/launch_py/launch_py.egg-info/top_level.txt
[0.472s] reading manifest file '../../build/launch_py/launch_py.egg-info/SOURCES.txt'
[0.472s] writing manifest file '../../build/launch_py/launch_py.egg-info/SOURCES.txt'
[0.472s] running build
[0.472s] running build_py
[0.473s] running install
[0.473s] running install_lib
[0.473s] running install_data
[0.473s] running install_egg_info
[0.474s] removing '/home/ssu/robotics-practice/class/class05/launch_ws/install/launch_py/lib/python3.10/site-packages/launch_py-0.0.0-py3.10.egg-info' (and everything under it)
[0.474s] Copying ../../build/launch_py/launch_py.egg-info to /home/ssu/robotics-practice/class/class05/launch_ws/install/launch_py/lib/python3.10/site-packages/launch_py-0.0.0-py3.10.egg-info
[0.474s] running install_scripts
[0.485s] writing list of installed files to '/home/ssu/robotics-practice/class/class05/launch_ws/build/launch_py/install.log'
[0.507s] Invoked command in '/home/ssu/robotics-practice/class/class05/launch_ws/src/launch_py' returned '0': PYTHONPATH=/home/ssu/robotics-practice/class/class05/launch_ws/build/launch_py/prefix_override:/usr/lib/python3/dist-packages/colcon_core/task/python/colcon_distutils_commands:/home/ssu/robotics-practice/class/class05/launch_ws/install/launch_py/lib/python3.10/site-packages:${PYTHONPATH} /usr/bin/python3 -W ignore:setup.py install is deprecated -W ignore:easy_install command is deprecated setup.py egg_info --egg-base ../../build/launch_py build --build-base /home/ssu/robotics-practice/class/class05/launch_ws/build/launch_py/build install --record /home/ssu/robotics-practice/class/class05/launch_ws/build/launch_py/install.log --single-version-externally-managed install_data
