[0.363s] Invoking command in '/home/ssu/robotics-practice/class/class05/launch_ws/src/substitutions_py': PYTHONPATH=/home/ssu/robotics-practice/class/class05/launch_ws/build/substitutions_py/prefix_override:/usr/lib/python3/dist-packages/colcon_core/task/python/colcon_distutils_commands:/home/ssu/robotics-practice/class/class05/launch_ws/install/substitutions_py/lib/python3.10/site-packages:${PYTHONPATH} /usr/bin/python3 -W ignore:setup.py install is deprecated -W ignore:easy_install command is deprecated setup.py egg_info --egg-base ../../build/substitutions_py build --build-base /home/ssu/robotics-practice/class/class05/launch_ws/build/substitutions_py/build install --record /home/ssu/robotics-practice/class/class05/launch_ws/build/substitutions_py/install.log --single-version-externally-managed install_data
[0.462s] running egg_info
[0.462s] writing ../../build/substitutions_py/substitutions_py.egg-info/PKG-INFO
[0.462s] writing dependency_links to ../../build/substitutions_py/substitutions_py.egg-info/dependency_links.txt
[0.462s] writing entry points to ../../build/substitutions_py/substitutions_py.egg-info/entry_points.txt
[0.462s] writing requirements to ../../build/substitutions_py/substitutions_py.egg-info/requires.txt
[0.462s] writing top-level names to ../../build/substitutions_py/substitutions_py.egg-info/top_level.txt
[0.463s] reading manifest file '../../build/substitutions_py/substitutions_py.egg-info/SOURCES.txt'
[0.463s] writing manifest file '../../build/substitutions_py/substitutions_py.egg-info/SOURCES.txt'
[0.463s] running build
[0.463s] running build_py
[0.463s] running install
[0.463s] running install_lib
[0.463s] running install_data
[0.463s] copying launch/substitutions_launch.py -> /home/ssu/robotics-practice/class/class05/launch_ws/install/substitutions_py/share/substitutions_py/launch
[0.463s] running install_egg_info
[0.464s] removing '/home/ssu/robotics-practice/class/class05/launch_ws/install/substitutions_py/lib/python3.10/site-packages/substitutions_py-0.0.0-py3.10.egg-info' (and everything under it)
[0.464s] Copying ../../build/substitutions_py/substitutions_py.egg-info to /home/ssu/robotics-practice/class/class05/launch_ws/install/substitutions_py/lib/python3.10/site-packages/substitutions_py-0.0.0-py3.10.egg-info
[0.464s] running install_scripts
[0.475s] writing list of installed files to '/home/ssu/robotics-practice/class/class05/launch_ws/build/substitutions_py/install.log'
[0.495s] Invoked command in '/home/ssu/robotics-practice/class/class05/launch_ws/src/substitutions_py' returned '0': PYTHONPATH=/home/ssu/robotics-practice/class/class05/launch_ws/build/substitutions_py/prefix_override:/usr/lib/python3/dist-packages/colcon_core/task/python/colcon_distutils_commands:/home/ssu/robotics-practice/class/class05/launch_ws/install/substitutions_py/lib/python3.10/site-packages:${PYTHONPATH} /usr/bin/python3 -W ignore:setup.py install is deprecated -W ignore:easy_install command is deprecated setup.py egg_info --egg-base ../../build/substitutions_py build --build-base /home/ssu/robotics-practice/class/class05/launch_ws/build/substitutions_py/build install --record /home/ssu/robotics-practice/class/class05/launch_ws/build/substitutions_py/install.log --single-version-externally-managed install_data
