[0.007s] Invoking command in '/home/ssu/robotics-practice/week/week03/my_action/build/my_action_interfaces': CMAKE_PREFIX_PATH=${CMAKE_PREFIX_PATH}:/home/ssu/robotics-practice/week/week02/svc_ws/install/smart_shop_nodes:/opt/ros/humble /usr/bin/cmake /home/ssu/robotics-practice/week/week03/my_action/src/my_action_interfaces -DCMAKE_INSTALL_PREFIX=/home/ssu/robotics-practice/week/week03/my_action/install/my_action_interfaces
[0.082s] -- The C compiler identification is GNU 11.4.0
[0.136s] -- The CXX compiler identification is GNU 11.4.0
[0.142s] -- Detecting C compiler ABI info
[0.193s] -- Detecting C compiler ABI info - done
[0.198s] -- Check for working C compiler: /usr/bin/cc - skipped
[0.198s] -- Detecting C compile features
[0.198s] -- Detecting C compile features - done
[0.200s] -- Detecting CXX compiler ABI info
[0.253s] -- Detecting CXX compiler ABI info - done
[0.257s] -- Check for working CXX compiler: /usr/bin/c++ - skipped
[0.257s] -- Detecting CXX compile features
[0.257s] -- Detecting CXX compile features - done
[0.260s] -- Found ament_cmake: 1.3.13 (/opt/ros/humble/share/ament_cmake/cmake)
[0.342s] -- Found Python3: /usr/bin/python3 (found version "3.10.12") found components: Interpreter 
[0.391s] -- Found ament_lint_auto: 0.12.15 (/opt/ros/humble/share/ament_lint_auto/cmake)
[0.429s] -- Found rosidl_default_generators: 1.2.0 (/opt/ros/humble/share/rosidl_default_generators/cmake)
[0.431s] -- Using all available rosidl_typesupport_c: rosidl_typesupport_fastrtps_c;rosidl_typesupport_introspection_c
[0.434s] -- Found rosidl_adapter: 3.1.8 (/opt/ros/humble/share/rosidl_adapter/cmake)
[0.456s] -- Using all available rosidl_typesupport_cpp: rosidl_typesupport_fastrtps_cpp;rosidl_typesupport_introspection_cpp
[0.600s] -- Found ament_cmake_ros: 0.10.0 (/opt/ros/humble/share/ament_cmake_ros/cmake)
[0.697s] -- Using all available rosidl_typesupport_c: rosidl_typesupport_fastrtps_c;rosidl_typesupport_introspection_c
[0.826s] -- Using all available rosidl_typesupport_cpp: rosidl_typesupport_fastrtps_cpp;rosidl_typesupport_introspection_cpp
[0.837s] -- Found PythonInterp: /usr/bin/python3 (found suitable version "3.10.12", minimum required is "3.6") 
[0.840s] -- Found python_cmake_module: 0.10.0 (/opt/ros/humble/share/python_cmake_module/cmake)
[0.858s] -- Found PythonLibs: /usr/lib/x86_64-linux-gnu/libpython3.10.so (found suitable version "3.10.12", minimum required is "3.5") 
[0.858s] -- Using PYTHON_EXECUTABLE: /usr/bin/python3
[0.858s] -- Using PYTHON_INCLUDE_DIRS: /usr/include/python3.10
[0.858s] -- Using PYTHON_LIBRARIES: /usr/lib/x86_64-linux-gnu/libpython3.10.so
[0.869s] -- Found PythonExtra: .so  
[0.890s] -- Added test 'lint_cmake' to check CMake code style
[0.891s] -- Added test 'xmllint' to check XML markup files
[0.895s] -- Configuring done
[0.907s] -- Generating done
[0.912s] -- Build files have been written to: /home/ssu/robotics-practice/week/week03/my_action/build/my_action_interfaces
[0.918s] Invoked command in '/home/ssu/robotics-practice/week/week03/my_action/build/my_action_interfaces' returned '0': CMAKE_PREFIX_PATH=${CMAKE_PREFIX_PATH}:/home/ssu/robotics-practice/week/week02/svc_ws/install/smart_shop_nodes:/opt/ros/humble /usr/bin/cmake /home/ssu/robotics-practice/week/week03/my_action/src/my_action_interfaces -DCMAKE_INSTALL_PREFIX=/home/ssu/robotics-practice/week/week03/my_action/install/my_action_interfaces
[0.918s] Invoking command in '/home/ssu/robotics-practice/week/week03/my_action/build/my_action_interfaces': CMAKE_PREFIX_PATH=${CMAKE_PREFIX_PATH}:/home/ssu/robotics-practice/week/week02/svc_ws/install/smart_shop_nodes:/opt/ros/humble /usr/bin/cmake --build /home/ssu/robotics-practice/week/week03/my_action/build/my_action_interfaces -- -j14 -l14
[0.947s] [  3%] [34m[1mGenerating C code for ROS interfaces[0m
[0.953s] [  6%] [34m[1mGenerating C++ code for ROS interfaces[0m
[0.960s] [  6%] Built target ament_cmake_python_copy_my_action_interfaces
[1.064s] running egg_info
[1.065s] creating my_action_interfaces.egg-info
[1.065s] writing my_action_interfaces.egg-info/PKG-INFO
[1.065s] writing dependency_links to my_action_interfaces.egg-info/dependency_links.txt
[1.065s] writing top-level names to my_action_interfaces.egg-info/top_level.txt
[1.065s] writing manifest file 'my_action_interfaces.egg-info/SOURCES.txt'
[1.068s] reading manifest file 'my_action_interfaces.egg-info/SOURCES.txt'
[1.068s] writing manifest file 'my_action_interfaces.egg-info/SOURCES.txt'
[1.085s] [  6%] Built target ament_cmake_python_build_my_action_interfaces_egg
[1.145s] [  6%] Built target my_action_interfaces__cpp
[1.148s] [  9%] [32mBuilding C object CMakeFiles/my_action_interfaces__rosidl_generator_c.dir/rosidl_generator_c/my_action_interfaces/action/detail/my_interfaces__functions.c.o[0m
[1.150s] [ 12%] [34m[1mGenerating C++ type support dispatch for ROS interfaces[0m
[1.150s] [ 16%] [34m[1mGenerating C++ introspection for ROS interfaces[0m
[1.150s] [ 19%] [34m[1mGenerating C++ type support for eProsima Fast-RTPS[0m
[1.226s] [ 22%] [32m[1mLinking C shared library libmy_action_interfaces__rosidl_generator_c.so[0m
[1.256s] [ 22%] Built target my_action_interfaces__rosidl_generator_c
[1.264s] [ 25%] [34m[1mGenerating C type support for eProsima Fast-RTPS[0m
[1.264s] [ 29%] [34m[1mGenerating C introspection for ROS interfaces[0m
[1.267s] [ 32%] [34m[1mGenerating C type support dispatch for ROS interfaces[0m
[1.285s] [ 35%] [32mBuilding CXX object CMakeFiles/my_action_interfaces__rosidl_typesupport_cpp.dir/rosidl_typesupport_cpp/my_action_interfaces/action/my_interfaces__type_support.cpp.o[0m
[1.308s] [ 38%] [32mBuilding CXX object CMakeFiles/my_action_interfaces__rosidl_typesupport_introspection_cpp.dir/rosidl_typesupport_introspection_cpp/my_action_interfaces/action/detail/my_interfaces__type_support.cpp.o[0m
[1.323s] [ 41%] [32mBuilding CXX object CMakeFiles/my_action_interfaces__rosidl_typesupport_fastrtps_cpp.dir/rosidl_typesupport_fastrtps_cpp/my_action_interfaces/action/detail/dds_fastrtps/my_interfaces__type_support.cpp.o[0m
[1.397s] [ 45%] [32mBuilding CXX object CMakeFiles/my_action_interfaces__rosidl_typesupport_c.dir/rosidl_typesupport_c/my_action_interfaces/action/my_interfaces__type_support.cpp.o[0m
[1.424s] [ 48%] [32m[1mLinking CXX shared library libmy_action_interfaces__rosidl_typesupport_c.so[0m
[1.429s] [ 51%] [32mBuilding C object CMakeFiles/my_action_interfaces__rosidl_typesupport_introspection_c.dir/rosidl_typesupport_introspection_c/my_action_interfaces/action/detail/my_interfaces__type_support.c.o[0m
[1.436s] [ 54%] [32mBuilding CXX object CMakeFiles/my_action_interfaces__rosidl_typesupport_fastrtps_c.dir/rosidl_typesupport_fastrtps_c/my_action_interfaces/action/detail/my_interfaces__type_support_c.cpp.o[0m
[1.452s] [ 54%] Built target my_action_interfaces__rosidl_typesupport_c
[1.457s] [ 58%] [32m[1mLinking C shared library libmy_action_interfaces__rosidl_typesupport_introspection_c.so[0m
[1.482s] [ 58%] Built target my_action_interfaces__rosidl_typesupport_introspection_c
[1.507s] [ 61%] [32m[1mLinking CXX shared library libmy_action_interfaces__rosidl_typesupport_cpp.so[0m
[1.536s] [ 61%] Built target my_action_interfaces__rosidl_typesupport_cpp
[1.582s] [ 64%] [32m[1mLinking CXX shared library libmy_action_interfaces__rosidl_typesupport_introspection_cpp.so[0m
[1.590s] [ 67%] [32m[1mLinking CXX shared library libmy_action_interfaces__rosidl_typesupport_fastrtps_cpp.so[0m
[1.610s] [ 70%] [32m[1mLinking CXX shared library libmy_action_interfaces__rosidl_typesupport_fastrtps_c.so[0m
[1.627s] [ 70%] Built target my_action_interfaces__rosidl_typesupport_introspection_cpp
[1.633s] [ 70%] Built target my_action_interfaces__rosidl_typesupport_fastrtps_cpp
[1.658s] [ 70%] Built target my_action_interfaces__rosidl_typesupport_fastrtps_c
[1.674s] [ 70%] Built target my_action_interfaces
[1.689s] [ 74%] [34m[1mGenerating Python code for ROS interfaces[0m
[1.984s] [ 74%] Built target my_action_interfaces__py
[1.999s] [ 77%] [32mBuilding C object CMakeFiles/my_action_interfaces__rosidl_generator_py.dir/rosidl_generator_py/my_action_interfaces/action/_my_interfaces_s.c.o[0m
[2.084s] [ 80%] [32m[1mLinking C shared library rosidl_generator_py/my_action_interfaces/libmy_action_interfaces__rosidl_generator_py.so[0m
[2.113s] [ 80%] Built target my_action_interfaces__rosidl_generator_py
[2.127s] [ 83%] [32mBuilding C object CMakeFiles/my_action_interfaces__rosidl_typesupport_introspection_c__pyext.dir/rosidl_generator_py/my_action_interfaces/_my_action_interfaces_s.ep.rosidl_typesupport_introspection_c.c.o[0m
[2.127s] [ 87%] [32mBuilding C object CMakeFiles/my_action_interfaces__rosidl_typesupport_fastrtps_c__pyext.dir/rosidl_generator_py/my_action_interfaces/_my_action_interfaces_s.ep.rosidl_typesupport_fastrtps_c.c.o[0m
[2.129s] [ 90%] [32mBuilding C object CMakeFiles/my_action_interfaces__rosidl_typesupport_c__pyext.dir/rosidl_generator_py/my_action_interfaces/_my_action_interfaces_s.ep.rosidl_typesupport_c.c.o[0m
[2.182s] [ 93%] [32m[1mLinking C shared library rosidl_generator_py/my_action_interfaces/my_action_interfaces_s__rosidl_typesupport_fastrtps_c.cpython-310-x86_64-linux-gnu.so[0m
[2.184s] [ 96%] [32m[1mLinking C shared library rosidl_generator_py/my_action_interfaces/my_action_interfaces_s__rosidl_typesupport_c.cpython-310-x86_64-linux-gnu.so[0m
[2.184s] [100%] [32m[1mLinking C shared library rosidl_generator_py/my_action_interfaces/my_action_interfaces_s__rosidl_typesupport_introspection_c.cpython-310-x86_64-linux-gnu.so[0m
[2.206s] [100%] Built target my_action_interfaces__rosidl_typesupport_fastrtps_c__pyext
[2.206s] [100%] Built target my_action_interfaces__rosidl_typesupport_c__pyext
[2.206s] [100%] Built target my_action_interfaces__rosidl_typesupport_introspection_c__pyext
[2.213s] Invoked command in '/home/ssu/robotics-practice/week/week03/my_action/build/my_action_interfaces' returned '0': CMAKE_PREFIX_PATH=${CMAKE_PREFIX_PATH}:/home/ssu/robotics-practice/week/week02/svc_ws/install/smart_shop_nodes:/opt/ros/humble /usr/bin/cmake --build /home/ssu/robotics-practice/week/week03/my_action/build/my_action_interfaces -- -j14 -l14
[2.217s] Invoking command in '/home/ssu/robotics-practice/week/week03/my_action/build/my_action_interfaces': CMAKE_PREFIX_PATH=${CMAKE_PREFIX_PATH}:/home/ssu/robotics-practice/week/week02/svc_ws/install/smart_shop_nodes:/opt/ros/humble /usr/bin/cmake --install /home/ssu/robotics-practice/week/week03/my_action/build/my_action_interfaces
[2.222s] -- Install configuration: ""
[2.222s] -- Installing: /home/ssu/robotics-practice/week/week03/my_action/install/my_action_interfaces/share/ament_index/resource_index/rosidl_interfaces/my_action_interfaces
[2.222s] -- Installing: /home/ssu/robotics-practice/week/week03/my_action/install/my_action_interfaces/include/my_action_interfaces/my_action_interfaces
[2.222s] -- Installing: /home/ssu/robotics-practice/week/week03/my_action/install/my_action_interfaces/include/my_action_interfaces/my_action_interfaces/msg
[2.222s] -- Installing: /home/ssu/robotics-practice/week/week03/my_action/install/my_action_interfaces/include/my_action_interfaces/my_action_interfaces/msg/rosidl_generator_c__visibility_control.h
[2.222s] -- Installing: /home/ssu/robotics-practice/week/week03/my_action/install/my_action_interfaces/include/my_action_interfaces/my_action_interfaces/action
[2.222s] -- Installing: /home/ssu/robotics-practice/week/week03/my_action/install/my_action_interfaces/include/my_action_interfaces/my_action_interfaces/action/my_interfaces.h
[2.222s] -- Installing: /home/ssu/robotics-practice/week/week03/my_action/install/my_action_interfaces/include/my_action_interfaces/my_action_interfaces/action/detail
[2.222s] -- Installing: /home/ssu/robotics-practice/week/week03/my_action/install/my_action_interfaces/include/my_action_interfaces/my_action_interfaces/action/detail/my_interfaces__functions.c
[2.222s] -- Installing: /home/ssu/robotics-practice/week/week03/my_action/install/my_action_interfaces/include/my_action_interfaces/my_action_interfaces/action/detail/my_interfaces__functions.h
[2.222s] -- Installing: /home/ssu/robotics-practice/week/week03/my_action/install/my_action_interfaces/include/my_action_interfaces/my_action_interfaces/action/detail/my_interfaces__struct.h
[2.222s] -- Installing: /home/ssu/robotics-practice/week/week03/my_action/install/my_action_interfaces/include/my_action_interfaces/my_action_interfaces/action/detail/my_interfaces__type_support.h
[2.222s] -- Installing: /home/ssu/robotics-practice/week/week03/my_action/install/my_action_interfaces/share/my_action_interfaces/environment/library_path.sh
[2.222s] -- Installing: /home/ssu/robotics-practice/week/week03/my_action/install/my_action_interfaces/share/my_action_interfaces/environment/library_path.dsv
[2.222s] -- Installing: /home/ssu/robotics-practice/week/week03/my_action/install/my_action_interfaces/lib/libmy_action_interfaces__rosidl_generator_c.so
[2.224s] -- Set runtime path of "/home/ssu/robotics-practice/week/week03/my_action/install/my_action_interfaces/lib/libmy_action_interfaces__rosidl_generator_c.so" to ""
[2.224s] -- Up-to-date: /home/ssu/robotics-practice/week/week03/my_action/install/my_action_interfaces/include/my_action_interfaces/my_action_interfaces
[2.224s] -- Up-to-date: /home/ssu/robotics-practice/week/week03/my_action/install/my_action_interfaces/include/my_action_interfaces/my_action_interfaces/msg
[2.224s] -- Installing: /home/ssu/robotics-practice/week/week03/my_action/install/my_action_interfaces/include/my_action_interfaces/my_action_interfaces/msg/rosidl_typesupport_fastrtps_c__visibility_control.h
[2.224s] -- Up-to-date: /home/ssu/robotics-practice/week/week03/my_action/install/my_action_interfaces/include/my_action_interfaces/my_action_interfaces/action
[2.224s] -- Up-to-date: /home/ssu/robotics-practice/week/week03/my_action/install/my_action_interfaces/include/my_action_interfaces/my_action_interfaces/action/detail
[2.224s] -- Installing: /home/ssu/robotics-practice/week/week03/my_action/install/my_action_interfaces/include/my_action_interfaces/my_action_interfaces/action/detail/my_interfaces__rosidl_typesupport_fastrtps_c.h
[2.224s] -- Installing: /home/ssu/robotics-practice/week/week03/my_action/install/my_action_interfaces/lib/libmy_action_interfaces__rosidl_typesupport_fastrtps_c.so
[2.224s] -- Set runtime path of "/home/ssu/robotics-practice/week/week03/my_action/install/my_action_interfaces/lib/libmy_action_interfaces__rosidl_typesupport_fastrtps_c.so" to ""
[2.224s] -- Up-to-date: /home/ssu/robotics-practice/week/week03/my_action/install/my_action_interfaces/include/my_action_interfaces/my_action_interfaces
[2.224s] -- Up-to-date: /home/ssu/robotics-practice/week/week03/my_action/install/my_action_interfaces/include/my_action_interfaces/my_action_interfaces/msg
[2.224s] -- Installing: /home/ssu/robotics-practice/week/week03/my_action/install/my_action_interfaces/include/my_action_interfaces/my_action_interfaces/msg/rosidl_typesupport_introspection_c__visibility_control.h
[2.224s] -- Up-to-date: /home/ssu/robotics-practice/week/week03/my_action/install/my_action_interfaces/include/my_action_interfaces/my_action_interfaces/action
[2.224s] -- Up-to-date: /home/ssu/robotics-practice/week/week03/my_action/install/my_action_interfaces/include/my_action_interfaces/my_action_interfaces/action/detail
[2.224s] -- Installing: /home/ssu/robotics-practice/week/week03/my_action/install/my_action_interfaces/include/my_action_interfaces/my_action_interfaces/action/detail/my_interfaces__rosidl_typesupport_introspection_c.h
[2.224s] -- Installing: /home/ssu/robotics-practice/week/week03/my_action/install/my_action_interfaces/include/my_action_interfaces/my_action_interfaces/action/detail/my_interfaces__type_support.c
[2.224s] -- Installing: /home/ssu/robotics-practice/week/week03/my_action/install/my_action_interfaces/lib/libmy_action_interfaces__rosidl_typesupport_introspection_c.so
[2.224s] -- Set runtime path of "/home/ssu/robotics-practice/week/week03/my_action/install/my_action_interfaces/lib/libmy_action_interfaces__rosidl_typesupport_introspection_c.so" to ""
[2.225s] -- Installing: /home/ssu/robotics-practice/week/week03/my_action/install/my_action_interfaces/lib/libmy_action_interfaces__rosidl_typesupport_c.so
[2.225s] -- Set runtime path of "/home/ssu/robotics-practice/week/week03/my_action/install/my_action_interfaces/lib/libmy_action_interfaces__rosidl_typesupport_c.so" to ""
[2.225s] -- Up-to-date: /home/ssu/robotics-practice/week/week03/my_action/install/my_action_interfaces/include/my_action_interfaces/my_action_interfaces
[2.225s] -- Up-to-date: /home/ssu/robotics-practice/week/week03/my_action/install/my_action_interfaces/include/my_action_interfaces/my_action_interfaces/msg
[2.225s] -- Installing: /home/ssu/robotics-practice/week/week03/my_action/install/my_action_interfaces/include/my_action_interfaces/my_action_interfaces/msg/rosidl_generator_cpp__visibility_control.hpp
[2.225s] -- Up-to-date: /home/ssu/robotics-practice/week/week03/my_action/install/my_action_interfaces/include/my_action_interfaces/my_action_interfaces/action
[2.225s] -- Installing: /home/ssu/robotics-practice/week/week03/my_action/install/my_action_interfaces/include/my_action_interfaces/my_action_interfaces/action/my_interfaces.hpp
[2.225s] -- Up-to-date: /home/ssu/robotics-practice/week/week03/my_action/install/my_action_interfaces/include/my_action_interfaces/my_action_interfaces/action/detail
[2.225s] -- Installing: /home/ssu/robotics-practice/week/week03/my_action/install/my_action_interfaces/include/my_action_interfaces/my_action_interfaces/action/detail/my_interfaces__builder.hpp
[2.225s] -- Installing: /home/ssu/robotics-practice/week/week03/my_action/install/my_action_interfaces/include/my_action_interfaces/my_action_interfaces/action/detail/my_interfaces__struct.hpp
[2.225s] -- Installing: /home/ssu/robotics-practice/week/week03/my_action/install/my_action_interfaces/include/my_action_interfaces/my_action_interfaces/action/detail/my_interfaces__traits.hpp
[2.225s] -- Installing: /home/ssu/robotics-practice/week/week03/my_action/install/my_action_interfaces/include/my_action_interfaces/my_action_interfaces/action/detail/my_interfaces__type_support.hpp
[2.225s] -- Up-to-date: /home/ssu/robotics-practice/week/week03/my_action/install/my_action_interfaces/include/my_action_interfaces/my_action_interfaces
[2.225s] -- Up-to-date: /home/ssu/robotics-practice/week/week03/my_action/install/my_action_interfaces/include/my_action_interfaces/my_action_interfaces/msg
[2.225s] -- Installing: /home/ssu/robotics-practice/week/week03/my_action/install/my_action_interfaces/include/my_action_interfaces/my_action_interfaces/msg/rosidl_typesupport_fastrtps_cpp__visibility_control.h
[2.225s] -- Up-to-date: /home/ssu/robotics-practice/week/week03/my_action/install/my_action_interfaces/include/my_action_interfaces/my_action_interfaces/action
[2.225s] -- Up-to-date: /home/ssu/robotics-practice/week/week03/my_action/install/my_action_interfaces/include/my_action_interfaces/my_action_interfaces/action/detail
[2.225s] -- Installing: /home/ssu/robotics-practice/week/week03/my_action/install/my_action_interfaces/include/my_action_interfaces/my_action_interfaces/action/detail/my_interfaces__rosidl_typesupport_fastrtps_cpp.hpp
[2.225s] -- Installing: /home/ssu/robotics-practice/week/week03/my_action/install/my_action_interfaces/include/my_action_interfaces/my_action_interfaces/action/detail/dds_fastrtps
[2.225s] -- Installing: /home/ssu/robotics-practice/week/week03/my_action/install/my_action_interfaces/lib/libmy_action_interfaces__rosidl_typesupport_fastrtps_cpp.so
[2.225s] -- Set runtime path of "/home/ssu/robotics-practice/week/week03/my_action/install/my_action_interfaces/lib/libmy_action_interfaces__rosidl_typesupport_fastrtps_cpp.so" to ""
[2.225s] -- Up-to-date: /home/ssu/robotics-practice/week/week03/my_action/install/my_action_interfaces/include/my_action_interfaces/my_action_interfaces
[2.225s] -- Up-to-date: /home/ssu/robotics-practice/week/week03/my_action/install/my_action_interfaces/include/my_action_interfaces/my_action_interfaces/action
[2.225s] -- Up-to-date: /home/ssu/robotics-practice/week/week03/my_action/install/my_action_interfaces/include/my_action_interfaces/my_action_interfaces/action/detail
[2.225s] -- Installing: /home/ssu/robotics-practice/week/week03/my_action/install/my_action_interfaces/include/my_action_interfaces/my_action_interfaces/action/detail/my_interfaces__rosidl_typesupport_introspection_cpp.hpp
[2.225s] -- Installing: /home/ssu/robotics-practice/week/week03/my_action/install/my_action_interfaces/include/my_action_interfaces/my_action_interfaces/action/detail/my_interfaces__type_support.cpp
[2.225s] -- Installing: /home/ssu/robotics-practice/week/week03/my_action/install/my_action_interfaces/lib/libmy_action_interfaces__rosidl_typesupport_introspection_cpp.so
[2.226s] -- Set runtime path of "/home/ssu/robotics-practice/week/week03/my_action/install/my_action_interfaces/lib/libmy_action_interfaces__rosidl_typesupport_introspection_cpp.so" to ""
[2.226s] -- Installing: /home/ssu/robotics-practice/week/week03/my_action/install/my_action_interfaces/lib/libmy_action_interfaces__rosidl_typesupport_cpp.so
[2.226s] -- Set runtime path of "/home/ssu/robotics-practice/week/week03/my_action/install/my_action_interfaces/lib/libmy_action_interfaces__rosidl_typesupport_cpp.so" to ""
[2.226s] -- Installing: /home/ssu/robotics-practice/week/week03/my_action/install/my_action_interfaces/share/my_action_interfaces/environment/pythonpath.sh
[2.226s] -- Installing: /home/ssu/robotics-practice/week/week03/my_action/install/my_action_interfaces/share/my_action_interfaces/environment/pythonpath.dsv
[2.226s] -- Installing: /home/ssu/robotics-practice/week/week03/my_action/install/my_action_interfaces/local/lib/python3.10/dist-packages/my_action_interfaces-0.0.0-py3.10.egg-info
[2.226s] -- Installing: /home/ssu/robotics-practice/week/week03/my_action/install/my_action_interfaces/local/lib/python3.10/dist-packages/my_action_interfaces-0.0.0-py3.10.egg-info/PKG-INFO
[2.226s] -- Installing: /home/ssu/robotics-practice/week/week03/my_action/install/my_action_interfaces/local/lib/python3.10/dist-packages/my_action_interfaces-0.0.0-py3.10.egg-info/dependency_links.txt
[2.226s] -- Installing: /home/ssu/robotics-practice/week/week03/my_action/install/my_action_interfaces/local/lib/python3.10/dist-packages/my_action_interfaces-0.0.0-py3.10.egg-info/top_level.txt
[2.226s] -- Installing: /home/ssu/robotics-practice/week/week03/my_action/install/my_action_interfaces/local/lib/python3.10/dist-packages/my_action_interfaces-0.0.0-py3.10.egg-info/SOURCES.txt
[2.226s] -- Installing: /home/ssu/robotics-practice/week/week03/my_action/install/my_action_interfaces/local/lib/python3.10/dist-packages/my_action_interfaces
[2.226s] -- Installing: /home/ssu/robotics-practice/week/week03/my_action/install/my_action_interfaces/local/lib/python3.10/dist-packages/my_action_interfaces/__init__.py
[2.226s] -- Installing: /home/ssu/robotics-practice/week/week03/my_action/install/my_action_interfaces/local/lib/python3.10/dist-packages/my_action_interfaces/action
[2.226s] -- Installing: /home/ssu/robotics-practice/week/week03/my_action/install/my_action_interfaces/local/lib/python3.10/dist-packages/my_action_interfaces/action/_my_interfaces.py
[2.226s] -- Installing: /home/ssu/robotics-practice/week/week03/my_action/install/my_action_interfaces/local/lib/python3.10/dist-packages/my_action_interfaces/action/_my_interfaces_s.c
[2.226s] -- Installing: /home/ssu/robotics-practice/week/week03/my_action/install/my_action_interfaces/local/lib/python3.10/dist-packages/my_action_interfaces/action/__init__.py
[2.226s] -- Installing: /home/ssu/robotics-practice/week/week03/my_action/install/my_action_interfaces/local/lib/python3.10/dist-packages/my_action_interfaces/_my_action_interfaces_s.ep.rosidl_typesupport_fastrtps_c.c
[2.227s] -- Installing: /home/ssu/robotics-practice/week/week03/my_action/install/my_action_interfaces/local/lib/python3.10/dist-packages/my_action_interfaces/_my_action_interfaces_s.ep.rosidl_typesupport_introspection_c.c
[2.227s] -- Installing: /home/ssu/robotics-practice/week/week03/my_action/install/my_action_interfaces/local/lib/python3.10/dist-packages/my_action_interfaces/_my_action_interfaces_s.ep.rosidl_typesupport_c.c
[2.227s] -- Installing: /home/ssu/robotics-practice/week/week03/my_action/install/my_action_interfaces/local/lib/python3.10/dist-packages/my_action_interfaces/libmy_action_interfaces__rosidl_generator_py.so
[2.227s] -- Installing: /home/ssu/robotics-practice/week/week03/my_action/install/my_action_interfaces/local/lib/python3.10/dist-packages/my_action_interfaces/my_action_interfaces_s__rosidl_typesupport_fastrtps_c.cpython-310-x86_64-linux-gnu.so
[2.227s] -- Installing: /home/ssu/robotics-practice/week/week03/my_action/install/my_action_interfaces/local/lib/python3.10/dist-packages/my_action_interfaces/my_action_interfaces_s__rosidl_typesupport_introspection_c.cpython-310-x86_64-linux-gnu.so
[2.227s] -- Installing: /home/ssu/robotics-practice/week/week03/my_action/install/my_action_interfaces/local/lib/python3.10/dist-packages/my_action_interfaces/my_action_interfaces_s__rosidl_typesupport_c.cpython-310-x86_64-linux-gnu.so
[2.247s] Listing '/home/ssu/robotics-practice/week/week03/my_action/install/my_action_interfaces/local/lib/python3.10/dist-packages/my_action_interfaces'...
[2.247s] Compiling '/home/ssu/robotics-practice/week/week03/my_action/install/my_action_interfaces/local/lib/python3.10/dist-packages/my_action_interfaces/__init__.py'...
[2.247s] Listing '/home/ssu/robotics-practice/week/week03/my_action/install/my_action_interfaces/local/lib/python3.10/dist-packages/my_action_interfaces/action'...
[2.247s] Compiling '/home/ssu/robotics-practice/week/week03/my_action/install/my_action_interfaces/local/lib/python3.10/dist-packages/my_action_interfaces/action/__init__.py'...
[2.247s] Compiling '/home/ssu/robotics-practice/week/week03/my_action/install/my_action_interfaces/local/lib/python3.10/dist-packages/my_action_interfaces/action/_my_interfaces.py'...
[2.250s] -- Installing: /home/ssu/robotics-practice/week/week03/my_action/install/my_action_interfaces/local/lib/python3.10/dist-packages/my_action_interfaces/my_action_interfaces_s__rosidl_typesupport_fastrtps_c.cpython-310-x86_64-linux-gnu.so
[2.250s] -- Set runtime path of "/home/ssu/robotics-practice/week/week03/my_action/install/my_action_interfaces/local/lib/python3.10/dist-packages/my_action_interfaces/my_action_interfaces_s__rosidl_typesupport_fastrtps_c.cpython-310-x86_64-linux-gnu.so" to ""
[2.250s] -- Installing: /home/ssu/robotics-practice/week/week03/my_action/install/my_action_interfaces/local/lib/python3.10/dist-packages/my_action_interfaces/my_action_interfaces_s__rosidl_typesupport_introspection_c.cpython-310-x86_64-linux-gnu.so
[2.250s] -- Set runtime path of "/home/ssu/robotics-practice/week/week03/my_action/install/my_action_interfaces/local/lib/python3.10/dist-packages/my_action_interfaces/my_action_interfaces_s__rosidl_typesupport_introspection_c.cpython-310-x86_64-linux-gnu.so" to ""
[2.250s] -- Installing: /home/ssu/robotics-practice/week/week03/my_action/install/my_action_interfaces/local/lib/python3.10/dist-packages/my_action_interfaces/my_action_interfaces_s__rosidl_typesupport_c.cpython-310-x86_64-linux-gnu.so
[2.251s] -- Set runtime path of "/home/ssu/robotics-practice/week/week03/my_action/install/my_action_interfaces/local/lib/python3.10/dist-packages/my_action_interfaces/my_action_interfaces_s__rosidl_typesupport_c.cpython-310-x86_64-linux-gnu.so" to ""
[2.251s] -- Installing: /home/ssu/robotics-practice/week/week03/my_action/install/my_action_interfaces/lib/libmy_action_interfaces__rosidl_generator_py.so
[2.251s] -- Set runtime path of "/home/ssu/robotics-practice/week/week03/my_action/install/my_action_interfaces/lib/libmy_action_interfaces__rosidl_generator_py.so" to ""
[2.251s] -- Installing: /home/ssu/robotics-practice/week/week03/my_action/install/my_action_interfaces/share/my_action_interfaces/action/MyInterfaces.idl
[2.251s] -- Installing: /home/ssu/robotics-practice/week/week03/my_action/install/my_action_interfaces/share/my_action_interfaces/action/MyInterfaces.action
[2.251s] -- Installing: /home/ssu/robotics-practice/week/week03/my_action/install/my_action_interfaces/share/ament_index/resource_index/package_run_dependencies/my_action_interfaces
[2.251s] -- Installing: /home/ssu/robotics-practice/week/week03/my_action/install/my_action_interfaces/share/ament_index/resource_index/parent_prefix_path/my_action_interfaces
[2.251s] -- Installing: /home/ssu/robotics-practice/week/week03/my_action/install/my_action_interfaces/share/my_action_interfaces/environment/ament_prefix_path.sh
[2.252s] -- Installing: /home/ssu/robotics-practice/week/week03/my_action/install/my_action_interfaces/share/my_action_interfaces/environment/ament_prefix_path.dsv
[2.252s] -- Installing: /home/ssu/robotics-practice/week/week03/my_action/install/my_action_interfaces/share/my_action_interfaces/environment/path.sh
[2.252s] -- Installing: /home/ssu/robotics-practice/week/week03/my_action/install/my_action_interfaces/share/my_action_interfaces/environment/path.dsv
[2.252s] -- Installing: /home/ssu/robotics-practice/week/week03/my_action/install/my_action_interfaces/share/my_action_interfaces/local_setup.bash
[2.252s] -- Installing: /home/ssu/robotics-practice/week/week03/my_action/install/my_action_interfaces/share/my_action_interfaces/local_setup.sh
[2.252s] -- Installing: /home/ssu/robotics-practice/week/week03/my_action/install/my_action_interfaces/share/my_action_interfaces/local_setup.zsh
[2.252s] -- Installing: /home/ssu/robotics-practice/week/week03/my_action/install/my_action_interfaces/share/my_action_interfaces/local_setup.dsv
[2.252s] -- Installing: /home/ssu/robotics-practice/week/week03/my_action/install/my_action_interfaces/share/my_action_interfaces/package.dsv
[2.252s] -- Installing: /home/ssu/robotics-practice/week/week03/my_action/install/my_action_interfaces/share/ament_index/resource_index/packages/my_action_interfaces
[2.252s] -- Installing: /home/ssu/robotics-practice/week/week03/my_action/install/my_action_interfaces/share/my_action_interfaces/cmake/export_my_action_interfaces__rosidl_generator_cExport.cmake
[2.252s] -- Installing: /home/ssu/robotics-practice/week/week03/my_action/install/my_action_interfaces/share/my_action_interfaces/cmake/export_my_action_interfaces__rosidl_generator_cExport-noconfig.cmake
[2.252s] -- Installing: /home/ssu/robotics-practice/week/week03/my_action/install/my_action_interfaces/share/my_action_interfaces/cmake/export_my_action_interfaces__rosidl_typesupport_fastrtps_cExport.cmake
[2.252s] -- Installing: /home/ssu/robotics-practice/week/week03/my_action/install/my_action_interfaces/share/my_action_interfaces/cmake/export_my_action_interfaces__rosidl_typesupport_fastrtps_cExport-noconfig.cmake
[2.252s] -- Installing: /home/ssu/robotics-practice/week/week03/my_action/install/my_action_interfaces/share/my_action_interfaces/cmake/my_action_interfaces__rosidl_typesupport_introspection_cExport.cmake
[2.252s] -- Installing: /home/ssu/robotics-practice/week/week03/my_action/install/my_action_interfaces/share/my_action_interfaces/cmake/my_action_interfaces__rosidl_typesupport_introspection_cExport-noconfig.cmake
[2.252s] -- Installing: /home/ssu/robotics-practice/week/week03/my_action/install/my_action_interfaces/share/my_action_interfaces/cmake/my_action_interfaces__rosidl_typesupport_cExport.cmake
[2.252s] -- Installing: /home/ssu/robotics-practice/week/week03/my_action/install/my_action_interfaces/share/my_action_interfaces/cmake/my_action_interfaces__rosidl_typesupport_cExport-noconfig.cmake
[2.252s] -- Installing: /home/ssu/robotics-practice/week/week03/my_action/install/my_action_interfaces/share/my_action_interfaces/cmake/export_my_action_interfaces__rosidl_generator_cppExport.cmake
[2.252s] -- Installing: /home/ssu/robotics-practice/week/week03/my_action/install/my_action_interfaces/share/my_action_interfaces/cmake/export_my_action_interfaces__rosidl_typesupport_fastrtps_cppExport.cmake
[2.252s] -- Installing: /home/ssu/robotics-practice/week/week03/my_action/install/my_action_interfaces/share/my_action_interfaces/cmake/export_my_action_interfaces__rosidl_typesupport_fastrtps_cppExport-noconfig.cmake
[2.252s] -- Installing: /home/ssu/robotics-practice/week/week03/my_action/install/my_action_interfaces/share/my_action_interfaces/cmake/my_action_interfaces__rosidl_typesupport_introspection_cppExport.cmake
[2.252s] -- Installing: /home/ssu/robotics-practice/week/week03/my_action/install/my_action_interfaces/share/my_action_interfaces/cmake/my_action_interfaces__rosidl_typesupport_introspection_cppExport-noconfig.cmake
[2.252s] -- Installing: /home/ssu/robotics-practice/week/week03/my_action/install/my_action_interfaces/share/my_action_interfaces/cmake/my_action_interfaces__rosidl_typesupport_cppExport.cmake
[2.252s] -- Installing: /home/ssu/robotics-practice/week/week03/my_action/install/my_action_interfaces/share/my_action_interfaces/cmake/my_action_interfaces__rosidl_typesupport_cppExport-noconfig.cmake
[2.252s] -- Installing: /home/ssu/robotics-practice/week/week03/my_action/install/my_action_interfaces/share/my_action_interfaces/cmake/export_my_action_interfaces__rosidl_generator_pyExport.cmake
[2.252s] -- Installing: /home/ssu/robotics-practice/week/week03/my_action/install/my_action_interfaces/share/my_action_interfaces/cmake/export_my_action_interfaces__rosidl_generator_pyExport-noconfig.cmake
[2.252s] -- Installing: /home/ssu/robotics-practice/week/week03/my_action/install/my_action_interfaces/share/my_action_interfaces/cmake/rosidl_cmake-extras.cmake
[2.252s] -- Installing: /home/ssu/robotics-practice/week/week03/my_action/install/my_action_interfaces/share/my_action_interfaces/cmake/ament_cmake_export_dependencies-extras.cmake
[2.252s] -- Installing: /home/ssu/robotics-practice/week/week03/my_action/install/my_action_interfaces/share/my_action_interfaces/cmake/ament_cmake_export_include_directories-extras.cmake
[2.252s] -- Installing: /home/ssu/robotics-practice/week/week03/my_action/install/my_action_interfaces/share/my_action_interfaces/cmake/ament_cmake_export_libraries-extras.cmake
[2.252s] -- Installing: /home/ssu/robotics-practice/week/week03/my_action/install/my_action_interfaces/share/my_action_interfaces/cmake/ament_cmake_export_targets-extras.cmake
[2.252s] -- Installing: /home/ssu/robotics-practice/week/week03/my_action/install/my_action_interfaces/share/my_action_interfaces/cmake/rosidl_cmake_export_typesupport_targets-extras.cmake
[2.252s] -- Installing: /home/ssu/robotics-practice/week/week03/my_action/install/my_action_interfaces/share/my_action_interfaces/cmake/rosidl_cmake_export_typesupport_libraries-extras.cmake
[2.252s] -- Installing: /home/ssu/robotics-practice/week/week03/my_action/install/my_action_interfaces/share/my_action_interfaces/cmake/my_action_interfacesConfig.cmake
[2.252s] -- Installing: /home/ssu/robotics-practice/week/week03/my_action/install/my_action_interfaces/share/my_action_interfaces/cmake/my_action_interfacesConfig-version.cmake
[2.252s] -- Installing: /home/ssu/robotics-practice/week/week03/my_action/install/my_action_interfaces/share/my_action_interfaces/package.xml
[2.254s] Invoked command in '/home/ssu/robotics-practice/week/week03/my_action/build/my_action_interfaces' returned '0': CMAKE_PREFIX_PATH=${CMAKE_PREFIX_PATH}:/home/ssu/robotics-practice/week/week02/svc_ws/install/smart_shop_nodes:/opt/ros/humble /usr/bin/cmake --install /home/ssu/robotics-practice/week/week03/my_action/build/my_action_interfaces
