[0.046s] DEBUG:colcon:Command line arguments: ['/usr/bin/colcon', 'build']
[0.046s] DEBUG:colcon:Parsed command line arguments: Namespace(log_base=None, log_level=None, verb_name='build', build_base='build', install_base='install', merge_install=False, symlink_install=False, test_result_base=None, continue_on_error=False, executor='parallel', parallel_workers=14, event_handlers=None, ignore_user_meta=False, metas=['./colcon.meta'], base_paths=['.'], packages_ignore=None, packages_ignore_regex=None, paths=None, packages_up_to=None, packages_up_to_regex=None, packages_above=None, packages_above_and_dependencies=None, packages_above_depth=None, packages_select_by_dep=None, packages_skip_by_dep=None, packages_skip_up_to=None, packages_select_build_failed=False, packages_skip_build_finished=False, packages_select_test_failures=False, packages_skip_test_passed=False, packages_select=None, packages_skip=None, packages_select_regex=None, packages_skip_regex=None, packages_start=None, packages_end=None, allow_overriding=[], cmake_args=None, cmake_target=None, cmake_target_skip_unavailable=False, cmake_clean_cache=False, cmake_clean_first=False, cmake_force_configure=False, ament_cmake_args=None, catkin_cmake_args=None, catkin_skip_building_tests=False, mixin_files=None, mixin=None, verb_parser=<colcon_mixin.mixin.mixin_argument.MixinArgumentDecorator object at 0x7c482064ad10>, verb_extension=<colcon_core.verb.build.BuildVerb object at 0x7c482073bd00>, main=<bound method BuildVerb.main of <colcon_core.verb.build.BuildVerb object at 0x7c482073bd00>>, mixin_verb=('build',))
[0.123s] Level 1:colcon.colcon_core.package_discovery:discover_packages(colcon_meta) check parameters
[0.124s] Level 1:colcon.colcon_core.package_discovery:discover_packages(recursive) check parameters
[0.124s] Level 1:colcon.colcon_core.package_discovery:discover_packages(ignore) check parameters
[0.124s] Level 1:colcon.colcon_core.package_discovery:discover_packages(path) check parameters
[0.124s] Level 1:colcon.colcon_core.package_discovery:discover_packages(colcon_meta) discover
[0.124s] Level 1:colcon.colcon_core.package_discovery:discover_packages(recursive) discover
[0.124s] INFO:colcon.colcon_core.package_discovery:Crawling recursively for packages in '/home/ssu/robotics-practice/week/week03/my_action/src'
[0.124s] Level 1:colcon.colcon_core.package_identification:_identify(.) by extensions ['ignore', 'ignore_ament_install']
[0.124s] Level 1:colcon.colcon_core.package_identification:_identify(.) by extension 'ignore'
[0.124s] Level 1:colcon.colcon_core.package_identification:_identify(.) by extension 'ignore_ament_install'
[0.124s] Level 1:colcon.colcon_core.package_identification:_identify(.) by extensions ['colcon_pkg']
[0.124s] Level 1:colcon.colcon_core.package_identification:_identify(.) by extension 'colcon_pkg'
[0.124s] Level 1:colcon.colcon_core.package_identification:_identify(.) by extensions ['colcon_meta']
[0.124s] Level 1:colcon.colcon_core.package_identification:_identify(.) by extension 'colcon_meta'
[0.124s] Level 1:colcon.colcon_core.package_identification:_identify(.) by extensions ['ros']
[0.124s] Level 1:colcon.colcon_core.package_identification:_identify(.) by extension 'ros'
[0.129s] Level 1:colcon.colcon_core.package_identification:_identify(.) by extensions ['cmake', 'python']
[0.129s] Level 1:colcon.colcon_core.package_identification:_identify(.) by extension 'cmake'
[0.129s] Level 1:colcon.colcon_core.package_identification:_identify(.) by extension 'python'
[0.129s] Level 1:colcon.colcon_core.package_identification:_identify(.) by extensions ['python_setup_py']
[0.129s] Level 1:colcon.colcon_core.package_identification:_identify(.) by extension 'python_setup_py'
[0.129s] Level 1:colcon.colcon_core.package_identification:_identify(build) by extensions ['ignore', 'ignore_ament_install']
[0.129s] Level 1:colcon.colcon_core.package_identification:_identify(build) by extension 'ignore'
[0.129s] Level 1:colcon.colcon_core.package_identification:_identify(build) ignored
[0.129s] Level 1:colcon.colcon_core.package_identification:_identify(install) by extensions ['ignore', 'ignore_ament_install']
[0.129s] Level 1:colcon.colcon_core.package_identification:_identify(install) by extension 'ignore'
[0.129s] Level 1:colcon.colcon_core.package_identification:_identify(install) ignored
[0.129s] Level 1:colcon.colcon_core.package_identification:_identify(log) by extensions ['ignore', 'ignore_ament_install']
[0.129s] Level 1:colcon.colcon_core.package_identification:_identify(log) by extension 'ignore'
[0.129s] Level 1:colcon.colcon_core.package_identification:_identify(log) ignored
[0.129s] Level 1:colcon.colcon_core.package_identification:_identify(my_action_interfaces) by extensions ['ignore', 'ignore_ament_install']
[0.129s] Level 1:colcon.colcon_core.package_identification:_identify(my_action_interfaces) by extension 'ignore'
[0.129s] Level 1:colcon.colcon_core.package_identification:_identify(my_action_interfaces) by extension 'ignore_ament_install'
[0.129s] Level 1:colcon.colcon_core.package_identification:_identify(my_action_interfaces) by extensions ['colcon_pkg']
[0.129s] Level 1:colcon.colcon_core.package_identification:_identify(my_action_interfaces) by extension 'colcon_pkg'
[0.129s] Level 1:colcon.colcon_core.package_identification:_identify(my_action_interfaces) by extensions ['colcon_meta']
[0.129s] Level 1:colcon.colcon_core.package_identification:_identify(my_action_interfaces) by extension 'colcon_meta'
[0.129s] Level 1:colcon.colcon_core.package_identification:_identify(my_action_interfaces) by extensions ['ros']
[0.129s] Level 1:colcon.colcon_core.package_identification:_identify(my_action_interfaces) by extension 'ros'
[0.130s] DEBUG:colcon.colcon_core.package_identification:Package 'my_action_interfaces' with type 'ros.ament_cmake' and name 'my_action_interfaces'
[0.130s] Level 1:colcon.colcon_core.package_identification:_identify(my_patrol_server) by extensions ['ignore', 'ignore_ament_install']
[0.130s] Level 1:colcon.colcon_core.package_identification:_identify(my_patrol_server) by extension 'ignore'
[0.130s] Level 1:colcon.colcon_core.package_identification:_identify(my_patrol_server) by extension 'ignore_ament_install'
[0.130s] Level 1:colcon.colcon_core.package_identification:_identify(my_patrol_server) by extensions ['colcon_pkg']
[0.130s] Level 1:colcon.colcon_core.package_identification:_identify(my_patrol_server) by extension 'colcon_pkg'
[0.130s] Level 1:colcon.colcon_core.package_identification:_identify(my_patrol_server) by extensions ['colcon_meta']
[0.130s] Level 1:colcon.colcon_core.package_identification:_identify(my_patrol_server) by extension 'colcon_meta'
[0.131s] Level 1:colcon.colcon_core.package_identification:_identify(my_patrol_server) by extensions ['ros']
[0.131s] Level 1:colcon.colcon_core.package_identification:_identify(my_patrol_server) by extension 'ros'
[0.131s] DEBUG:colcon.colcon_core.package_identification:Package 'my_patrol_server' with type 'ros.ament_python' and name 'my_patrol_server'
[0.131s] Level 1:colcon.colcon_core.package_discovery:discover_packages(recursive) using defaults
[0.131s] Level 1:colcon.colcon_core.package_discovery:discover_packages(ignore) discover
[0.131s] Level 1:colcon.colcon_core.package_discovery:discover_packages(ignore) using defaults
[0.131s] Level 1:colcon.colcon_core.package_discovery:discover_packages(path) discover
[0.131s] Level 1:colcon.colcon_core.package_discovery:discover_packages(path) using defaults
[0.144s] Level 1:colcon.colcon_core.package_discovery:discover_packages(prefix_path) check parameters
[0.144s] Level 1:colcon.colcon_core.package_discovery:discover_packages(prefix_path) discover
[0.145s] DEBUG:colcon.colcon_installed_package_information.package_discovery:Found 1 installed packages in /home/ssu/robotics-practice/week/week03/my_action/install
[0.145s] DEBUG:colcon.colcon_installed_package_information.package_discovery:Found 2 installed packages in /home/ssu/robotics-practice/week/week02/svc_ws/install
[0.146s] DEBUG:colcon.colcon_installed_package_information.package_discovery:Found 323 installed packages in /opt/ros/humble
[0.146s] Level 1:colcon.colcon_core.package_discovery:discover_packages(prefix_path) using defaults
[0.164s] Level 5:colcon.colcon_core.verb:set package 'my_action_interfaces' build argument 'cmake_args' from command line to 'None'
[0.164s] Level 5:colcon.colcon_core.verb:set package 'my_action_interfaces' build argument 'cmake_target' from command line to 'None'
[0.164s] Level 5:colcon.colcon_core.verb:set package 'my_action_interfaces' build argument 'cmake_target_skip_unavailable' from command line to 'False'
[0.164s] Level 5:colcon.colcon_core.verb:set package 'my_action_interfaces' build argument 'cmake_clean_cache' from command line to 'False'
[0.165s] Level 5:colcon.colcon_core.verb:set package 'my_action_interfaces' build argument 'cmake_clean_first' from command line to 'False'
[0.165s] Level 5:colcon.colcon_core.verb:set package 'my_action_interfaces' build argument 'cmake_force_configure' from command line to 'False'
[0.165s] Level 5:colcon.colcon_core.verb:set package 'my_action_interfaces' build argument 'ament_cmake_args' from command line to 'None'
[0.165s] Level 5:colcon.colcon_core.verb:set package 'my_action_interfaces' build argument 'catkin_cmake_args' from command line to 'None'
[0.165s] Level 5:colcon.colcon_core.verb:set package 'my_action_interfaces' build argument 'catkin_skip_building_tests' from command line to 'False'
[0.165s] DEBUG:colcon.colcon_core.verb:Building package 'my_action_interfaces' with the following arguments: {'ament_cmake_args': None, 'build_base': '/home/ssu/robotics-practice/week/week03/my_action/src/build/my_action_interfaces', 'catkin_cmake_args': None, 'catkin_skip_building_tests': False, 'cmake_args': None, 'cmake_clean_cache': False, 'cmake_clean_first': False, 'cmake_force_configure': False, 'cmake_target': None, 'cmake_target_skip_unavailable': False, 'install_base': '/home/ssu/robotics-practice/week/week03/my_action/src/install/my_action_interfaces', 'merge_install': False, 'path': '/home/ssu/robotics-practice/week/week03/my_action/src/my_action_interfaces', 'symlink_install': False, 'test_result_base': None}
[0.165s] Level 5:colcon.colcon_core.verb:set package 'my_patrol_server' build argument 'cmake_args' from command line to 'None'
[0.165s] Level 5:colcon.colcon_core.verb:set package 'my_patrol_server' build argument 'cmake_target' from command line to 'None'
[0.165s] Level 5:colcon.colcon_core.verb:set package 'my_patrol_server' build argument 'cmake_target_skip_unavailable' from command line to 'False'
[0.165s] Level 5:colcon.colcon_core.verb:set package 'my_patrol_server' build argument 'cmake_clean_cache' from command line to 'False'
[0.165s] Level 5:colcon.colcon_core.verb:set package 'my_patrol_server' build argument 'cmake_clean_first' from command line to 'False'
[0.165s] Level 5:colcon.colcon_core.verb:set package 'my_patrol_server' build argument 'cmake_force_configure' from command line to 'False'
[0.165s] Level 5:colcon.colcon_core.verb:set package 'my_patrol_server' build argument 'ament_cmake_args' from command line to 'None'
[0.165s] Level 5:colcon.colcon_core.verb:set package 'my_patrol_server' build argument 'catkin_cmake_args' from command line to 'None'
[0.165s] Level 5:colcon.colcon_core.verb:set package 'my_patrol_server' build argument 'catkin_skip_building_tests' from command line to 'False'
[0.165s] DEBUG:colcon.colcon_core.verb:Building package 'my_patrol_server' with the following arguments: {'ament_cmake_args': None, 'build_base': '/home/ssu/robotics-practice/week/week03/my_action/src/build/my_patrol_server', 'catkin_cmake_args': None, 'catkin_skip_building_tests': False, 'cmake_args': None, 'cmake_clean_cache': False, 'cmake_clean_first': False, 'cmake_force_configure': False, 'cmake_target': None, 'cmake_target_skip_unavailable': False, 'install_base': '/home/ssu/robotics-practice/week/week03/my_action/src/install/my_patrol_server', 'merge_install': False, 'path': '/home/ssu/robotics-practice/week/week03/my_action/src/my_patrol_server', 'symlink_install': False, 'test_result_base': None}
[0.165s] INFO:colcon.colcon_core.executor:Executing jobs using 'parallel' executor
[0.165s] DEBUG:colcon.colcon_parallel_executor.executor.parallel:run_until_complete
[0.166s] INFO:colcon.colcon_ros.task.ament_cmake.build:Building ROS package in '/home/ssu/robotics-practice/week/week03/my_action/src/my_action_interfaces' with build type 'ament_cmake'
[0.166s] INFO:colcon.colcon_cmake.task.cmake.build:Building CMake package in '/home/ssu/robotics-practice/week/week03/my_action/src/my_action_interfaces'
[0.167s] INFO:colcon.colcon_core.plugin_system:Skipping extension 'colcon_core.shell.bat': Not used on non-Windows systems
[0.167s] INFO:colcon.colcon_core.shell:Skip shell extension 'powershell' for command environment: Not usable outside of PowerShell
[0.167s] DEBUG:colcon.colcon_core.shell:Skip shell extension 'dsv' for command environment
[0.172s] DEBUG:colcon.colcon_core.event_handler.log_command:Invoking command in '/home/ssu/robotics-practice/week/week03/my_action/src/build/my_action_interfaces': CMAKE_PREFIX_PATH=${CMAKE_PREFIX_PATH}:/home/ssu/robotics-practice/week/week02/svc_ws/install/smart_shop_nodes:/opt/ros/humble /usr/bin/cmake /home/ssu/robotics-practice/week/week03/my_action/src/my_action_interfaces -DCMAKE_INSTALL_PREFIX=/home/ssu/robotics-practice/week/week03/my_action/src/install/my_action_interfaces
[1.085s] DEBUG:colcon.colcon_core.event_handler.log_command:Invoked command in '/home/ssu/robotics-practice/week/week03/my_action/src/build/my_action_interfaces' returned '0': CMAKE_PREFIX_PATH=${CMAKE_PREFIX_PATH}:/home/ssu/robotics-practice/week/week02/svc_ws/install/smart_shop_nodes:/opt/ros/humble /usr/bin/cmake /home/ssu/robotics-practice/week/week03/my_action/src/my_action_interfaces -DCMAKE_INSTALL_PREFIX=/home/ssu/robotics-practice/week/week03/my_action/src/install/my_action_interfaces
[1.086s] DEBUG:colcon.colcon_core.event_handler.log_command:Invoking command in '/home/ssu/robotics-practice/week/week03/my_action/src/build/my_action_interfaces': CMAKE_PREFIX_PATH=${CMAKE_PREFIX_PATH}:/home/ssu/robotics-practice/week/week02/svc_ws/install/smart_shop_nodes:/opt/ros/humble /usr/bin/cmake --build /home/ssu/robotics-practice/week/week03/my_action/src/build/my_action_interfaces -- -j14 -l14
[2.791s] DEBUG:colcon.colcon_core.event_handler.log_command:Invoked command in '/home/ssu/robotics-practice/week/week03/my_action/src/build/my_action_interfaces' returned '0': CMAKE_PREFIX_PATH=${CMAKE_PREFIX_PATH}:/home/ssu/robotics-practice/week/week02/svc_ws/install/smart_shop_nodes:/opt/ros/humble /usr/bin/cmake --build /home/ssu/robotics-practice/week/week03/my_action/src/build/my_action_interfaces -- -j14 -l14
[2.797s] DEBUG:colcon.colcon_core.event_handler.log_command:Invoking command in '/home/ssu/robotics-practice/week/week03/my_action/src/build/my_action_interfaces': CMAKE_PREFIX_PATH=${CMAKE_PREFIX_PATH}:/home/ssu/robotics-practice/week/week02/svc_ws/install/smart_shop_nodes:/opt/ros/humble /usr/bin/cmake --install /home/ssu/robotics-practice/week/week03/my_action/src/build/my_action_interfaces
[2.842s] Level 1:colcon.colcon_core.environment:create_environment_scripts_only(my_action_interfaces)
[2.842s] DEBUG:colcon.colcon_core.event_handler.log_command:Invoked command in '/home/ssu/robotics-practice/week/week03/my_action/src/build/my_action_interfaces' returned '0': CMAKE_PREFIX_PATH=${CMAKE_PREFIX_PATH}:/home/ssu/robotics-practice/week/week02/svc_ws/install/smart_shop_nodes:/opt/ros/humble /usr/bin/cmake --install /home/ssu/robotics-practice/week/week03/my_action/src/build/my_action_interfaces
[2.844s] Level 1:colcon.colcon_core.environment:checking '/home/ssu/robotics-practice/week/week03/my_action/src/install/my_action_interfaces' for CMake module files
[2.844s] Level 1:colcon.colcon_core.environment:checking '/home/ssu/robotics-practice/week/week03/my_action/src/install/my_action_interfaces' for CMake config files
[2.844s] Level 1:colcon.colcon_core.shell:create_environment_hook('my_action_interfaces', 'cmake_prefix_path')
[2.844s] INFO:colcon.colcon_core.shell:Creating environment hook '/home/ssu/robotics-practice/week/week03/my_action/src/install/my_action_interfaces/share/my_action_interfaces/hook/cmake_prefix_path.ps1'
[2.845s] INFO:colcon.colcon_core.shell:Creating environment descriptor '/home/ssu/robotics-practice/week/week03/my_action/src/install/my_action_interfaces/share/my_action_interfaces/hook/cmake_prefix_path.dsv'
[2.845s] INFO:colcon.colcon_core.shell:Creating environment hook '/home/ssu/robotics-practice/week/week03/my_action/src/install/my_action_interfaces/share/my_action_interfaces/hook/cmake_prefix_path.sh'
[2.845s] Level 1:colcon.colcon_core.environment:checking '/home/ssu/robotics-practice/week/week03/my_action/src/install/my_action_interfaces/lib'
[2.845s] Level 1:colcon.colcon_core.shell:create_environment_hook('my_action_interfaces', 'ld_library_path_lib')
[2.845s] INFO:colcon.colcon_core.shell:Creating environment hook '/home/ssu/robotics-practice/week/week03/my_action/src/install/my_action_interfaces/share/my_action_interfaces/hook/ld_library_path_lib.ps1'
[2.845s] INFO:colcon.colcon_core.shell:Creating environment descriptor '/home/ssu/robotics-practice/week/week03/my_action/src/install/my_action_interfaces/share/my_action_interfaces/hook/ld_library_path_lib.dsv'
[2.846s] INFO:colcon.colcon_core.shell:Creating environment hook '/home/ssu/robotics-practice/week/week03/my_action/src/install/my_action_interfaces/share/my_action_interfaces/hook/ld_library_path_lib.sh'
[2.846s] Level 1:colcon.colcon_core.environment:checking '/home/ssu/robotics-practice/week/week03/my_action/src/install/my_action_interfaces/bin'
[2.846s] Level 1:colcon.colcon_core.environment:checking '/home/ssu/robotics-practice/week/week03/my_action/src/install/my_action_interfaces/lib/pkgconfig/my_action_interfaces.pc'
[2.846s] Level 1:colcon.colcon_core.environment:checking '/home/ssu/robotics-practice/week/week03/my_action/src/install/my_action_interfaces/lib/python3.10/site-packages'
[2.846s] Level 1:colcon.colcon_core.environment:checking '/home/ssu/robotics-practice/week/week03/my_action/src/install/my_action_interfaces/bin'
[2.846s] INFO:colcon.colcon_core.shell:Creating package script '/home/ssu/robotics-practice/week/week03/my_action/src/install/my_action_interfaces/share/my_action_interfaces/package.ps1'
[2.846s] INFO:colcon.colcon_core.shell:Creating package descriptor '/home/ssu/robotics-practice/week/week03/my_action/src/install/my_action_interfaces/share/my_action_interfaces/package.dsv'
[2.847s] INFO:colcon.colcon_core.shell:Creating package script '/home/ssu/robotics-practice/week/week03/my_action/src/install/my_action_interfaces/share/my_action_interfaces/package.sh'
[2.847s] INFO:colcon.colcon_core.shell:Creating package script '/home/ssu/robotics-practice/week/week03/my_action/src/install/my_action_interfaces/share/my_action_interfaces/package.bash'
[2.847s] INFO:colcon.colcon_core.shell:Creating package script '/home/ssu/robotics-practice/week/week03/my_action/src/install/my_action_interfaces/share/my_action_interfaces/package.zsh'
[2.847s] Level 1:colcon.colcon_core.environment:create_file_with_runtime_dependencies(/home/ssu/robotics-practice/week/week03/my_action/src/install/my_action_interfaces/share/colcon-core/packages/my_action_interfaces)
[2.848s] Level 1:colcon.colcon_core.environment:create_environment_scripts_only(my_action_interfaces)
[2.848s] Level 1:colcon.colcon_core.environment:checking '/home/ssu/robotics-practice/week/week03/my_action/src/install/my_action_interfaces' for CMake module files
[2.848s] Level 1:colcon.colcon_core.environment:checking '/home/ssu/robotics-practice/week/week03/my_action/src/install/my_action_interfaces' for CMake config files
[2.848s] Level 1:colcon.colcon_core.shell:create_environment_hook('my_action_interfaces', 'cmake_prefix_path')
[2.848s] INFO:colcon.colcon_core.shell:Creating environment hook '/home/ssu/robotics-practice/week/week03/my_action/src/install/my_action_interfaces/share/my_action_interfaces/hook/cmake_prefix_path.ps1'
[2.848s] INFO:colcon.colcon_core.shell:Creating environment descriptor '/home/ssu/robotics-practice/week/week03/my_action/src/install/my_action_interfaces/share/my_action_interfaces/hook/cmake_prefix_path.dsv'
[2.849s] INFO:colcon.colcon_core.shell:Creating environment hook '/home/ssu/robotics-practice/week/week03/my_action/src/install/my_action_interfaces/share/my_action_interfaces/hook/cmake_prefix_path.sh'
[2.849s] Level 1:colcon.colcon_core.environment:checking '/home/ssu/robotics-practice/week/week03/my_action/src/install/my_action_interfaces/lib'
[2.849s] Level 1:colcon.colcon_core.shell:create_environment_hook('my_action_interfaces', 'ld_library_path_lib')
[2.849s] INFO:colcon.colcon_core.shell:Creating environment hook '/home/ssu/robotics-practice/week/week03/my_action/src/install/my_action_interfaces/share/my_action_interfaces/hook/ld_library_path_lib.ps1'
[2.849s] INFO:colcon.colcon_core.shell:Creating environment descriptor '/home/ssu/robotics-practice/week/week03/my_action/src/install/my_action_interfaces/share/my_action_interfaces/hook/ld_library_path_lib.dsv'
[2.849s] INFO:colcon.colcon_core.shell:Creating environment hook '/home/ssu/robotics-practice/week/week03/my_action/src/install/my_action_interfaces/share/my_action_interfaces/hook/ld_library_path_lib.sh'
[2.849s] Level 1:colcon.colcon_core.environment:checking '/home/ssu/robotics-practice/week/week03/my_action/src/install/my_action_interfaces/bin'
[2.849s] Level 1:colcon.colcon_core.environment:checking '/home/ssu/robotics-practice/week/week03/my_action/src/install/my_action_interfaces/lib/pkgconfig/my_action_interfaces.pc'
[2.850s] Level 1:colcon.colcon_core.environment:checking '/home/ssu/robotics-practice/week/week03/my_action/src/install/my_action_interfaces/lib/python3.10/site-packages'
[2.850s] Level 1:colcon.colcon_core.environment:checking '/home/ssu/robotics-practice/week/week03/my_action/src/install/my_action_interfaces/bin'
[2.850s] INFO:colcon.colcon_core.shell:Creating package script '/home/ssu/robotics-practice/week/week03/my_action/src/install/my_action_interfaces/share/my_action_interfaces/package.ps1'
[2.850s] INFO:colcon.colcon_core.shell:Creating package descriptor '/home/ssu/robotics-practice/week/week03/my_action/src/install/my_action_interfaces/share/my_action_interfaces/package.dsv'
[2.850s] INFO:colcon.colcon_core.shell:Creating package script '/home/ssu/robotics-practice/week/week03/my_action/src/install/my_action_interfaces/share/my_action_interfaces/package.sh'
[2.850s] INFO:colcon.colcon_core.shell:Creating package script '/home/ssu/robotics-practice/week/week03/my_action/src/install/my_action_interfaces/share/my_action_interfaces/package.bash'
[2.851s] INFO:colcon.colcon_core.shell:Creating package script '/home/ssu/robotics-practice/week/week03/my_action/src/install/my_action_interfaces/share/my_action_interfaces/package.zsh'
[2.851s] Level 1:colcon.colcon_core.environment:create_file_with_runtime_dependencies(/home/ssu/robotics-practice/week/week03/my_action/src/install/my_action_interfaces/share/colcon-core/packages/my_action_interfaces)
[2.851s] INFO:colcon.colcon_ros.task.ament_python.build:Building ROS package in '/home/ssu/robotics-practice/week/week03/my_action/src/my_patrol_server' with build type 'ament_python'
[2.851s] Level 1:colcon.colcon_core.shell:create_environment_hook('my_patrol_server', 'ament_prefix_path')
[2.851s] INFO:colcon.colcon_core.shell:Creating environment hook '/home/ssu/robotics-practice/week/week03/my_action/src/install/my_patrol_server/share/my_patrol_server/hook/ament_prefix_path.ps1'
[2.851s] INFO:colcon.colcon_core.shell:Creating environment descriptor '/home/ssu/robotics-practice/week/week03/my_action/src/install/my_patrol_server/share/my_patrol_server/hook/ament_prefix_path.dsv'
[2.852s] INFO:colcon.colcon_core.shell:Creating environment hook '/home/ssu/robotics-practice/week/week03/my_action/src/install/my_patrol_server/share/my_patrol_server/hook/ament_prefix_path.sh'
[2.852s] INFO:colcon.colcon_core.shell:Skip shell extension 'powershell' for command environment: Not usable outside of PowerShell
[2.852s] DEBUG:colcon.colcon_core.shell:Skip shell extension 'dsv' for command environment
[2.963s] INFO:colcon.colcon_core.task.python.build:Building Python package in '/home/ssu/robotics-practice/week/week03/my_action/src/my_patrol_server'
[2.964s] INFO:colcon.colcon_core.shell:Skip shell extension 'powershell' for command environment: Not usable outside of PowerShell
[2.964s] DEBUG:colcon.colcon_core.shell:Skip shell extension 'dsv' for command environment
[3.176s] DEBUG:colcon.colcon_core.event_handler.log_command:Invoking command in '/home/ssu/robotics-practice/week/week03/my_action/src/my_patrol_server': AMENT_PREFIX_PATH=/home/ssu/robotics-practice/week/week03/my_action/src/install/my_action_interfaces:${AMENT_PREFIX_PATH} CMAKE_PREFIX_PATH=/home/ssu/robotics-practice/week/week03/my_action/src/install/my_action_interfaces:${CMAKE_PREFIX_PATH} LD_LIBRARY_PATH=/home/ssu/robotics-practice/week/week03/my_action/src/install/my_action_interfaces/lib:/home/ssu/robotics-practice/week/week03/my_action/install/my_action_interfaces/lib:/home/ssu/robotics-practice/week/week02/svc_ws/install/smart_shop_interfaces/lib:/opt/ros/humble/opt/rviz_ogre_vendor/lib:/opt/ros/humble/lib/x86_64-linux-gnu:/opt/ros/humble/lib:/usr/local/cuda/lib64 PYTHONPATH=/home/ssu/robotics-practice/week/week03/my_action/src/build/my_patrol_server/prefix_override:/usr/lib/python3/dist-packages/colcon_core/task/python/colcon_distutils_commands:/home/ssu/robotics-practice/week/week03/my_action/src/install/my_patrol_server/lib/python3.10/site-packages:/home/ssu/robotics-practice/week/week03/my_action/src/install/my_action_interfaces/local/lib/python3.10/dist-packages:${PYTHONPATH} /usr/bin/python3 -W ignore:setup.py install is deprecated -W ignore:easy_install command is deprecated setup.py egg_info --egg-base ../build/my_patrol_server build --build-base /home/ssu/robotics-practice/week/week03/my_action/src/build/my_patrol_server/build install --record /home/ssu/robotics-practice/week/week03/my_action/src/build/my_patrol_server/install.log --single-version-externally-managed install_data
[3.297s] Level 1:colcon.colcon_core.environment:checking '/home/ssu/robotics-practice/week/week03/my_action/src/install/my_patrol_server' for CMake module files
[3.297s] DEBUG:colcon.colcon_core.event_handler.log_command:Invoked command in '/home/ssu/robotics-practice/week/week03/my_action/src/my_patrol_server' returned '0': AMENT_PREFIX_PATH=/home/ssu/robotics-practice/week/week03/my_action/src/install/my_action_interfaces:${AMENT_PREFIX_PATH} CMAKE_PREFIX_PATH=/home/ssu/robotics-practice/week/week03/my_action/src/install/my_action_interfaces:${CMAKE_PREFIX_PATH} LD_LIBRARY_PATH=/home/ssu/robotics-practice/week/week03/my_action/src/install/my_action_interfaces/lib:/home/ssu/robotics-practice/week/week03/my_action/install/my_action_interfaces/lib:/home/ssu/robotics-practice/week/week02/svc_ws/install/smart_shop_interfaces/lib:/opt/ros/humble/opt/rviz_ogre_vendor/lib:/opt/ros/humble/lib/x86_64-linux-gnu:/opt/ros/humble/lib:/usr/local/cuda/lib64 PYTHONPATH=/home/ssu/robotics-practice/week/week03/my_action/src/build/my_patrol_server/prefix_override:/usr/lib/python3/dist-packages/colcon_core/task/python/colcon_distutils_commands:/home/ssu/robotics-practice/week/week03/my_action/src/install/my_patrol_server/lib/python3.10/site-packages:/home/ssu/robotics-practice/week/week03/my_action/src/install/my_action_interfaces/local/lib/python3.10/dist-packages:${PYTHONPATH} /usr/bin/python3 -W ignore:setup.py install is deprecated -W ignore:easy_install command is deprecated setup.py egg_info --egg-base ../build/my_patrol_server build --build-base /home/ssu/robotics-practice/week/week03/my_action/src/build/my_patrol_server/build install --record /home/ssu/robotics-practice/week/week03/my_action/src/build/my_patrol_server/install.log --single-version-externally-managed install_data
[3.298s] Level 1:colcon.colcon_core.environment:checking '/home/ssu/robotics-practice/week/week03/my_action/src/install/my_patrol_server' for CMake config files
[3.298s] Level 1:colcon.colcon_core.environment:checking '/home/ssu/robotics-practice/week/week03/my_action/src/install/my_patrol_server/lib'
[3.298s] Level 1:colcon.colcon_core.environment:checking '/home/ssu/robotics-practice/week/week03/my_action/src/install/my_patrol_server/bin'
[3.298s] Level 1:colcon.colcon_core.environment:checking '/home/ssu/robotics-practice/week/week03/my_action/src/install/my_patrol_server/lib/pkgconfig/my_patrol_server.pc'
[3.298s] Level 1:colcon.colcon_core.environment:checking '/home/ssu/robotics-practice/week/week03/my_action/src/install/my_patrol_server/lib/python3.10/site-packages'
[3.298s] Level 1:colcon.colcon_core.shell:create_environment_hook('my_patrol_server', 'pythonpath')
[3.299s] INFO:colcon.colcon_core.shell:Creating environment hook '/home/ssu/robotics-practice/week/week03/my_action/src/install/my_patrol_server/share/my_patrol_server/hook/pythonpath.ps1'
[3.299s] INFO:colcon.colcon_core.shell:Creating environment descriptor '/home/ssu/robotics-practice/week/week03/my_action/src/install/my_patrol_server/share/my_patrol_server/hook/pythonpath.dsv'
[3.299s] INFO:colcon.colcon_core.shell:Creating environment hook '/home/ssu/robotics-practice/week/week03/my_action/src/install/my_patrol_server/share/my_patrol_server/hook/pythonpath.sh'
[3.300s] Level 1:colcon.colcon_core.environment:checking '/home/ssu/robotics-practice/week/week03/my_action/src/install/my_patrol_server/bin'
[3.300s] Level 1:colcon.colcon_core.environment:create_environment_scripts_only(my_patrol_server)
[3.300s] INFO:colcon.colcon_core.shell:Creating package script '/home/ssu/robotics-practice/week/week03/my_action/src/install/my_patrol_server/share/my_patrol_server/package.ps1'
[3.300s] INFO:colcon.colcon_core.shell:Creating package descriptor '/home/ssu/robotics-practice/week/week03/my_action/src/install/my_patrol_server/share/my_patrol_server/package.dsv'
[3.301s] INFO:colcon.colcon_core.shell:Creating package script '/home/ssu/robotics-practice/week/week03/my_action/src/install/my_patrol_server/share/my_patrol_server/package.sh'
[3.301s] INFO:colcon.colcon_core.shell:Creating package script '/home/ssu/robotics-practice/week/week03/my_action/src/install/my_patrol_server/share/my_patrol_server/package.bash'
[3.301s] INFO:colcon.colcon_core.shell:Creating package script '/home/ssu/robotics-practice/week/week03/my_action/src/install/my_patrol_server/share/my_patrol_server/package.zsh'
[3.301s] Level 1:colcon.colcon_core.environment:create_file_with_runtime_dependencies(/home/ssu/robotics-practice/week/week03/my_action/src/install/my_patrol_server/share/colcon-core/packages/my_patrol_server)
[3.301s] DEBUG:colcon.colcon_parallel_executor.executor.parallel:closing loop
[3.301s] DEBUG:colcon.colcon_parallel_executor.executor.parallel:loop closed
[3.301s] DEBUG:colcon.colcon_parallel_executor.executor.parallel:run_until_complete finished with '0'
[3.301s] DEBUG:colcon.colcon_core.event_reactor:joining thread
[3.305s] INFO:colcon.colcon_core.plugin_system:Skipping extension 'colcon_notification.desktop_notification.terminal_notifier': Not used on non-Darwin systems
[3.305s] INFO:colcon.colcon_core.plugin_system:Skipping extension 'colcon_notification.desktop_notification.win32': Not used on non-Windows systems
[3.305s] INFO:colcon.colcon_notification.desktop_notification:Sending desktop notification using 'notify2'
[3.312s] DEBUG:colcon.colcon_core.event_reactor:joined thread
[3.312s] INFO:colcon.colcon_core.shell:Creating prefix script '/home/ssu/robotics-practice/week/week03/my_action/src/install/local_setup.ps1'
[3.313s] INFO:colcon.colcon_core.shell:Creating prefix util module '/home/ssu/robotics-practice/week/week03/my_action/src/install/_local_setup_util_ps1.py'
[3.313s] INFO:colcon.colcon_core.shell:Creating prefix chain script '/home/ssu/robotics-practice/week/week03/my_action/src/install/setup.ps1'
[3.314s] INFO:colcon.colcon_core.shell:Creating prefix script '/home/ssu/robotics-practice/week/week03/my_action/src/install/local_setup.sh'
[3.314s] INFO:colcon.colcon_core.shell:Creating prefix util module '/home/ssu/robotics-practice/week/week03/my_action/src/install/_local_setup_util_sh.py'
[3.314s] INFO:colcon.colcon_core.shell:Creating prefix chain script '/home/ssu/robotics-practice/week/week03/my_action/src/install/setup.sh'
[3.314s] INFO:colcon.colcon_core.shell:Creating prefix script '/home/ssu/robotics-practice/week/week03/my_action/src/install/local_setup.bash'
[3.315s] INFO:colcon.colcon_core.shell:Creating prefix chain script '/home/ssu/robotics-practice/week/week03/my_action/src/install/setup.bash'
[3.315s] INFO:colcon.colcon_core.shell:Creating prefix script '/home/ssu/robotics-practice/week/week03/my_action/src/install/local_setup.zsh'
[3.315s] INFO:colcon.colcon_core.shell:Creating prefix chain script '/home/ssu/robotics-practice/week/week03/my_action/src/install/setup.zsh'
