[0.046s] DEBUG:colcon:Command line arguments: ['/usr/bin/colcon', 'build']
[0.046s] DEBUG:colcon:Parsed command line arguments: Namespace(log_base=None, log_level=None, verb_name='build', build_base='build', install_base='install', merge_install=False, symlink_install=False, test_result_base=None, continue_on_error=False, executor='parallel', parallel_workers=14, event_handlers=None, ignore_user_meta=False, metas=['./colcon.meta'], base_paths=['.'], packages_ignore=None, packages_ignore_regex=None, paths=None, packages_up_to=None, packages_up_to_regex=None, packages_above=None, packages_above_and_dependencies=None, packages_above_depth=None, packages_select_by_dep=None, packages_skip_by_dep=None, packages_skip_up_to=None, packages_select_build_failed=False, packages_skip_build_finished=False, packages_select_test_failures=False, packages_skip_test_passed=False, packages_select=None, packages_skip=None, packages_select_regex=None, packages_skip_regex=None, packages_start=None, packages_end=None, allow_overriding=[], cmake_args=None, cmake_target=None, cmake_target_skip_unavailable=False, cmake_clean_cache=False, cmake_clean_first=False, cmake_force_configure=False, ament_cmake_args=None, catkin_cmake_args=None, catkin_skip_building_tests=False, mixin_files=None, mixin=None, verb_parser=<colcon_mixin.mixin.mixin_argument.MixinArgumentDecorator object at 0x754f22202200>, verb_extension=<colcon_core.verb.build.BuildVerb object at 0x754f223571f0>, main=<bound method BuildVerb.main of <colcon_core.verb.build.BuildVerb object at 0x754f223571f0>>, mixin_verb=('build',))
[0.109s] Level 1:colcon.colcon_core.package_discovery:discover_packages(colcon_meta) check parameters
[0.109s] Level 1:colcon.colcon_core.package_discovery:discover_packages(recursive) check parameters
[0.109s] Level 1:colcon.colcon_core.package_discovery:discover_packages(ignore) check parameters
[0.109s] Level 1:colcon.colcon_core.package_discovery:discover_packages(path) check parameters
[0.109s] Level 1:colcon.colcon_core.package_discovery:discover_packages(colcon_meta) discover
[0.109s] Level 1:colcon.colcon_core.package_discovery:discover_packages(recursive) discover
[0.109s] INFO:colcon.colcon_core.package_discovery:Crawling recursively for packages in '/home/ssu/robotics-practice/week/week02/svc_ws'
[0.109s] Level 1:colcon.colcon_core.package_identification:_identify(.) by extensions ['ignore', 'ignore_ament_install']
[0.109s] Level 1:colcon.colcon_core.package_identification:_identify(.) by extension 'ignore'
[0.109s] Level 1:colcon.colcon_core.package_identification:_identify(.) by extension 'ignore_ament_install'
[0.109s] Level 1:colcon.colcon_core.package_identification:_identify(.) by extensions ['colcon_pkg']
[0.109s] Level 1:colcon.colcon_core.package_identification:_identify(.) by extension 'colcon_pkg'
[0.109s] Level 1:colcon.colcon_core.package_identification:_identify(.) by extensions ['colcon_meta']
[0.109s] Level 1:colcon.colcon_core.package_identification:_identify(.) by extension 'colcon_meta'
[0.109s] Level 1:colcon.colcon_core.package_identification:_identify(.) by extensions ['ros']
[0.110s] Level 1:colcon.colcon_core.package_identification:_identify(.) by extension 'ros'
[0.114s] Level 1:colcon.colcon_core.package_identification:_identify(.) by extensions ['cmake', 'python']
[0.114s] Level 1:colcon.colcon_core.package_identification:_identify(.) by extension 'cmake'
[0.114s] Level 1:colcon.colcon_core.package_identification:_identify(.) by extension 'python'
[0.114s] Level 1:colcon.colcon_core.package_identification:_identify(.) by extensions ['python_setup_py']
[0.114s] Level 1:colcon.colcon_core.package_identification:_identify(.) by extension 'python_setup_py'
[0.114s] Level 1:colcon.colcon_core.package_identification:_identify(build) by extensions ['ignore', 'ignore_ament_install']
[0.114s] Level 1:colcon.colcon_core.package_identification:_identify(build) by extension 'ignore'
[0.114s] Level 1:colcon.colcon_core.package_identification:_identify(build) ignored
[0.115s] Level 1:colcon.colcon_core.package_identification:_identify(install) by extensions ['ignore', 'ignore_ament_install']
[0.115s] Level 1:colcon.colcon_core.package_identification:_identify(install) by extension 'ignore'
[0.115s] Level 1:colcon.colcon_core.package_identification:_identify(install) ignored
[0.115s] Level 1:colcon.colcon_core.package_identification:_identify(log) by extensions ['ignore', 'ignore_ament_install']
[0.115s] Level 1:colcon.colcon_core.package_identification:_identify(log) by extension 'ignore'
[0.115s] Level 1:colcon.colcon_core.package_identification:_identify(log) ignored
[0.115s] Level 1:colcon.colcon_core.package_identification:_identify(src) by extensions ['ignore', 'ignore_ament_install']
[0.115s] Level 1:colcon.colcon_core.package_identification:_identify(src) by extension 'ignore'
[0.115s] Level 1:colcon.colcon_core.package_identification:_identify(src) by extension 'ignore_ament_install'
[0.115s] Level 1:colcon.colcon_core.package_identification:_identify(src) by extensions ['colcon_pkg']
[0.115s] Level 1:colcon.colcon_core.package_identification:_identify(src) by extension 'colcon_pkg'
[0.115s] Level 1:colcon.colcon_core.package_identification:_identify(src) by extensions ['colcon_meta']
[0.115s] Level 1:colcon.colcon_core.package_identification:_identify(src) by extension 'colcon_meta'
[0.115s] Level 1:colcon.colcon_core.package_identification:_identify(src) by extensions ['ros']
[0.115s] Level 1:colcon.colcon_core.package_identification:_identify(src) by extension 'ros'
[0.115s] Level 1:colcon.colcon_core.package_identification:_identify(src) by extensions ['cmake', 'python']
[0.115s] Level 1:colcon.colcon_core.package_identification:_identify(src) by extension 'cmake'
[0.115s] Level 1:colcon.colcon_core.package_identification:_identify(src) by extension 'python'
[0.115s] Level 1:colcon.colcon_core.package_identification:_identify(src) by extensions ['python_setup_py']
[0.115s] Level 1:colcon.colcon_core.package_identification:_identify(src) by extension 'python_setup_py'
[0.115s] Level 1:colcon.colcon_core.package_identification:_identify(src/smart_shop_interfaces) by extensions ['ignore', 'ignore_ament_install']
[0.115s] Level 1:colcon.colcon_core.package_identification:_identify(src/smart_shop_interfaces) by extension 'ignore'
[0.115s] Level 1:colcon.colcon_core.package_identification:_identify(src/smart_shop_interfaces) by extension 'ignore_ament_install'
[0.115s] Level 1:colcon.colcon_core.package_identification:_identify(src/smart_shop_interfaces) by extensions ['colcon_pkg']
[0.115s] Level 1:colcon.colcon_core.package_identification:_identify(src/smart_shop_interfaces) by extension 'colcon_pkg'
[0.115s] Level 1:colcon.colcon_core.package_identification:_identify(src/smart_shop_interfaces) by extensions ['colcon_meta']
[0.115s] Level 1:colcon.colcon_core.package_identification:_identify(src/smart_shop_interfaces) by extension 'colcon_meta'
[0.115s] Level 1:colcon.colcon_core.package_identification:_identify(src/smart_shop_interfaces) by extensions ['ros']
[0.115s] Level 1:colcon.colcon_core.package_identification:_identify(src/smart_shop_interfaces) by extension 'ros'
[0.116s] DEBUG:colcon.colcon_core.package_identification:Package 'src/smart_shop_interfaces' with type 'ros.ament_cmake' and name 'smart_shop_interfaces'
[0.116s] Level 1:colcon.colcon_core.package_identification:_identify(src/smart_shop_nodes) by extensions ['ignore', 'ignore_ament_install']
[0.116s] Level 1:colcon.colcon_core.package_identification:_identify(src/smart_shop_nodes) by extension 'ignore'
[0.116s] Level 1:colcon.colcon_core.package_identification:_identify(src/smart_shop_nodes) by extension 'ignore_ament_install'
[0.116s] Level 1:colcon.colcon_core.package_identification:_identify(src/smart_shop_nodes) by extensions ['colcon_pkg']
[0.116s] Level 1:colcon.colcon_core.package_identification:_identify(src/smart_shop_nodes) by extension 'colcon_pkg'
[0.116s] Level 1:colcon.colcon_core.package_identification:_identify(src/smart_shop_nodes) by extensions ['colcon_meta']
[0.116s] Level 1:colcon.colcon_core.package_identification:_identify(src/smart_shop_nodes) by extension 'colcon_meta'
[0.116s] Level 1:colcon.colcon_core.package_identification:_identify(src/smart_shop_nodes) by extensions ['ros']
[0.116s] Level 1:colcon.colcon_core.package_identification:_identify(src/smart_shop_nodes) by extension 'ros'
[0.117s] DEBUG:colcon.colcon_core.package_identification:Package 'src/smart_shop_nodes' with type 'ros.ament_python' and name 'smart_shop_nodes'
[0.117s] Level 1:colcon.colcon_core.package_discovery:discover_packages(recursive) using defaults
[0.117s] Level 1:colcon.colcon_core.package_discovery:discover_packages(ignore) discover
[0.117s] Level 1:colcon.colcon_core.package_discovery:discover_packages(ignore) using defaults
[0.117s] Level 1:colcon.colcon_core.package_discovery:discover_packages(path) discover
[0.117s] Level 1:colcon.colcon_core.package_discovery:discover_packages(path) using defaults
[0.131s] Level 1:colcon.colcon_core.package_discovery:discover_packages(prefix_path) check parameters
[0.131s] Level 1:colcon.colcon_core.package_discovery:discover_packages(prefix_path) discover
[0.132s] DEBUG:colcon.colcon_installed_package_information.package_discovery:Found 1 installed packages in /home/ssu/robotics-practice/week/week02/test_svc/install
[0.132s] DEBUG:colcon.colcon_installed_package_information.package_discovery:Found 323 installed packages in /opt/ros/humble
[0.133s] Level 1:colcon.colcon_core.package_discovery:discover_packages(prefix_path) using defaults
[0.149s] Level 5:colcon.colcon_core.verb:set package 'smart_shop_interfaces' build argument 'cmake_args' from command line to 'None'
[0.149s] Level 5:colcon.colcon_core.verb:set package 'smart_shop_interfaces' build argument 'cmake_target' from command line to 'None'
[0.149s] Level 5:colcon.colcon_core.verb:set package 'smart_shop_interfaces' build argument 'cmake_target_skip_unavailable' from command line to 'False'
[0.149s] Level 5:colcon.colcon_core.verb:set package 'smart_shop_interfaces' build argument 'cmake_clean_cache' from command line to 'False'
[0.149s] Level 5:colcon.colcon_core.verb:set package 'smart_shop_interfaces' build argument 'cmake_clean_first' from command line to 'False'
[0.149s] Level 5:colcon.colcon_core.verb:set package 'smart_shop_interfaces' build argument 'cmake_force_configure' from command line to 'False'
[0.149s] Level 5:colcon.colcon_core.verb:set package 'smart_shop_interfaces' build argument 'ament_cmake_args' from command line to 'None'
[0.149s] Level 5:colcon.colcon_core.verb:set package 'smart_shop_interfaces' build argument 'catkin_cmake_args' from command line to 'None'
[0.149s] Level 5:colcon.colcon_core.verb:set package 'smart_shop_interfaces' build argument 'catkin_skip_building_tests' from command line to 'False'
[0.149s] DEBUG:colcon.colcon_core.verb:Building package 'smart_shop_interfaces' with the following arguments: {'ament_cmake_args': None, 'build_base': '/home/ssu/robotics-practice/week/week02/svc_ws/build/smart_shop_interfaces', 'catkin_cmake_args': None, 'catkin_skip_building_tests': False, 'cmake_args': None, 'cmake_clean_cache': False, 'cmake_clean_first': False, 'cmake_force_configure': False, 'cmake_target': None, 'cmake_target_skip_unavailable': False, 'install_base': '/home/ssu/robotics-practice/week/week02/svc_ws/install/smart_shop_interfaces', 'merge_install': False, 'path': '/home/ssu/robotics-practice/week/week02/svc_ws/src/smart_shop_interfaces', 'symlink_install': False, 'test_result_base': None}
[0.150s] Level 5:colcon.colcon_core.verb:set package 'smart_shop_nodes' build argument 'cmake_args' from command line to 'None'
[0.150s] Level 5:colcon.colcon_core.verb:set package 'smart_shop_nodes' build argument 'cmake_target' from command line to 'None'
[0.150s] Level 5:colcon.colcon_core.verb:set package 'smart_shop_nodes' build argument 'cmake_target_skip_unavailable' from command line to 'False'
[0.150s] Level 5:colcon.colcon_core.verb:set package 'smart_shop_nodes' build argument 'cmake_clean_cache' from command line to 'False'
[0.150s] Level 5:colcon.colcon_core.verb:set package 'smart_shop_nodes' build argument 'cmake_clean_first' from command line to 'False'
[0.150s] Level 5:colcon.colcon_core.verb:set package 'smart_shop_nodes' build argument 'cmake_force_configure' from command line to 'False'
[0.150s] Level 5:colcon.colcon_core.verb:set package 'smart_shop_nodes' build argument 'ament_cmake_args' from command line to 'None'
[0.150s] Level 5:colcon.colcon_core.verb:set package 'smart_shop_nodes' build argument 'catkin_cmake_args' from command line to 'None'
[0.150s] Level 5:colcon.colcon_core.verb:set package 'smart_shop_nodes' build argument 'catkin_skip_building_tests' from command line to 'False'
[0.150s] DEBUG:colcon.colcon_core.verb:Building package 'smart_shop_nodes' with the following arguments: {'ament_cmake_args': None, 'build_base': '/home/ssu/robotics-practice/week/week02/svc_ws/build/smart_shop_nodes', 'catkin_cmake_args': None, 'catkin_skip_building_tests': False, 'cmake_args': None, 'cmake_clean_cache': False, 'cmake_clean_first': False, 'cmake_force_configure': False, 'cmake_target': None, 'cmake_target_skip_unavailable': False, 'install_base': '/home/ssu/robotics-practice/week/week02/svc_ws/install/smart_shop_nodes', 'merge_install': False, 'path': '/home/ssu/robotics-practice/week/week02/svc_ws/src/smart_shop_nodes', 'symlink_install': False, 'test_result_base': None}
[0.150s] INFO:colcon.colcon_core.executor:Executing jobs using 'parallel' executor
[0.150s] DEBUG:colcon.colcon_parallel_executor.executor.parallel:run_until_complete
[0.150s] INFO:colcon.colcon_ros.task.ament_cmake.build:Building ROS package in '/home/ssu/robotics-practice/week/week02/svc_ws/src/smart_shop_interfaces' with build type 'ament_cmake'
[0.151s] INFO:colcon.colcon_cmake.task.cmake.build:Building CMake package in '/home/ssu/robotics-practice/week/week02/svc_ws/src/smart_shop_interfaces'
[0.151s] INFO:colcon.colcon_core.plugin_system:Skipping extension 'colcon_core.shell.bat': Not used on non-Windows systems
[0.152s] INFO:colcon.colcon_core.shell:Skip shell extension 'powershell' for command environment: Not usable outside of PowerShell
[0.152s] DEBUG:colcon.colcon_core.shell:Skip shell extension 'dsv' for command environment
[0.172s] DEBUG:colcon.colcon_core.event_handler.log_command:Invoking command in '/home/ssu/robotics-practice/week/week02/svc_ws/build/smart_shop_interfaces': CMAKE_PREFIX_PATH=/home/ssu/robotics-practice/week/week02/test_svc/install/my_svc:/opt/ros/humble /usr/bin/cmake /home/ssu/robotics-practice/week/week02/svc_ws/src/smart_shop_interfaces -DCMAKE_INSTALL_PREFIX=/home/ssu/robotics-practice/week/week02/svc_ws/install/smart_shop_interfaces
[1.064s] DEBUG:colcon.colcon_core.event_handler.log_command:Invoked command in '/home/ssu/robotics-practice/week/week02/svc_ws/build/smart_shop_interfaces' returned '0': CMAKE_PREFIX_PATH=/home/ssu/robotics-practice/week/week02/test_svc/install/my_svc:/opt/ros/humble /usr/bin/cmake /home/ssu/robotics-practice/week/week02/svc_ws/src/smart_shop_interfaces -DCMAKE_INSTALL_PREFIX=/home/ssu/robotics-practice/week/week02/svc_ws/install/smart_shop_interfaces
[1.066s] DEBUG:colcon.colcon_core.event_handler.log_command:Invoking command in '/home/ssu/robotics-practice/week/week02/svc_ws/build/smart_shop_interfaces': CMAKE_PREFIX_PATH=/home/ssu/robotics-practice/week/week02/test_svc/install/my_svc:/opt/ros/humble /usr/bin/cmake --build /home/ssu/robotics-practice/week/week02/svc_ws/build/smart_shop_interfaces -- -j14 -l14
[2.275s] DEBUG:colcon.colcon_core.event_handler.log_command:Invoked command in '/home/ssu/robotics-practice/week/week02/svc_ws/build/smart_shop_interfaces' returned '0': CMAKE_PREFIX_PATH=/home/ssu/robotics-practice/week/week02/test_svc/install/my_svc:/opt/ros/humble /usr/bin/cmake --build /home/ssu/robotics-practice/week/week02/svc_ws/build/smart_shop_interfaces -- -j14 -l14
[2.280s] DEBUG:colcon.colcon_core.event_handler.log_command:Invoking command in '/home/ssu/robotics-practice/week/week02/svc_ws/build/smart_shop_interfaces': CMAKE_PREFIX_PATH=/home/ssu/robotics-practice/week/week02/test_svc/install/my_svc:/opt/ros/humble /usr/bin/cmake --install /home/ssu/robotics-practice/week/week02/svc_ws/build/smart_shop_interfaces
[2.320s] Level 1:colcon.colcon_core.environment:create_environment_scripts_only(smart_shop_interfaces)
[2.320s] DEBUG:colcon.colcon_core.event_handler.log_command:Invoked command in '/home/ssu/robotics-practice/week/week02/svc_ws/build/smart_shop_interfaces' returned '0': CMAKE_PREFIX_PATH=/home/ssu/robotics-practice/week/week02/test_svc/install/my_svc:/opt/ros/humble /usr/bin/cmake --install /home/ssu/robotics-practice/week/week02/svc_ws/build/smart_shop_interfaces
[2.322s] Level 1:colcon.colcon_core.environment:checking '/home/ssu/robotics-practice/week/week02/svc_ws/install/smart_shop_interfaces' for CMake module files
[2.322s] Level 1:colcon.colcon_core.environment:checking '/home/ssu/robotics-practice/week/week02/svc_ws/install/smart_shop_interfaces' for CMake config files
[2.322s] Level 1:colcon.colcon_core.shell:create_environment_hook('smart_shop_interfaces', 'cmake_prefix_path')
[2.322s] INFO:colcon.colcon_core.shell:Creating environment hook '/home/ssu/robotics-practice/week/week02/svc_ws/install/smart_shop_interfaces/share/smart_shop_interfaces/hook/cmake_prefix_path.ps1'
[2.323s] INFO:colcon.colcon_core.shell:Creating environment descriptor '/home/ssu/robotics-practice/week/week02/svc_ws/install/smart_shop_interfaces/share/smart_shop_interfaces/hook/cmake_prefix_path.dsv'
[2.323s] INFO:colcon.colcon_core.shell:Creating environment hook '/home/ssu/robotics-practice/week/week02/svc_ws/install/smart_shop_interfaces/share/smart_shop_interfaces/hook/cmake_prefix_path.sh'
[2.323s] Level 1:colcon.colcon_core.environment:checking '/home/ssu/robotics-practice/week/week02/svc_ws/install/smart_shop_interfaces/lib'
[2.323s] Level 1:colcon.colcon_core.shell:create_environment_hook('smart_shop_interfaces', 'ld_library_path_lib')
[2.323s] INFO:colcon.colcon_core.shell:Creating environment hook '/home/ssu/robotics-practice/week/week02/svc_ws/install/smart_shop_interfaces/share/smart_shop_interfaces/hook/ld_library_path_lib.ps1'
[2.323s] INFO:colcon.colcon_core.shell:Creating environment descriptor '/home/ssu/robotics-practice/week/week02/svc_ws/install/smart_shop_interfaces/share/smart_shop_interfaces/hook/ld_library_path_lib.dsv'
[2.324s] INFO:colcon.colcon_core.shell:Creating environment hook '/home/ssu/robotics-practice/week/week02/svc_ws/install/smart_shop_interfaces/share/smart_shop_interfaces/hook/ld_library_path_lib.sh'
[2.324s] Level 1:colcon.colcon_core.environment:checking '/home/ssu/robotics-practice/week/week02/svc_ws/install/smart_shop_interfaces/bin'
[2.324s] Level 1:colcon.colcon_core.environment:checking '/home/ssu/robotics-practice/week/week02/svc_ws/install/smart_shop_interfaces/lib/pkgconfig/smart_shop_interfaces.pc'
[2.324s] Level 1:colcon.colcon_core.environment:checking '/home/ssu/robotics-practice/week/week02/svc_ws/install/smart_shop_interfaces/lib/python3.10/site-packages'
[2.324s] Level 1:colcon.colcon_core.environment:checking '/home/ssu/robotics-practice/week/week02/svc_ws/install/smart_shop_interfaces/bin'
[2.324s] INFO:colcon.colcon_core.shell:Creating package script '/home/ssu/robotics-practice/week/week02/svc_ws/install/smart_shop_interfaces/share/smart_shop_interfaces/package.ps1'
[2.324s] INFO:colcon.colcon_core.shell:Creating package descriptor '/home/ssu/robotics-practice/week/week02/svc_ws/install/smart_shop_interfaces/share/smart_shop_interfaces/package.dsv'
[2.325s] INFO:colcon.colcon_core.shell:Creating package script '/home/ssu/robotics-practice/week/week02/svc_ws/install/smart_shop_interfaces/share/smart_shop_interfaces/package.sh'
[2.325s] INFO:colcon.colcon_core.shell:Creating package script '/home/ssu/robotics-practice/week/week02/svc_ws/install/smart_shop_interfaces/share/smart_shop_interfaces/package.bash'
[2.325s] INFO:colcon.colcon_core.shell:Creating package script '/home/ssu/robotics-practice/week/week02/svc_ws/install/smart_shop_interfaces/share/smart_shop_interfaces/package.zsh'
[2.325s] Level 1:colcon.colcon_core.environment:create_file_with_runtime_dependencies(/home/ssu/robotics-practice/week/week02/svc_ws/install/smart_shop_interfaces/share/colcon-core/packages/smart_shop_interfaces)
[2.326s] Level 1:colcon.colcon_core.environment:create_environment_scripts_only(smart_shop_interfaces)
[2.326s] Level 1:colcon.colcon_core.environment:checking '/home/ssu/robotics-practice/week/week02/svc_ws/install/smart_shop_interfaces' for CMake module files
[2.326s] Level 1:colcon.colcon_core.environment:checking '/home/ssu/robotics-practice/week/week02/svc_ws/install/smart_shop_interfaces' for CMake config files
[2.326s] Level 1:colcon.colcon_core.shell:create_environment_hook('smart_shop_interfaces', 'cmake_prefix_path')
[2.326s] INFO:colcon.colcon_core.shell:Creating environment hook '/home/ssu/robotics-practice/week/week02/svc_ws/install/smart_shop_interfaces/share/smart_shop_interfaces/hook/cmake_prefix_path.ps1'
[2.326s] INFO:colcon.colcon_core.shell:Creating environment descriptor '/home/ssu/robotics-practice/week/week02/svc_ws/install/smart_shop_interfaces/share/smart_shop_interfaces/hook/cmake_prefix_path.dsv'
[2.327s] INFO:colcon.colcon_core.shell:Creating environment hook '/home/ssu/robotics-practice/week/week02/svc_ws/install/smart_shop_interfaces/share/smart_shop_interfaces/hook/cmake_prefix_path.sh'
[2.327s] Level 1:colcon.colcon_core.environment:checking '/home/ssu/robotics-practice/week/week02/svc_ws/install/smart_shop_interfaces/lib'
[2.327s] Level 1:colcon.colcon_core.shell:create_environment_hook('smart_shop_interfaces', 'ld_library_path_lib')
[2.327s] INFO:colcon.colcon_core.shell:Creating environment hook '/home/ssu/robotics-practice/week/week02/svc_ws/install/smart_shop_interfaces/share/smart_shop_interfaces/hook/ld_library_path_lib.ps1'
[2.327s] INFO:colcon.colcon_core.shell:Creating environment descriptor '/home/ssu/robotics-practice/week/week02/svc_ws/install/smart_shop_interfaces/share/smart_shop_interfaces/hook/ld_library_path_lib.dsv'
[2.327s] INFO:colcon.colcon_core.shell:Creating environment hook '/home/ssu/robotics-practice/week/week02/svc_ws/install/smart_shop_interfaces/share/smart_shop_interfaces/hook/ld_library_path_lib.sh'
[2.327s] Level 1:colcon.colcon_core.environment:checking '/home/ssu/robotics-practice/week/week02/svc_ws/install/smart_shop_interfaces/bin'
[2.327s] Level 1:colcon.colcon_core.environment:checking '/home/ssu/robotics-practice/week/week02/svc_ws/install/smart_shop_interfaces/lib/pkgconfig/smart_shop_interfaces.pc'
[2.328s] Level 1:colcon.colcon_core.environment:checking '/home/ssu/robotics-practice/week/week02/svc_ws/install/smart_shop_interfaces/lib/python3.10/site-packages'
[2.328s] Level 1:colcon.colcon_core.environment:checking '/home/ssu/robotics-practice/week/week02/svc_ws/install/smart_shop_interfaces/bin'
[2.328s] INFO:colcon.colcon_core.shell:Creating package script '/home/ssu/robotics-practice/week/week02/svc_ws/install/smart_shop_interfaces/share/smart_shop_interfaces/package.ps1'
[2.328s] INFO:colcon.colcon_core.shell:Creating package descriptor '/home/ssu/robotics-practice/week/week02/svc_ws/install/smart_shop_interfaces/share/smart_shop_interfaces/package.dsv'
[2.328s] INFO:colcon.colcon_core.shell:Creating package script '/home/ssu/robotics-practice/week/week02/svc_ws/install/smart_shop_interfaces/share/smart_shop_interfaces/package.sh'
[2.328s] INFO:colcon.colcon_core.shell:Creating package script '/home/ssu/robotics-practice/week/week02/svc_ws/install/smart_shop_interfaces/share/smart_shop_interfaces/package.bash'
[2.329s] INFO:colcon.colcon_core.shell:Creating package script '/home/ssu/robotics-practice/week/week02/svc_ws/install/smart_shop_interfaces/share/smart_shop_interfaces/package.zsh'
[2.329s] Level 1:colcon.colcon_core.environment:create_file_with_runtime_dependencies(/home/ssu/robotics-practice/week/week02/svc_ws/install/smart_shop_interfaces/share/colcon-core/packages/smart_shop_interfaces)
[2.329s] INFO:colcon.colcon_ros.task.ament_python.build:Building ROS package in '/home/ssu/robotics-practice/week/week02/svc_ws/src/smart_shop_nodes' with build type 'ament_python'
[2.329s] Level 1:colcon.colcon_core.shell:create_environment_hook('smart_shop_nodes', 'ament_prefix_path')
[2.329s] INFO:colcon.colcon_core.shell:Creating environment hook '/home/ssu/robotics-practice/week/week02/svc_ws/install/smart_shop_nodes/share/smart_shop_nodes/hook/ament_prefix_path.ps1'
[2.329s] INFO:colcon.colcon_core.shell:Creating environment descriptor '/home/ssu/robotics-practice/week/week02/svc_ws/install/smart_shop_nodes/share/smart_shop_nodes/hook/ament_prefix_path.dsv'
[2.330s] INFO:colcon.colcon_core.shell:Creating environment hook '/home/ssu/robotics-practice/week/week02/svc_ws/install/smart_shop_nodes/share/smart_shop_nodes/hook/ament_prefix_path.sh'
[2.330s] INFO:colcon.colcon_core.shell:Skip shell extension 'powershell' for command environment: Not usable outside of PowerShell
[2.330s] DEBUG:colcon.colcon_core.shell:Skip shell extension 'dsv' for command environment
[2.442s] INFO:colcon.colcon_core.task.python.build:Building Python package in '/home/ssu/robotics-practice/week/week02/svc_ws/src/smart_shop_nodes'
[2.442s] INFO:colcon.colcon_core.shell:Skip shell extension 'powershell' for command environment: Not usable outside of PowerShell
[2.442s] DEBUG:colcon.colcon_core.shell:Skip shell extension 'dsv' for command environment
[2.589s] DEBUG:colcon.colcon_core.event_handler.log_command:Invoking command in '/home/ssu/robotics-practice/week/week02/svc_ws/src/smart_shop_nodes': AMENT_PREFIX_PATH=/home/ssu/robotics-practice/week/week02/svc_ws/install/smart_shop_interfaces:${AMENT_PREFIX_PATH} CMAKE_PREFIX_PATH=/home/ssu/robotics-practice/week/week02/svc_ws/install/smart_shop_interfaces LD_LIBRARY_PATH=/home/ssu/robotics-practice/week/week02/svc_ws/install/smart_shop_interfaces/lib:/opt/ros/humble/opt/rviz_ogre_vendor/lib:/opt/ros/humble/lib/x86_64-linux-gnu:/opt/ros/humble/lib:/usr/local/cuda/lib64 PYTHONPATH=/home/ssu/robotics-practice/week/week02/svc_ws/build/smart_shop_nodes/prefix_override:/usr/lib/python3/dist-packages/colcon_core/task/python/colcon_distutils_commands:/home/ssu/robotics-practice/week/week02/svc_ws/install/smart_shop_nodes/lib/python3.10/site-packages:/home/ssu/robotics-practice/week/week02/svc_ws/install/smart_shop_interfaces/local/lib/python3.10/dist-packages:${PYTHONPATH} /usr/bin/python3 -W ignore:setup.py install is deprecated -W ignore:easy_install command is deprecated setup.py egg_info --egg-base ../../build/smart_shop_nodes build --build-base /home/ssu/robotics-practice/week/week02/svc_ws/build/smart_shop_nodes/build install --record /home/ssu/robotics-practice/week/week02/svc_ws/build/smart_shop_nodes/install.log --single-version-externally-managed install_data
[2.710s] Level 1:colcon.colcon_core.environment:checking '/home/ssu/robotics-practice/week/week02/svc_ws/install/smart_shop_nodes' for CMake module files
[2.710s] DEBUG:colcon.colcon_core.event_handler.log_command:Invoked command in '/home/ssu/robotics-practice/week/week02/svc_ws/src/smart_shop_nodes' returned '0': AMENT_PREFIX_PATH=/home/ssu/robotics-practice/week/week02/svc_ws/install/smart_shop_interfaces:${AMENT_PREFIX_PATH} CMAKE_PREFIX_PATH=/home/ssu/robotics-practice/week/week02/svc_ws/install/smart_shop_interfaces LD_LIBRARY_PATH=/home/ssu/robotics-practice/week/week02/svc_ws/install/smart_shop_interfaces/lib:/opt/ros/humble/opt/rviz_ogre_vendor/lib:/opt/ros/humble/lib/x86_64-linux-gnu:/opt/ros/humble/lib:/usr/local/cuda/lib64 PYTHONPATH=/home/ssu/robotics-practice/week/week02/svc_ws/build/smart_shop_nodes/prefix_override:/usr/lib/python3/dist-packages/colcon_core/task/python/colcon_distutils_commands:/home/ssu/robotics-practice/week/week02/svc_ws/install/smart_shop_nodes/lib/python3.10/site-packages:/home/ssu/robotics-practice/week/week02/svc_ws/install/smart_shop_interfaces/local/lib/python3.10/dist-packages:${PYTHONPATH} /usr/bin/python3 -W ignore:setup.py install is deprecated -W ignore:easy_install command is deprecated setup.py egg_info --egg-base ../../build/smart_shop_nodes build --build-base /home/ssu/robotics-practice/week/week02/svc_ws/build/smart_shop_nodes/build install --record /home/ssu/robotics-practice/week/week02/svc_ws/build/smart_shop_nodes/install.log --single-version-externally-managed install_data
[2.711s] Level 1:colcon.colcon_core.environment:checking '/home/ssu/robotics-practice/week/week02/svc_ws/install/smart_shop_nodes' for CMake config files
[2.711s] Level 1:colcon.colcon_core.environment:checking '/home/ssu/robotics-practice/week/week02/svc_ws/install/smart_shop_nodes/lib'
[2.711s] Level 1:colcon.colcon_core.environment:checking '/home/ssu/robotics-practice/week/week02/svc_ws/install/smart_shop_nodes/bin'
[2.711s] Level 1:colcon.colcon_core.environment:checking '/home/ssu/robotics-practice/week/week02/svc_ws/install/smart_shop_nodes/lib/pkgconfig/smart_shop_nodes.pc'
[2.711s] Level 1:colcon.colcon_core.environment:checking '/home/ssu/robotics-practice/week/week02/svc_ws/install/smart_shop_nodes/lib/python3.10/site-packages'
[2.711s] Level 1:colcon.colcon_core.shell:create_environment_hook('smart_shop_nodes', 'pythonpath')
[2.712s] INFO:colcon.colcon_core.shell:Creating environment hook '/home/ssu/robotics-practice/week/week02/svc_ws/install/smart_shop_nodes/share/smart_shop_nodes/hook/pythonpath.ps1'
[2.712s] INFO:colcon.colcon_core.shell:Creating environment descriptor '/home/ssu/robotics-practice/week/week02/svc_ws/install/smart_shop_nodes/share/smart_shop_nodes/hook/pythonpath.dsv'
[2.712s] INFO:colcon.colcon_core.shell:Creating environment hook '/home/ssu/robotics-practice/week/week02/svc_ws/install/smart_shop_nodes/share/smart_shop_nodes/hook/pythonpath.sh'
[2.713s] Level 1:colcon.colcon_core.environment:checking '/home/ssu/robotics-practice/week/week02/svc_ws/install/smart_shop_nodes/bin'
[2.713s] Level 1:colcon.colcon_core.environment:create_environment_scripts_only(smart_shop_nodes)
[2.713s] INFO:colcon.colcon_core.shell:Creating package script '/home/ssu/robotics-practice/week/week02/svc_ws/install/smart_shop_nodes/share/smart_shop_nodes/package.ps1'
[2.713s] INFO:colcon.colcon_core.shell:Creating package descriptor '/home/ssu/robotics-practice/week/week02/svc_ws/install/smart_shop_nodes/share/smart_shop_nodes/package.dsv'
[2.713s] INFO:colcon.colcon_core.shell:Creating package script '/home/ssu/robotics-practice/week/week02/svc_ws/install/smart_shop_nodes/share/smart_shop_nodes/package.sh'
[2.714s] INFO:colcon.colcon_core.shell:Creating package script '/home/ssu/robotics-practice/week/week02/svc_ws/install/smart_shop_nodes/share/smart_shop_nodes/package.bash'
[2.714s] INFO:colcon.colcon_core.shell:Creating package script '/home/ssu/robotics-practice/week/week02/svc_ws/install/smart_shop_nodes/share/smart_shop_nodes/package.zsh'
[2.714s] Level 1:colcon.colcon_core.environment:create_file_with_runtime_dependencies(/home/ssu/robotics-practice/week/week02/svc_ws/install/smart_shop_nodes/share/colcon-core/packages/smart_shop_nodes)
[2.714s] DEBUG:colcon.colcon_parallel_executor.executor.parallel:closing loop
[2.714s] DEBUG:colcon.colcon_parallel_executor.executor.parallel:loop closed
[2.714s] DEBUG:colcon.colcon_parallel_executor.executor.parallel:run_until_complete finished with '0'
[2.714s] DEBUG:colcon.colcon_core.event_reactor:joining thread
[2.718s] INFO:colcon.colcon_core.plugin_system:Skipping extension 'colcon_notification.desktop_notification.terminal_notifier': Not used on non-Darwin systems
[2.718s] INFO:colcon.colcon_core.plugin_system:Skipping extension 'colcon_notification.desktop_notification.win32': Not used on non-Windows systems
[2.718s] INFO:colcon.colcon_notification.desktop_notification:Sending desktop notification using 'notify2'
[2.726s] DEBUG:colcon.colcon_core.event_reactor:joined thread
[2.727s] INFO:colcon.colcon_core.shell:Creating prefix script '/home/ssu/robotics-practice/week/week02/svc_ws/install/local_setup.ps1'
[2.727s] INFO:colcon.colcon_core.shell:Creating prefix util module '/home/ssu/robotics-practice/week/week02/svc_ws/install/_local_setup_util_ps1.py'
[2.728s] INFO:colcon.colcon_core.shell:Creating prefix chain script '/home/ssu/robotics-practice/week/week02/svc_ws/install/setup.ps1'
[2.728s] INFO:colcon.colcon_core.shell:Creating prefix script '/home/ssu/robotics-practice/week/week02/svc_ws/install/local_setup.sh'
[2.728s] INFO:colcon.colcon_core.shell:Creating prefix util module '/home/ssu/robotics-practice/week/week02/svc_ws/install/_local_setup_util_sh.py'
[2.728s] INFO:colcon.colcon_core.shell:Creating prefix chain script '/home/ssu/robotics-practice/week/week02/svc_ws/install/setup.sh'
[2.729s] INFO:colcon.colcon_core.shell:Creating prefix script '/home/ssu/robotics-practice/week/week02/svc_ws/install/local_setup.bash'
[2.729s] INFO:colcon.colcon_core.shell:Creating prefix chain script '/home/ssu/robotics-practice/week/week02/svc_ws/install/setup.bash'
[2.729s] INFO:colcon.colcon_core.shell:Creating prefix script '/home/ssu/robotics-practice/week/week02/svc_ws/install/local_setup.zsh'
[2.729s] INFO:colcon.colcon_core.shell:Creating prefix chain script '/home/ssu/robotics-practice/week/week02/svc_ws/install/setup.zsh'
