[0.314s] Invoking command in '/home/ssu/robotics-practice/week/week01/my_pubsub/src/my_pubsub': PYTHONPATH=/home/ssu/robotics-practice/week/week01/my_pubsub/build/my_pubsub/prefix_override:/usr/lib/python3/dist-packages/colcon_core/task/python/colcon_distutils_commands:/home/ssu/robotics-practice/week/week01/my_pubsub/install/my_pubsub/lib/python3.10/site-packages:${PYTHONPATH} /usr/bin/python3 -W ignore:setup.py install is deprecated -W ignore:easy_install command is deprecated setup.py egg_info --egg-base ../../build/my_pubsub build --build-base /home/ssu/robotics-practice/week/week01/my_pubsub/build/my_pubsub/build install --record /home/ssu/robotics-practice/week/week01/my_pubsub/build/my_pubsub/install.log --single-version-externally-managed install_data
[0.409s] running egg_info
[0.409s] creating ../../build/my_pubsub/my_pubsub.egg-info
[0.409s] writing ../../build/my_pubsub/my_pubsub.egg-info/PKG-INFO
[0.409s] writing dependency_links to ../../build/my_pubsub/my_pubsub.egg-info/dependency_links.txt
[0.409s] writing entry points to ../../build/my_pubsub/my_pubsub.egg-info/entry_points.txt
[0.409s] writing requirements to ../../build/my_pubsub/my_pubsub.egg-info/requires.txt
[0.409s] writing top-level names to ../../build/my_pubsub/my_pubsub.egg-info/top_level.txt
[0.409s] writing manifest file '../../build/my_pubsub/my_pubsub.egg-info/SOURCES.txt'
[0.409s] reading manifest file '../../build/my_pubsub/my_pubsub.egg-info/SOURCES.txt'
[0.409s] writing manifest file '../../build/my_pubsub/my_pubsub.egg-info/SOURCES.txt'
[0.409s] running build
[0.409s] running build_py
[0.410s] creating /home/ssu/robotics-practice/week/week01/my_pubsub/build/my_pubsub/build
[0.410s] creating /home/ssu/robotics-practice/week/week01/my_pubsub/build/my_pubsub/build/lib
[0.410s] creating /home/ssu/robotics-practice/week/week01/my_pubsub/build/my_pubsub/build/lib/my_pubsub
[0.410s] copying my_pubsub/__init__.py -> /home/ssu/robotics-practice/week/week01/my_pubsub/build/my_pubsub/build/lib/my_pubsub
[0.410s] copying my_pubsub/my_pub.py -> /home/ssu/robotics-practice/week/week01/my_pubsub/build/my_pubsub/build/lib/my_pubsub
[0.410s] copying my_pubsub/my_sub.py -> /home/ssu/robotics-practice/week/week01/my_pubsub/build/my_pubsub/build/lib/my_pubsub
[0.410s] running install
[0.410s] running install_lib
[0.410s] creating /home/ssu/robotics-practice/week/week01/my_pubsub/install/my_pubsub/lib/python3.10/site-packages/my_pubsub
[0.410s] copying /home/ssu/robotics-practice/week/week01/my_pubsub/build/my_pubsub/build/lib/my_pubsub/__init__.py -> /home/ssu/robotics-practice/week/week01/my_pubsub/install/my_pubsub/lib/python3.10/site-packages/my_pubsub
[0.410s] copying /home/ssu/robotics-practice/week/week01/my_pubsub/build/my_pubsub/build/lib/my_pubsub/my_pub.py -> /home/ssu/robotics-practice/week/week01/my_pubsub/install/my_pubsub/lib/python3.10/site-packages/my_pubsub
[0.410s] copying /home/ssu/robotics-practice/week/week01/my_pubsub/build/my_pubsub/build/lib/my_pubsub/my_sub.py -> /home/ssu/robotics-practice/week/week01/my_pubsub/install/my_pubsub/lib/python3.10/site-packages/my_pubsub
[0.410s] byte-compiling /home/ssu/robotics-practice/week/week01/my_pubsub/install/my_pubsub/lib/python3.10/site-packages/my_pubsub/__init__.py to __init__.cpython-310.pyc
[0.410s] byte-compiling /home/ssu/robotics-practice/week/week01/my_pubsub/install/my_pubsub/lib/python3.10/site-packages/my_pubsub/my_pub.py to my_pub.cpython-310.pyc
[0.410s] byte-compiling /home/ssu/robotics-practice/week/week01/my_pubsub/install/my_pubsub/lib/python3.10/site-packages/my_pubsub/my_sub.py to my_sub.cpython-310.pyc
[0.410s]   File "/home/ssu/robotics-practice/week/week01/my_pubsub/install/my_pubsub/lib/python3.10/site-packages/my_pubsub/my_pub.py", line 18
[0.410s]     self.get_logger().info('Publishing: "%s"' % msg.data
[0.410s]                           ^
[0.410s] SyntaxError: '(' was never closed
[0.410s] 
[0.410s] running install_data
[0.410s] creating /home/ssu/robotics-practice/week/week01/my_pubsub/install/my_pubsub/share/ament_index
[0.410s] creating /home/ssu/robotics-practice/week/week01/my_pubsub/install/my_pubsub/share/ament_index/resource_index
[0.410s] creating /home/ssu/robotics-practice/week/week01/my_pubsub/install/my_pubsub/share/ament_index/resource_index/packages
[0.411s] copying resource/my_pubsub -> /home/ssu/robotics-practice/week/week01/my_pubsub/install/my_pubsub/share/ament_index/resource_index/packages
[0.411s] copying package.xml -> /home/ssu/robotics-practice/week/week01/my_pubsub/install/my_pubsub/share/my_pubsub
[0.411s] running install_egg_info
[0.411s] Copying ../../build/my_pubsub/my_pubsub.egg-info to /home/ssu/robotics-practice/week/week01/my_pubsub/install/my_pubsub/lib/python3.10/site-packages/my_pubsub-0.0.0-py3.10.egg-info
[0.412s] running install_scripts
[0.421s] Installing listener script to /home/ssu/robotics-practice/week/week01/my_pubsub/install/my_pubsub/lib/my_pubsub
[0.427s] Installing talker script to /home/ssu/robotics-practice/week/week01/my_pubsub/install/my_pubsub/lib/my_pubsub
[0.427s] writing list of installed files to '/home/ssu/robotics-practice/week/week01/my_pubsub/build/my_pubsub/install.log'
[0.438s] Invoked command in '/home/ssu/robotics-practice/week/week01/my_pubsub/src/my_pubsub' returned '0': PYTHONPATH=/home/ssu/robotics-practice/week/week01/my_pubsub/build/my_pubsub/prefix_override:/usr/lib/python3/dist-packages/colcon_core/task/python/colcon_distutils_commands:/home/ssu/robotics-practice/week/week01/my_pubsub/install/my_pubsub/lib/python3.10/site-packages:${PYTHONPATH} /usr/bin/python3 -W ignore:setup.py install is deprecated -W ignore:easy_install command is deprecated setup.py egg_info --egg-base ../../build/my_pubsub build --build-base /home/ssu/robotics-practice/week/week01/my_pubsub/build/my_pubsub/build install --record /home/ssu/robotics-practice/week/week01/my_pubsub/build/my_pubsub/install.log --single-version-externally-managed install_data
